<?xml version="1.0" encoding="UTF-8" ?>
<testsuite tests="6" failures="1" name="com.pro.alarm.service.TestUpdJobSch" time="0.532" errors="0" skipped="0">
  <properties>
    <property name="java.runtime.name" value="Java(TM) SE Runtime Environment"/>
    <property name="sun.boot.library.path" value="C:\Program Files (x86)\Java\jdk1.8.0_60\jre\bin"/>
    <property name="java.vm.version" value="25.60-b23"/>
    <property name="java.vm.vendor" value="Oracle Corporation"/>
    <property name="maven.multiModuleProjectDirectory" value="C:\DEV\workspace\SimpleAlarm"/>
    <property name="java.vendor.url" value="http://java.oracle.com/"/>
    <property name="path.separator" value=";"/>
    <property name="guice.disable.misplaced.annotation.check" value="true"/>
    <property name="java.vm.name" value="Java HotSpot(TM) Client VM"/>
    <property name="file.encoding.pkg" value="sun.io"/>
    <property name="user.script" value=""/>
    <property name="user.country" value="KR"/>
    <property name="sun.java.launcher" value="SUN_STANDARD"/>
    <property name="sun.os.patch.level" value=""/>
    <property name="java.vm.specification.name" value="Java Virtual Machine Specification"/>
    <property name="user.dir" value="C:\DEV\workspace\SimpleAlarm"/>
    <property name="java.runtime.version" value="1.8.0_60-b27"/>
    <property name="java.awt.graphicsenv" value="sun.awt.Win32GraphicsEnvironment"/>
    <property name="java.endorsed.dirs" value="C:\Program Files (x86)\Java\jdk1.8.0_60\jre\lib\endorsed"/>
    <property name="os.arch" value="x86"/>
    <property name="java.io.tmpdir" value="C:\Users\amaco78\AppData\Local\Temp\"/>
    <property name="line.separator" value="
"/>
    <property name="java.vm.specification.vendor" value="Oracle Corporation"/>
    <property name="user.variant" value=""/>
    <property name="os.name" value="Windows 10"/>
    <property name="classworlds.conf" value="C:\DEV\workspace\.metadata\.plugins\org.eclipse.m2e.launching\launches\m2conf1882332748541302212.tmp"/>
    <property name="sun.jnu.encoding" value="MS949"/>
    <property name="java.library.path" value="C:\Program Files (x86)\Java\jdk1.8.0_60\jre\bin;C:\WINDOWS\Sun\Java\bin;C:\WINDOWS\system32;C:\WINDOWS;C:/Program Files/Java/jre1.8.0_161/bin/server;C:/Program Files/Java/jre1.8.0_161/bin;C:/Program Files/Java/jre1.8.0_161/lib/amd64;C:\app\amaco78\product\11.2.0\client_1;C:\oraclexe\app\oracle\product\11.2.0\server\bin;C:\ProgramData\Oracle\Java\javapath;C:\Program Files (x86)\Intel\iCLS Client\;C:\Program Files\Intel\iCLS Client\;C:\WINDOWS\system32;C:\WINDOWS;C:\WINDOWS\System32\Wbem;C:\WINDOWS\System32\WindowsPowerShell\v1.0\;C:\Program Files (x86)\Intel\Intel(R) Management Engine Components\DAL;C:\Program Files\Intel\Intel(R) Management Engine Components\DAL;C:\Program Files (x86)\Intel\Intel(R) Management Engine Components\IPT;C:\Program Files\Intel\Intel(R) Management Engine Components\IPT;C:\Program Files\Java\jre1.8.0_161\bin;C:\Program Files\Intel\WiFi\bin\;C:\Program Files\Common Files\Intel\WirelessCommon\;C:\Program Files\MySQL\MySQL Utilities 1.6\;C:\Program Files\Git\cmd;C:\Program Files (x86)\Java\jdk1.8.0_60\bin;C:\Program Files\TortoiseSVN\bin;C:\Program Files\IDM Computer Solutions\UltraEdit;C:\Users\amaco78\AppData\Local\Microsoft\WindowsApps;C:\Program Files\Bandizip\7z;C:\Program Files\Intel\WiFi\bin\;C:\Program Files\Common Files\Intel\WirelessCommon\;C:\Users\amaco78\AppData\Local\Microsoft\WindowsApps;C:\Program Files\Java\jre1.8.0_161;;C:\Users\amaco78\AppData\Local\Programs\Fiddler;C:\WINDOWS\System32;;."/>
    <property name="java.specification.name" value="Java Platform API Specification"/>
    <property name="java.class.version" value="52.0"/>
    <property name="sun.management.compiler" value="HotSpot Client Compiler"/>
    <property name="os.version" value="10.0"/>
    <property name="user.home" value="C:\Users\amaco78"/>
    <property name="user.timezone" value="Asia/Seoul"/>
    <property name="java.awt.printerjob" value="sun.awt.windows.WPrinterJob"/>
    <property name="java.specification.version" value="1.8"/>
    <property name="file.encoding" value="UTF-8"/>
    <property name="user.name" value="amaco78"/>
    <property name="java.class.path" value="/C:/DEV/SDKS/jee-neon/eclipse/../../../../Users/amaco78/.p2/pool/plugins/org.eclipse.m2e.maven.runtime_1.7.0.20160603-1931/jars/plexus-classworlds-2.5.2.jar"/>
    <property name="java.vm.specification.version" value="1.8"/>
    <property name="sun.arch.data.model" value="32"/>
    <property name="java.home" value="C:\Program Files (x86)\Java\jdk1.8.0_60\jre"/>
    <property name="sun.java.command" value="org.codehaus.plexus.classworlds.launcher.Launcher -B clean install"/>
    <property name="java.specification.vendor" value="Oracle Corporation"/>
    <property name="user.language" value="ko"/>
    <property name="awt.toolkit" value="sun.awt.windows.WToolkit"/>
    <property name="java.vm.info" value="mixed mode"/>
    <property name="java.version" value="1.8.0_60"/>
    <property name="java.ext.dirs" value="C:\Program Files (x86)\Java\jdk1.8.0_60\jre\lib\ext;C:\WINDOWS\Sun\Java\lib\ext"/>
    <property name="sun.boot.class.path" value="C:\Program Files (x86)\Java\jdk1.8.0_60\jre\lib\resources.jar;C:\Program Files (x86)\Java\jdk1.8.0_60\jre\lib\rt.jar;C:\Program Files (x86)\Java\jdk1.8.0_60\jre\lib\sunrsasign.jar;C:\Program Files (x86)\Java\jdk1.8.0_60\jre\lib\jsse.jar;C:\Program Files (x86)\Java\jdk1.8.0_60\jre\lib\jce.jar;C:\Program Files (x86)\Java\jdk1.8.0_60\jre\lib\charsets.jar;C:\Program Files (x86)\Java\jdk1.8.0_60\jre\lib\jfr.jar;C:\Program Files (x86)\Java\jdk1.8.0_60\jre\classes"/>
    <property name="java.vendor" value="Oracle Corporation"/>
    <property name="maven.home" value="C:\DEV\workspace\SimpleAlarm\EMBEDDED"/>
    <property name="file.separator" value="\"/>
    <property name="java.vendor.url.bug" value="http://bugreport.sun.com/bugreport/"/>
    <property name="sun.cpu.endian" value="little"/>
    <property name="sun.io.unicode.encoding" value="UnicodeLittle"/>
    <property name="sun.desktop" value="windows"/>
    <property name="sun.cpu.isalist" value="pentium_pro+mmx pentium_pro pentium+mmx pentium i486 i386 i86"/>
  </properties>
  <testcase classname="com.pro.alarm.service.TestUpdJobSch" name="test1230_01deverIdChk" time="0.234"/>
  <testcase classname="com.pro.alarm.service.TestUpdJobSch" name="test1230_02custIdChk" time="0.062"/>
  <testcase classname="com.pro.alarm.service.TestUpdJobSch" name="test1230_03sqnoChk" time="0.047"/>
  <testcase classname="com.pro.alarm.service.TestUpdJobSch" name="test1230_04lupdCntChk" time="0.064"/>
  <testcase classname="com.pro.alarm.service.TestUpdJobSch" name="test1230_05srchDataChgYn" time="0.063"/>
  <testcase classname="com.pro.alarm.service.TestUpdJobSch" name="test1230_06srchJobChkYn" time="0.062">
    <failure message="Expected test to throw (an instance of com.pro.alarm.AlarmException and exception with message a string containing &quot;일정확인이 완료된 건은 변경/삭제가 불가능합니다.&quot;)" type="java.lang.AssertionError">java.lang.AssertionError: Expected test to throw (an instance of com.pro.alarm.AlarmException and exception with message a string containing &quot;일정확인이 완료된 건은 변경/삭제가 불가능합니다.&quot;)
	at org.junit.Assert.fail(Assert.java:88)
	at org.junit.rules.ExpectedException.failDueToMissingException(ExpectedException.java:263)
	at org.junit.rules.ExpectedException.access$200(ExpectedException.java:106)
	at org.junit.rules.ExpectedException$ExpectedExceptionStatement.evaluate(ExpectedException.java:245)
	at org.junit.rules.RunRules.evaluate(RunRules.java:20)
	at org.springframework.test.context.junit4.statements.SpringRepeat.evaluate(SpringRepeat.java:84)
	at org.junit.runners.ParentRunner.runLeaf(ParentRunner.java:325)
	at org.springframework.test.context.junit4.SpringJUnit4ClassRunner.runChild(SpringJUnit4ClassRunner.java:252)
	at org.springframework.test.context.junit4.SpringJUnit4ClassRunner.runChild(SpringJUnit4ClassRunner.java:94)
	at org.junit.runners.ParentRunner$3.run(ParentRunner.java:290)
	at org.junit.runners.ParentRunner$1.schedule(ParentRunner.java:71)
	at org.junit.runners.ParentRunner.runChildren(ParentRunner.java:288)
	at org.junit.runners.ParentRunner.access$000(ParentRunner.java:58)
	at org.junit.runners.ParentRunner$2.evaluate(ParentRunner.java:268)
	at org.springframework.test.context.junit4.statements.RunBeforeTestClassCallbacks.evaluate(RunBeforeTestClassCallbacks.java:61)
	at org.springframework.test.context.junit4.statements.RunAfterTestClassCallbacks.evaluate(RunAfterTestClassCallbacks.java:70)
	at org.junit.runners.ParentRunner.run(ParentRunner.java:363)
	at org.springframework.test.context.junit4.SpringJUnit4ClassRunner.run(SpringJUnit4ClassRunner.java:191)
	at org.apache.maven.surefire.junit4.JUnit4Provider.execute(JUnit4Provider.java:252)
	at org.apache.maven.surefire.junit4.JUnit4Provider.executeTestSet(JUnit4Provider.java:141)
	at org.apache.maven.surefire.junit4.JUnit4Provider.invoke(JUnit4Provider.java:112)
	at sun.reflect.NativeMethodAccessorImpl.invoke0(Native Method)
	at sun.reflect.NativeMethodAccessorImpl.invoke(NativeMethodAccessorImpl.java:62)
	at sun.reflect.DelegatingMethodAccessorImpl.invoke(DelegatingMethodAccessorImpl.java:43)
	at java.lang.reflect.Method.invoke(Method.java:497)
	at org.apache.maven.surefire.util.ReflectionUtils.invokeMethodWithArray(ReflectionUtils.java:189)
	at org.apache.maven.surefire.booter.ProviderFactory$ProviderProxy.invoke(ProviderFactory.java:165)
	at org.apache.maven.surefire.booter.ProviderFactory.invokeProvider(ProviderFactory.java:85)
	at org.apache.maven.surefire.booter.ForkedBooter.runSuitesInProcess(ForkedBooter.java:115)
	at org.apache.maven.surefire.booter.ForkedBooter.main(ForkedBooter.java:75)
</failure>
    <system-out>INFO : jdbc.connection - 72. Connection opened
INFO : jdbc.audit - 72. Connection.new Connection returned 
INFO : jdbc.audit - 72. Connection.getAutoCommit() returned true
INFO : jdbc.audit - 72. PreparedStatement.new PreparedStatement returned 
INFO : jdbc.audit - 72. Connection.prepareStatement(SELECT 	NVL(MAX(SQNO),0) + 1 AS SQNO 
		FROM 	TS001_JOB_SCH 
		WHERE 	DEVER_ID	= ?
		AND		CUST_ID		= ?) returned net.sf.log4jdbc.sql.jdbcapi.PreparedStatementSpy@63b080
INFO : jdbc.audit - 72. PreparedStatement.setString(1, &quot;testDever&quot;) returned 
INFO : jdbc.audit - 72. PreparedStatement.setString(2, &quot;testCust&quot;) returned 
INFO : jdbc.sqlonly - SELECT NVL(MAX(SQNO),0) + 1 AS SQNO FROM TS001_JOB_SCH WHERE DEVER_ID = &apos;testDever&apos; AND CUST_ID 
= &apos;testCust&apos; 

INFO : jdbc.sqltiming - SELECT NVL(MAX(SQNO),0) + 1 AS SQNO FROM TS001_JOB_SCH WHERE DEVER_ID = &apos;testDever&apos; AND CUST_ID 
= &apos;testCust&apos; 
 {executed in 0 msec}
INFO : jdbc.audit - 72. PreparedStatement.execute() returned true
INFO : jdbc.resultset - 72. ResultSet.new ResultSet returned 
INFO : jdbc.audit - 72. PreparedStatement.getResultSet() returned net.sf.log4jdbc.sql.jdbcapi.ResultSetSpy@f616d3
INFO : jdbc.resultset - 72. ResultSet.getMetaData() returned oracle.jdbc.driver.OracleResultSetMetaData@1f67a79
INFO : jdbc.resultset - 72. ResultSet.getType() returned 1003
INFO : jdbc.resultset - 72. ResultSet.next() returned true
INFO : jdbc.resultset - 72. ResultSet.getInt(SQNO) returned 2
INFO : jdbc.resultset - 72. ResultSet.wasNull() returned false
INFO : jdbc.resultsettable - 
|-----|
|sqno |
|-----|
|2    |
|-----|

INFO : jdbc.resultset - 72. ResultSet.next() returned false
INFO : jdbc.resultset - 72. ResultSet.close() returned void
INFO : jdbc.audit - 72. PreparedStatement.getConnection() returned net.sf.log4jdbc.sql.jdbcapi.ConnectionSpy@1eb2326
INFO : jdbc.audit - 72. Connection.getMetaData() returned oracle.jdbc.driver.OracleDatabaseMetaData@d363ab
INFO : jdbc.audit - 72. PreparedStatement.close() returned 
INFO : jdbc.audit - 72. PreparedStatement.new PreparedStatement returned 
INFO : jdbc.audit - 72. Connection.prepareStatement(INSERT INTO	TS001_JOB_SCH(
							  DEVER_ID 	   /*������ID	*/
							, CUST_ID	   /*��ID  */
							, SQNO		   /*�Ϸù�ȣ  */
							, SET_TM	   /*�����ð�  */
							, JOB_CD	   /*�۾��ڵ�  */
							, CHK_YN	   /*Ȯ�ο���  */
							, LST_CHK_TS   /*����Ȯ���Ͻ�*/
							 
							 
							 
							, DEL_YN	   /*��������  */
							, PC_TS		   /*ó���Ͻ�  */
							, FST_PC_TS	   /*����ó���Ͻ�*/
							, LUPD_CNT	   /*���������� */
							)
					VALUES(
							  ?
							, ?
							, ?
							, TO_TIMESTAMP(?,&apos;YYYYMMDD HH24MI&apos;)
							, ?
							, &apos;N&apos;
							, TO_TIMESTAMP(&apos;00010101 000000.000000&apos;,&apos;YYYYMMDD HH24MISS.FF6&apos;)
							 
							 
							 
							, &apos;N&apos;
							, SYSTIMESTAMP
							, SYSTIMESTAMP
							, 1
							)) returned net.sf.log4jdbc.sql.jdbcapi.PreparedStatementSpy@89a1ac
INFO : jdbc.audit - 72. PreparedStatement.setString(1, &quot;testDever&quot;) returned 
INFO : jdbc.audit - 72. PreparedStatement.setString(2, &quot;testCust&quot;) returned 
INFO : jdbc.audit - 72. PreparedStatement.setInt(3, 2) returned 
INFO : jdbc.audit - 72. PreparedStatement.setString(4, &quot;00010101 0000&quot;) returned 
INFO : jdbc.audit - 72. PreparedStatement.setString(5, &quot;testJobCd&quot;) returned 
INFO : jdbc.sqlonly - INSERT INTO TS001_JOB_SCH( DEVER_ID /*������ID */ , CUST_ID /*��ID */ , SQNO /*�Ϸù�ȣ */ , SET_TM 
/*�����ð� */ , JOB_CD /*�۾��ڵ� */ , CHK_YN /*Ȯ�ο��� */ , LST_CHK_TS /*����Ȯ���Ͻ�*/ , DEL_YN /*�������� */ 
, PC_TS /*ó���Ͻ� */ , FST_PC_TS /*����ó���Ͻ�*/ , LUPD_CNT /*���������� */ ) VALUES( &apos;testDever&apos; , &apos;testCust&apos; 
, 2 , TO_TIMESTAMP(&apos;00010101 0000&apos;,&apos;YYYYMMDD HH24MI&apos;) , &apos;testJobCd&apos; , &apos;N&apos; , TO_TIMESTAMP(&apos;00010101 
000000.000000&apos;,&apos;YYYYMMDD HH24MISS.FF6&apos;) , &apos;N&apos; , SYSTIMESTAMP , SYSTIMESTAMP , 1 ) 

INFO : jdbc.sqltiming - INSERT INTO TS001_JOB_SCH( DEVER_ID /*������ID */ , CUST_ID /*��ID */ , SQNO /*�Ϸù�ȣ */ , SET_TM 
/*�����ð� */ , JOB_CD /*�۾��ڵ� */ , CHK_YN /*Ȯ�ο��� */ , LST_CHK_TS /*����Ȯ���Ͻ�*/ , DEL_YN /*�������� */ 
, PC_TS /*ó���Ͻ� */ , FST_PC_TS /*����ó���Ͻ�*/ , LUPD_CNT /*���������� */ ) VALUES( &apos;testDever&apos; , &apos;testCust&apos; 
, 2 , TO_TIMESTAMP(&apos;00010101 0000&apos;,&apos;YYYYMMDD HH24MI&apos;) , &apos;testJobCd&apos; , &apos;N&apos; , TO_TIMESTAMP(&apos;00010101 
000000.000000&apos;,&apos;YYYYMMDD HH24MISS.FF6&apos;) , &apos;N&apos; , SYSTIMESTAMP , SYSTIMESTAMP , 1 ) 
 {executed in 0 msec}
INFO : jdbc.audit - 72. PreparedStatement.execute() returned false
INFO : jdbc.audit - 72. PreparedStatement.getUpdateCount() returned 1
INFO : jdbc.audit - 72. PreparedStatement.close() returned 
INFO : jdbc.connection - 72. Connection closed
INFO : jdbc.audit - 72. Connection.close() returned 
INFO : jdbc.connection - 73. Connection opened
INFO : jdbc.audit - 73. Connection.new Connection returned 
INFO : jdbc.audit - 73. Connection.getAutoCommit() returned true
INFO : jdbc.audit - 73. Connection.setAutoCommit(false) returned 
INFO : org.springframework.test.context.transaction.TransactionContext - Began transaction (1) for test context [DefaultTestContext@1427b69 testClass = TestUpdJobSch, testInstance = com.pro.alarm.service.TestUpdJobSch@f8df1e, testMethod = test1230_06srchJobChkYn@TestUpdJobSch, testException = [null], mergedContextConfiguration = [MergedContextConfiguration@c85b0c testClass = TestUpdJobSch, locations = &apos;{classpath:test-context.xml}&apos;, classes = &apos;{}&apos;, contextInitializerClasses = &apos;[]&apos;, activeProfiles = &apos;{}&apos;, propertySourceLocations = &apos;{}&apos;, propertySourceProperties = &apos;{}&apos;, contextCustomizers = set[[empty]], contextLoader = &apos;org.springframework.test.context.support.DelegatingSmartContextLoader&apos;, parent = [null]]]; transaction manager [org.springframework.jdbc.datasource.DataSourceTransactionManager@8e76f1]; rollback [true]
INFO : jdbc.audit - 73. Connection.getAutoCommit() returned false
INFO : jdbc.audit - 73. PreparedStatement.new PreparedStatement returned 
INFO : jdbc.audit - 73. Connection.prepareStatement(SELECT	COUNT(DEVER_ID)
		FROM	TS001_JOB_SCH
		WHERE	DEVER_ID 	= ?
		AND		CUST_ID		= ?
		AND		SQNO		= ?
		AND		LUPD_CNT	= ?
		AND		DEL_YN		= &apos;N&apos;) returned net.sf.log4jdbc.sql.jdbcapi.PreparedStatementSpy@7e70c5
INFO : jdbc.audit - 73. PreparedStatement.setString(1, &quot;testDever&quot;) returned 
INFO : jdbc.audit - 73. PreparedStatement.setString(2, &quot;testCust&quot;) returned 
INFO : jdbc.audit - 73. PreparedStatement.setInt(3, 1) returned 
INFO : jdbc.audit - 73. PreparedStatement.setInt(4, 1) returned 
INFO : jdbc.sqlonly - SELECT COUNT(DEVER_ID) FROM TS001_JOB_SCH WHERE DEVER_ID = &apos;testDever&apos; AND CUST_ID = &apos;testCust&apos; 
AND SQNO = 1 AND LUPD_CNT = 1 AND DEL_YN = &apos;N&apos; 

INFO : jdbc.sqltiming - SELECT COUNT(DEVER_ID) FROM TS001_JOB_SCH WHERE DEVER_ID = &apos;testDever&apos; AND CUST_ID = &apos;testCust&apos; 
AND SQNO = 1 AND LUPD_CNT = 1 AND DEL_YN = &apos;N&apos; 
 {executed in 0 msec}
INFO : jdbc.audit - 73. PreparedStatement.execute() returned true
INFO : jdbc.resultset - 73. ResultSet.new ResultSet returned 
INFO : jdbc.audit - 73. PreparedStatement.getResultSet() returned net.sf.log4jdbc.sql.jdbcapi.ResultSetSpy@110de75
INFO : jdbc.resultset - 73. ResultSet.getMetaData() returned oracle.jdbc.driver.OracleResultSetMetaData@108fa66
INFO : jdbc.resultset - 73. ResultSet.getType() returned 1003
INFO : jdbc.resultset - 73. ResultSet.next() returned true
INFO : jdbc.resultset - 73. ResultSet.getInt(COUNT(DEVER_ID)) returned 1
INFO : jdbc.resultset - 73. ResultSet.wasNull() returned false
INFO : jdbc.resultsettable - 
|----------------|
|count(dever_id) |
|----------------|
|1               |
|----------------|

INFO : jdbc.resultset - 73. ResultSet.next() returned false
INFO : jdbc.resultset - 73. ResultSet.close() returned void
INFO : jdbc.audit - 73. PreparedStatement.getConnection() returned net.sf.log4jdbc.sql.jdbcapi.ConnectionSpy@1130eaf
INFO : jdbc.audit - 73. Connection.getMetaData() returned oracle.jdbc.driver.OracleDatabaseMetaData@aadd0
INFO : jdbc.audit - 73. PreparedStatement.close() returned 
INFO : jdbc.audit - 73. PreparedStatement.new PreparedStatement returned 
INFO : jdbc.audit - 73. Connection.prepareStatement(SELECT	COUNT(DEVER_ID)
		FROM	TS001_JOB_SCH
		WHERE	DEVER_ID 	= ?
		AND		CUST_ID		= ?
		AND		SQNO		= ?
		AND		CHK_YN		= &apos;N&apos;
		AND		DEL_YN		= &apos;N&apos;) returned net.sf.log4jdbc.sql.jdbcapi.PreparedStatementSpy@1362712
INFO : jdbc.audit - 73. PreparedStatement.setString(1, &quot;testDever&quot;) returned 
INFO : jdbc.audit - 73. PreparedStatement.setString(2, &quot;testCust&quot;) returned 
INFO : jdbc.audit - 73. PreparedStatement.setInt(3, 1) returned 
INFO : jdbc.sqlonly - SELECT COUNT(DEVER_ID) FROM TS001_JOB_SCH WHERE DEVER_ID = &apos;testDever&apos; AND CUST_ID = &apos;testCust&apos; 
AND SQNO = 1 AND CHK_YN = &apos;N&apos; AND DEL_YN = &apos;N&apos; 

INFO : jdbc.sqltiming - SELECT COUNT(DEVER_ID) FROM TS001_JOB_SCH WHERE DEVER_ID = &apos;testDever&apos; AND CUST_ID = &apos;testCust&apos; 
AND SQNO = 1 AND CHK_YN = &apos;N&apos; AND DEL_YN = &apos;N&apos; 
 {executed in 0 msec}
INFO : jdbc.audit - 73. PreparedStatement.execute() returned true
INFO : jdbc.resultset - 73. ResultSet.new ResultSet returned 
INFO : jdbc.audit - 73. PreparedStatement.getResultSet() returned net.sf.log4jdbc.sql.jdbcapi.ResultSetSpy@1eb3298
INFO : jdbc.resultset - 73. ResultSet.getMetaData() returned oracle.jdbc.driver.OracleResultSetMetaData@a26bc
INFO : jdbc.resultset - 73. ResultSet.getType() returned 1003
INFO : jdbc.resultset - 73. ResultSet.next() returned true
INFO : jdbc.resultset - 73. ResultSet.getInt(COUNT(DEVER_ID)) returned 1
INFO : jdbc.resultset - 73. ResultSet.wasNull() returned false
INFO : jdbc.resultsettable - 
|----------------|
|count(dever_id) |
|----------------|
|1               |
|----------------|

INFO : jdbc.resultset - 73. ResultSet.next() returned false
INFO : jdbc.resultset - 73. ResultSet.close() returned void
INFO : jdbc.audit - 73. PreparedStatement.getConnection() returned net.sf.log4jdbc.sql.jdbcapi.ConnectionSpy@1130eaf
INFO : jdbc.audit - 73. Connection.getMetaData() returned oracle.jdbc.driver.OracleDatabaseMetaData@aadd0
INFO : jdbc.audit - 73. PreparedStatement.close() returned 
INFO : jdbc.audit - 73. Connection.rollback() returned 
INFO : jdbc.audit - 73. Connection.setAutoCommit(true) returned 
INFO : jdbc.audit - 73. Connection.isReadOnly() returned false
INFO : jdbc.connection - 73. Connection closed
INFO : jdbc.audit - 73. Connection.close() returned 
INFO : org.springframework.test.context.transaction.TransactionContext - Rolled back transaction for test context [DefaultTestContext@1427b69 testClass = TestUpdJobSch, testInstance = com.pro.alarm.service.TestUpdJobSch@f8df1e, testMethod = test1230_06srchJobChkYn@TestUpdJobSch, testException = [null], mergedContextConfiguration = [MergedContextConfiguration@c85b0c testClass = TestUpdJobSch, locations = &apos;{classpath:test-context.xml}&apos;, classes = &apos;{}&apos;, contextInitializerClasses = &apos;[]&apos;, activeProfiles = &apos;{}&apos;, propertySourceLocations = &apos;{}&apos;, propertySourceProperties = &apos;{}&apos;, contextCustomizers = set[[empty]], contextLoader = &apos;org.springframework.test.context.support.DelegatingSmartContextLoader&apos;, parent = [null]]].
INFO : jdbc.connection - 74. Connection opened
INFO : jdbc.audit - 74. Connection.new Connection returned 
INFO : jdbc.audit - 74. Connection.getAutoCommit() returned true
INFO : jdbc.audit - 74. PreparedStatement.new PreparedStatement returned 
INFO : jdbc.audit - 74. Connection.prepareStatement(DELETE 
		FROM    TS001_JOB_SCH 
		WHERE   DEVER_ID    = ?
		AND     CUST_ID     = ?
		AND     SQNO        = ?
		AND		LUPD_CNT	= ?) returned net.sf.log4jdbc.sql.jdbcapi.PreparedStatementSpy@15bc39d
INFO : jdbc.audit - 74. PreparedStatement.setString(1, &quot;testDever&quot;) returned 
INFO : jdbc.audit - 74. PreparedStatement.setString(2, &quot;testCust&quot;) returned 
INFO : jdbc.audit - 74. PreparedStatement.setInt(3, 2) returned 
INFO : jdbc.audit - 74. PreparedStatement.setInt(4, 1) returned 
INFO : jdbc.sqlonly - DELETE FROM TS001_JOB_SCH WHERE DEVER_ID = &apos;testDever&apos; AND CUST_ID = &apos;testCust&apos; AND SQNO = 
2 AND LUPD_CNT = 1 

INFO : jdbc.sqltiming - DELETE FROM TS001_JOB_SCH WHERE DEVER_ID = &apos;testDever&apos; AND CUST_ID = &apos;testCust&apos; AND SQNO = 
2 AND LUPD_CNT = 1 
 {executed in 0 msec}
INFO : jdbc.audit - 74. PreparedStatement.execute() returned false
INFO : jdbc.audit - 74. PreparedStatement.getUpdateCount() returned 1
INFO : jdbc.audit - 74. PreparedStatement.close() returned 
INFO : jdbc.connection - 74. Connection closed
INFO : jdbc.audit - 74. Connection.close() returned 
</system-out>
  </testcase>
</testsuite>