<?xml version="1.0" encoding="UTF-8" ?>
<testsuite tests="17" failures="13" name="com.pro.alarm.service.TestSrchJobSch" time="1.346" errors="0" skipped="0">
  <properties>
    <property name="java.runtime.name" value="Java(TM) SE Runtime Environment"/>
    <property name="sun.boot.library.path" value="C:\Program Files (x86)\Java\jdk1.8.0_60\jre\bin"/>
    <property name="java.vm.version" value="25.60-b23"/>
    <property name="java.vm.vendor" value="Oracle Corporation"/>
    <property name="maven.multiModuleProjectDirectory" value="C:\DEV\workspace\SimpleAlarm"/>
    <property name="java.vendor.url" value="http://java.oracle.com/"/>
    <property name="path.separator" value=";"/>
    <property name="guice.disable.misplaced.annotation.check" value="true"/>
    <property name="java.vm.name" value="Java HotSpot(TM) Client VM"/>
    <property name="file.encoding.pkg" value="sun.io"/>
    <property name="user.script" value=""/>
    <property name="user.country" value="KR"/>
    <property name="sun.java.launcher" value="SUN_STANDARD"/>
    <property name="sun.os.patch.level" value=""/>
    <property name="java.vm.specification.name" value="Java Virtual Machine Specification"/>
    <property name="user.dir" value="C:\DEV\workspace\SimpleAlarm"/>
    <property name="java.runtime.version" value="1.8.0_60-b27"/>
    <property name="java.awt.graphicsenv" value="sun.awt.Win32GraphicsEnvironment"/>
    <property name="java.endorsed.dirs" value="C:\Program Files (x86)\Java\jdk1.8.0_60\jre\lib\endorsed"/>
    <property name="os.arch" value="x86"/>
    <property name="java.io.tmpdir" value="C:\Users\amaco78\AppData\Local\Temp\"/>
    <property name="line.separator" value="
"/>
    <property name="java.vm.specification.vendor" value="Oracle Corporation"/>
    <property name="user.variant" value=""/>
    <property name="os.name" value="Windows 10"/>
    <property name="classworlds.conf" value="C:\DEV\workspace\.metadata\.plugins\org.eclipse.m2e.launching\launches\m2conf1882332748541302212.tmp"/>
    <property name="sun.jnu.encoding" value="MS949"/>
    <property name="java.library.path" value="C:\Program Files (x86)\Java\jdk1.8.0_60\jre\bin;C:\WINDOWS\Sun\Java\bin;C:\WINDOWS\system32;C:\WINDOWS;C:/Program Files/Java/jre1.8.0_161/bin/server;C:/Program Files/Java/jre1.8.0_161/bin;C:/Program Files/Java/jre1.8.0_161/lib/amd64;C:\app\amaco78\product\11.2.0\client_1;C:\oraclexe\app\oracle\product\11.2.0\server\bin;C:\ProgramData\Oracle\Java\javapath;C:\Program Files (x86)\Intel\iCLS Client\;C:\Program Files\Intel\iCLS Client\;C:\WINDOWS\system32;C:\WINDOWS;C:\WINDOWS\System32\Wbem;C:\WINDOWS\System32\WindowsPowerShell\v1.0\;C:\Program Files (x86)\Intel\Intel(R) Management Engine Components\DAL;C:\Program Files\Intel\Intel(R) Management Engine Components\DAL;C:\Program Files (x86)\Intel\Intel(R) Management Engine Components\IPT;C:\Program Files\Intel\Intel(R) Management Engine Components\IPT;C:\Program Files\Java\jre1.8.0_161\bin;C:\Program Files\Intel\WiFi\bin\;C:\Program Files\Common Files\Intel\WirelessCommon\;C:\Program Files\MySQL\MySQL Utilities 1.6\;C:\Program Files\Git\cmd;C:\Program Files (x86)\Java\jdk1.8.0_60\bin;C:\Program Files\TortoiseSVN\bin;C:\Program Files\IDM Computer Solutions\UltraEdit;C:\Users\amaco78\AppData\Local\Microsoft\WindowsApps;C:\Program Files\Bandizip\7z;C:\Program Files\Intel\WiFi\bin\;C:\Program Files\Common Files\Intel\WirelessCommon\;C:\Users\amaco78\AppData\Local\Microsoft\WindowsApps;C:\Program Files\Java\jre1.8.0_161;;C:\Users\amaco78\AppData\Local\Programs\Fiddler;C:\WINDOWS\System32;;."/>
    <property name="java.specification.name" value="Java Platform API Specification"/>
    <property name="java.class.version" value="52.0"/>
    <property name="sun.management.compiler" value="HotSpot Client Compiler"/>
    <property name="os.version" value="10.0"/>
    <property name="user.home" value="C:\Users\amaco78"/>
    <property name="user.timezone" value="Asia/Seoul"/>
    <property name="java.awt.printerjob" value="sun.awt.windows.WPrinterJob"/>
    <property name="java.specification.version" value="1.8"/>
    <property name="file.encoding" value="UTF-8"/>
    <property name="user.name" value="amaco78"/>
    <property name="java.class.path" value="/C:/DEV/SDKS/jee-neon/eclipse/../../../../Users/amaco78/.p2/pool/plugins/org.eclipse.m2e.maven.runtime_1.7.0.20160603-1931/jars/plexus-classworlds-2.5.2.jar"/>
    <property name="java.vm.specification.version" value="1.8"/>
    <property name="sun.arch.data.model" value="32"/>
    <property name="java.home" value="C:\Program Files (x86)\Java\jdk1.8.0_60\jre"/>
    <property name="sun.java.command" value="org.codehaus.plexus.classworlds.launcher.Launcher -B clean install"/>
    <property name="java.specification.vendor" value="Oracle Corporation"/>
    <property name="user.language" value="ko"/>
    <property name="awt.toolkit" value="sun.awt.windows.WToolkit"/>
    <property name="java.vm.info" value="mixed mode"/>
    <property name="java.version" value="1.8.0_60"/>
    <property name="java.ext.dirs" value="C:\Program Files (x86)\Java\jdk1.8.0_60\jre\lib\ext;C:\WINDOWS\Sun\Java\lib\ext"/>
    <property name="sun.boot.class.path" value="C:\Program Files (x86)\Java\jdk1.8.0_60\jre\lib\resources.jar;C:\Program Files (x86)\Java\jdk1.8.0_60\jre\lib\rt.jar;C:\Program Files (x86)\Java\jdk1.8.0_60\jre\lib\sunrsasign.jar;C:\Program Files (x86)\Java\jdk1.8.0_60\jre\lib\jsse.jar;C:\Program Files (x86)\Java\jdk1.8.0_60\jre\lib\jce.jar;C:\Program Files (x86)\Java\jdk1.8.0_60\jre\lib\charsets.jar;C:\Program Files (x86)\Java\jdk1.8.0_60\jre\lib\jfr.jar;C:\Program Files (x86)\Java\jdk1.8.0_60\jre\classes"/>
    <property name="java.vendor" value="Oracle Corporation"/>
    <property name="maven.home" value="C:\DEV\workspace\SimpleAlarm\EMBEDDED"/>
    <property name="file.separator" value="\"/>
    <property name="java.vendor.url.bug" value="http://bugreport.sun.com/bugreport/"/>
    <property name="sun.cpu.endian" value="little"/>
    <property name="sun.io.unicode.encoding" value="UnicodeLittle"/>
    <property name="sun.desktop" value="windows"/>
    <property name="sun.cpu.isalist" value="pentium_pro+mmx pentium_pro pentium+mmx pentium i486 i386 i86"/>
  </properties>
  <testcase classname="com.pro.alarm.service.TestSrchJobSch" name="test1201_srchJobSch_deverIdChk" time="0.14"/>
  <testcase classname="com.pro.alarm.service.TestSrchJobSch" name="test1202_srchJobSch_diffDate" time="0.063"/>
  <testcase classname="com.pro.alarm.service.TestSrchJobSch" name="test1203_srchJobSch_success" time="0.094">
    <failure message="조회를 실패하였습니다. expected:&lt;1&gt; but was:&lt;2&gt;" type="java.lang.AssertionError">java.lang.AssertionError: 조회를 실패하였습니다. expected:&lt;1&gt; but was:&lt;2&gt;
	at org.junit.Assert.fail(Assert.java:88)
	at org.junit.Assert.failNotEquals(Assert.java:834)
	at org.junit.Assert.assertEquals(Assert.java:645)
	at com.pro.alarm.service.TestSrchJobSch.test1203_srchJobSch_success(TestSrchJobSch.java:103)
	at sun.reflect.NativeMethodAccessorImpl.invoke0(Native Method)
	at sun.reflect.NativeMethodAccessorImpl.invoke(NativeMethodAccessorImpl.java:62)
	at sun.reflect.DelegatingMethodAccessorImpl.invoke(DelegatingMethodAccessorImpl.java:43)
	at java.lang.reflect.Method.invoke(Method.java:497)
	at org.junit.runners.model.FrameworkMethod$1.runReflectiveCall(FrameworkMethod.java:50)
	at org.junit.internal.runners.model.ReflectiveCallable.run(ReflectiveCallable.java:12)
	at org.junit.runners.model.FrameworkMethod.invokeExplosively(FrameworkMethod.java:47)
	at org.junit.internal.runners.statements.InvokeMethod.evaluate(InvokeMethod.java:17)
	at org.springframework.test.context.junit4.statements.RunBeforeTestMethodCallbacks.evaluate(RunBeforeTestMethodCallbacks.java:75)
	at org.springframework.test.context.junit4.statements.RunAfterTestMethodCallbacks.evaluate(RunAfterTestMethodCallbacks.java:86)
	at org.junit.rules.ExpectedException$ExpectedExceptionStatement.evaluate(ExpectedException.java:239)
	at org.junit.rules.RunRules.evaluate(RunRules.java:20)
	at org.springframework.test.context.junit4.statements.SpringRepeat.evaluate(SpringRepeat.java:84)
	at org.junit.runners.ParentRunner.runLeaf(ParentRunner.java:325)
	at org.springframework.test.context.junit4.SpringJUnit4ClassRunner.runChild(SpringJUnit4ClassRunner.java:252)
	at org.springframework.test.context.junit4.SpringJUnit4ClassRunner.runChild(SpringJUnit4ClassRunner.java:94)
	at org.junit.runners.ParentRunner$3.run(ParentRunner.java:290)
	at org.junit.runners.ParentRunner$1.schedule(ParentRunner.java:71)
	at org.junit.runners.ParentRunner.runChildren(ParentRunner.java:288)
	at org.junit.runners.ParentRunner.access$000(ParentRunner.java:58)
	at org.junit.runners.ParentRunner$2.evaluate(ParentRunner.java:268)
	at org.springframework.test.context.junit4.statements.RunBeforeTestClassCallbacks.evaluate(RunBeforeTestClassCallbacks.java:61)
	at org.springframework.test.context.junit4.statements.RunAfterTestClassCallbacks.evaluate(RunAfterTestClassCallbacks.java:70)
	at org.junit.runners.ParentRunner.run(ParentRunner.java:363)
	at org.springframework.test.context.junit4.SpringJUnit4ClassRunner.run(SpringJUnit4ClassRunner.java:191)
	at org.apache.maven.surefire.junit4.JUnit4Provider.execute(JUnit4Provider.java:252)
	at org.apache.maven.surefire.junit4.JUnit4Provider.executeTestSet(JUnit4Provider.java:141)
	at org.apache.maven.surefire.junit4.JUnit4Provider.invoke(JUnit4Provider.java:112)
	at sun.reflect.NativeMethodAccessorImpl.invoke0(Native Method)
	at sun.reflect.NativeMethodAccessorImpl.invoke(NativeMethodAccessorImpl.java:62)
	at sun.reflect.DelegatingMethodAccessorImpl.invoke(DelegatingMethodAccessorImpl.java:43)
	at java.lang.reflect.Method.invoke(Method.java:497)
	at org.apache.maven.surefire.util.ReflectionUtils.invokeMethodWithArray(ReflectionUtils.java:189)
	at org.apache.maven.surefire.booter.ProviderFactory$ProviderProxy.invoke(ProviderFactory.java:165)
	at org.apache.maven.surefire.booter.ProviderFactory.invokeProvider(ProviderFactory.java:85)
	at org.apache.maven.surefire.booter.ForkedBooter.runSuitesInProcess(ForkedBooter.java:115)
	at org.apache.maven.surefire.booter.ForkedBooter.main(ForkedBooter.java:75)
</failure>
    <system-out>INFO : jdbc.connection - 12. Connection opened
INFO : jdbc.audit - 12. Connection.new Connection returned 
INFO : jdbc.audit - 12. Connection.getAutoCommit() returned true
INFO : jdbc.audit - 12. PreparedStatement.new PreparedStatement returned 
INFO : jdbc.audit - 12. Connection.prepareStatement(SELECT 	NVL(MAX(SQNO),0) + 1 AS SQNO 
		FROM 	TS001_JOB_SCH 
		WHERE 	DEVER_ID	= ?
		AND		CUST_ID		= ?) returned net.sf.log4jdbc.sql.jdbcapi.PreparedStatementSpy@1c715b8
INFO : jdbc.audit - 12. PreparedStatement.setString(1, &quot;testDever&quot;) returned 
INFO : jdbc.audit - 12. PreparedStatement.setString(2, &quot;testCust&quot;) returned 
INFO : jdbc.sqlonly - SELECT NVL(MAX(SQNO),0) + 1 AS SQNO FROM TS001_JOB_SCH WHERE DEVER_ID = &apos;testDever&apos; AND CUST_ID 
= &apos;testCust&apos; 

INFO : jdbc.sqltiming - SELECT NVL(MAX(SQNO),0) + 1 AS SQNO FROM TS001_JOB_SCH WHERE DEVER_ID = &apos;testDever&apos; AND CUST_ID 
= &apos;testCust&apos; 
 {executed in 0 msec}
INFO : jdbc.audit - 12. PreparedStatement.execute() returned true
INFO : jdbc.resultset - 12. ResultSet.new ResultSet returned 
INFO : jdbc.audit - 12. PreparedStatement.getResultSet() returned net.sf.log4jdbc.sql.jdbcapi.ResultSetSpy@12d1c71
INFO : jdbc.resultset - 12. ResultSet.getMetaData() returned oracle.jdbc.driver.OracleResultSetMetaData@1491fee
INFO : jdbc.resultset - 12. ResultSet.getType() returned 1003
INFO : jdbc.resultset - 12. ResultSet.next() returned true
INFO : jdbc.resultset - 12. ResultSet.getInt(SQNO) returned 2
INFO : jdbc.resultset - 12. ResultSet.wasNull() returned false
INFO : jdbc.resultsettable - 
|-----|
|sqno |
|-----|
|2    |
|-----|

INFO : jdbc.resultset - 12. ResultSet.next() returned false
INFO : jdbc.resultset - 12. ResultSet.close() returned void
INFO : jdbc.audit - 12. PreparedStatement.getConnection() returned net.sf.log4jdbc.sql.jdbcapi.ConnectionSpy@11c5af9
INFO : jdbc.audit - 12. Connection.getMetaData() returned oracle.jdbc.driver.OracleDatabaseMetaData@55f277
INFO : jdbc.audit - 12. PreparedStatement.close() returned 
INFO : jdbc.audit - 12. PreparedStatement.new PreparedStatement returned 
INFO : jdbc.audit - 12. Connection.prepareStatement(INSERT INTO	TS001_JOB_SCH(
							  DEVER_ID 	   /*������ID	*/
							, CUST_ID	   /*��ID  */
							, SQNO		   /*�Ϸù�ȣ  */
							, SET_TM	   /*�����ð�  */
							, JOB_CD	   /*�۾��ڵ�  */
							, CHK_YN	   /*Ȯ�ο���  */
							, LST_CHK_TS   /*����Ȯ���Ͻ�*/
							 
							 
							 
							, DEL_YN	   /*��������  */
							, PC_TS		   /*ó���Ͻ�  */
							, FST_PC_TS	   /*����ó���Ͻ�*/
							, LUPD_CNT	   /*���������� */
							)
					VALUES(
							  ?
							, ?
							, ?
							, TO_TIMESTAMP(?,&apos;YYYYMMDD HH24MI&apos;)
							, ?
							, &apos;N&apos;
							, TO_TIMESTAMP(&apos;00010101 000000.000000&apos;,&apos;YYYYMMDD HH24MISS.FF6&apos;)
							 
							 
							 
							, &apos;N&apos;
							, SYSTIMESTAMP
							, SYSTIMESTAMP
							, 1
							)) returned net.sf.log4jdbc.sql.jdbcapi.PreparedStatementSpy@1dabb18
INFO : jdbc.audit - 12. PreparedStatement.setString(1, &quot;testDever&quot;) returned 
INFO : jdbc.audit - 12. PreparedStatement.setString(2, &quot;testCust&quot;) returned 
INFO : jdbc.audit - 12. PreparedStatement.setInt(3, 2) returned 
INFO : jdbc.audit - 12. PreparedStatement.setString(4, &quot;00010101 0000&quot;) returned 
INFO : jdbc.audit - 12. PreparedStatement.setString(5, &quot;testJobCd&quot;) returned 
INFO : jdbc.sqlonly - INSERT INTO TS001_JOB_SCH( DEVER_ID /*������ID */ , CUST_ID /*��ID */ , SQNO /*�Ϸù�ȣ */ , SET_TM 
/*�����ð� */ , JOB_CD /*�۾��ڵ� */ , CHK_YN /*Ȯ�ο��� */ , LST_CHK_TS /*����Ȯ���Ͻ�*/ , DEL_YN /*�������� */ 
, PC_TS /*ó���Ͻ� */ , FST_PC_TS /*����ó���Ͻ�*/ , LUPD_CNT /*���������� */ ) VALUES( &apos;testDever&apos; , &apos;testCust&apos; 
, 2 , TO_TIMESTAMP(&apos;00010101 0000&apos;,&apos;YYYYMMDD HH24MI&apos;) , &apos;testJobCd&apos; , &apos;N&apos; , TO_TIMESTAMP(&apos;00010101 
000000.000000&apos;,&apos;YYYYMMDD HH24MISS.FF6&apos;) , &apos;N&apos; , SYSTIMESTAMP , SYSTIMESTAMP , 1 ) 

INFO : jdbc.sqltiming - INSERT INTO TS001_JOB_SCH( DEVER_ID /*������ID */ , CUST_ID /*��ID */ , SQNO /*�Ϸù�ȣ */ , SET_TM 
/*�����ð� */ , JOB_CD /*�۾��ڵ� */ , CHK_YN /*Ȯ�ο��� */ , LST_CHK_TS /*����Ȯ���Ͻ�*/ , DEL_YN /*�������� */ 
, PC_TS /*ó���Ͻ� */ , FST_PC_TS /*����ó���Ͻ�*/ , LUPD_CNT /*���������� */ ) VALUES( &apos;testDever&apos; , &apos;testCust&apos; 
, 2 , TO_TIMESTAMP(&apos;00010101 0000&apos;,&apos;YYYYMMDD HH24MI&apos;) , &apos;testJobCd&apos; , &apos;N&apos; , TO_TIMESTAMP(&apos;00010101 
000000.000000&apos;,&apos;YYYYMMDD HH24MISS.FF6&apos;) , &apos;N&apos; , SYSTIMESTAMP , SYSTIMESTAMP , 1 ) 
 {executed in 0 msec}
INFO : jdbc.audit - 12. PreparedStatement.execute() returned false
INFO : jdbc.audit - 12. PreparedStatement.getUpdateCount() returned 1
INFO : jdbc.audit - 12. PreparedStatement.close() returned 
INFO : jdbc.connection - 12. Connection closed
INFO : jdbc.audit - 12. Connection.close() returned 
INFO : jdbc.connection - 13. Connection opened
INFO : jdbc.audit - 13. Connection.new Connection returned 
INFO : jdbc.audit - 13. Connection.getAutoCommit() returned true
INFO : jdbc.audit - 13. Connection.setAutoCommit(false) returned 
INFO : org.springframework.test.context.transaction.TransactionContext - Began transaction (1) for test context [DefaultTestContext@78452d testClass = TestSrchJobSch, testInstance = com.pro.alarm.service.TestSrchJobSch@eca7c6, testMethod = test1203_srchJobSch_success@TestSrchJobSch, testException = [null], mergedContextConfiguration = [MergedContextConfiguration@1c25153 testClass = TestSrchJobSch, locations = &apos;{classpath:test-context.xml}&apos;, classes = &apos;{}&apos;, contextInitializerClasses = &apos;[]&apos;, activeProfiles = &apos;{}&apos;, propertySourceLocations = &apos;{}&apos;, propertySourceProperties = &apos;{}&apos;, contextCustomizers = set[[empty]], contextLoader = &apos;org.springframework.test.context.support.DelegatingSmartContextLoader&apos;, parent = [null]]]; transaction manager [org.springframework.jdbc.datasource.DataSourceTransactionManager@1bcd567]; rollback [true]
INFO : jdbc.audit - 13. Connection.getAutoCommit() returned false
INFO : jdbc.audit - 13. PreparedStatement.new PreparedStatement returned 
INFO : jdbc.audit - 13. Connection.prepareStatement(SELECT 	  DEVER_ID 	   												/*������ID*/
				, CUST_ID	  							 					/*��ID  */
				, SQNO		   												/*�Ϸù�ȣ  */
				, TO_CHAR(SET_TM,&apos;HH24MISS&apos;) AS SET_TM	   					/*�����ð�  */
				, JOB_CD	   												/*�۾��ڵ�  */
				, CHK_YN	   												/*Ȯ�ο���  */
				, TO_CHAR(LST_CHK_TS,&apos;YYYYMMDD HH24MISS.FF6&apos;) AS LST_CHK_TS /*����Ȯ���Ͻ�*/
				, WK_ITV_RULE                                               /*�ְ���Ģ*/
				, ST_MTH                                                    /*���ۿ�*/
				, ED_MTH                                                    /*�����*/
				, DEL_YN	   												/*��������  */
				, TO_CHAR(FST_PC_TS,&apos;YYYYMMDD HH24MISS.FF6&apos;) AS FST_PC_TS	/*����ó���Ͻ�*/
				, TO_CHAR(PC_TS,&apos;YYYYMMDD HH24MISS.FF6&apos;) AS PC_TS			/*ó���Ͻ�*/
				, LUPD_CNT	   												/*���������� */
		FROM	TS001_JOB_SCH
		WHERE	DEVER_ID 	= ?
		 
		 
		AND		PC_TS BETWEEN TO_TIMESTAMP(?,&apos;YYYYMMDD&apos;) AND TO_TIMESTAMP(?,&apos;YYYYMMDD&apos;)) returned net.sf.log4jdbc.sql.jdbcapi.PreparedStatementSpy@e3db41
INFO : jdbc.audit - 13. PreparedStatement.setString(1, &quot;testDever&quot;) returned 
INFO : jdbc.audit - 13. PreparedStatement.setString(2, &quot;20180519&quot;) returned 
INFO : jdbc.audit - 13. PreparedStatement.setString(3, &quot;20180521&quot;) returned 
INFO : jdbc.sqlonly - SELECT DEVER_ID /*������ID*/ , CUST_ID /*��ID */ , SQNO /*�Ϸù�ȣ */ , TO_CHAR(SET_TM,&apos;HH24MISS&apos;) 
AS SET_TM /*�����ð� */ , JOB_CD /*�۾��ڵ� */ , CHK_YN /*Ȯ�ο��� */ , TO_CHAR(LST_CHK_TS,&apos;YYYYMMDD HH24MISS.FF6&apos;) 
AS LST_CHK_TS /*����Ȯ���Ͻ�*/ , WK_ITV_RULE /*�ְ���Ģ*/ , ST_MTH /*���ۿ�*/ , ED_MTH /*�����*/ , DEL_YN 
/*�������� */ , TO_CHAR(FST_PC_TS,&apos;YYYYMMDD HH24MISS.FF6&apos;) AS FST_PC_TS /*����ó���Ͻ�*/ , TO_CHAR(PC_TS,&apos;YYYYMMDD 
HH24MISS.FF6&apos;) AS PC_TS /*ó���Ͻ�*/ , LUPD_CNT /*���������� */ FROM TS001_JOB_SCH WHERE DEVER_ID = 
&apos;testDever&apos; AND PC_TS BETWEEN TO_TIMESTAMP(&apos;20180519&apos;,&apos;YYYYMMDD&apos;) AND TO_TIMESTAMP(&apos;20180521&apos;,&apos;YYYYMMDD&apos;) 

INFO : jdbc.sqltiming - SELECT DEVER_ID /*������ID*/ , CUST_ID /*��ID */ , SQNO /*�Ϸù�ȣ */ , TO_CHAR(SET_TM,&apos;HH24MISS&apos;) 
AS SET_TM /*�����ð� */ , JOB_CD /*�۾��ڵ� */ , CHK_YN /*Ȯ�ο��� */ , TO_CHAR(LST_CHK_TS,&apos;YYYYMMDD HH24MISS.FF6&apos;) 
AS LST_CHK_TS /*����Ȯ���Ͻ�*/ , WK_ITV_RULE /*�ְ���Ģ*/ , ST_MTH /*���ۿ�*/ , ED_MTH /*�����*/ , DEL_YN 
/*�������� */ , TO_CHAR(FST_PC_TS,&apos;YYYYMMDD HH24MISS.FF6&apos;) AS FST_PC_TS /*����ó���Ͻ�*/ , TO_CHAR(PC_TS,&apos;YYYYMMDD 
HH24MISS.FF6&apos;) AS PC_TS /*ó���Ͻ�*/ , LUPD_CNT /*���������� */ FROM TS001_JOB_SCH WHERE DEVER_ID = 
&apos;testDever&apos; AND PC_TS BETWEEN TO_TIMESTAMP(&apos;20180519&apos;,&apos;YYYYMMDD&apos;) AND TO_TIMESTAMP(&apos;20180521&apos;,&apos;YYYYMMDD&apos;) 
 {executed in 15 msec}
INFO : jdbc.audit - 13. PreparedStatement.execute() returned true
INFO : jdbc.resultset - 13. ResultSet.new ResultSet returned 
INFO : jdbc.audit - 13. PreparedStatement.getResultSet() returned net.sf.log4jdbc.sql.jdbcapi.ResultSetSpy@bf8650
INFO : jdbc.resultset - 13. ResultSet.getMetaData() returned oracle.jdbc.driver.OracleResultSetMetaData@1c60324
INFO : jdbc.resultset - 13. ResultSet.getType() returned 1003
INFO : jdbc.resultset - 13. ResultSet.next() returned true
INFO : jdbc.resultset - 13. ResultSet.getString(DEVER_ID) returned testDever
INFO : jdbc.resultset - 13. ResultSet.wasNull() returned false
INFO : jdbc.resultset - 13. ResultSet.getString(CUST_ID) returned testCust
INFO : jdbc.resultset - 13. ResultSet.wasNull() returned false
INFO : jdbc.resultset - 13. ResultSet.getInt(SQNO) returned 1
INFO : jdbc.resultset - 13. ResultSet.wasNull() returned false
INFO : jdbc.resultset - 13. ResultSet.getString(SET_TM) returned 000000
INFO : jdbc.resultset - 13. ResultSet.wasNull() returned false
INFO : jdbc.resultset - 13. ResultSet.getString(JOB_CD) returned testJobCd
INFO : jdbc.resultset - 13. ResultSet.wasNull() returned false
INFO : jdbc.resultset - 13. ResultSet.getString(CHK_YN) returned N
INFO : jdbc.resultset - 13. ResultSet.wasNull() returned false
INFO : jdbc.resultset - 13. ResultSet.getString(LST_CHK_TS) returned 00010101 000000.000000
INFO : jdbc.resultset - 13. ResultSet.wasNull() returned false
INFO : jdbc.resultset - 13. ResultSet.getString(WK_ITV_RULE) returned 1111100
INFO : jdbc.resultset - 13. ResultSet.wasNull() returned false
INFO : jdbc.resultset - 13. ResultSet.getString(ST_MTH) returned 01
INFO : jdbc.resultset - 13. ResultSet.wasNull() returned false
INFO : jdbc.resultset - 13. ResultSet.getString(ED_MTH) returned 12
INFO : jdbc.resultset - 13. ResultSet.wasNull() returned false
INFO : jdbc.resultset - 13. ResultSet.getString(DEL_YN) returned N
INFO : jdbc.resultset - 13. ResultSet.wasNull() returned false
INFO : jdbc.resultset - 13. ResultSet.getString(FST_PC_TS) returned 20180520 051429.333000
INFO : jdbc.resultset - 13. ResultSet.wasNull() returned false
INFO : jdbc.resultset - 13. ResultSet.getString(PC_TS) returned 20180520 051429.333000
INFO : jdbc.resultset - 13. ResultSet.wasNull() returned false
INFO : jdbc.resultset - 13. ResultSet.getInt(LUPD_CNT) returned 1
INFO : jdbc.resultset - 13. ResultSet.wasNull() returned false
INFO : jdbc.resultset - 13. ResultSet.next() returned true
INFO : jdbc.resultset - 13. ResultSet.getString(DEVER_ID) returned testDever
INFO : jdbc.resultset - 13. ResultSet.wasNull() returned false
INFO : jdbc.resultset - 13. ResultSet.getString(CUST_ID) returned testCust
INFO : jdbc.resultset - 13. ResultSet.wasNull() returned false
INFO : jdbc.resultset - 13. ResultSet.getInt(SQNO) returned 2
INFO : jdbc.resultset - 13. ResultSet.wasNull() returned false
INFO : jdbc.resultset - 13. ResultSet.getString(SET_TM) returned 000000
INFO : jdbc.resultset - 13. ResultSet.wasNull() returned false
INFO : jdbc.resultset - 13. ResultSet.getString(JOB_CD) returned testJobCd
INFO : jdbc.resultset - 13. ResultSet.wasNull() returned false
INFO : jdbc.resultset - 13. ResultSet.getString(CHK_YN) returned N
INFO : jdbc.resultset - 13. ResultSet.wasNull() returned false
INFO : jdbc.resultset - 13. ResultSet.getString(LST_CHK_TS) returned 00010101 000000.000000
INFO : jdbc.resultset - 13. ResultSet.wasNull() returned false
INFO : jdbc.resultset - 13. ResultSet.getString(WK_ITV_RULE) returned 1111100
INFO : jdbc.resultset - 13. ResultSet.wasNull() returned false
INFO : jdbc.resultset - 13. ResultSet.getString(ST_MTH) returned 01
INFO : jdbc.resultset - 13. ResultSet.wasNull() returned false
INFO : jdbc.resultset - 13. ResultSet.getString(ED_MTH) returned 12
INFO : jdbc.resultset - 13. ResultSet.wasNull() returned false
INFO : jdbc.resultset - 13. ResultSet.getString(DEL_YN) returned N
INFO : jdbc.resultset - 13. ResultSet.wasNull() returned false
INFO : jdbc.resultset - 13. ResultSet.getString(FST_PC_TS) returned 20180520 051820.749000
INFO : jdbc.resultset - 13. ResultSet.wasNull() returned false
INFO : jdbc.resultset - 13. ResultSet.getString(PC_TS) returned 20180520 051820.749000
INFO : jdbc.resultset - 13. ResultSet.wasNull() returned false
INFO : jdbc.resultset - 13. ResultSet.getInt(LUPD_CNT) returned 1
INFO : jdbc.resultset - 13. ResultSet.wasNull() returned false
INFO : jdbc.resultsettable - 
|----------|---------|-----|-------|----------|-------|-----------------------|------------|-------|-------|-------|-----------------------|-----------------------|---------|
|dever_id  |cust_id  |sqno |set_tm |job_cd    |chk_yn |lst_chk_ts             |wk_itv_rule |st_mth |ed_mth |del_yn |fst_pc_ts              |pc_ts                  |lupd_cnt |
|----------|---------|-----|-------|----------|-------|-----------------------|------------|-------|-------|-------|-----------------------|-----------------------|---------|
|testDever |testCust |1    |000000 |testJobCd |N      |00010101 000000.000000 |1111100     |01     |12     |N      |20180520 051429.333000 |20180520 051429.333000 |1        |
|testDever |testCust |2    |000000 |testJobCd |N      |00010101 000000.000000 |1111100     |01     |12     |N      |20180520 051820.749000 |20180520 051820.749000 |1        |
|----------|---------|-----|-------|----------|-------|-----------------------|------------|-------|-------|-------|-----------------------|-----------------------|---------|

INFO : jdbc.resultset - 13. ResultSet.next() returned false
INFO : jdbc.resultset - 13. ResultSet.close() returned void
INFO : jdbc.audit - 13. PreparedStatement.getConnection() returned net.sf.log4jdbc.sql.jdbcapi.ConnectionSpy@10ca692
INFO : jdbc.audit - 13. Connection.getMetaData() returned oracle.jdbc.driver.OracleDatabaseMetaData@104774
INFO : jdbc.audit - 13. PreparedStatement.close() returned 
INFO : jdbc.audit - 13. Connection.rollback() returned 
INFO : jdbc.audit - 13. Connection.setAutoCommit(true) returned 
INFO : jdbc.audit - 13. Connection.isReadOnly() returned false
INFO : jdbc.connection - 13. Connection closed
INFO : jdbc.audit - 13. Connection.close() returned 
INFO : org.springframework.test.context.transaction.TransactionContext - Rolled back transaction for test context [DefaultTestContext@78452d testClass = TestSrchJobSch, testInstance = com.pro.alarm.service.TestSrchJobSch@eca7c6, testMethod = test1203_srchJobSch_success@TestSrchJobSch, testException = java.lang.AssertionError: ��ȸ�� �����Ͽ����ϴ�. expected:&lt;1&gt; but was:&lt;2&gt;, mergedContextConfiguration = [MergedContextConfiguration@1c25153 testClass = TestSrchJobSch, locations = &apos;{classpath:test-context.xml}&apos;, classes = &apos;{}&apos;, contextInitializerClasses = &apos;[]&apos;, activeProfiles = &apos;{}&apos;, propertySourceLocations = &apos;{}&apos;, propertySourceProperties = &apos;{}&apos;, contextCustomizers = set[[empty]], contextLoader = &apos;org.springframework.test.context.support.DelegatingSmartContextLoader&apos;, parent = [null]]].
INFO : jdbc.connection - 14. Connection opened
INFO : jdbc.audit - 14. Connection.new Connection returned 
INFO : jdbc.audit - 14. Connection.getAutoCommit() returned true
INFO : jdbc.audit - 14. PreparedStatement.new PreparedStatement returned 
INFO : jdbc.audit - 14. Connection.prepareStatement(DELETE 
		FROM    TS001_JOB_SCH 
		WHERE   DEVER_ID    = ?
		AND     CUST_ID     = ?
		AND     SQNO        = ?
		AND		LUPD_CNT	= ?) returned net.sf.log4jdbc.sql.jdbcapi.PreparedStatementSpy@517165
INFO : jdbc.audit - 14. PreparedStatement.setString(1, &quot;testDever&quot;) returned 
INFO : jdbc.audit - 14. PreparedStatement.setString(2, &quot;testCust&quot;) returned 
INFO : jdbc.audit - 14. PreparedStatement.setInt(3, 2) returned 
INFO : jdbc.audit - 14. PreparedStatement.setInt(4, 1) returned 
INFO : jdbc.sqlonly - DELETE FROM TS001_JOB_SCH WHERE DEVER_ID = &apos;testDever&apos; AND CUST_ID = &apos;testCust&apos; AND SQNO = 
2 AND LUPD_CNT = 1 

INFO : jdbc.sqltiming - DELETE FROM TS001_JOB_SCH WHERE DEVER_ID = &apos;testDever&apos; AND CUST_ID = &apos;testCust&apos; AND SQNO = 
2 AND LUPD_CNT = 1 
 {executed in 16 msec}
INFO : jdbc.audit - 14. PreparedStatement.execute() returned false
INFO : jdbc.audit - 14. PreparedStatement.getUpdateCount() returned 1
INFO : jdbc.audit - 14. PreparedStatement.close() returned 
INFO : jdbc.connection - 14. Connection closed
INFO : jdbc.audit - 14. Connection.close() returned 
</system-out>
  </testcase>
  <testcase classname="com.pro.alarm.service.TestSrchJobSch" name="test1204_srchJobSch_delayChk" time="0.062">
    <failure message="조회를 실패하였습니다. expected:&lt;1&gt; but was:&lt;2&gt;" type="java.lang.AssertionError">java.lang.AssertionError: 조회를 실패하였습니다. expected:&lt;1&gt; but was:&lt;2&gt;
	at org.junit.Assert.fail(Assert.java:88)
	at org.junit.Assert.failNotEquals(Assert.java:834)
	at org.junit.Assert.assertEquals(Assert.java:645)
	at com.pro.alarm.service.TestSrchJobSch.test1204_srchJobSch_delayChk(TestSrchJobSch.java:114)
	at sun.reflect.NativeMethodAccessorImpl.invoke0(Native Method)
	at sun.reflect.NativeMethodAccessorImpl.invoke(NativeMethodAccessorImpl.java:62)
	at sun.reflect.DelegatingMethodAccessorImpl.invoke(DelegatingMethodAccessorImpl.java:43)
	at java.lang.reflect.Method.invoke(Method.java:497)
	at org.junit.runners.model.FrameworkMethod$1.runReflectiveCall(FrameworkMethod.java:50)
	at org.junit.internal.runners.model.ReflectiveCallable.run(ReflectiveCallable.java:12)
	at org.junit.runners.model.FrameworkMethod.invokeExplosively(FrameworkMethod.java:47)
	at org.junit.internal.runners.statements.InvokeMethod.evaluate(InvokeMethod.java:17)
	at org.springframework.test.context.junit4.statements.RunBeforeTestMethodCallbacks.evaluate(RunBeforeTestMethodCallbacks.java:75)
	at org.springframework.test.context.junit4.statements.RunAfterTestMethodCallbacks.evaluate(RunAfterTestMethodCallbacks.java:86)
	at org.junit.rules.ExpectedException$ExpectedExceptionStatement.evaluate(ExpectedException.java:239)
	at org.junit.rules.RunRules.evaluate(RunRules.java:20)
	at org.springframework.test.context.junit4.statements.SpringRepeat.evaluate(SpringRepeat.java:84)
	at org.junit.runners.ParentRunner.runLeaf(ParentRunner.java:325)
	at org.springframework.test.context.junit4.SpringJUnit4ClassRunner.runChild(SpringJUnit4ClassRunner.java:252)
	at org.springframework.test.context.junit4.SpringJUnit4ClassRunner.runChild(SpringJUnit4ClassRunner.java:94)
	at org.junit.runners.ParentRunner$3.run(ParentRunner.java:290)
	at org.junit.runners.ParentRunner$1.schedule(ParentRunner.java:71)
	at org.junit.runners.ParentRunner.runChildren(ParentRunner.java:288)
	at org.junit.runners.ParentRunner.access$000(ParentRunner.java:58)
	at org.junit.runners.ParentRunner$2.evaluate(ParentRunner.java:268)
	at org.springframework.test.context.junit4.statements.RunBeforeTestClassCallbacks.evaluate(RunBeforeTestClassCallbacks.java:61)
	at org.springframework.test.context.junit4.statements.RunAfterTestClassCallbacks.evaluate(RunAfterTestClassCallbacks.java:70)
	at org.junit.runners.ParentRunner.run(ParentRunner.java:363)
	at org.springframework.test.context.junit4.SpringJUnit4ClassRunner.run(SpringJUnit4ClassRunner.java:191)
	at org.apache.maven.surefire.junit4.JUnit4Provider.execute(JUnit4Provider.java:252)
	at org.apache.maven.surefire.junit4.JUnit4Provider.executeTestSet(JUnit4Provider.java:141)
	at org.apache.maven.surefire.junit4.JUnit4Provider.invoke(JUnit4Provider.java:112)
	at sun.reflect.NativeMethodAccessorImpl.invoke0(Native Method)
	at sun.reflect.NativeMethodAccessorImpl.invoke(NativeMethodAccessorImpl.java:62)
	at sun.reflect.DelegatingMethodAccessorImpl.invoke(DelegatingMethodAccessorImpl.java:43)
	at java.lang.reflect.Method.invoke(Method.java:497)
	at org.apache.maven.surefire.util.ReflectionUtils.invokeMethodWithArray(ReflectionUtils.java:189)
	at org.apache.maven.surefire.booter.ProviderFactory$ProviderProxy.invoke(ProviderFactory.java:165)
	at org.apache.maven.surefire.booter.ProviderFactory.invokeProvider(ProviderFactory.java:85)
	at org.apache.maven.surefire.booter.ForkedBooter.runSuitesInProcess(ForkedBooter.java:115)
	at org.apache.maven.surefire.booter.ForkedBooter.main(ForkedBooter.java:75)
</failure>
    <system-out>INFO : jdbc.connection - 15. Connection opened
INFO : jdbc.audit - 15. Connection.new Connection returned 
INFO : jdbc.audit - 15. Connection.getAutoCommit() returned true
INFO : jdbc.audit - 15. PreparedStatement.new PreparedStatement returned 
INFO : jdbc.audit - 15. Connection.prepareStatement(SELECT 	NVL(MAX(SQNO),0) + 1 AS SQNO 
		FROM 	TS001_JOB_SCH 
		WHERE 	DEVER_ID	= ?
		AND		CUST_ID		= ?) returned net.sf.log4jdbc.sql.jdbcapi.PreparedStatementSpy@1389cb8
INFO : jdbc.audit - 15. PreparedStatement.setString(1, &quot;testDever&quot;) returned 
INFO : jdbc.audit - 15. PreparedStatement.setString(2, &quot;testCust&quot;) returned 
INFO : jdbc.sqlonly - SELECT NVL(MAX(SQNO),0) + 1 AS SQNO FROM TS001_JOB_SCH WHERE DEVER_ID = &apos;testDever&apos; AND CUST_ID 
= &apos;testCust&apos; 

INFO : jdbc.sqltiming - SELECT NVL(MAX(SQNO),0) + 1 AS SQNO FROM TS001_JOB_SCH WHERE DEVER_ID = &apos;testDever&apos; AND CUST_ID 
= &apos;testCust&apos; 
 {executed in 0 msec}
INFO : jdbc.audit - 15. PreparedStatement.execute() returned true
INFO : jdbc.resultset - 15. ResultSet.new ResultSet returned 
INFO : jdbc.audit - 15. PreparedStatement.getResultSet() returned net.sf.log4jdbc.sql.jdbcapi.ResultSetSpy@19a20a6
INFO : jdbc.resultset - 15. ResultSet.getMetaData() returned oracle.jdbc.driver.OracleResultSetMetaData@133377b
INFO : jdbc.resultset - 15. ResultSet.getType() returned 1003
INFO : jdbc.resultset - 15. ResultSet.next() returned true
INFO : jdbc.resultset - 15. ResultSet.getInt(SQNO) returned 2
INFO : jdbc.resultset - 15. ResultSet.wasNull() returned false
INFO : jdbc.resultsettable - 
|-----|
|sqno |
|-----|
|2    |
|-----|

INFO : jdbc.resultset - 15. ResultSet.next() returned false
INFO : jdbc.resultset - 15. ResultSet.close() returned void
INFO : jdbc.audit - 15. PreparedStatement.getConnection() returned net.sf.log4jdbc.sql.jdbcapi.ConnectionSpy@183649e
INFO : jdbc.audit - 15. Connection.getMetaData() returned oracle.jdbc.driver.OracleDatabaseMetaData@fde30a
INFO : jdbc.audit - 15. PreparedStatement.close() returned 
INFO : jdbc.audit - 15. PreparedStatement.new PreparedStatement returned 
INFO : jdbc.audit - 15. Connection.prepareStatement(INSERT INTO	TS001_JOB_SCH(
							  DEVER_ID 	   /*������ID	*/
							, CUST_ID	   /*��ID  */
							, SQNO		   /*�Ϸù�ȣ  */
							, SET_TM	   /*�����ð�  */
							, JOB_CD	   /*�۾��ڵ�  */
							, CHK_YN	   /*Ȯ�ο���  */
							, LST_CHK_TS   /*����Ȯ���Ͻ�*/
							 
							 
							 
							, DEL_YN	   /*��������  */
							, PC_TS		   /*ó���Ͻ�  */
							, FST_PC_TS	   /*����ó���Ͻ�*/
							, LUPD_CNT	   /*���������� */
							)
					VALUES(
							  ?
							, ?
							, ?
							, TO_TIMESTAMP(?,&apos;YYYYMMDD HH24MI&apos;)
							, ?
							, &apos;N&apos;
							, TO_TIMESTAMP(&apos;00010101 000000.000000&apos;,&apos;YYYYMMDD HH24MISS.FF6&apos;)
							 
							 
							 
							, &apos;N&apos;
							, SYSTIMESTAMP
							, SYSTIMESTAMP
							, 1
							)) returned net.sf.log4jdbc.sql.jdbcapi.PreparedStatementSpy@f27ea3
INFO : jdbc.audit - 15. PreparedStatement.setString(1, &quot;testDever&quot;) returned 
INFO : jdbc.audit - 15. PreparedStatement.setString(2, &quot;testCust&quot;) returned 
INFO : jdbc.audit - 15. PreparedStatement.setInt(3, 2) returned 
INFO : jdbc.audit - 15. PreparedStatement.setString(4, &quot;00010101 0000&quot;) returned 
INFO : jdbc.audit - 15. PreparedStatement.setString(5, &quot;testJobCd&quot;) returned 
INFO : jdbc.sqlonly - INSERT INTO TS001_JOB_SCH( DEVER_ID /*������ID */ , CUST_ID /*��ID */ , SQNO /*�Ϸù�ȣ */ , SET_TM 
/*�����ð� */ , JOB_CD /*�۾��ڵ� */ , CHK_YN /*Ȯ�ο��� */ , LST_CHK_TS /*����Ȯ���Ͻ�*/ , DEL_YN /*�������� */ 
, PC_TS /*ó���Ͻ� */ , FST_PC_TS /*����ó���Ͻ�*/ , LUPD_CNT /*���������� */ ) VALUES( &apos;testDever&apos; , &apos;testCust&apos; 
, 2 , TO_TIMESTAMP(&apos;00010101 0000&apos;,&apos;YYYYMMDD HH24MI&apos;) , &apos;testJobCd&apos; , &apos;N&apos; , TO_TIMESTAMP(&apos;00010101 
000000.000000&apos;,&apos;YYYYMMDD HH24MISS.FF6&apos;) , &apos;N&apos; , SYSTIMESTAMP , SYSTIMESTAMP , 1 ) 

INFO : jdbc.sqltiming - INSERT INTO TS001_JOB_SCH( DEVER_ID /*������ID */ , CUST_ID /*��ID */ , SQNO /*�Ϸù�ȣ */ , SET_TM 
/*�����ð� */ , JOB_CD /*�۾��ڵ� */ , CHK_YN /*Ȯ�ο��� */ , LST_CHK_TS /*����Ȯ���Ͻ�*/ , DEL_YN /*�������� */ 
, PC_TS /*ó���Ͻ� */ , FST_PC_TS /*����ó���Ͻ�*/ , LUPD_CNT /*���������� */ ) VALUES( &apos;testDever&apos; , &apos;testCust&apos; 
, 2 , TO_TIMESTAMP(&apos;00010101 0000&apos;,&apos;YYYYMMDD HH24MI&apos;) , &apos;testJobCd&apos; , &apos;N&apos; , TO_TIMESTAMP(&apos;00010101 
000000.000000&apos;,&apos;YYYYMMDD HH24MISS.FF6&apos;) , &apos;N&apos; , SYSTIMESTAMP , SYSTIMESTAMP , 1 ) 
 {executed in 0 msec}
INFO : jdbc.audit - 15. PreparedStatement.execute() returned false
INFO : jdbc.audit - 15. PreparedStatement.getUpdateCount() returned 1
INFO : jdbc.audit - 15. PreparedStatement.close() returned 
INFO : jdbc.connection - 15. Connection closed
INFO : jdbc.audit - 15. Connection.close() returned 
INFO : jdbc.connection - 16. Connection opened
INFO : jdbc.audit - 16. Connection.new Connection returned 
INFO : jdbc.audit - 16. Connection.getAutoCommit() returned true
INFO : jdbc.audit - 16. Connection.setAutoCommit(false) returned 
INFO : org.springframework.test.context.transaction.TransactionContext - Began transaction (1) for test context [DefaultTestContext@78452d testClass = TestSrchJobSch, testInstance = com.pro.alarm.service.TestSrchJobSch@1dcf4b0, testMethod = test1204_srchJobSch_delayChk@TestSrchJobSch, testException = [null], mergedContextConfiguration = [MergedContextConfiguration@1c25153 testClass = TestSrchJobSch, locations = &apos;{classpath:test-context.xml}&apos;, classes = &apos;{}&apos;, contextInitializerClasses = &apos;[]&apos;, activeProfiles = &apos;{}&apos;, propertySourceLocations = &apos;{}&apos;, propertySourceProperties = &apos;{}&apos;, contextCustomizers = set[[empty]], contextLoader = &apos;org.springframework.test.context.support.DelegatingSmartContextLoader&apos;, parent = [null]]]; transaction manager [org.springframework.jdbc.datasource.DataSourceTransactionManager@1bcd567]; rollback [true]
INFO : jdbc.audit - 16. Connection.getAutoCommit() returned false
INFO : jdbc.audit - 16. PreparedStatement.new PreparedStatement returned 
INFO : jdbc.audit - 16. Connection.prepareStatement(SELECT 	  DEVER_ID 	   												/*������ID*/
				, CUST_ID	  							 					/*��ID  */
				, SQNO		   												/*�Ϸù�ȣ  */
				, TO_CHAR(SET_TM,&apos;HH24MISS&apos;) AS SET_TM	   					/*�����ð�  */
				, JOB_CD	   												/*�۾��ڵ�  */
				, CHK_YN	   												/*Ȯ�ο���  */
				, TO_CHAR(LST_CHK_TS,&apos;YYYYMMDD HH24MISS.FF6&apos;) AS LST_CHK_TS /*����Ȯ���Ͻ�*/
				, WK_ITV_RULE                                               /*�ְ���Ģ*/
				, ST_MTH                                                    /*���ۿ�*/
				, ED_MTH                                                    /*�����*/
				, DEL_YN	   												/*��������  */
				, TO_CHAR(FST_PC_TS,&apos;YYYYMMDD HH24MISS.FF6&apos;) AS FST_PC_TS	/*����ó���Ͻ�*/
				, TO_CHAR(PC_TS,&apos;YYYYMMDD HH24MISS.FF6&apos;) AS PC_TS			/*ó���Ͻ�*/
				, LUPD_CNT	   												/*���������� */
		FROM	TS001_JOB_SCH
		WHERE	DEVER_ID 	= ?
		 
		 
		 
		AND		CHK_YN		= &apos;N&apos;
		AND		TO_CHAR(SET_TM,&apos;HH24MISS&apos;) &lt; TO_CHAR(SYSTIMESTAMP,&apos;HH24MISS&apos;)
		AND		DEL_YN 		= &apos;N&apos;) returned net.sf.log4jdbc.sql.jdbcapi.PreparedStatementSpy@16c03cb
INFO : jdbc.audit - 16. PreparedStatement.setString(1, &quot;testDever&quot;) returned 
INFO : jdbc.sqlonly - SELECT DEVER_ID /*������ID*/ , CUST_ID /*��ID */ , SQNO /*�Ϸù�ȣ */ , TO_CHAR(SET_TM,&apos;HH24MISS&apos;) 
AS SET_TM /*�����ð� */ , JOB_CD /*�۾��ڵ� */ , CHK_YN /*Ȯ�ο��� */ , TO_CHAR(LST_CHK_TS,&apos;YYYYMMDD HH24MISS.FF6&apos;) 
AS LST_CHK_TS /*����Ȯ���Ͻ�*/ , WK_ITV_RULE /*�ְ���Ģ*/ , ST_MTH /*���ۿ�*/ , ED_MTH /*�����*/ , DEL_YN 
/*�������� */ , TO_CHAR(FST_PC_TS,&apos;YYYYMMDD HH24MISS.FF6&apos;) AS FST_PC_TS /*����ó���Ͻ�*/ , TO_CHAR(PC_TS,&apos;YYYYMMDD 
HH24MISS.FF6&apos;) AS PC_TS /*ó���Ͻ�*/ , LUPD_CNT /*���������� */ FROM TS001_JOB_SCH WHERE DEVER_ID = 
&apos;testDever&apos; AND CHK_YN = &apos;N&apos; AND TO_CHAR(SET_TM,&apos;HH24MISS&apos;) &lt; TO_CHAR(SYSTIMESTAMP,&apos;HH24MISS&apos;) 
AND DEL_YN = &apos;N&apos; 

INFO : jdbc.sqltiming - SELECT DEVER_ID /*������ID*/ , CUST_ID /*��ID */ , SQNO /*�Ϸù�ȣ */ , TO_CHAR(SET_TM,&apos;HH24MISS&apos;) 
AS SET_TM /*�����ð� */ , JOB_CD /*�۾��ڵ� */ , CHK_YN /*Ȯ�ο��� */ , TO_CHAR(LST_CHK_TS,&apos;YYYYMMDD HH24MISS.FF6&apos;) 
AS LST_CHK_TS /*����Ȯ���Ͻ�*/ , WK_ITV_RULE /*�ְ���Ģ*/ , ST_MTH /*���ۿ�*/ , ED_MTH /*�����*/ , DEL_YN 
/*�������� */ , TO_CHAR(FST_PC_TS,&apos;YYYYMMDD HH24MISS.FF6&apos;) AS FST_PC_TS /*����ó���Ͻ�*/ , TO_CHAR(PC_TS,&apos;YYYYMMDD 
HH24MISS.FF6&apos;) AS PC_TS /*ó���Ͻ�*/ , LUPD_CNT /*���������� */ FROM TS001_JOB_SCH WHERE DEVER_ID = 
&apos;testDever&apos; AND CHK_YN = &apos;N&apos; AND TO_CHAR(SET_TM,&apos;HH24MISS&apos;) &lt; TO_CHAR(SYSTIMESTAMP,&apos;HH24MISS&apos;) 
AND DEL_YN = &apos;N&apos; 
 {executed in 0 msec}
INFO : jdbc.audit - 16. PreparedStatement.execute() returned true
INFO : jdbc.resultset - 16. ResultSet.new ResultSet returned 
INFO : jdbc.audit - 16. PreparedStatement.getResultSet() returned net.sf.log4jdbc.sql.jdbcapi.ResultSetSpy@f699d5
INFO : jdbc.resultset - 16. ResultSet.getMetaData() returned oracle.jdbc.driver.OracleResultSetMetaData@518ccf
INFO : jdbc.resultset - 16. ResultSet.getType() returned 1003
INFO : jdbc.resultset - 16. ResultSet.next() returned true
INFO : jdbc.resultset - 16. ResultSet.getString(DEVER_ID) returned testDever
INFO : jdbc.resultset - 16. ResultSet.wasNull() returned false
INFO : jdbc.resultset - 16. ResultSet.getString(CUST_ID) returned testCust
INFO : jdbc.resultset - 16. ResultSet.wasNull() returned false
INFO : jdbc.resultset - 16. ResultSet.getInt(SQNO) returned 1
INFO : jdbc.resultset - 16. ResultSet.wasNull() returned false
INFO : jdbc.resultset - 16. ResultSet.getString(SET_TM) returned 000000
INFO : jdbc.resultset - 16. ResultSet.wasNull() returned false
INFO : jdbc.resultset - 16. ResultSet.getString(JOB_CD) returned testJobCd
INFO : jdbc.resultset - 16. ResultSet.wasNull() returned false
INFO : jdbc.resultset - 16. ResultSet.getString(CHK_YN) returned N
INFO : jdbc.resultset - 16. ResultSet.wasNull() returned false
INFO : jdbc.resultset - 16. ResultSet.getString(LST_CHK_TS) returned 00010101 000000.000000
INFO : jdbc.resultset - 16. ResultSet.wasNull() returned false
INFO : jdbc.resultset - 16. ResultSet.getString(WK_ITV_RULE) returned 1111100
INFO : jdbc.resultset - 16. ResultSet.wasNull() returned false
INFO : jdbc.resultset - 16. ResultSet.getString(ST_MTH) returned 01
INFO : jdbc.resultset - 16. ResultSet.wasNull() returned false
INFO : jdbc.resultset - 16. ResultSet.getString(ED_MTH) returned 12
INFO : jdbc.resultset - 16. ResultSet.wasNull() returned false
INFO : jdbc.resultset - 16. ResultSet.getString(DEL_YN) returned N
INFO : jdbc.resultset - 16. ResultSet.wasNull() returned false
INFO : jdbc.resultset - 16. ResultSet.getString(FST_PC_TS) returned 20180520 051429.333000
INFO : jdbc.resultset - 16. ResultSet.wasNull() returned false
INFO : jdbc.resultset - 16. ResultSet.getString(PC_TS) returned 20180520 051429.333000
INFO : jdbc.resultset - 16. ResultSet.wasNull() returned false
INFO : jdbc.resultset - 16. ResultSet.getInt(LUPD_CNT) returned 1
INFO : jdbc.resultset - 16. ResultSet.wasNull() returned false
INFO : jdbc.resultset - 16. ResultSet.next() returned true
INFO : jdbc.resultset - 16. ResultSet.getString(DEVER_ID) returned testDever
INFO : jdbc.resultset - 16. ResultSet.wasNull() returned false
INFO : jdbc.resultset - 16. ResultSet.getString(CUST_ID) returned testCust
INFO : jdbc.resultset - 16. ResultSet.wasNull() returned false
INFO : jdbc.resultset - 16. ResultSet.getInt(SQNO) returned 2
INFO : jdbc.resultset - 16. ResultSet.wasNull() returned false
INFO : jdbc.resultset - 16. ResultSet.getString(SET_TM) returned 000000
INFO : jdbc.resultset - 16. ResultSet.wasNull() returned false
INFO : jdbc.resultset - 16. ResultSet.getString(JOB_CD) returned testJobCd
INFO : jdbc.resultset - 16. ResultSet.wasNull() returned false
INFO : jdbc.resultset - 16. ResultSet.getString(CHK_YN) returned N
INFO : jdbc.resultset - 16. ResultSet.wasNull() returned false
INFO : jdbc.resultset - 16. ResultSet.getString(LST_CHK_TS) returned 00010101 000000.000000
INFO : jdbc.resultset - 16. ResultSet.wasNull() returned false
INFO : jdbc.resultset - 16. ResultSet.getString(WK_ITV_RULE) returned 1111100
INFO : jdbc.resultset - 16. ResultSet.wasNull() returned false
INFO : jdbc.resultset - 16. ResultSet.getString(ST_MTH) returned 01
INFO : jdbc.resultset - 16. ResultSet.wasNull() returned false
INFO : jdbc.resultset - 16. ResultSet.getString(ED_MTH) returned 12
INFO : jdbc.resultset - 16. ResultSet.wasNull() returned false
INFO : jdbc.resultset - 16. ResultSet.getString(DEL_YN) returned N
INFO : jdbc.resultset - 16. ResultSet.wasNull() returned false
INFO : jdbc.resultset - 16. ResultSet.getString(FST_PC_TS) returned 20180520 051820.827000
INFO : jdbc.resultset - 16. ResultSet.wasNull() returned false
INFO : jdbc.resultset - 16. ResultSet.getString(PC_TS) returned 20180520 051820.827000
INFO : jdbc.resultset - 16. ResultSet.wasNull() returned false
INFO : jdbc.resultset - 16. ResultSet.getInt(LUPD_CNT) returned 1
INFO : jdbc.resultset - 16. ResultSet.wasNull() returned false
INFO : jdbc.resultsettable - 
|----------|---------|-----|-------|----------|-------|-----------------------|------------|-------|-------|-------|-----------------------|-----------------------|---------|
|dever_id  |cust_id  |sqno |set_tm |job_cd    |chk_yn |lst_chk_ts             |wk_itv_rule |st_mth |ed_mth |del_yn |fst_pc_ts              |pc_ts                  |lupd_cnt |
|----------|---------|-----|-------|----------|-------|-----------------------|------------|-------|-------|-------|-----------------------|-----------------------|---------|
|testDever |testCust |1    |000000 |testJobCd |N      |00010101 000000.000000 |1111100     |01     |12     |N      |20180520 051429.333000 |20180520 051429.333000 |1        |
|testDever |testCust |2    |000000 |testJobCd |N      |00010101 000000.000000 |1111100     |01     |12     |N      |20180520 051820.827000 |20180520 051820.827000 |1        |
|----------|---------|-----|-------|----------|-------|-----------------------|------------|-------|-------|-------|-----------------------|-----------------------|---------|

INFO : jdbc.resultset - 16. ResultSet.next() returned false
INFO : jdbc.resultset - 16. ResultSet.close() returned void
INFO : jdbc.audit - 16. PreparedStatement.getConnection() returned net.sf.log4jdbc.sql.jdbcapi.ConnectionSpy@191f767
INFO : jdbc.audit - 16. Connection.getMetaData() returned oracle.jdbc.driver.OracleDatabaseMetaData@8ccdc5
INFO : jdbc.audit - 16. PreparedStatement.close() returned 
INFO : jdbc.audit - 16. Connection.rollback() returned 
INFO : jdbc.audit - 16. Connection.setAutoCommit(true) returned 
INFO : jdbc.audit - 16. Connection.isReadOnly() returned false
INFO : jdbc.connection - 16. Connection closed
INFO : jdbc.audit - 16. Connection.close() returned 
INFO : org.springframework.test.context.transaction.TransactionContext - Rolled back transaction for test context [DefaultTestContext@78452d testClass = TestSrchJobSch, testInstance = com.pro.alarm.service.TestSrchJobSch@1dcf4b0, testMethod = test1204_srchJobSch_delayChk@TestSrchJobSch, testException = java.lang.AssertionError: ��ȸ�� �����Ͽ����ϴ�. expected:&lt;1&gt; but was:&lt;2&gt;, mergedContextConfiguration = [MergedContextConfiguration@1c25153 testClass = TestSrchJobSch, locations = &apos;{classpath:test-context.xml}&apos;, classes = &apos;{}&apos;, contextInitializerClasses = &apos;[]&apos;, activeProfiles = &apos;{}&apos;, propertySourceLocations = &apos;{}&apos;, propertySourceProperties = &apos;{}&apos;, contextCustomizers = set[[empty]], contextLoader = &apos;org.springframework.test.context.support.DelegatingSmartContextLoader&apos;, parent = [null]]].
INFO : jdbc.connection - 17. Connection opened
INFO : jdbc.audit - 17. Connection.new Connection returned 
INFO : jdbc.audit - 17. Connection.getAutoCommit() returned true
INFO : jdbc.audit - 17. PreparedStatement.new PreparedStatement returned 
INFO : jdbc.audit - 17. Connection.prepareStatement(DELETE 
		FROM    TS001_JOB_SCH 
		WHERE   DEVER_ID    = ?
		AND     CUST_ID     = ?
		AND     SQNO        = ?
		AND		LUPD_CNT	= ?) returned net.sf.log4jdbc.sql.jdbcapi.PreparedStatementSpy@650953
INFO : jdbc.audit - 17. PreparedStatement.setString(1, &quot;testDever&quot;) returned 
INFO : jdbc.audit - 17. PreparedStatement.setString(2, &quot;testCust&quot;) returned 
INFO : jdbc.audit - 17. PreparedStatement.setInt(3, 2) returned 
INFO : jdbc.audit - 17. PreparedStatement.setInt(4, 1) returned 
INFO : jdbc.sqlonly - DELETE FROM TS001_JOB_SCH WHERE DEVER_ID = &apos;testDever&apos; AND CUST_ID = &apos;testCust&apos; AND SQNO = 
2 AND LUPD_CNT = 1 

INFO : jdbc.sqltiming - DELETE FROM TS001_JOB_SCH WHERE DEVER_ID = &apos;testDever&apos; AND CUST_ID = &apos;testCust&apos; AND SQNO = 
2 AND LUPD_CNT = 1 
 {executed in 0 msec}
INFO : jdbc.audit - 17. PreparedStatement.execute() returned false
INFO : jdbc.audit - 17. PreparedStatement.getUpdateCount() returned 1
INFO : jdbc.audit - 17. PreparedStatement.close() returned 
INFO : jdbc.connection - 17. Connection closed
INFO : jdbc.audit - 17. Connection.close() returned 
</system-out>
  </testcase>
  <testcase classname="com.pro.alarm.service.TestSrchJobSch" name="test1205_srchJobSch_orderByCustId" time="0.063">
    <failure message="조회를 실패하였습니다. expected:&lt;1&gt; but was:&lt;2&gt;" type="java.lang.AssertionError">java.lang.AssertionError: 조회를 실패하였습니다. expected:&lt;1&gt; but was:&lt;2&gt;
	at org.junit.Assert.fail(Assert.java:88)
	at org.junit.Assert.failNotEquals(Assert.java:834)
	at org.junit.Assert.assertEquals(Assert.java:645)
	at com.pro.alarm.service.TestSrchJobSch.test1205_srchJobSch_orderByCustId(TestSrchJobSch.java:126)
	at sun.reflect.NativeMethodAccessorImpl.invoke0(Native Method)
	at sun.reflect.NativeMethodAccessorImpl.invoke(NativeMethodAccessorImpl.java:62)
	at sun.reflect.DelegatingMethodAccessorImpl.invoke(DelegatingMethodAccessorImpl.java:43)
	at java.lang.reflect.Method.invoke(Method.java:497)
	at org.junit.runners.model.FrameworkMethod$1.runReflectiveCall(FrameworkMethod.java:50)
	at org.junit.internal.runners.model.ReflectiveCallable.run(ReflectiveCallable.java:12)
	at org.junit.runners.model.FrameworkMethod.invokeExplosively(FrameworkMethod.java:47)
	at org.junit.internal.runners.statements.InvokeMethod.evaluate(InvokeMethod.java:17)
	at org.springframework.test.context.junit4.statements.RunBeforeTestMethodCallbacks.evaluate(RunBeforeTestMethodCallbacks.java:75)
	at org.springframework.test.context.junit4.statements.RunAfterTestMethodCallbacks.evaluate(RunAfterTestMethodCallbacks.java:86)
	at org.junit.rules.ExpectedException$ExpectedExceptionStatement.evaluate(ExpectedException.java:239)
	at org.junit.rules.RunRules.evaluate(RunRules.java:20)
	at org.springframework.test.context.junit4.statements.SpringRepeat.evaluate(SpringRepeat.java:84)
	at org.junit.runners.ParentRunner.runLeaf(ParentRunner.java:325)
	at org.springframework.test.context.junit4.SpringJUnit4ClassRunner.runChild(SpringJUnit4ClassRunner.java:252)
	at org.springframework.test.context.junit4.SpringJUnit4ClassRunner.runChild(SpringJUnit4ClassRunner.java:94)
	at org.junit.runners.ParentRunner$3.run(ParentRunner.java:290)
	at org.junit.runners.ParentRunner$1.schedule(ParentRunner.java:71)
	at org.junit.runners.ParentRunner.runChildren(ParentRunner.java:288)
	at org.junit.runners.ParentRunner.access$000(ParentRunner.java:58)
	at org.junit.runners.ParentRunner$2.evaluate(ParentRunner.java:268)
	at org.springframework.test.context.junit4.statements.RunBeforeTestClassCallbacks.evaluate(RunBeforeTestClassCallbacks.java:61)
	at org.springframework.test.context.junit4.statements.RunAfterTestClassCallbacks.evaluate(RunAfterTestClassCallbacks.java:70)
	at org.junit.runners.ParentRunner.run(ParentRunner.java:363)
	at org.springframework.test.context.junit4.SpringJUnit4ClassRunner.run(SpringJUnit4ClassRunner.java:191)
	at org.apache.maven.surefire.junit4.JUnit4Provider.execute(JUnit4Provider.java:252)
	at org.apache.maven.surefire.junit4.JUnit4Provider.executeTestSet(JUnit4Provider.java:141)
	at org.apache.maven.surefire.junit4.JUnit4Provider.invoke(JUnit4Provider.java:112)
	at sun.reflect.NativeMethodAccessorImpl.invoke0(Native Method)
	at sun.reflect.NativeMethodAccessorImpl.invoke(NativeMethodAccessorImpl.java:62)
	at sun.reflect.DelegatingMethodAccessorImpl.invoke(DelegatingMethodAccessorImpl.java:43)
	at java.lang.reflect.Method.invoke(Method.java:497)
	at org.apache.maven.surefire.util.ReflectionUtils.invokeMethodWithArray(ReflectionUtils.java:189)
	at org.apache.maven.surefire.booter.ProviderFactory$ProviderProxy.invoke(ProviderFactory.java:165)
	at org.apache.maven.surefire.booter.ProviderFactory.invokeProvider(ProviderFactory.java:85)
	at org.apache.maven.surefire.booter.ForkedBooter.runSuitesInProcess(ForkedBooter.java:115)
	at org.apache.maven.surefire.booter.ForkedBooter.main(ForkedBooter.java:75)
</failure>
    <system-out>INFO : jdbc.connection - 18. Connection opened
INFO : jdbc.audit - 18. Connection.new Connection returned 
INFO : jdbc.audit - 18. Connection.getAutoCommit() returned true
INFO : jdbc.audit - 18. PreparedStatement.new PreparedStatement returned 
INFO : jdbc.audit - 18. Connection.prepareStatement(SELECT 	NVL(MAX(SQNO),0) + 1 AS SQNO 
		FROM 	TS001_JOB_SCH 
		WHERE 	DEVER_ID	= ?
		AND		CUST_ID		= ?) returned net.sf.log4jdbc.sql.jdbcapi.PreparedStatementSpy@88b073
INFO : jdbc.audit - 18. PreparedStatement.setString(1, &quot;testDever&quot;) returned 
INFO : jdbc.audit - 18. PreparedStatement.setString(2, &quot;testCust&quot;) returned 
INFO : jdbc.sqlonly - SELECT NVL(MAX(SQNO),0) + 1 AS SQNO FROM TS001_JOB_SCH WHERE DEVER_ID = &apos;testDever&apos; AND CUST_ID 
= &apos;testCust&apos; 

INFO : jdbc.sqltiming - SELECT NVL(MAX(SQNO),0) + 1 AS SQNO FROM TS001_JOB_SCH WHERE DEVER_ID = &apos;testDever&apos; AND CUST_ID 
= &apos;testCust&apos; 
 {executed in 0 msec}
INFO : jdbc.audit - 18. PreparedStatement.execute() returned true
INFO : jdbc.resultset - 18. ResultSet.new ResultSet returned 
INFO : jdbc.audit - 18. PreparedStatement.getResultSet() returned net.sf.log4jdbc.sql.jdbcapi.ResultSetSpy@9f0a20
INFO : jdbc.resultset - 18. ResultSet.getMetaData() returned oracle.jdbc.driver.OracleResultSetMetaData@1787112
INFO : jdbc.resultset - 18. ResultSet.getType() returned 1003
INFO : jdbc.resultset - 18. ResultSet.next() returned true
INFO : jdbc.resultset - 18. ResultSet.getInt(SQNO) returned 2
INFO : jdbc.resultset - 18. ResultSet.wasNull() returned false
INFO : jdbc.resultsettable - 
|-----|
|sqno |
|-----|
|2    |
|-----|

INFO : jdbc.resultset - 18. ResultSet.next() returned false
INFO : jdbc.resultset - 18. ResultSet.close() returned void
INFO : jdbc.audit - 18. PreparedStatement.getConnection() returned net.sf.log4jdbc.sql.jdbcapi.ConnectionSpy@d201a8
INFO : jdbc.audit - 18. Connection.getMetaData() returned oracle.jdbc.driver.OracleDatabaseMetaData@1b82169
INFO : jdbc.audit - 18. PreparedStatement.close() returned 
INFO : jdbc.audit - 18. PreparedStatement.new PreparedStatement returned 
INFO : jdbc.audit - 18. Connection.prepareStatement(INSERT INTO	TS001_JOB_SCH(
							  DEVER_ID 	   /*������ID	*/
							, CUST_ID	   /*��ID  */
							, SQNO		   /*�Ϸù�ȣ  */
							, SET_TM	   /*�����ð�  */
							, JOB_CD	   /*�۾��ڵ�  */
							, CHK_YN	   /*Ȯ�ο���  */
							, LST_CHK_TS   /*����Ȯ���Ͻ�*/
							 
							 
							 
							, DEL_YN	   /*��������  */
							, PC_TS		   /*ó���Ͻ�  */
							, FST_PC_TS	   /*����ó���Ͻ�*/
							, LUPD_CNT	   /*���������� */
							)
					VALUES(
							  ?
							, ?
							, ?
							, TO_TIMESTAMP(?,&apos;YYYYMMDD HH24MI&apos;)
							, ?
							, &apos;N&apos;
							, TO_TIMESTAMP(&apos;00010101 000000.000000&apos;,&apos;YYYYMMDD HH24MISS.FF6&apos;)
							 
							 
							 
							, &apos;N&apos;
							, SYSTIMESTAMP
							, SYSTIMESTAMP
							, 1
							)) returned net.sf.log4jdbc.sql.jdbcapi.PreparedStatementSpy@192eaf4
INFO : jdbc.audit - 18. PreparedStatement.setString(1, &quot;testDever&quot;) returned 
INFO : jdbc.audit - 18. PreparedStatement.setString(2, &quot;testCust&quot;) returned 
INFO : jdbc.audit - 18. PreparedStatement.setInt(3, 2) returned 
INFO : jdbc.audit - 18. PreparedStatement.setString(4, &quot;00010101 0000&quot;) returned 
INFO : jdbc.audit - 18. PreparedStatement.setString(5, &quot;testJobCd&quot;) returned 
INFO : jdbc.sqlonly - INSERT INTO TS001_JOB_SCH( DEVER_ID /*������ID */ , CUST_ID /*��ID */ , SQNO /*�Ϸù�ȣ */ , SET_TM 
/*�����ð� */ , JOB_CD /*�۾��ڵ� */ , CHK_YN /*Ȯ�ο��� */ , LST_CHK_TS /*����Ȯ���Ͻ�*/ , DEL_YN /*�������� */ 
, PC_TS /*ó���Ͻ� */ , FST_PC_TS /*����ó���Ͻ�*/ , LUPD_CNT /*���������� */ ) VALUES( &apos;testDever&apos; , &apos;testCust&apos; 
, 2 , TO_TIMESTAMP(&apos;00010101 0000&apos;,&apos;YYYYMMDD HH24MI&apos;) , &apos;testJobCd&apos; , &apos;N&apos; , TO_TIMESTAMP(&apos;00010101 
000000.000000&apos;,&apos;YYYYMMDD HH24MISS.FF6&apos;) , &apos;N&apos; , SYSTIMESTAMP , SYSTIMESTAMP , 1 ) 

INFO : jdbc.sqltiming - INSERT INTO TS001_JOB_SCH( DEVER_ID /*������ID */ , CUST_ID /*��ID */ , SQNO /*�Ϸù�ȣ */ , SET_TM 
/*�����ð� */ , JOB_CD /*�۾��ڵ� */ , CHK_YN /*Ȯ�ο��� */ , LST_CHK_TS /*����Ȯ���Ͻ�*/ , DEL_YN /*�������� */ 
, PC_TS /*ó���Ͻ� */ , FST_PC_TS /*����ó���Ͻ�*/ , LUPD_CNT /*���������� */ ) VALUES( &apos;testDever&apos; , &apos;testCust&apos; 
, 2 , TO_TIMESTAMP(&apos;00010101 0000&apos;,&apos;YYYYMMDD HH24MI&apos;) , &apos;testJobCd&apos; , &apos;N&apos; , TO_TIMESTAMP(&apos;00010101 
000000.000000&apos;,&apos;YYYYMMDD HH24MISS.FF6&apos;) , &apos;N&apos; , SYSTIMESTAMP , SYSTIMESTAMP , 1 ) 
 {executed in 0 msec}
INFO : jdbc.audit - 18. PreparedStatement.execute() returned false
INFO : jdbc.audit - 18. PreparedStatement.getUpdateCount() returned 1
INFO : jdbc.audit - 18. PreparedStatement.close() returned 
INFO : jdbc.connection - 18. Connection closed
INFO : jdbc.audit - 18. Connection.close() returned 
INFO : jdbc.connection - 19. Connection opened
INFO : jdbc.audit - 19. Connection.new Connection returned 
INFO : jdbc.audit - 19. Connection.getAutoCommit() returned true
INFO : jdbc.audit - 19. Connection.setAutoCommit(false) returned 
INFO : org.springframework.test.context.transaction.TransactionContext - Began transaction (1) for test context [DefaultTestContext@78452d testClass = TestSrchJobSch, testInstance = com.pro.alarm.service.TestSrchJobSch@1276732, testMethod = test1205_srchJobSch_orderByCustId@TestSrchJobSch, testException = [null], mergedContextConfiguration = [MergedContextConfiguration@1c25153 testClass = TestSrchJobSch, locations = &apos;{classpath:test-context.xml}&apos;, classes = &apos;{}&apos;, contextInitializerClasses = &apos;[]&apos;, activeProfiles = &apos;{}&apos;, propertySourceLocations = &apos;{}&apos;, propertySourceProperties = &apos;{}&apos;, contextCustomizers = set[[empty]], contextLoader = &apos;org.springframework.test.context.support.DelegatingSmartContextLoader&apos;, parent = [null]]]; transaction manager [org.springframework.jdbc.datasource.DataSourceTransactionManager@1bcd567]; rollback [true]
INFO : jdbc.audit - 19. Connection.getAutoCommit() returned false
INFO : jdbc.audit - 19. PreparedStatement.new PreparedStatement returned 
INFO : jdbc.audit - 19. Connection.prepareStatement(SELECT 	  DEVER_ID 	   												/*������ID*/
				, CUST_ID	  							 					/*��ID  */
				, SQNO		   												/*�Ϸù�ȣ  */
				, TO_CHAR(SET_TM,&apos;HH24MISS&apos;) AS SET_TM	   					/*�����ð�  */
				, JOB_CD	   												/*�۾��ڵ�  */
				, CHK_YN	   												/*Ȯ�ο���  */
				, TO_CHAR(LST_CHK_TS,&apos;YYYYMMDD HH24MISS.FF6&apos;) AS LST_CHK_TS /*����Ȯ���Ͻ�*/
				, WK_ITV_RULE                                               /*�ְ���Ģ*/
				, ST_MTH                                                    /*���ۿ�*/
				, ED_MTH                                                    /*�����*/
				, DEL_YN	   												/*��������  */
				, TO_CHAR(FST_PC_TS,&apos;YYYYMMDD HH24MISS.FF6&apos;) AS FST_PC_TS	/*����ó���Ͻ�*/
				, TO_CHAR(PC_TS,&apos;YYYYMMDD HH24MISS.FF6&apos;) AS PC_TS			/*ó���Ͻ�*/
				, LUPD_CNT	   												/*���������� */
		FROM	TS001_JOB_SCH
		WHERE	DEVER_ID 	= ?
		 
		 
		AND		PC_TS BETWEEN TO_TIMESTAMP(?,&apos;YYYYMMDD&apos;) AND TO_TIMESTAMP(?,&apos;YYYYMMDD&apos;)
		 
		 
		 
		ORDER BY
		 CUST_ID 
		  ASC) returned net.sf.log4jdbc.sql.jdbcapi.PreparedStatementSpy@1e3250d
INFO : jdbc.audit - 19. PreparedStatement.setString(1, &quot;testDever&quot;) returned 
INFO : jdbc.audit - 19. PreparedStatement.setString(2, &quot;20180519&quot;) returned 
INFO : jdbc.audit - 19. PreparedStatement.setString(3, &quot;20180521&quot;) returned 
INFO : jdbc.sqlonly - SELECT DEVER_ID /*������ID*/ , CUST_ID /*��ID */ , SQNO /*�Ϸù�ȣ */ , TO_CHAR(SET_TM,&apos;HH24MISS&apos;) 
AS SET_TM /*�����ð� */ , JOB_CD /*�۾��ڵ� */ , CHK_YN /*Ȯ�ο��� */ , TO_CHAR(LST_CHK_TS,&apos;YYYYMMDD HH24MISS.FF6&apos;) 
AS LST_CHK_TS /*����Ȯ���Ͻ�*/ , WK_ITV_RULE /*�ְ���Ģ*/ , ST_MTH /*���ۿ�*/ , ED_MTH /*�����*/ , DEL_YN 
/*�������� */ , TO_CHAR(FST_PC_TS,&apos;YYYYMMDD HH24MISS.FF6&apos;) AS FST_PC_TS /*����ó���Ͻ�*/ , TO_CHAR(PC_TS,&apos;YYYYMMDD 
HH24MISS.FF6&apos;) AS PC_TS /*ó���Ͻ�*/ , LUPD_CNT /*���������� */ FROM TS001_JOB_SCH WHERE DEVER_ID = 
&apos;testDever&apos; AND PC_TS BETWEEN TO_TIMESTAMP(&apos;20180519&apos;,&apos;YYYYMMDD&apos;) AND TO_TIMESTAMP(&apos;20180521&apos;,&apos;YYYYMMDD&apos;) 
ORDER BY CUST_ID ASC 

INFO : jdbc.sqltiming - SELECT DEVER_ID /*������ID*/ , CUST_ID /*��ID */ , SQNO /*�Ϸù�ȣ */ , TO_CHAR(SET_TM,&apos;HH24MISS&apos;) 
AS SET_TM /*�����ð� */ , JOB_CD /*�۾��ڵ� */ , CHK_YN /*Ȯ�ο��� */ , TO_CHAR(LST_CHK_TS,&apos;YYYYMMDD HH24MISS.FF6&apos;) 
AS LST_CHK_TS /*����Ȯ���Ͻ�*/ , WK_ITV_RULE /*�ְ���Ģ*/ , ST_MTH /*���ۿ�*/ , ED_MTH /*�����*/ , DEL_YN 
/*�������� */ , TO_CHAR(FST_PC_TS,&apos;YYYYMMDD HH24MISS.FF6&apos;) AS FST_PC_TS /*����ó���Ͻ�*/ , TO_CHAR(PC_TS,&apos;YYYYMMDD 
HH24MISS.FF6&apos;) AS PC_TS /*ó���Ͻ�*/ , LUPD_CNT /*���������� */ FROM TS001_JOB_SCH WHERE DEVER_ID = 
&apos;testDever&apos; AND PC_TS BETWEEN TO_TIMESTAMP(&apos;20180519&apos;,&apos;YYYYMMDD&apos;) AND TO_TIMESTAMP(&apos;20180521&apos;,&apos;YYYYMMDD&apos;) 
ORDER BY CUST_ID ASC 
 {executed in 0 msec}
INFO : jdbc.audit - 19. PreparedStatement.execute() returned true
INFO : jdbc.resultset - 19. ResultSet.new ResultSet returned 
INFO : jdbc.audit - 19. PreparedStatement.getResultSet() returned net.sf.log4jdbc.sql.jdbcapi.ResultSetSpy@1fe4644
INFO : jdbc.resultset - 19. ResultSet.getMetaData() returned oracle.jdbc.driver.OracleResultSetMetaData@1d8bcbe
INFO : jdbc.resultset - 19. ResultSet.getType() returned 1003
INFO : jdbc.resultset - 19. ResultSet.next() returned true
INFO : jdbc.resultset - 19. ResultSet.getString(DEVER_ID) returned testDever
INFO : jdbc.resultset - 19. ResultSet.wasNull() returned false
INFO : jdbc.resultset - 19. ResultSet.getString(CUST_ID) returned testCust
INFO : jdbc.resultset - 19. ResultSet.wasNull() returned false
INFO : jdbc.resultset - 19. ResultSet.getInt(SQNO) returned 1
INFO : jdbc.resultset - 19. ResultSet.wasNull() returned false
INFO : jdbc.resultset - 19. ResultSet.getString(SET_TM) returned 000000
INFO : jdbc.resultset - 19. ResultSet.wasNull() returned false
INFO : jdbc.resultset - 19. ResultSet.getString(JOB_CD) returned testJobCd
INFO : jdbc.resultset - 19. ResultSet.wasNull() returned false
INFO : jdbc.resultset - 19. ResultSet.getString(CHK_YN) returned N
INFO : jdbc.resultset - 19. ResultSet.wasNull() returned false
INFO : jdbc.resultset - 19. ResultSet.getString(LST_CHK_TS) returned 00010101 000000.000000
INFO : jdbc.resultset - 19. ResultSet.wasNull() returned false
INFO : jdbc.resultset - 19. ResultSet.getString(WK_ITV_RULE) returned 1111100
INFO : jdbc.resultset - 19. ResultSet.wasNull() returned false
INFO : jdbc.resultset - 19. ResultSet.getString(ST_MTH) returned 01
INFO : jdbc.resultset - 19. ResultSet.wasNull() returned false
INFO : jdbc.resultset - 19. ResultSet.getString(ED_MTH) returned 12
INFO : jdbc.resultset - 19. ResultSet.wasNull() returned false
INFO : jdbc.resultset - 19. ResultSet.getString(DEL_YN) returned N
INFO : jdbc.resultset - 19. ResultSet.wasNull() returned false
INFO : jdbc.resultset - 19. ResultSet.getString(FST_PC_TS) returned 20180520 051429.333000
INFO : jdbc.resultset - 19. ResultSet.wasNull() returned false
INFO : jdbc.resultset - 19. ResultSet.getString(PC_TS) returned 20180520 051429.333000
INFO : jdbc.resultset - 19. ResultSet.wasNull() returned false
INFO : jdbc.resultset - 19. ResultSet.getInt(LUPD_CNT) returned 1
INFO : jdbc.resultset - 19. ResultSet.wasNull() returned false
INFO : jdbc.resultset - 19. ResultSet.next() returned true
INFO : jdbc.resultset - 19. ResultSet.getString(DEVER_ID) returned testDever
INFO : jdbc.resultset - 19. ResultSet.wasNull() returned false
INFO : jdbc.resultset - 19. ResultSet.getString(CUST_ID) returned testCust
INFO : jdbc.resultset - 19. ResultSet.wasNull() returned false
INFO : jdbc.resultset - 19. ResultSet.getInt(SQNO) returned 2
INFO : jdbc.resultset - 19. ResultSet.wasNull() returned false
INFO : jdbc.resultset - 19. ResultSet.getString(SET_TM) returned 000000
INFO : jdbc.resultset - 19. ResultSet.wasNull() returned false
INFO : jdbc.resultset - 19. ResultSet.getString(JOB_CD) returned testJobCd
INFO : jdbc.resultset - 19. ResultSet.wasNull() returned false
INFO : jdbc.resultset - 19. ResultSet.getString(CHK_YN) returned N
INFO : jdbc.resultset - 19. ResultSet.wasNull() returned false
INFO : jdbc.resultset - 19. ResultSet.getString(LST_CHK_TS) returned 00010101 000000.000000
INFO : jdbc.resultset - 19. ResultSet.wasNull() returned false
INFO : jdbc.resultset - 19. ResultSet.getString(WK_ITV_RULE) returned 1111100
INFO : jdbc.resultset - 19. ResultSet.wasNull() returned false
INFO : jdbc.resultset - 19. ResultSet.getString(ST_MTH) returned 01
INFO : jdbc.resultset - 19. ResultSet.wasNull() returned false
INFO : jdbc.resultset - 19. ResultSet.getString(ED_MTH) returned 12
INFO : jdbc.resultset - 19. ResultSet.wasNull() returned false
INFO : jdbc.resultset - 19. ResultSet.getString(DEL_YN) returned N
INFO : jdbc.resultset - 19. ResultSet.wasNull() returned false
INFO : jdbc.resultset - 19. ResultSet.getString(FST_PC_TS) returned 20180520 051820.890000
INFO : jdbc.resultset - 19. ResultSet.wasNull() returned false
INFO : jdbc.resultset - 19. ResultSet.getString(PC_TS) returned 20180520 051820.890000
INFO : jdbc.resultset - 19. ResultSet.wasNull() returned false
INFO : jdbc.resultset - 19. ResultSet.getInt(LUPD_CNT) returned 1
INFO : jdbc.resultset - 19. ResultSet.wasNull() returned false
INFO : jdbc.resultsettable - 
|----------|---------|-----|-------|----------|-------|-----------------------|------------|-------|-------|-------|-----------------------|-----------------------|---------|
|dever_id  |cust_id  |sqno |set_tm |job_cd    |chk_yn |lst_chk_ts             |wk_itv_rule |st_mth |ed_mth |del_yn |fst_pc_ts              |pc_ts                  |lupd_cnt |
|----------|---------|-----|-------|----------|-------|-----------------------|------------|-------|-------|-------|-----------------------|-----------------------|---------|
|testDever |testCust |1    |000000 |testJobCd |N      |00010101 000000.000000 |1111100     |01     |12     |N      |20180520 051429.333000 |20180520 051429.333000 |1        |
|testDever |testCust |2    |000000 |testJobCd |N      |00010101 000000.000000 |1111100     |01     |12     |N      |20180520 051820.890000 |20180520 051820.890000 |1        |
|----------|---------|-----|-------|----------|-------|-----------------------|------------|-------|-------|-------|-----------------------|-----------------------|---------|

INFO : jdbc.resultset - 19. ResultSet.next() returned false
INFO : jdbc.resultset - 19. ResultSet.close() returned void
INFO : jdbc.audit - 19. PreparedStatement.getConnection() returned net.sf.log4jdbc.sql.jdbcapi.ConnectionSpy@1e067de
INFO : jdbc.audit - 19. Connection.getMetaData() returned oracle.jdbc.driver.OracleDatabaseMetaData@183eae2
INFO : jdbc.audit - 19. PreparedStatement.close() returned 
INFO : jdbc.audit - 19. Connection.rollback() returned 
INFO : jdbc.audit - 19. Connection.setAutoCommit(true) returned 
INFO : jdbc.audit - 19. Connection.isReadOnly() returned false
INFO : jdbc.connection - 19. Connection closed
INFO : jdbc.audit - 19. Connection.close() returned 
INFO : org.springframework.test.context.transaction.TransactionContext - Rolled back transaction for test context [DefaultTestContext@78452d testClass = TestSrchJobSch, testInstance = com.pro.alarm.service.TestSrchJobSch@1276732, testMethod = test1205_srchJobSch_orderByCustId@TestSrchJobSch, testException = java.lang.AssertionError: ��ȸ�� �����Ͽ����ϴ�. expected:&lt;1&gt; but was:&lt;2&gt;, mergedContextConfiguration = [MergedContextConfiguration@1c25153 testClass = TestSrchJobSch, locations = &apos;{classpath:test-context.xml}&apos;, classes = &apos;{}&apos;, contextInitializerClasses = &apos;[]&apos;, activeProfiles = &apos;{}&apos;, propertySourceLocations = &apos;{}&apos;, propertySourceProperties = &apos;{}&apos;, contextCustomizers = set[[empty]], contextLoader = &apos;org.springframework.test.context.support.DelegatingSmartContextLoader&apos;, parent = [null]]].
INFO : jdbc.connection - 20. Connection opened
INFO : jdbc.audit - 20. Connection.new Connection returned 
INFO : jdbc.audit - 20. Connection.getAutoCommit() returned true
INFO : jdbc.audit - 20. PreparedStatement.new PreparedStatement returned 
INFO : jdbc.audit - 20. Connection.prepareStatement(DELETE 
		FROM    TS001_JOB_SCH 
		WHERE   DEVER_ID    = ?
		AND     CUST_ID     = ?
		AND     SQNO        = ?
		AND		LUPD_CNT	= ?) returned net.sf.log4jdbc.sql.jdbcapi.PreparedStatementSpy@7d3c46
INFO : jdbc.audit - 20. PreparedStatement.setString(1, &quot;testDever&quot;) returned 
INFO : jdbc.audit - 20. PreparedStatement.setString(2, &quot;testCust&quot;) returned 
INFO : jdbc.audit - 20. PreparedStatement.setInt(3, 2) returned 
INFO : jdbc.audit - 20. PreparedStatement.setInt(4, 1) returned 
INFO : jdbc.sqlonly - DELETE FROM TS001_JOB_SCH WHERE DEVER_ID = &apos;testDever&apos; AND CUST_ID = &apos;testCust&apos; AND SQNO = 
2 AND LUPD_CNT = 1 

INFO : jdbc.sqltiming - DELETE FROM TS001_JOB_SCH WHERE DEVER_ID = &apos;testDever&apos; AND CUST_ID = &apos;testCust&apos; AND SQNO = 
2 AND LUPD_CNT = 1 
 {executed in 0 msec}
INFO : jdbc.audit - 20. PreparedStatement.execute() returned false
INFO : jdbc.audit - 20. PreparedStatement.getUpdateCount() returned 1
INFO : jdbc.audit - 20. PreparedStatement.close() returned 
INFO : jdbc.connection - 20. Connection closed
INFO : jdbc.audit - 20. Connection.close() returned 
</system-out>
  </testcase>
  <testcase classname="com.pro.alarm.service.TestSrchJobSch" name="test1206_srchJobSch_orderBySetTm" time="0.062">
    <failure message="조회를 실패하였습니다. expected:&lt;1&gt; but was:&lt;2&gt;" type="java.lang.AssertionError">java.lang.AssertionError: 조회를 실패하였습니다. expected:&lt;1&gt; but was:&lt;2&gt;
	at org.junit.Assert.fail(Assert.java:88)
	at org.junit.Assert.failNotEquals(Assert.java:834)
	at org.junit.Assert.assertEquals(Assert.java:645)
	at com.pro.alarm.service.TestSrchJobSch.test1206_srchJobSch_orderBySetTm(TestSrchJobSch.java:138)
	at sun.reflect.NativeMethodAccessorImpl.invoke0(Native Method)
	at sun.reflect.NativeMethodAccessorImpl.invoke(NativeMethodAccessorImpl.java:62)
	at sun.reflect.DelegatingMethodAccessorImpl.invoke(DelegatingMethodAccessorImpl.java:43)
	at java.lang.reflect.Method.invoke(Method.java:497)
	at org.junit.runners.model.FrameworkMethod$1.runReflectiveCall(FrameworkMethod.java:50)
	at org.junit.internal.runners.model.ReflectiveCallable.run(ReflectiveCallable.java:12)
	at org.junit.runners.model.FrameworkMethod.invokeExplosively(FrameworkMethod.java:47)
	at org.junit.internal.runners.statements.InvokeMethod.evaluate(InvokeMethod.java:17)
	at org.springframework.test.context.junit4.statements.RunBeforeTestMethodCallbacks.evaluate(RunBeforeTestMethodCallbacks.java:75)
	at org.springframework.test.context.junit4.statements.RunAfterTestMethodCallbacks.evaluate(RunAfterTestMethodCallbacks.java:86)
	at org.junit.rules.ExpectedException$ExpectedExceptionStatement.evaluate(ExpectedException.java:239)
	at org.junit.rules.RunRules.evaluate(RunRules.java:20)
	at org.springframework.test.context.junit4.statements.SpringRepeat.evaluate(SpringRepeat.java:84)
	at org.junit.runners.ParentRunner.runLeaf(ParentRunner.java:325)
	at org.springframework.test.context.junit4.SpringJUnit4ClassRunner.runChild(SpringJUnit4ClassRunner.java:252)
	at org.springframework.test.context.junit4.SpringJUnit4ClassRunner.runChild(SpringJUnit4ClassRunner.java:94)
	at org.junit.runners.ParentRunner$3.run(ParentRunner.java:290)
	at org.junit.runners.ParentRunner$1.schedule(ParentRunner.java:71)
	at org.junit.runners.ParentRunner.runChildren(ParentRunner.java:288)
	at org.junit.runners.ParentRunner.access$000(ParentRunner.java:58)
	at org.junit.runners.ParentRunner$2.evaluate(ParentRunner.java:268)
	at org.springframework.test.context.junit4.statements.RunBeforeTestClassCallbacks.evaluate(RunBeforeTestClassCallbacks.java:61)
	at org.springframework.test.context.junit4.statements.RunAfterTestClassCallbacks.evaluate(RunAfterTestClassCallbacks.java:70)
	at org.junit.runners.ParentRunner.run(ParentRunner.java:363)
	at org.springframework.test.context.junit4.SpringJUnit4ClassRunner.run(SpringJUnit4ClassRunner.java:191)
	at org.apache.maven.surefire.junit4.JUnit4Provider.execute(JUnit4Provider.java:252)
	at org.apache.maven.surefire.junit4.JUnit4Provider.executeTestSet(JUnit4Provider.java:141)
	at org.apache.maven.surefire.junit4.JUnit4Provider.invoke(JUnit4Provider.java:112)
	at sun.reflect.NativeMethodAccessorImpl.invoke0(Native Method)
	at sun.reflect.NativeMethodAccessorImpl.invoke(NativeMethodAccessorImpl.java:62)
	at sun.reflect.DelegatingMethodAccessorImpl.invoke(DelegatingMethodAccessorImpl.java:43)
	at java.lang.reflect.Method.invoke(Method.java:497)
	at org.apache.maven.surefire.util.ReflectionUtils.invokeMethodWithArray(ReflectionUtils.java:189)
	at org.apache.maven.surefire.booter.ProviderFactory$ProviderProxy.invoke(ProviderFactory.java:165)
	at org.apache.maven.surefire.booter.ProviderFactory.invokeProvider(ProviderFactory.java:85)
	at org.apache.maven.surefire.booter.ForkedBooter.runSuitesInProcess(ForkedBooter.java:115)
	at org.apache.maven.surefire.booter.ForkedBooter.main(ForkedBooter.java:75)
</failure>
    <system-out>INFO : jdbc.connection - 21. Connection opened
INFO : jdbc.audit - 21. Connection.new Connection returned 
INFO : jdbc.audit - 21. Connection.getAutoCommit() returned true
INFO : jdbc.audit - 21. PreparedStatement.new PreparedStatement returned 
INFO : jdbc.audit - 21. Connection.prepareStatement(SELECT 	NVL(MAX(SQNO),0) + 1 AS SQNO 
		FROM 	TS001_JOB_SCH 
		WHERE 	DEVER_ID	= ?
		AND		CUST_ID		= ?) returned net.sf.log4jdbc.sql.jdbcapi.PreparedStatementSpy@a85671
INFO : jdbc.audit - 21. PreparedStatement.setString(1, &quot;testDever&quot;) returned 
INFO : jdbc.audit - 21. PreparedStatement.setString(2, &quot;testCust&quot;) returned 
INFO : jdbc.sqlonly - SELECT NVL(MAX(SQNO),0) + 1 AS SQNO FROM TS001_JOB_SCH WHERE DEVER_ID = &apos;testDever&apos; AND CUST_ID 
= &apos;testCust&apos; 

INFO : jdbc.sqltiming - SELECT NVL(MAX(SQNO),0) + 1 AS SQNO FROM TS001_JOB_SCH WHERE DEVER_ID = &apos;testDever&apos; AND CUST_ID 
= &apos;testCust&apos; 
 {executed in 0 msec}
INFO : jdbc.audit - 21. PreparedStatement.execute() returned true
INFO : jdbc.resultset - 21. ResultSet.new ResultSet returned 
INFO : jdbc.audit - 21. PreparedStatement.getResultSet() returned net.sf.log4jdbc.sql.jdbcapi.ResultSetSpy@122db6e
INFO : jdbc.resultset - 21. ResultSet.getMetaData() returned oracle.jdbc.driver.OracleResultSetMetaData@f20260
INFO : jdbc.resultset - 21. ResultSet.getType() returned 1003
INFO : jdbc.resultset - 21. ResultSet.next() returned true
INFO : jdbc.resultset - 21. ResultSet.getInt(SQNO) returned 2
INFO : jdbc.resultset - 21. ResultSet.wasNull() returned false
INFO : jdbc.resultsettable - 
|-----|
|sqno |
|-----|
|2    |
|-----|

INFO : jdbc.resultset - 21. ResultSet.next() returned false
INFO : jdbc.resultset - 21. ResultSet.close() returned void
INFO : jdbc.audit - 21. PreparedStatement.getConnection() returned net.sf.log4jdbc.sql.jdbcapi.ConnectionSpy@e33a11
INFO : jdbc.audit - 21. Connection.getMetaData() returned oracle.jdbc.driver.OracleDatabaseMetaData@48e6e2
INFO : jdbc.audit - 21. PreparedStatement.close() returned 
INFO : jdbc.audit - 21. PreparedStatement.new PreparedStatement returned 
INFO : jdbc.audit - 21. Connection.prepareStatement(INSERT INTO	TS001_JOB_SCH(
							  DEVER_ID 	   /*������ID	*/
							, CUST_ID	   /*��ID  */
							, SQNO		   /*�Ϸù�ȣ  */
							, SET_TM	   /*�����ð�  */
							, JOB_CD	   /*�۾��ڵ�  */
							, CHK_YN	   /*Ȯ�ο���  */
							, LST_CHK_TS   /*����Ȯ���Ͻ�*/
							 
							 
							 
							, DEL_YN	   /*��������  */
							, PC_TS		   /*ó���Ͻ�  */
							, FST_PC_TS	   /*����ó���Ͻ�*/
							, LUPD_CNT	   /*���������� */
							)
					VALUES(
							  ?
							, ?
							, ?
							, TO_TIMESTAMP(?,&apos;YYYYMMDD HH24MI&apos;)
							, ?
							, &apos;N&apos;
							, TO_TIMESTAMP(&apos;00010101 000000.000000&apos;,&apos;YYYYMMDD HH24MISS.FF6&apos;)
							 
							 
							 
							, &apos;N&apos;
							, SYSTIMESTAMP
							, SYSTIMESTAMP
							, 1
							)) returned net.sf.log4jdbc.sql.jdbcapi.PreparedStatementSpy@140bb6e
INFO : jdbc.audit - 21. PreparedStatement.setString(1, &quot;testDever&quot;) returned 
INFO : jdbc.audit - 21. PreparedStatement.setString(2, &quot;testCust&quot;) returned 
INFO : jdbc.audit - 21. PreparedStatement.setInt(3, 2) returned 
INFO : jdbc.audit - 21. PreparedStatement.setString(4, &quot;00010101 0000&quot;) returned 
INFO : jdbc.audit - 21. PreparedStatement.setString(5, &quot;testJobCd&quot;) returned 
INFO : jdbc.sqlonly - INSERT INTO TS001_JOB_SCH( DEVER_ID /*������ID */ , CUST_ID /*��ID */ , SQNO /*�Ϸù�ȣ */ , SET_TM 
/*�����ð� */ , JOB_CD /*�۾��ڵ� */ , CHK_YN /*Ȯ�ο��� */ , LST_CHK_TS /*����Ȯ���Ͻ�*/ , DEL_YN /*�������� */ 
, PC_TS /*ó���Ͻ� */ , FST_PC_TS /*����ó���Ͻ�*/ , LUPD_CNT /*���������� */ ) VALUES( &apos;testDever&apos; , &apos;testCust&apos; 
, 2 , TO_TIMESTAMP(&apos;00010101 0000&apos;,&apos;YYYYMMDD HH24MI&apos;) , &apos;testJobCd&apos; , &apos;N&apos; , TO_TIMESTAMP(&apos;00010101 
000000.000000&apos;,&apos;YYYYMMDD HH24MISS.FF6&apos;) , &apos;N&apos; , SYSTIMESTAMP , SYSTIMESTAMP , 1 ) 

INFO : jdbc.sqltiming - INSERT INTO TS001_JOB_SCH( DEVER_ID /*������ID */ , CUST_ID /*��ID */ , SQNO /*�Ϸù�ȣ */ , SET_TM 
/*�����ð� */ , JOB_CD /*�۾��ڵ� */ , CHK_YN /*Ȯ�ο��� */ , LST_CHK_TS /*����Ȯ���Ͻ�*/ , DEL_YN /*�������� */ 
, PC_TS /*ó���Ͻ� */ , FST_PC_TS /*����ó���Ͻ�*/ , LUPD_CNT /*���������� */ ) VALUES( &apos;testDever&apos; , &apos;testCust&apos; 
, 2 , TO_TIMESTAMP(&apos;00010101 0000&apos;,&apos;YYYYMMDD HH24MI&apos;) , &apos;testJobCd&apos; , &apos;N&apos; , TO_TIMESTAMP(&apos;00010101 
000000.000000&apos;,&apos;YYYYMMDD HH24MISS.FF6&apos;) , &apos;N&apos; , SYSTIMESTAMP , SYSTIMESTAMP , 1 ) 
 {executed in 16 msec}
INFO : jdbc.audit - 21. PreparedStatement.execute() returned false
INFO : jdbc.audit - 21. PreparedStatement.getUpdateCount() returned 1
INFO : jdbc.audit - 21. PreparedStatement.close() returned 
INFO : jdbc.connection - 21. Connection closed
INFO : jdbc.audit - 21. Connection.close() returned 
INFO : jdbc.connection - 22. Connection opened
INFO : jdbc.audit - 22. Connection.new Connection returned 
INFO : jdbc.audit - 22. Connection.getAutoCommit() returned true
INFO : jdbc.audit - 22. Connection.setAutoCommit(false) returned 
INFO : org.springframework.test.context.transaction.TransactionContext - Began transaction (1) for test context [DefaultTestContext@78452d testClass = TestSrchJobSch, testInstance = com.pro.alarm.service.TestSrchJobSch@49d8b2, testMethod = test1206_srchJobSch_orderBySetTm@TestSrchJobSch, testException = [null], mergedContextConfiguration = [MergedContextConfiguration@1c25153 testClass = TestSrchJobSch, locations = &apos;{classpath:test-context.xml}&apos;, classes = &apos;{}&apos;, contextInitializerClasses = &apos;[]&apos;, activeProfiles = &apos;{}&apos;, propertySourceLocations = &apos;{}&apos;, propertySourceProperties = &apos;{}&apos;, contextCustomizers = set[[empty]], contextLoader = &apos;org.springframework.test.context.support.DelegatingSmartContextLoader&apos;, parent = [null]]]; transaction manager [org.springframework.jdbc.datasource.DataSourceTransactionManager@1bcd567]; rollback [true]
INFO : jdbc.audit - 22. Connection.getAutoCommit() returned false
INFO : jdbc.audit - 22. PreparedStatement.new PreparedStatement returned 
INFO : jdbc.audit - 22. Connection.prepareStatement(SELECT 	  DEVER_ID 	   												/*������ID*/
				, CUST_ID	  							 					/*��ID  */
				, SQNO		   												/*�Ϸù�ȣ  */
				, TO_CHAR(SET_TM,&apos;HH24MISS&apos;) AS SET_TM	   					/*�����ð�  */
				, JOB_CD	   												/*�۾��ڵ�  */
				, CHK_YN	   												/*Ȯ�ο���  */
				, TO_CHAR(LST_CHK_TS,&apos;YYYYMMDD HH24MISS.FF6&apos;) AS LST_CHK_TS /*����Ȯ���Ͻ�*/
				, WK_ITV_RULE                                               /*�ְ���Ģ*/
				, ST_MTH                                                    /*���ۿ�*/
				, ED_MTH                                                    /*�����*/
				, DEL_YN	   												/*��������  */
				, TO_CHAR(FST_PC_TS,&apos;YYYYMMDD HH24MISS.FF6&apos;) AS FST_PC_TS	/*����ó���Ͻ�*/
				, TO_CHAR(PC_TS,&apos;YYYYMMDD HH24MISS.FF6&apos;) AS PC_TS			/*ó���Ͻ�*/
				, LUPD_CNT	   												/*���������� */
		FROM	TS001_JOB_SCH
		WHERE	DEVER_ID 	= ?
		 
		 
		AND		PC_TS BETWEEN TO_TIMESTAMP(?,&apos;YYYYMMDD&apos;) AND TO_TIMESTAMP(?,&apos;YYYYMMDD&apos;)
		 
		 
		 
		ORDER BY
		 SET_TM 
		  ASC) returned net.sf.log4jdbc.sql.jdbcapi.PreparedStatementSpy@3591c5
INFO : jdbc.audit - 22. PreparedStatement.setString(1, &quot;testDever&quot;) returned 
INFO : jdbc.audit - 22. PreparedStatement.setString(2, &quot;20180519&quot;) returned 
INFO : jdbc.audit - 22. PreparedStatement.setString(3, &quot;20180521&quot;) returned 
INFO : jdbc.sqlonly - SELECT DEVER_ID /*������ID*/ , CUST_ID /*��ID */ , SQNO /*�Ϸù�ȣ */ , TO_CHAR(SET_TM,&apos;HH24MISS&apos;) 
AS SET_TM /*�����ð� */ , JOB_CD /*�۾��ڵ� */ , CHK_YN /*Ȯ�ο��� */ , TO_CHAR(LST_CHK_TS,&apos;YYYYMMDD HH24MISS.FF6&apos;) 
AS LST_CHK_TS /*����Ȯ���Ͻ�*/ , WK_ITV_RULE /*�ְ���Ģ*/ , ST_MTH /*���ۿ�*/ , ED_MTH /*�����*/ , DEL_YN 
/*�������� */ , TO_CHAR(FST_PC_TS,&apos;YYYYMMDD HH24MISS.FF6&apos;) AS FST_PC_TS /*����ó���Ͻ�*/ , TO_CHAR(PC_TS,&apos;YYYYMMDD 
HH24MISS.FF6&apos;) AS PC_TS /*ó���Ͻ�*/ , LUPD_CNT /*���������� */ FROM TS001_JOB_SCH WHERE DEVER_ID = 
&apos;testDever&apos; AND PC_TS BETWEEN TO_TIMESTAMP(&apos;20180519&apos;,&apos;YYYYMMDD&apos;) AND TO_TIMESTAMP(&apos;20180521&apos;,&apos;YYYYMMDD&apos;) 
ORDER BY SET_TM ASC 

INFO : jdbc.sqltiming - SELECT DEVER_ID /*������ID*/ , CUST_ID /*��ID */ , SQNO /*�Ϸù�ȣ */ , TO_CHAR(SET_TM,&apos;HH24MISS&apos;) 
AS SET_TM /*�����ð� */ , JOB_CD /*�۾��ڵ� */ , CHK_YN /*Ȯ�ο��� */ , TO_CHAR(LST_CHK_TS,&apos;YYYYMMDD HH24MISS.FF6&apos;) 
AS LST_CHK_TS /*����Ȯ���Ͻ�*/ , WK_ITV_RULE /*�ְ���Ģ*/ , ST_MTH /*���ۿ�*/ , ED_MTH /*�����*/ , DEL_YN 
/*�������� */ , TO_CHAR(FST_PC_TS,&apos;YYYYMMDD HH24MISS.FF6&apos;) AS FST_PC_TS /*����ó���Ͻ�*/ , TO_CHAR(PC_TS,&apos;YYYYMMDD 
HH24MISS.FF6&apos;) AS PC_TS /*ó���Ͻ�*/ , LUPD_CNT /*���������� */ FROM TS001_JOB_SCH WHERE DEVER_ID = 
&apos;testDever&apos; AND PC_TS BETWEEN TO_TIMESTAMP(&apos;20180519&apos;,&apos;YYYYMMDD&apos;) AND TO_TIMESTAMP(&apos;20180521&apos;,&apos;YYYYMMDD&apos;) 
ORDER BY SET_TM ASC 
 {executed in 0 msec}
INFO : jdbc.audit - 22. PreparedStatement.execute() returned true
INFO : jdbc.resultset - 22. ResultSet.new ResultSet returned 
INFO : jdbc.audit - 22. PreparedStatement.getResultSet() returned net.sf.log4jdbc.sql.jdbcapi.ResultSetSpy@a75079
INFO : jdbc.resultset - 22. ResultSet.getMetaData() returned oracle.jdbc.driver.OracleResultSetMetaData@146a361
INFO : jdbc.resultset - 22. ResultSet.getType() returned 1003
INFO : jdbc.resultset - 22. ResultSet.next() returned true
INFO : jdbc.resultset - 22. ResultSet.getString(DEVER_ID) returned testDever
INFO : jdbc.resultset - 22. ResultSet.wasNull() returned false
INFO : jdbc.resultset - 22. ResultSet.getString(CUST_ID) returned testCust
INFO : jdbc.resultset - 22. ResultSet.wasNull() returned false
INFO : jdbc.resultset - 22. ResultSet.getInt(SQNO) returned 2
INFO : jdbc.resultset - 22. ResultSet.wasNull() returned false
INFO : jdbc.resultset - 22. ResultSet.getString(SET_TM) returned 000000
INFO : jdbc.resultset - 22. ResultSet.wasNull() returned false
INFO : jdbc.resultset - 22. ResultSet.getString(JOB_CD) returned testJobCd
INFO : jdbc.resultset - 22. ResultSet.wasNull() returned false
INFO : jdbc.resultset - 22. ResultSet.getString(CHK_YN) returned N
INFO : jdbc.resultset - 22. ResultSet.wasNull() returned false
INFO : jdbc.resultset - 22. ResultSet.getString(LST_CHK_TS) returned 00010101 000000.000000
INFO : jdbc.resultset - 22. ResultSet.wasNull() returned false
INFO : jdbc.resultset - 22. ResultSet.getString(WK_ITV_RULE) returned 1111100
INFO : jdbc.resultset - 22. ResultSet.wasNull() returned false
INFO : jdbc.resultset - 22. ResultSet.getString(ST_MTH) returned 01
INFO : jdbc.resultset - 22. ResultSet.wasNull() returned false
INFO : jdbc.resultset - 22. ResultSet.getString(ED_MTH) returned 12
INFO : jdbc.resultset - 22. ResultSet.wasNull() returned false
INFO : jdbc.resultset - 22. ResultSet.getString(DEL_YN) returned N
INFO : jdbc.resultset - 22. ResultSet.wasNull() returned false
INFO : jdbc.resultset - 22. ResultSet.getString(FST_PC_TS) returned 20180520 051820.968000
INFO : jdbc.resultset - 22. ResultSet.wasNull() returned false
INFO : jdbc.resultset - 22. ResultSet.getString(PC_TS) returned 20180520 051820.968000
INFO : jdbc.resultset - 22. ResultSet.wasNull() returned false
INFO : jdbc.resultset - 22. ResultSet.getInt(LUPD_CNT) returned 1
INFO : jdbc.resultset - 22. ResultSet.wasNull() returned false
INFO : jdbc.resultset - 22. ResultSet.next() returned true
INFO : jdbc.resultset - 22. ResultSet.getString(DEVER_ID) returned testDever
INFO : jdbc.resultset - 22. ResultSet.wasNull() returned false
INFO : jdbc.resultset - 22. ResultSet.getString(CUST_ID) returned testCust
INFO : jdbc.resultset - 22. ResultSet.wasNull() returned false
INFO : jdbc.resultset - 22. ResultSet.getInt(SQNO) returned 1
INFO : jdbc.resultset - 22. ResultSet.wasNull() returned false
INFO : jdbc.resultset - 22. ResultSet.getString(SET_TM) returned 000000
INFO : jdbc.resultset - 22. ResultSet.wasNull() returned false
INFO : jdbc.resultset - 22. ResultSet.getString(JOB_CD) returned testJobCd
INFO : jdbc.resultset - 22. ResultSet.wasNull() returned false
INFO : jdbc.resultset - 22. ResultSet.getString(CHK_YN) returned N
INFO : jdbc.resultset - 22. ResultSet.wasNull() returned false
INFO : jdbc.resultset - 22. ResultSet.getString(LST_CHK_TS) returned 00010101 000000.000000
INFO : jdbc.resultset - 22. ResultSet.wasNull() returned false
INFO : jdbc.resultset - 22. ResultSet.getString(WK_ITV_RULE) returned 1111100
INFO : jdbc.resultset - 22. ResultSet.wasNull() returned false
INFO : jdbc.resultset - 22. ResultSet.getString(ST_MTH) returned 01
INFO : jdbc.resultset - 22. ResultSet.wasNull() returned false
INFO : jdbc.resultset - 22. ResultSet.getString(ED_MTH) returned 12
INFO : jdbc.resultset - 22. ResultSet.wasNull() returned false
INFO : jdbc.resultset - 22. ResultSet.getString(DEL_YN) returned N
INFO : jdbc.resultset - 22. ResultSet.wasNull() returned false
INFO : jdbc.resultset - 22. ResultSet.getString(FST_PC_TS) returned 20180520 051429.333000
INFO : jdbc.resultset - 22. ResultSet.wasNull() returned false
INFO : jdbc.resultset - 22. ResultSet.getString(PC_TS) returned 20180520 051429.333000
INFO : jdbc.resultset - 22. ResultSet.wasNull() returned false
INFO : jdbc.resultset - 22. ResultSet.getInt(LUPD_CNT) returned 1
INFO : jdbc.resultset - 22. ResultSet.wasNull() returned false
INFO : jdbc.resultsettable - 
|----------|---------|-----|-------|----------|-------|-----------------------|------------|-------|-------|-------|-----------------------|-----------------------|---------|
|dever_id  |cust_id  |sqno |set_tm |job_cd    |chk_yn |lst_chk_ts             |wk_itv_rule |st_mth |ed_mth |del_yn |fst_pc_ts              |pc_ts                  |lupd_cnt |
|----------|---------|-----|-------|----------|-------|-----------------------|------------|-------|-------|-------|-----------------------|-----------------------|---------|
|testDever |testCust |2    |000000 |testJobCd |N      |00010101 000000.000000 |1111100     |01     |12     |N      |20180520 051820.968000 |20180520 051820.968000 |1        |
|testDever |testCust |1    |000000 |testJobCd |N      |00010101 000000.000000 |1111100     |01     |12     |N      |20180520 051429.333000 |20180520 051429.333000 |1        |
|----------|---------|-----|-------|----------|-------|-----------------------|------------|-------|-------|-------|-----------------------|-----------------------|---------|

INFO : jdbc.resultset - 22. ResultSet.next() returned false
INFO : jdbc.resultset - 22. ResultSet.close() returned void
INFO : jdbc.audit - 22. PreparedStatement.getConnection() returned net.sf.log4jdbc.sql.jdbcapi.ConnectionSpy@7ed6fc
INFO : jdbc.audit - 22. Connection.getMetaData() returned oracle.jdbc.driver.OracleDatabaseMetaData@43d68f
INFO : jdbc.audit - 22. PreparedStatement.close() returned 
INFO : jdbc.audit - 22. Connection.rollback() returned 
INFO : jdbc.audit - 22. Connection.setAutoCommit(true) returned 
INFO : jdbc.audit - 22. Connection.isReadOnly() returned false
INFO : jdbc.connection - 22. Connection closed
INFO : jdbc.audit - 22. Connection.close() returned 
INFO : org.springframework.test.context.transaction.TransactionContext - Rolled back transaction for test context [DefaultTestContext@78452d testClass = TestSrchJobSch, testInstance = com.pro.alarm.service.TestSrchJobSch@49d8b2, testMethod = test1206_srchJobSch_orderBySetTm@TestSrchJobSch, testException = java.lang.AssertionError: ��ȸ�� �����Ͽ����ϴ�. expected:&lt;1&gt; but was:&lt;2&gt;, mergedContextConfiguration = [MergedContextConfiguration@1c25153 testClass = TestSrchJobSch, locations = &apos;{classpath:test-context.xml}&apos;, classes = &apos;{}&apos;, contextInitializerClasses = &apos;[]&apos;, activeProfiles = &apos;{}&apos;, propertySourceLocations = &apos;{}&apos;, propertySourceProperties = &apos;{}&apos;, contextCustomizers = set[[empty]], contextLoader = &apos;org.springframework.test.context.support.DelegatingSmartContextLoader&apos;, parent = [null]]].
INFO : jdbc.connection - 23. Connection opened
INFO : jdbc.audit - 23. Connection.new Connection returned 
INFO : jdbc.audit - 23. Connection.getAutoCommit() returned true
INFO : jdbc.audit - 23. PreparedStatement.new PreparedStatement returned 
INFO : jdbc.audit - 23. Connection.prepareStatement(DELETE 
		FROM    TS001_JOB_SCH 
		WHERE   DEVER_ID    = ?
		AND     CUST_ID     = ?
		AND     SQNO        = ?
		AND		LUPD_CNT	= ?) returned net.sf.log4jdbc.sql.jdbcapi.PreparedStatementSpy@29d61
INFO : jdbc.audit - 23. PreparedStatement.setString(1, &quot;testDever&quot;) returned 
INFO : jdbc.audit - 23. PreparedStatement.setString(2, &quot;testCust&quot;) returned 
INFO : jdbc.audit - 23. PreparedStatement.setInt(3, 2) returned 
INFO : jdbc.audit - 23. PreparedStatement.setInt(4, 1) returned 
INFO : jdbc.sqlonly - DELETE FROM TS001_JOB_SCH WHERE DEVER_ID = &apos;testDever&apos; AND CUST_ID = &apos;testCust&apos; AND SQNO = 
2 AND LUPD_CNT = 1 

INFO : jdbc.sqltiming - DELETE FROM TS001_JOB_SCH WHERE DEVER_ID = &apos;testDever&apos; AND CUST_ID = &apos;testCust&apos; AND SQNO = 
2 AND LUPD_CNT = 1 
 {executed in 0 msec}
INFO : jdbc.audit - 23. PreparedStatement.execute() returned false
INFO : jdbc.audit - 23. PreparedStatement.getUpdateCount() returned 1
INFO : jdbc.audit - 23. PreparedStatement.close() returned 
INFO : jdbc.connection - 23. Connection closed
INFO : jdbc.audit - 23. Connection.close() returned 
</system-out>
  </testcase>
  <testcase classname="com.pro.alarm.service.TestSrchJobSch" name="test1207_srchJobSch_orderByJobCd" time="0.078">
    <failure message="조회를 실패하였습니다. expected:&lt;1&gt; but was:&lt;2&gt;" type="java.lang.AssertionError">java.lang.AssertionError: 조회를 실패하였습니다. expected:&lt;1&gt; but was:&lt;2&gt;
	at org.junit.Assert.fail(Assert.java:88)
	at org.junit.Assert.failNotEquals(Assert.java:834)
	at org.junit.Assert.assertEquals(Assert.java:645)
	at com.pro.alarm.service.TestSrchJobSch.test1207_srchJobSch_orderByJobCd(TestSrchJobSch.java:149)
	at sun.reflect.NativeMethodAccessorImpl.invoke0(Native Method)
	at sun.reflect.NativeMethodAccessorImpl.invoke(NativeMethodAccessorImpl.java:62)
	at sun.reflect.DelegatingMethodAccessorImpl.invoke(DelegatingMethodAccessorImpl.java:43)
	at java.lang.reflect.Method.invoke(Method.java:497)
	at org.junit.runners.model.FrameworkMethod$1.runReflectiveCall(FrameworkMethod.java:50)
	at org.junit.internal.runners.model.ReflectiveCallable.run(ReflectiveCallable.java:12)
	at org.junit.runners.model.FrameworkMethod.invokeExplosively(FrameworkMethod.java:47)
	at org.junit.internal.runners.statements.InvokeMethod.evaluate(InvokeMethod.java:17)
	at org.springframework.test.context.junit4.statements.RunBeforeTestMethodCallbacks.evaluate(RunBeforeTestMethodCallbacks.java:75)
	at org.springframework.test.context.junit4.statements.RunAfterTestMethodCallbacks.evaluate(RunAfterTestMethodCallbacks.java:86)
	at org.junit.rules.ExpectedException$ExpectedExceptionStatement.evaluate(ExpectedException.java:239)
	at org.junit.rules.RunRules.evaluate(RunRules.java:20)
	at org.springframework.test.context.junit4.statements.SpringRepeat.evaluate(SpringRepeat.java:84)
	at org.junit.runners.ParentRunner.runLeaf(ParentRunner.java:325)
	at org.springframework.test.context.junit4.SpringJUnit4ClassRunner.runChild(SpringJUnit4ClassRunner.java:252)
	at org.springframework.test.context.junit4.SpringJUnit4ClassRunner.runChild(SpringJUnit4ClassRunner.java:94)
	at org.junit.runners.ParentRunner$3.run(ParentRunner.java:290)
	at org.junit.runners.ParentRunner$1.schedule(ParentRunner.java:71)
	at org.junit.runners.ParentRunner.runChildren(ParentRunner.java:288)
	at org.junit.runners.ParentRunner.access$000(ParentRunner.java:58)
	at org.junit.runners.ParentRunner$2.evaluate(ParentRunner.java:268)
	at org.springframework.test.context.junit4.statements.RunBeforeTestClassCallbacks.evaluate(RunBeforeTestClassCallbacks.java:61)
	at org.springframework.test.context.junit4.statements.RunAfterTestClassCallbacks.evaluate(RunAfterTestClassCallbacks.java:70)
	at org.junit.runners.ParentRunner.run(ParentRunner.java:363)
	at org.springframework.test.context.junit4.SpringJUnit4ClassRunner.run(SpringJUnit4ClassRunner.java:191)
	at org.apache.maven.surefire.junit4.JUnit4Provider.execute(JUnit4Provider.java:252)
	at org.apache.maven.surefire.junit4.JUnit4Provider.executeTestSet(JUnit4Provider.java:141)
	at org.apache.maven.surefire.junit4.JUnit4Provider.invoke(JUnit4Provider.java:112)
	at sun.reflect.NativeMethodAccessorImpl.invoke0(Native Method)
	at sun.reflect.NativeMethodAccessorImpl.invoke(NativeMethodAccessorImpl.java:62)
	at sun.reflect.DelegatingMethodAccessorImpl.invoke(DelegatingMethodAccessorImpl.java:43)
	at java.lang.reflect.Method.invoke(Method.java:497)
	at org.apache.maven.surefire.util.ReflectionUtils.invokeMethodWithArray(ReflectionUtils.java:189)
	at org.apache.maven.surefire.booter.ProviderFactory$ProviderProxy.invoke(ProviderFactory.java:165)
	at org.apache.maven.surefire.booter.ProviderFactory.invokeProvider(ProviderFactory.java:85)
	at org.apache.maven.surefire.booter.ForkedBooter.runSuitesInProcess(ForkedBooter.java:115)
	at org.apache.maven.surefire.booter.ForkedBooter.main(ForkedBooter.java:75)
</failure>
    <system-out>INFO : jdbc.connection - 24. Connection opened
INFO : jdbc.audit - 24. Connection.new Connection returned 
INFO : jdbc.audit - 24. Connection.getAutoCommit() returned true
INFO : jdbc.audit - 24. PreparedStatement.new PreparedStatement returned 
INFO : jdbc.audit - 24. Connection.prepareStatement(SELECT 	NVL(MAX(SQNO),0) + 1 AS SQNO 
		FROM 	TS001_JOB_SCH 
		WHERE 	DEVER_ID	= ?
		AND		CUST_ID		= ?) returned net.sf.log4jdbc.sql.jdbcapi.PreparedStatementSpy@12ddbab
INFO : jdbc.audit - 24. PreparedStatement.setString(1, &quot;testDever&quot;) returned 
INFO : jdbc.audit - 24. PreparedStatement.setString(2, &quot;testCust&quot;) returned 
INFO : jdbc.sqlonly - SELECT NVL(MAX(SQNO),0) + 1 AS SQNO FROM TS001_JOB_SCH WHERE DEVER_ID = &apos;testDever&apos; AND CUST_ID 
= &apos;testCust&apos; 

INFO : jdbc.sqltiming - SELECT NVL(MAX(SQNO),0) + 1 AS SQNO FROM TS001_JOB_SCH WHERE DEVER_ID = &apos;testDever&apos; AND CUST_ID 
= &apos;testCust&apos; 
 {executed in 0 msec}
INFO : jdbc.audit - 24. PreparedStatement.execute() returned true
INFO : jdbc.resultset - 24. ResultSet.new ResultSet returned 
INFO : jdbc.audit - 24. PreparedStatement.getResultSet() returned net.sf.log4jdbc.sql.jdbcapi.ResultSetSpy@17ea53a
INFO : jdbc.resultset - 24. ResultSet.getMetaData() returned oracle.jdbc.driver.OracleResultSetMetaData@cb0951
INFO : jdbc.resultset - 24. ResultSet.getType() returned 1003
INFO : jdbc.resultset - 24. ResultSet.next() returned true
INFO : jdbc.resultset - 24. ResultSet.getInt(SQNO) returned 2
INFO : jdbc.resultset - 24. ResultSet.wasNull() returned false
INFO : jdbc.resultsettable - 
|-----|
|sqno |
|-----|
|2    |
|-----|

INFO : jdbc.resultset - 24. ResultSet.next() returned false
INFO : jdbc.resultset - 24. ResultSet.close() returned void
INFO : jdbc.audit - 24. PreparedStatement.getConnection() returned net.sf.log4jdbc.sql.jdbcapi.ConnectionSpy@1f22f18
INFO : jdbc.audit - 24. Connection.getMetaData() returned oracle.jdbc.driver.OracleDatabaseMetaData@7f474e
INFO : jdbc.audit - 24. PreparedStatement.close() returned 
INFO : jdbc.audit - 24. PreparedStatement.new PreparedStatement returned 
INFO : jdbc.audit - 24. Connection.prepareStatement(INSERT INTO	TS001_JOB_SCH(
							  DEVER_ID 	   /*������ID	*/
							, CUST_ID	   /*��ID  */
							, SQNO		   /*�Ϸù�ȣ  */
							, SET_TM	   /*�����ð�  */
							, JOB_CD	   /*�۾��ڵ�  */
							, CHK_YN	   /*Ȯ�ο���  */
							, LST_CHK_TS   /*����Ȯ���Ͻ�*/
							 
							 
							 
							, DEL_YN	   /*��������  */
							, PC_TS		   /*ó���Ͻ�  */
							, FST_PC_TS	   /*����ó���Ͻ�*/
							, LUPD_CNT	   /*���������� */
							)
					VALUES(
							  ?
							, ?
							, ?
							, TO_TIMESTAMP(?,&apos;YYYYMMDD HH24MI&apos;)
							, ?
							, &apos;N&apos;
							, TO_TIMESTAMP(&apos;00010101 000000.000000&apos;,&apos;YYYYMMDD HH24MISS.FF6&apos;)
							 
							 
							 
							, &apos;N&apos;
							, SYSTIMESTAMP
							, SYSTIMESTAMP
							, 1
							)) returned net.sf.log4jdbc.sql.jdbcapi.PreparedStatementSpy@15d8c96
INFO : jdbc.audit - 24. PreparedStatement.setString(1, &quot;testDever&quot;) returned 
INFO : jdbc.audit - 24. PreparedStatement.setString(2, &quot;testCust&quot;) returned 
INFO : jdbc.audit - 24. PreparedStatement.setInt(3, 2) returned 
INFO : jdbc.audit - 24. PreparedStatement.setString(4, &quot;00010101 0000&quot;) returned 
INFO : jdbc.audit - 24. PreparedStatement.setString(5, &quot;testJobCd&quot;) returned 
INFO : jdbc.sqlonly - INSERT INTO TS001_JOB_SCH( DEVER_ID /*������ID */ , CUST_ID /*��ID */ , SQNO /*�Ϸù�ȣ */ , SET_TM 
/*�����ð� */ , JOB_CD /*�۾��ڵ� */ , CHK_YN /*Ȯ�ο��� */ , LST_CHK_TS /*����Ȯ���Ͻ�*/ , DEL_YN /*�������� */ 
, PC_TS /*ó���Ͻ� */ , FST_PC_TS /*����ó���Ͻ�*/ , LUPD_CNT /*���������� */ ) VALUES( &apos;testDever&apos; , &apos;testCust&apos; 
, 2 , TO_TIMESTAMP(&apos;00010101 0000&apos;,&apos;YYYYMMDD HH24MI&apos;) , &apos;testJobCd&apos; , &apos;N&apos; , TO_TIMESTAMP(&apos;00010101 
000000.000000&apos;,&apos;YYYYMMDD HH24MISS.FF6&apos;) , &apos;N&apos; , SYSTIMESTAMP , SYSTIMESTAMP , 1 ) 

INFO : jdbc.sqltiming - INSERT INTO TS001_JOB_SCH( DEVER_ID /*������ID */ , CUST_ID /*��ID */ , SQNO /*�Ϸù�ȣ */ , SET_TM 
/*�����ð� */ , JOB_CD /*�۾��ڵ� */ , CHK_YN /*Ȯ�ο��� */ , LST_CHK_TS /*����Ȯ���Ͻ�*/ , DEL_YN /*�������� */ 
, PC_TS /*ó���Ͻ� */ , FST_PC_TS /*����ó���Ͻ�*/ , LUPD_CNT /*���������� */ ) VALUES( &apos;testDever&apos; , &apos;testCust&apos; 
, 2 , TO_TIMESTAMP(&apos;00010101 0000&apos;,&apos;YYYYMMDD HH24MI&apos;) , &apos;testJobCd&apos; , &apos;N&apos; , TO_TIMESTAMP(&apos;00010101 
000000.000000&apos;,&apos;YYYYMMDD HH24MISS.FF6&apos;) , &apos;N&apos; , SYSTIMESTAMP , SYSTIMESTAMP , 1 ) 
 {executed in 0 msec}
INFO : jdbc.audit - 24. PreparedStatement.execute() returned false
INFO : jdbc.audit - 24. PreparedStatement.getUpdateCount() returned 1
INFO : jdbc.audit - 24. PreparedStatement.close() returned 
INFO : jdbc.connection - 24. Connection closed
INFO : jdbc.audit - 24. Connection.close() returned 
INFO : jdbc.connection - 25. Connection opened
INFO : jdbc.audit - 25. Connection.new Connection returned 
INFO : jdbc.audit - 25. Connection.getAutoCommit() returned true
INFO : jdbc.audit - 25. Connection.setAutoCommit(false) returned 
INFO : org.springframework.test.context.transaction.TransactionContext - Began transaction (1) for test context [DefaultTestContext@78452d testClass = TestSrchJobSch, testInstance = com.pro.alarm.service.TestSrchJobSch@d3b1f5, testMethod = test1207_srchJobSch_orderByJobCd@TestSrchJobSch, testException = [null], mergedContextConfiguration = [MergedContextConfiguration@1c25153 testClass = TestSrchJobSch, locations = &apos;{classpath:test-context.xml}&apos;, classes = &apos;{}&apos;, contextInitializerClasses = &apos;[]&apos;, activeProfiles = &apos;{}&apos;, propertySourceLocations = &apos;{}&apos;, propertySourceProperties = &apos;{}&apos;, contextCustomizers = set[[empty]], contextLoader = &apos;org.springframework.test.context.support.DelegatingSmartContextLoader&apos;, parent = [null]]]; transaction manager [org.springframework.jdbc.datasource.DataSourceTransactionManager@1bcd567]; rollback [true]
INFO : jdbc.audit - 25. Connection.getAutoCommit() returned false
INFO : jdbc.audit - 25. PreparedStatement.new PreparedStatement returned 
INFO : jdbc.audit - 25. Connection.prepareStatement(SELECT 	  DEVER_ID 	   												/*������ID*/
				, CUST_ID	  							 					/*��ID  */
				, SQNO		   												/*�Ϸù�ȣ  */
				, TO_CHAR(SET_TM,&apos;HH24MISS&apos;) AS SET_TM	   					/*�����ð�  */
				, JOB_CD	   												/*�۾��ڵ�  */
				, CHK_YN	   												/*Ȯ�ο���  */
				, TO_CHAR(LST_CHK_TS,&apos;YYYYMMDD HH24MISS.FF6&apos;) AS LST_CHK_TS /*����Ȯ���Ͻ�*/
				, WK_ITV_RULE                                               /*�ְ���Ģ*/
				, ST_MTH                                                    /*���ۿ�*/
				, ED_MTH                                                    /*�����*/
				, DEL_YN	   												/*��������  */
				, TO_CHAR(FST_PC_TS,&apos;YYYYMMDD HH24MISS.FF6&apos;) AS FST_PC_TS	/*����ó���Ͻ�*/
				, TO_CHAR(PC_TS,&apos;YYYYMMDD HH24MISS.FF6&apos;) AS PC_TS			/*ó���Ͻ�*/
				, LUPD_CNT	   												/*���������� */
		FROM	TS001_JOB_SCH
		WHERE	DEVER_ID 	= ?
		 
		 
		AND		PC_TS BETWEEN TO_TIMESTAMP(?,&apos;YYYYMMDD&apos;) AND TO_TIMESTAMP(?,&apos;YYYYMMDD&apos;)
		 
		 
		 
		ORDER BY
		 JOB_CD 
		  ASC) returned net.sf.log4jdbc.sql.jdbcapi.PreparedStatementSpy@d6972f
INFO : jdbc.audit - 25. PreparedStatement.setString(1, &quot;testDever&quot;) returned 
INFO : jdbc.audit - 25. PreparedStatement.setString(2, &quot;20180519&quot;) returned 
INFO : jdbc.audit - 25. PreparedStatement.setString(3, &quot;20180521&quot;) returned 
INFO : jdbc.sqlonly - SELECT DEVER_ID /*������ID*/ , CUST_ID /*��ID */ , SQNO /*�Ϸù�ȣ */ , TO_CHAR(SET_TM,&apos;HH24MISS&apos;) 
AS SET_TM /*�����ð� */ , JOB_CD /*�۾��ڵ� */ , CHK_YN /*Ȯ�ο��� */ , TO_CHAR(LST_CHK_TS,&apos;YYYYMMDD HH24MISS.FF6&apos;) 
AS LST_CHK_TS /*����Ȯ���Ͻ�*/ , WK_ITV_RULE /*�ְ���Ģ*/ , ST_MTH /*���ۿ�*/ , ED_MTH /*�����*/ , DEL_YN 
/*�������� */ , TO_CHAR(FST_PC_TS,&apos;YYYYMMDD HH24MISS.FF6&apos;) AS FST_PC_TS /*����ó���Ͻ�*/ , TO_CHAR(PC_TS,&apos;YYYYMMDD 
HH24MISS.FF6&apos;) AS PC_TS /*ó���Ͻ�*/ , LUPD_CNT /*���������� */ FROM TS001_JOB_SCH WHERE DEVER_ID = 
&apos;testDever&apos; AND PC_TS BETWEEN TO_TIMESTAMP(&apos;20180519&apos;,&apos;YYYYMMDD&apos;) AND TO_TIMESTAMP(&apos;20180521&apos;,&apos;YYYYMMDD&apos;) 
ORDER BY JOB_CD ASC 

INFO : jdbc.sqltiming - SELECT DEVER_ID /*������ID*/ , CUST_ID /*��ID */ , SQNO /*�Ϸù�ȣ */ , TO_CHAR(SET_TM,&apos;HH24MISS&apos;) 
AS SET_TM /*�����ð� */ , JOB_CD /*�۾��ڵ� */ , CHK_YN /*Ȯ�ο��� */ , TO_CHAR(LST_CHK_TS,&apos;YYYYMMDD HH24MISS.FF6&apos;) 
AS LST_CHK_TS /*����Ȯ���Ͻ�*/ , WK_ITV_RULE /*�ְ���Ģ*/ , ST_MTH /*���ۿ�*/ , ED_MTH /*�����*/ , DEL_YN 
/*�������� */ , TO_CHAR(FST_PC_TS,&apos;YYYYMMDD HH24MISS.FF6&apos;) AS FST_PC_TS /*����ó���Ͻ�*/ , TO_CHAR(PC_TS,&apos;YYYYMMDD 
HH24MISS.FF6&apos;) AS PC_TS /*ó���Ͻ�*/ , LUPD_CNT /*���������� */ FROM TS001_JOB_SCH WHERE DEVER_ID = 
&apos;testDever&apos; AND PC_TS BETWEEN TO_TIMESTAMP(&apos;20180519&apos;,&apos;YYYYMMDD&apos;) AND TO_TIMESTAMP(&apos;20180521&apos;,&apos;YYYYMMDD&apos;) 
ORDER BY JOB_CD ASC 
 {executed in 0 msec}
INFO : jdbc.audit - 25. PreparedStatement.execute() returned true
INFO : jdbc.resultset - 25. ResultSet.new ResultSet returned 
INFO : jdbc.audit - 25. PreparedStatement.getResultSet() returned net.sf.log4jdbc.sql.jdbcapi.ResultSetSpy@1be7cd5
INFO : jdbc.resultset - 25. ResultSet.getMetaData() returned oracle.jdbc.driver.OracleResultSetMetaData@51218e
INFO : jdbc.resultset - 25. ResultSet.getType() returned 1003
INFO : jdbc.resultset - 25. ResultSet.next() returned true
INFO : jdbc.resultset - 25. ResultSet.getString(DEVER_ID) returned testDever
INFO : jdbc.resultset - 25. ResultSet.wasNull() returned false
INFO : jdbc.resultset - 25. ResultSet.getString(CUST_ID) returned testCust
INFO : jdbc.resultset - 25. ResultSet.wasNull() returned false
INFO : jdbc.resultset - 25. ResultSet.getInt(SQNO) returned 2
INFO : jdbc.resultset - 25. ResultSet.wasNull() returned false
INFO : jdbc.resultset - 25. ResultSet.getString(SET_TM) returned 000000
INFO : jdbc.resultset - 25. ResultSet.wasNull() returned false
INFO : jdbc.resultset - 25. ResultSet.getString(JOB_CD) returned testJobCd
INFO : jdbc.resultset - 25. ResultSet.wasNull() returned false
INFO : jdbc.resultset - 25. ResultSet.getString(CHK_YN) returned N
INFO : jdbc.resultset - 25. ResultSet.wasNull() returned false
INFO : jdbc.resultset - 25. ResultSet.getString(LST_CHK_TS) returned 00010101 000000.000000
INFO : jdbc.resultset - 25. ResultSet.wasNull() returned false
INFO : jdbc.resultset - 25. ResultSet.getString(WK_ITV_RULE) returned 1111100
INFO : jdbc.resultset - 25. ResultSet.wasNull() returned false
INFO : jdbc.resultset - 25. ResultSet.getString(ST_MTH) returned 01
INFO : jdbc.resultset - 25. ResultSet.wasNull() returned false
INFO : jdbc.resultset - 25. ResultSet.getString(ED_MTH) returned 12
INFO : jdbc.resultset - 25. ResultSet.wasNull() returned false
INFO : jdbc.resultset - 25. ResultSet.getString(DEL_YN) returned N
INFO : jdbc.resultset - 25. ResultSet.wasNull() returned false
INFO : jdbc.resultset - 25. ResultSet.getString(FST_PC_TS) returned 20180520 051821.030000
INFO : jdbc.resultset - 25. ResultSet.wasNull() returned false
INFO : jdbc.resultset - 25. ResultSet.getString(PC_TS) returned 20180520 051821.030000
INFO : jdbc.resultset - 25. ResultSet.wasNull() returned false
INFO : jdbc.resultset - 25. ResultSet.getInt(LUPD_CNT) returned 1
INFO : jdbc.resultset - 25. ResultSet.wasNull() returned false
INFO : jdbc.resultset - 25. ResultSet.next() returned true
INFO : jdbc.resultset - 25. ResultSet.getString(DEVER_ID) returned testDever
INFO : jdbc.resultset - 25. ResultSet.wasNull() returned false
INFO : jdbc.resultset - 25. ResultSet.getString(CUST_ID) returned testCust
INFO : jdbc.resultset - 25. ResultSet.wasNull() returned false
INFO : jdbc.resultset - 25. ResultSet.getInt(SQNO) returned 1
INFO : jdbc.resultset - 25. ResultSet.wasNull() returned false
INFO : jdbc.resultset - 25. ResultSet.getString(SET_TM) returned 000000
INFO : jdbc.resultset - 25. ResultSet.wasNull() returned false
INFO : jdbc.resultset - 25. ResultSet.getString(JOB_CD) returned testJobCd
INFO : jdbc.resultset - 25. ResultSet.wasNull() returned false
INFO : jdbc.resultset - 25. ResultSet.getString(CHK_YN) returned N
INFO : jdbc.resultset - 25. ResultSet.wasNull() returned false
INFO : jdbc.resultset - 25. ResultSet.getString(LST_CHK_TS) returned 00010101 000000.000000
INFO : jdbc.resultset - 25. ResultSet.wasNull() returned false
INFO : jdbc.resultset - 25. ResultSet.getString(WK_ITV_RULE) returned 1111100
INFO : jdbc.resultset - 25. ResultSet.wasNull() returned false
INFO : jdbc.resultset - 25. ResultSet.getString(ST_MTH) returned 01
INFO : jdbc.resultset - 25. ResultSet.wasNull() returned false
INFO : jdbc.resultset - 25. ResultSet.getString(ED_MTH) returned 12
INFO : jdbc.resultset - 25. ResultSet.wasNull() returned false
INFO : jdbc.resultset - 25. ResultSet.getString(DEL_YN) returned N
INFO : jdbc.resultset - 25. ResultSet.wasNull() returned false
INFO : jdbc.resultset - 25. ResultSet.getString(FST_PC_TS) returned 20180520 051429.333000
INFO : jdbc.resultset - 25. ResultSet.wasNull() returned false
INFO : jdbc.resultset - 25. ResultSet.getString(PC_TS) returned 20180520 051429.333000
INFO : jdbc.resultset - 25. ResultSet.wasNull() returned false
INFO : jdbc.resultset - 25. ResultSet.getInt(LUPD_CNT) returned 1
INFO : jdbc.resultset - 25. ResultSet.wasNull() returned false
INFO : jdbc.resultsettable - 
|----------|---------|-----|-------|----------|-------|-----------------------|------------|-------|-------|-------|-----------------------|-----------------------|---------|
|dever_id  |cust_id  |sqno |set_tm |job_cd    |chk_yn |lst_chk_ts             |wk_itv_rule |st_mth |ed_mth |del_yn |fst_pc_ts              |pc_ts                  |lupd_cnt |
|----------|---------|-----|-------|----------|-------|-----------------------|------------|-------|-------|-------|-----------------------|-----------------------|---------|
|testDever |testCust |2    |000000 |testJobCd |N      |00010101 000000.000000 |1111100     |01     |12     |N      |20180520 051821.030000 |20180520 051821.030000 |1        |
|testDever |testCust |1    |000000 |testJobCd |N      |00010101 000000.000000 |1111100     |01     |12     |N      |20180520 051429.333000 |20180520 051429.333000 |1        |
|----------|---------|-----|-------|----------|-------|-----------------------|------------|-------|-------|-------|-----------------------|-----------------------|---------|

INFO : jdbc.resultset - 25. ResultSet.next() returned false
INFO : jdbc.resultset - 25. ResultSet.close() returned void
INFO : jdbc.audit - 25. PreparedStatement.getConnection() returned net.sf.log4jdbc.sql.jdbcapi.ConnectionSpy@185fa6b
INFO : jdbc.audit - 25. Connection.getMetaData() returned oracle.jdbc.driver.OracleDatabaseMetaData@1366c9b
INFO : jdbc.audit - 25. PreparedStatement.close() returned 
INFO : jdbc.audit - 25. Connection.rollback() returned 
INFO : jdbc.audit - 25. Connection.setAutoCommit(true) returned 
INFO : jdbc.audit - 25. Connection.isReadOnly() returned false
INFO : jdbc.connection - 25. Connection closed
INFO : jdbc.audit - 25. Connection.close() returned 
INFO : org.springframework.test.context.transaction.TransactionContext - Rolled back transaction for test context [DefaultTestContext@78452d testClass = TestSrchJobSch, testInstance = com.pro.alarm.service.TestSrchJobSch@d3b1f5, testMethod = test1207_srchJobSch_orderByJobCd@TestSrchJobSch, testException = java.lang.AssertionError: ��ȸ�� �����Ͽ����ϴ�. expected:&lt;1&gt; but was:&lt;2&gt;, mergedContextConfiguration = [MergedContextConfiguration@1c25153 testClass = TestSrchJobSch, locations = &apos;{classpath:test-context.xml}&apos;, classes = &apos;{}&apos;, contextInitializerClasses = &apos;[]&apos;, activeProfiles = &apos;{}&apos;, propertySourceLocations = &apos;{}&apos;, propertySourceProperties = &apos;{}&apos;, contextCustomizers = set[[empty]], contextLoader = &apos;org.springframework.test.context.support.DelegatingSmartContextLoader&apos;, parent = [null]]].
INFO : jdbc.connection - 26. Connection opened
INFO : jdbc.audit - 26. Connection.new Connection returned 
INFO : jdbc.audit - 26. Connection.getAutoCommit() returned true
INFO : jdbc.audit - 26. PreparedStatement.new PreparedStatement returned 
INFO : jdbc.audit - 26. Connection.prepareStatement(DELETE 
		FROM    TS001_JOB_SCH 
		WHERE   DEVER_ID    = ?
		AND     CUST_ID     = ?
		AND     SQNO        = ?
		AND		LUPD_CNT	= ?) returned net.sf.log4jdbc.sql.jdbcapi.PreparedStatementSpy@faea88
INFO : jdbc.audit - 26. PreparedStatement.setString(1, &quot;testDever&quot;) returned 
INFO : jdbc.audit - 26. PreparedStatement.setString(2, &quot;testCust&quot;) returned 
INFO : jdbc.audit - 26. PreparedStatement.setInt(3, 2) returned 
INFO : jdbc.audit - 26. PreparedStatement.setInt(4, 1) returned 
INFO : jdbc.sqlonly - DELETE FROM TS001_JOB_SCH WHERE DEVER_ID = &apos;testDever&apos; AND CUST_ID = &apos;testCust&apos; AND SQNO = 
2 AND LUPD_CNT = 1 

INFO : jdbc.sqltiming - DELETE FROM TS001_JOB_SCH WHERE DEVER_ID = &apos;testDever&apos; AND CUST_ID = &apos;testCust&apos; AND SQNO = 
2 AND LUPD_CNT = 1 
 {executed in 0 msec}
INFO : jdbc.audit - 26. PreparedStatement.execute() returned false
INFO : jdbc.audit - 26. PreparedStatement.getUpdateCount() returned 1
INFO : jdbc.audit - 26. PreparedStatement.close() returned 
INFO : jdbc.connection - 26. Connection closed
INFO : jdbc.audit - 26. Connection.close() returned 
</system-out>
  </testcase>
  <testcase classname="com.pro.alarm.service.TestSrchJobSch" name="test1208_srchJobSch_orderByChkYn" time="0.063">
    <failure message="조회를 실패하였습니다. expected:&lt;1&gt; but was:&lt;2&gt;" type="java.lang.AssertionError">java.lang.AssertionError: 조회를 실패하였습니다. expected:&lt;1&gt; but was:&lt;2&gt;
	at org.junit.Assert.fail(Assert.java:88)
	at org.junit.Assert.failNotEquals(Assert.java:834)
	at org.junit.Assert.assertEquals(Assert.java:645)
	at com.pro.alarm.service.TestSrchJobSch.test1208_srchJobSch_orderByChkYn(TestSrchJobSch.java:161)
	at sun.reflect.NativeMethodAccessorImpl.invoke0(Native Method)
	at sun.reflect.NativeMethodAccessorImpl.invoke(NativeMethodAccessorImpl.java:62)
	at sun.reflect.DelegatingMethodAccessorImpl.invoke(DelegatingMethodAccessorImpl.java:43)
	at java.lang.reflect.Method.invoke(Method.java:497)
	at org.junit.runners.model.FrameworkMethod$1.runReflectiveCall(FrameworkMethod.java:50)
	at org.junit.internal.runners.model.ReflectiveCallable.run(ReflectiveCallable.java:12)
	at org.junit.runners.model.FrameworkMethod.invokeExplosively(FrameworkMethod.java:47)
	at org.junit.internal.runners.statements.InvokeMethod.evaluate(InvokeMethod.java:17)
	at org.springframework.test.context.junit4.statements.RunBeforeTestMethodCallbacks.evaluate(RunBeforeTestMethodCallbacks.java:75)
	at org.springframework.test.context.junit4.statements.RunAfterTestMethodCallbacks.evaluate(RunAfterTestMethodCallbacks.java:86)
	at org.junit.rules.ExpectedException$ExpectedExceptionStatement.evaluate(ExpectedException.java:239)
	at org.junit.rules.RunRules.evaluate(RunRules.java:20)
	at org.springframework.test.context.junit4.statements.SpringRepeat.evaluate(SpringRepeat.java:84)
	at org.junit.runners.ParentRunner.runLeaf(ParentRunner.java:325)
	at org.springframework.test.context.junit4.SpringJUnit4ClassRunner.runChild(SpringJUnit4ClassRunner.java:252)
	at org.springframework.test.context.junit4.SpringJUnit4ClassRunner.runChild(SpringJUnit4ClassRunner.java:94)
	at org.junit.runners.ParentRunner$3.run(ParentRunner.java:290)
	at org.junit.runners.ParentRunner$1.schedule(ParentRunner.java:71)
	at org.junit.runners.ParentRunner.runChildren(ParentRunner.java:288)
	at org.junit.runners.ParentRunner.access$000(ParentRunner.java:58)
	at org.junit.runners.ParentRunner$2.evaluate(ParentRunner.java:268)
	at org.springframework.test.context.junit4.statements.RunBeforeTestClassCallbacks.evaluate(RunBeforeTestClassCallbacks.java:61)
	at org.springframework.test.context.junit4.statements.RunAfterTestClassCallbacks.evaluate(RunAfterTestClassCallbacks.java:70)
	at org.junit.runners.ParentRunner.run(ParentRunner.java:363)
	at org.springframework.test.context.junit4.SpringJUnit4ClassRunner.run(SpringJUnit4ClassRunner.java:191)
	at org.apache.maven.surefire.junit4.JUnit4Provider.execute(JUnit4Provider.java:252)
	at org.apache.maven.surefire.junit4.JUnit4Provider.executeTestSet(JUnit4Provider.java:141)
	at org.apache.maven.surefire.junit4.JUnit4Provider.invoke(JUnit4Provider.java:112)
	at sun.reflect.NativeMethodAccessorImpl.invoke0(Native Method)
	at sun.reflect.NativeMethodAccessorImpl.invoke(NativeMethodAccessorImpl.java:62)
	at sun.reflect.DelegatingMethodAccessorImpl.invoke(DelegatingMethodAccessorImpl.java:43)
	at java.lang.reflect.Method.invoke(Method.java:497)
	at org.apache.maven.surefire.util.ReflectionUtils.invokeMethodWithArray(ReflectionUtils.java:189)
	at org.apache.maven.surefire.booter.ProviderFactory$ProviderProxy.invoke(ProviderFactory.java:165)
	at org.apache.maven.surefire.booter.ProviderFactory.invokeProvider(ProviderFactory.java:85)
	at org.apache.maven.surefire.booter.ForkedBooter.runSuitesInProcess(ForkedBooter.java:115)
	at org.apache.maven.surefire.booter.ForkedBooter.main(ForkedBooter.java:75)
</failure>
    <system-out>INFO : jdbc.connection - 27. Connection opened
INFO : jdbc.audit - 27. Connection.new Connection returned 
INFO : jdbc.audit - 27. Connection.getAutoCommit() returned true
INFO : jdbc.audit - 27. PreparedStatement.new PreparedStatement returned 
INFO : jdbc.audit - 27. Connection.prepareStatement(SELECT 	NVL(MAX(SQNO),0) + 1 AS SQNO 
		FROM 	TS001_JOB_SCH 
		WHERE 	DEVER_ID	= ?
		AND		CUST_ID		= ?) returned net.sf.log4jdbc.sql.jdbcapi.PreparedStatementSpy@13cb11
INFO : jdbc.audit - 27. PreparedStatement.setString(1, &quot;testDever&quot;) returned 
INFO : jdbc.audit - 27. PreparedStatement.setString(2, &quot;testCust&quot;) returned 
INFO : jdbc.sqlonly - SELECT NVL(MAX(SQNO),0) + 1 AS SQNO FROM TS001_JOB_SCH WHERE DEVER_ID = &apos;testDever&apos; AND CUST_ID 
= &apos;testCust&apos; 

INFO : jdbc.sqltiming - SELECT NVL(MAX(SQNO),0) + 1 AS SQNO FROM TS001_JOB_SCH WHERE DEVER_ID = &apos;testDever&apos; AND CUST_ID 
= &apos;testCust&apos; 
 {executed in 0 msec}
INFO : jdbc.audit - 27. PreparedStatement.execute() returned true
INFO : jdbc.resultset - 27. ResultSet.new ResultSet returned 
INFO : jdbc.audit - 27. PreparedStatement.getResultSet() returned net.sf.log4jdbc.sql.jdbcapi.ResultSetSpy@1cec031
INFO : jdbc.resultset - 27. ResultSet.getMetaData() returned oracle.jdbc.driver.OracleResultSetMetaData@1005f6c
INFO : jdbc.resultset - 27. ResultSet.getType() returned 1003
INFO : jdbc.resultset - 27. ResultSet.next() returned true
INFO : jdbc.resultset - 27. ResultSet.getInt(SQNO) returned 2
INFO : jdbc.resultset - 27. ResultSet.wasNull() returned false
INFO : jdbc.resultsettable - 
|-----|
|sqno |
|-----|
|2    |
|-----|

INFO : jdbc.resultset - 27. ResultSet.next() returned false
INFO : jdbc.resultset - 27. ResultSet.close() returned void
INFO : jdbc.audit - 27. PreparedStatement.getConnection() returned net.sf.log4jdbc.sql.jdbcapi.ConnectionSpy@f0fba8
INFO : jdbc.audit - 27. Connection.getMetaData() returned oracle.jdbc.driver.OracleDatabaseMetaData@5de5a4
INFO : jdbc.audit - 27. PreparedStatement.close() returned 
INFO : jdbc.audit - 27. PreparedStatement.new PreparedStatement returned 
INFO : jdbc.audit - 27. Connection.prepareStatement(INSERT INTO	TS001_JOB_SCH(
							  DEVER_ID 	   /*������ID	*/
							, CUST_ID	   /*��ID  */
							, SQNO		   /*�Ϸù�ȣ  */
							, SET_TM	   /*�����ð�  */
							, JOB_CD	   /*�۾��ڵ�  */
							, CHK_YN	   /*Ȯ�ο���  */
							, LST_CHK_TS   /*����Ȯ���Ͻ�*/
							 
							 
							 
							, DEL_YN	   /*��������  */
							, PC_TS		   /*ó���Ͻ�  */
							, FST_PC_TS	   /*����ó���Ͻ�*/
							, LUPD_CNT	   /*���������� */
							)
					VALUES(
							  ?
							, ?
							, ?
							, TO_TIMESTAMP(?,&apos;YYYYMMDD HH24MI&apos;)
							, ?
							, &apos;N&apos;
							, TO_TIMESTAMP(&apos;00010101 000000.000000&apos;,&apos;YYYYMMDD HH24MISS.FF6&apos;)
							 
							 
							 
							, &apos;N&apos;
							, SYSTIMESTAMP
							, SYSTIMESTAMP
							, 1
							)) returned net.sf.log4jdbc.sql.jdbcapi.PreparedStatementSpy@1ef6856
INFO : jdbc.audit - 27. PreparedStatement.setString(1, &quot;testDever&quot;) returned 
INFO : jdbc.audit - 27. PreparedStatement.setString(2, &quot;testCust&quot;) returned 
INFO : jdbc.audit - 27. PreparedStatement.setInt(3, 2) returned 
INFO : jdbc.audit - 27. PreparedStatement.setString(4, &quot;00010101 0000&quot;) returned 
INFO : jdbc.audit - 27. PreparedStatement.setString(5, &quot;testJobCd&quot;) returned 
INFO : jdbc.sqlonly - INSERT INTO TS001_JOB_SCH( DEVER_ID /*������ID */ , CUST_ID /*��ID */ , SQNO /*�Ϸù�ȣ */ , SET_TM 
/*�����ð� */ , JOB_CD /*�۾��ڵ� */ , CHK_YN /*Ȯ�ο��� */ , LST_CHK_TS /*����Ȯ���Ͻ�*/ , DEL_YN /*�������� */ 
, PC_TS /*ó���Ͻ� */ , FST_PC_TS /*����ó���Ͻ�*/ , LUPD_CNT /*���������� */ ) VALUES( &apos;testDever&apos; , &apos;testCust&apos; 
, 2 , TO_TIMESTAMP(&apos;00010101 0000&apos;,&apos;YYYYMMDD HH24MI&apos;) , &apos;testJobCd&apos; , &apos;N&apos; , TO_TIMESTAMP(&apos;00010101 
000000.000000&apos;,&apos;YYYYMMDD HH24MISS.FF6&apos;) , &apos;N&apos; , SYSTIMESTAMP , SYSTIMESTAMP , 1 ) 

INFO : jdbc.sqltiming - INSERT INTO TS001_JOB_SCH( DEVER_ID /*������ID */ , CUST_ID /*��ID */ , SQNO /*�Ϸù�ȣ */ , SET_TM 
/*�����ð� */ , JOB_CD /*�۾��ڵ� */ , CHK_YN /*Ȯ�ο��� */ , LST_CHK_TS /*����Ȯ���Ͻ�*/ , DEL_YN /*�������� */ 
, PC_TS /*ó���Ͻ� */ , FST_PC_TS /*����ó���Ͻ�*/ , LUPD_CNT /*���������� */ ) VALUES( &apos;testDever&apos; , &apos;testCust&apos; 
, 2 , TO_TIMESTAMP(&apos;00010101 0000&apos;,&apos;YYYYMMDD HH24MI&apos;) , &apos;testJobCd&apos; , &apos;N&apos; , TO_TIMESTAMP(&apos;00010101 
000000.000000&apos;,&apos;YYYYMMDD HH24MISS.FF6&apos;) , &apos;N&apos; , SYSTIMESTAMP , SYSTIMESTAMP , 1 ) 
 {executed in 0 msec}
INFO : jdbc.audit - 27. PreparedStatement.execute() returned false
INFO : jdbc.audit - 27. PreparedStatement.getUpdateCount() returned 1
INFO : jdbc.audit - 27. PreparedStatement.close() returned 
INFO : jdbc.connection - 27. Connection closed
INFO : jdbc.audit - 27. Connection.close() returned 
INFO : jdbc.connection - 28. Connection opened
INFO : jdbc.audit - 28. Connection.new Connection returned 
INFO : jdbc.audit - 28. Connection.getAutoCommit() returned true
INFO : jdbc.audit - 28. Connection.setAutoCommit(false) returned 
INFO : org.springframework.test.context.transaction.TransactionContext - Began transaction (1) for test context [DefaultTestContext@78452d testClass = TestSrchJobSch, testInstance = com.pro.alarm.service.TestSrchJobSch@648ce9, testMethod = test1208_srchJobSch_orderByChkYn@TestSrchJobSch, testException = [null], mergedContextConfiguration = [MergedContextConfiguration@1c25153 testClass = TestSrchJobSch, locations = &apos;{classpath:test-context.xml}&apos;, classes = &apos;{}&apos;, contextInitializerClasses = &apos;[]&apos;, activeProfiles = &apos;{}&apos;, propertySourceLocations = &apos;{}&apos;, propertySourceProperties = &apos;{}&apos;, contextCustomizers = set[[empty]], contextLoader = &apos;org.springframework.test.context.support.DelegatingSmartContextLoader&apos;, parent = [null]]]; transaction manager [org.springframework.jdbc.datasource.DataSourceTransactionManager@1bcd567]; rollback [true]
INFO : jdbc.audit - 28. Connection.getAutoCommit() returned false
INFO : jdbc.audit - 28. PreparedStatement.new PreparedStatement returned 
INFO : jdbc.audit - 28. Connection.prepareStatement(SELECT 	  DEVER_ID 	   												/*������ID*/
				, CUST_ID	  							 					/*��ID  */
				, SQNO		   												/*�Ϸù�ȣ  */
				, TO_CHAR(SET_TM,&apos;HH24MISS&apos;) AS SET_TM	   					/*�����ð�  */
				, JOB_CD	   												/*�۾��ڵ�  */
				, CHK_YN	   												/*Ȯ�ο���  */
				, TO_CHAR(LST_CHK_TS,&apos;YYYYMMDD HH24MISS.FF6&apos;) AS LST_CHK_TS /*����Ȯ���Ͻ�*/
				, WK_ITV_RULE                                               /*�ְ���Ģ*/
				, ST_MTH                                                    /*���ۿ�*/
				, ED_MTH                                                    /*�����*/
				, DEL_YN	   												/*��������  */
				, TO_CHAR(FST_PC_TS,&apos;YYYYMMDD HH24MISS.FF6&apos;) AS FST_PC_TS	/*����ó���Ͻ�*/
				, TO_CHAR(PC_TS,&apos;YYYYMMDD HH24MISS.FF6&apos;) AS PC_TS			/*ó���Ͻ�*/
				, LUPD_CNT	   												/*���������� */
		FROM	TS001_JOB_SCH
		WHERE	DEVER_ID 	= ?
		 
		 
		AND		PC_TS BETWEEN TO_TIMESTAMP(?,&apos;YYYYMMDD&apos;) AND TO_TIMESTAMP(?,&apos;YYYYMMDD&apos;)
		 
		 
		 
		ORDER BY
		 CHK_YN 
		  ASC) returned net.sf.log4jdbc.sql.jdbcapi.PreparedStatementSpy@1526469
INFO : jdbc.audit - 28. PreparedStatement.setString(1, &quot;testDever&quot;) returned 
INFO : jdbc.audit - 28. PreparedStatement.setString(2, &quot;20180519&quot;) returned 
INFO : jdbc.audit - 28. PreparedStatement.setString(3, &quot;20180521&quot;) returned 
INFO : jdbc.sqlonly - SELECT DEVER_ID /*������ID*/ , CUST_ID /*��ID */ , SQNO /*�Ϸù�ȣ */ , TO_CHAR(SET_TM,&apos;HH24MISS&apos;) 
AS SET_TM /*�����ð� */ , JOB_CD /*�۾��ڵ� */ , CHK_YN /*Ȯ�ο��� */ , TO_CHAR(LST_CHK_TS,&apos;YYYYMMDD HH24MISS.FF6&apos;) 
AS LST_CHK_TS /*����Ȯ���Ͻ�*/ , WK_ITV_RULE /*�ְ���Ģ*/ , ST_MTH /*���ۿ�*/ , ED_MTH /*�����*/ , DEL_YN 
/*�������� */ , TO_CHAR(FST_PC_TS,&apos;YYYYMMDD HH24MISS.FF6&apos;) AS FST_PC_TS /*����ó���Ͻ�*/ , TO_CHAR(PC_TS,&apos;YYYYMMDD 
HH24MISS.FF6&apos;) AS PC_TS /*ó���Ͻ�*/ , LUPD_CNT /*���������� */ FROM TS001_JOB_SCH WHERE DEVER_ID = 
&apos;testDever&apos; AND PC_TS BETWEEN TO_TIMESTAMP(&apos;20180519&apos;,&apos;YYYYMMDD&apos;) AND TO_TIMESTAMP(&apos;20180521&apos;,&apos;YYYYMMDD&apos;) 
ORDER BY CHK_YN ASC 

INFO : jdbc.sqltiming - SELECT DEVER_ID /*������ID*/ , CUST_ID /*��ID */ , SQNO /*�Ϸù�ȣ */ , TO_CHAR(SET_TM,&apos;HH24MISS&apos;) 
AS SET_TM /*�����ð� */ , JOB_CD /*�۾��ڵ� */ , CHK_YN /*Ȯ�ο��� */ , TO_CHAR(LST_CHK_TS,&apos;YYYYMMDD HH24MISS.FF6&apos;) 
AS LST_CHK_TS /*����Ȯ���Ͻ�*/ , WK_ITV_RULE /*�ְ���Ģ*/ , ST_MTH /*���ۿ�*/ , ED_MTH /*�����*/ , DEL_YN 
/*�������� */ , TO_CHAR(FST_PC_TS,&apos;YYYYMMDD HH24MISS.FF6&apos;) AS FST_PC_TS /*����ó���Ͻ�*/ , TO_CHAR(PC_TS,&apos;YYYYMMDD 
HH24MISS.FF6&apos;) AS PC_TS /*ó���Ͻ�*/ , LUPD_CNT /*���������� */ FROM TS001_JOB_SCH WHERE DEVER_ID = 
&apos;testDever&apos; AND PC_TS BETWEEN TO_TIMESTAMP(&apos;20180519&apos;,&apos;YYYYMMDD&apos;) AND TO_TIMESTAMP(&apos;20180521&apos;,&apos;YYYYMMDD&apos;) 
ORDER BY CHK_YN ASC 
 {executed in 0 msec}
INFO : jdbc.audit - 28. PreparedStatement.execute() returned true
INFO : jdbc.resultset - 28. ResultSet.new ResultSet returned 
INFO : jdbc.audit - 28. PreparedStatement.getResultSet() returned net.sf.log4jdbc.sql.jdbcapi.ResultSetSpy@14872f8
INFO : jdbc.resultset - 28. ResultSet.getMetaData() returned oracle.jdbc.driver.OracleResultSetMetaData@16ba13c
INFO : jdbc.resultset - 28. ResultSet.getType() returned 1003
INFO : jdbc.resultset - 28. ResultSet.next() returned true
INFO : jdbc.resultset - 28. ResultSet.getString(DEVER_ID) returned testDever
INFO : jdbc.resultset - 28. ResultSet.wasNull() returned false
INFO : jdbc.resultset - 28. ResultSet.getString(CUST_ID) returned testCust
INFO : jdbc.resultset - 28. ResultSet.wasNull() returned false
INFO : jdbc.resultset - 28. ResultSet.getInt(SQNO) returned 2
INFO : jdbc.resultset - 28. ResultSet.wasNull() returned false
INFO : jdbc.resultset - 28. ResultSet.getString(SET_TM) returned 000000
INFO : jdbc.resultset - 28. ResultSet.wasNull() returned false
INFO : jdbc.resultset - 28. ResultSet.getString(JOB_CD) returned testJobCd
INFO : jdbc.resultset - 28. ResultSet.wasNull() returned false
INFO : jdbc.resultset - 28. ResultSet.getString(CHK_YN) returned N
INFO : jdbc.resultset - 28. ResultSet.wasNull() returned false
INFO : jdbc.resultset - 28. ResultSet.getString(LST_CHK_TS) returned 00010101 000000.000000
INFO : jdbc.resultset - 28. ResultSet.wasNull() returned false
INFO : jdbc.resultset - 28. ResultSet.getString(WK_ITV_RULE) returned 1111100
INFO : jdbc.resultset - 28. ResultSet.wasNull() returned false
INFO : jdbc.resultset - 28. ResultSet.getString(ST_MTH) returned 01
INFO : jdbc.resultset - 28. ResultSet.wasNull() returned false
INFO : jdbc.resultset - 28. ResultSet.getString(ED_MTH) returned 12
INFO : jdbc.resultset - 28. ResultSet.wasNull() returned false
INFO : jdbc.resultset - 28. ResultSet.getString(DEL_YN) returned N
INFO : jdbc.resultset - 28. ResultSet.wasNull() returned false
INFO : jdbc.resultset - 28. ResultSet.getString(FST_PC_TS) returned 20180520 051821.093000
INFO : jdbc.resultset - 28. ResultSet.wasNull() returned false
INFO : jdbc.resultset - 28. ResultSet.getString(PC_TS) returned 20180520 051821.093000
INFO : jdbc.resultset - 28. ResultSet.wasNull() returned false
INFO : jdbc.resultset - 28. ResultSet.getInt(LUPD_CNT) returned 1
INFO : jdbc.resultset - 28. ResultSet.wasNull() returned false
INFO : jdbc.resultset - 28. ResultSet.next() returned true
INFO : jdbc.resultset - 28. ResultSet.getString(DEVER_ID) returned testDever
INFO : jdbc.resultset - 28. ResultSet.wasNull() returned false
INFO : jdbc.resultset - 28. ResultSet.getString(CUST_ID) returned testCust
INFO : jdbc.resultset - 28. ResultSet.wasNull() returned false
INFO : jdbc.resultset - 28. ResultSet.getInt(SQNO) returned 1
INFO : jdbc.resultset - 28. ResultSet.wasNull() returned false
INFO : jdbc.resultset - 28. ResultSet.getString(SET_TM) returned 000000
INFO : jdbc.resultset - 28. ResultSet.wasNull() returned false
INFO : jdbc.resultset - 28. ResultSet.getString(JOB_CD) returned testJobCd
INFO : jdbc.resultset - 28. ResultSet.wasNull() returned false
INFO : jdbc.resultset - 28. ResultSet.getString(CHK_YN) returned N
INFO : jdbc.resultset - 28. ResultSet.wasNull() returned false
INFO : jdbc.resultset - 28. ResultSet.getString(LST_CHK_TS) returned 00010101 000000.000000
INFO : jdbc.resultset - 28. ResultSet.wasNull() returned false
INFO : jdbc.resultset - 28. ResultSet.getString(WK_ITV_RULE) returned 1111100
INFO : jdbc.resultset - 28. ResultSet.wasNull() returned false
INFO : jdbc.resultset - 28. ResultSet.getString(ST_MTH) returned 01
INFO : jdbc.resultset - 28. ResultSet.wasNull() returned false
INFO : jdbc.resultset - 28. ResultSet.getString(ED_MTH) returned 12
INFO : jdbc.resultset - 28. ResultSet.wasNull() returned false
INFO : jdbc.resultset - 28. ResultSet.getString(DEL_YN) returned N
INFO : jdbc.resultset - 28. ResultSet.wasNull() returned false
INFO : jdbc.resultset - 28. ResultSet.getString(FST_PC_TS) returned 20180520 051429.333000
INFO : jdbc.resultset - 28. ResultSet.wasNull() returned false
INFO : jdbc.resultset - 28. ResultSet.getString(PC_TS) returned 20180520 051429.333000
INFO : jdbc.resultset - 28. ResultSet.wasNull() returned false
INFO : jdbc.resultset - 28. ResultSet.getInt(LUPD_CNT) returned 1
INFO : jdbc.resultset - 28. ResultSet.wasNull() returned false
INFO : jdbc.resultsettable - 
|----------|---------|-----|-------|----------|-------|-----------------------|------------|-------|-------|-------|-----------------------|-----------------------|---------|
|dever_id  |cust_id  |sqno |set_tm |job_cd    |chk_yn |lst_chk_ts             |wk_itv_rule |st_mth |ed_mth |del_yn |fst_pc_ts              |pc_ts                  |lupd_cnt |
|----------|---------|-----|-------|----------|-------|-----------------------|------------|-------|-------|-------|-----------------------|-----------------------|---------|
|testDever |testCust |2    |000000 |testJobCd |N      |00010101 000000.000000 |1111100     |01     |12     |N      |20180520 051821.093000 |20180520 051821.093000 |1        |
|testDever |testCust |1    |000000 |testJobCd |N      |00010101 000000.000000 |1111100     |01     |12     |N      |20180520 051429.333000 |20180520 051429.333000 |1        |
|----------|---------|-----|-------|----------|-------|-----------------------|------------|-------|-------|-------|-----------------------|-----------------------|---------|

INFO : jdbc.resultset - 28. ResultSet.next() returned false
INFO : jdbc.resultset - 28. ResultSet.close() returned void
INFO : jdbc.audit - 28. PreparedStatement.getConnection() returned net.sf.log4jdbc.sql.jdbcapi.ConnectionSpy@b6449b
INFO : jdbc.audit - 28. Connection.getMetaData() returned oracle.jdbc.driver.OracleDatabaseMetaData@351808
INFO : jdbc.audit - 28. PreparedStatement.close() returned 
INFO : jdbc.audit - 28. Connection.rollback() returned 
INFO : jdbc.audit - 28. Connection.setAutoCommit(true) returned 
INFO : jdbc.audit - 28. Connection.isReadOnly() returned false
INFO : jdbc.connection - 28. Connection closed
INFO : jdbc.audit - 28. Connection.close() returned 
INFO : org.springframework.test.context.transaction.TransactionContext - Rolled back transaction for test context [DefaultTestContext@78452d testClass = TestSrchJobSch, testInstance = com.pro.alarm.service.TestSrchJobSch@648ce9, testMethod = test1208_srchJobSch_orderByChkYn@TestSrchJobSch, testException = java.lang.AssertionError: ��ȸ�� �����Ͽ����ϴ�. expected:&lt;1&gt; but was:&lt;2&gt;, mergedContextConfiguration = [MergedContextConfiguration@1c25153 testClass = TestSrchJobSch, locations = &apos;{classpath:test-context.xml}&apos;, classes = &apos;{}&apos;, contextInitializerClasses = &apos;[]&apos;, activeProfiles = &apos;{}&apos;, propertySourceLocations = &apos;{}&apos;, propertySourceProperties = &apos;{}&apos;, contextCustomizers = set[[empty]], contextLoader = &apos;org.springframework.test.context.support.DelegatingSmartContextLoader&apos;, parent = [null]]].
INFO : jdbc.connection - 29. Connection opened
INFO : jdbc.audit - 29. Connection.new Connection returned 
INFO : jdbc.audit - 29. Connection.getAutoCommit() returned true
INFO : jdbc.audit - 29. PreparedStatement.new PreparedStatement returned 
INFO : jdbc.audit - 29. Connection.prepareStatement(DELETE 
		FROM    TS001_JOB_SCH 
		WHERE   DEVER_ID    = ?
		AND     CUST_ID     = ?
		AND     SQNO        = ?
		AND		LUPD_CNT	= ?) returned net.sf.log4jdbc.sql.jdbcapi.PreparedStatementSpy@b64ab8
INFO : jdbc.audit - 29. PreparedStatement.setString(1, &quot;testDever&quot;) returned 
INFO : jdbc.audit - 29. PreparedStatement.setString(2, &quot;testCust&quot;) returned 
INFO : jdbc.audit - 29. PreparedStatement.setInt(3, 2) returned 
INFO : jdbc.audit - 29. PreparedStatement.setInt(4, 1) returned 
INFO : jdbc.sqlonly - DELETE FROM TS001_JOB_SCH WHERE DEVER_ID = &apos;testDever&apos; AND CUST_ID = &apos;testCust&apos; AND SQNO = 
2 AND LUPD_CNT = 1 

INFO : jdbc.sqltiming - DELETE FROM TS001_JOB_SCH WHERE DEVER_ID = &apos;testDever&apos; AND CUST_ID = &apos;testCust&apos; AND SQNO = 
2 AND LUPD_CNT = 1 
 {executed in 0 msec}
INFO : jdbc.audit - 29. PreparedStatement.execute() returned false
INFO : jdbc.audit - 29. PreparedStatement.getUpdateCount() returned 1
INFO : jdbc.audit - 29. PreparedStatement.close() returned 
INFO : jdbc.connection - 29. Connection closed
INFO : jdbc.audit - 29. Connection.close() returned 
</system-out>
  </testcase>
  <testcase classname="com.pro.alarm.service.TestSrchJobSch" name="test1209_srchJobSch_orderByCustId" time="0.062">
    <failure message="조회를 실패하였습니다. expected:&lt;1&gt; but was:&lt;2&gt;" type="java.lang.AssertionError">java.lang.AssertionError: 조회를 실패하였습니다. expected:&lt;1&gt; but was:&lt;2&gt;
	at org.junit.Assert.fail(Assert.java:88)
	at org.junit.Assert.failNotEquals(Assert.java:834)
	at org.junit.Assert.assertEquals(Assert.java:645)
	at com.pro.alarm.service.TestSrchJobSch.test1209_srchJobSch_orderByCustId(TestSrchJobSch.java:173)
	at sun.reflect.NativeMethodAccessorImpl.invoke0(Native Method)
	at sun.reflect.NativeMethodAccessorImpl.invoke(NativeMethodAccessorImpl.java:62)
	at sun.reflect.DelegatingMethodAccessorImpl.invoke(DelegatingMethodAccessorImpl.java:43)
	at java.lang.reflect.Method.invoke(Method.java:497)
	at org.junit.runners.model.FrameworkMethod$1.runReflectiveCall(FrameworkMethod.java:50)
	at org.junit.internal.runners.model.ReflectiveCallable.run(ReflectiveCallable.java:12)
	at org.junit.runners.model.FrameworkMethod.invokeExplosively(FrameworkMethod.java:47)
	at org.junit.internal.runners.statements.InvokeMethod.evaluate(InvokeMethod.java:17)
	at org.springframework.test.context.junit4.statements.RunBeforeTestMethodCallbacks.evaluate(RunBeforeTestMethodCallbacks.java:75)
	at org.springframework.test.context.junit4.statements.RunAfterTestMethodCallbacks.evaluate(RunAfterTestMethodCallbacks.java:86)
	at org.junit.rules.ExpectedException$ExpectedExceptionStatement.evaluate(ExpectedException.java:239)
	at org.junit.rules.RunRules.evaluate(RunRules.java:20)
	at org.springframework.test.context.junit4.statements.SpringRepeat.evaluate(SpringRepeat.java:84)
	at org.junit.runners.ParentRunner.runLeaf(ParentRunner.java:325)
	at org.springframework.test.context.junit4.SpringJUnit4ClassRunner.runChild(SpringJUnit4ClassRunner.java:252)
	at org.springframework.test.context.junit4.SpringJUnit4ClassRunner.runChild(SpringJUnit4ClassRunner.java:94)
	at org.junit.runners.ParentRunner$3.run(ParentRunner.java:290)
	at org.junit.runners.ParentRunner$1.schedule(ParentRunner.java:71)
	at org.junit.runners.ParentRunner.runChildren(ParentRunner.java:288)
	at org.junit.runners.ParentRunner.access$000(ParentRunner.java:58)
	at org.junit.runners.ParentRunner$2.evaluate(ParentRunner.java:268)
	at org.springframework.test.context.junit4.statements.RunBeforeTestClassCallbacks.evaluate(RunBeforeTestClassCallbacks.java:61)
	at org.springframework.test.context.junit4.statements.RunAfterTestClassCallbacks.evaluate(RunAfterTestClassCallbacks.java:70)
	at org.junit.runners.ParentRunner.run(ParentRunner.java:363)
	at org.springframework.test.context.junit4.SpringJUnit4ClassRunner.run(SpringJUnit4ClassRunner.java:191)
	at org.apache.maven.surefire.junit4.JUnit4Provider.execute(JUnit4Provider.java:252)
	at org.apache.maven.surefire.junit4.JUnit4Provider.executeTestSet(JUnit4Provider.java:141)
	at org.apache.maven.surefire.junit4.JUnit4Provider.invoke(JUnit4Provider.java:112)
	at sun.reflect.NativeMethodAccessorImpl.invoke0(Native Method)
	at sun.reflect.NativeMethodAccessorImpl.invoke(NativeMethodAccessorImpl.java:62)
	at sun.reflect.DelegatingMethodAccessorImpl.invoke(DelegatingMethodAccessorImpl.java:43)
	at java.lang.reflect.Method.invoke(Method.java:497)
	at org.apache.maven.surefire.util.ReflectionUtils.invokeMethodWithArray(ReflectionUtils.java:189)
	at org.apache.maven.surefire.booter.ProviderFactory$ProviderProxy.invoke(ProviderFactory.java:165)
	at org.apache.maven.surefire.booter.ProviderFactory.invokeProvider(ProviderFactory.java:85)
	at org.apache.maven.surefire.booter.ForkedBooter.runSuitesInProcess(ForkedBooter.java:115)
	at org.apache.maven.surefire.booter.ForkedBooter.main(ForkedBooter.java:75)
</failure>
    <system-out>INFO : jdbc.connection - 30. Connection opened
INFO : jdbc.audit - 30. Connection.new Connection returned 
INFO : jdbc.audit - 30. Connection.getAutoCommit() returned true
INFO : jdbc.audit - 30. PreparedStatement.new PreparedStatement returned 
INFO : jdbc.audit - 30. Connection.prepareStatement(SELECT 	NVL(MAX(SQNO),0) + 1 AS SQNO 
		FROM 	TS001_JOB_SCH 
		WHERE 	DEVER_ID	= ?
		AND		CUST_ID		= ?) returned net.sf.log4jdbc.sql.jdbcapi.PreparedStatementSpy@19988b0
INFO : jdbc.audit - 30. PreparedStatement.setString(1, &quot;testDever&quot;) returned 
INFO : jdbc.audit - 30. PreparedStatement.setString(2, &quot;testCust&quot;) returned 
INFO : jdbc.sqlonly - SELECT NVL(MAX(SQNO),0) + 1 AS SQNO FROM TS001_JOB_SCH WHERE DEVER_ID = &apos;testDever&apos; AND CUST_ID 
= &apos;testCust&apos; 

INFO : jdbc.sqltiming - SELECT NVL(MAX(SQNO),0) + 1 AS SQNO FROM TS001_JOB_SCH WHERE DEVER_ID = &apos;testDever&apos; AND CUST_ID 
= &apos;testCust&apos; 
 {executed in 0 msec}
INFO : jdbc.audit - 30. PreparedStatement.execute() returned true
INFO : jdbc.resultset - 30. ResultSet.new ResultSet returned 
INFO : jdbc.audit - 30. PreparedStatement.getResultSet() returned net.sf.log4jdbc.sql.jdbcapi.ResultSetSpy@15ae57e
INFO : jdbc.resultset - 30. ResultSet.getMetaData() returned oracle.jdbc.driver.OracleResultSetMetaData@759011
INFO : jdbc.resultset - 30. ResultSet.getType() returned 1003
INFO : jdbc.resultset - 30. ResultSet.next() returned true
INFO : jdbc.resultset - 30. ResultSet.getInt(SQNO) returned 2
INFO : jdbc.resultset - 30. ResultSet.wasNull() returned false
INFO : jdbc.resultsettable - 
|-----|
|sqno |
|-----|
|2    |
|-----|

INFO : jdbc.resultset - 30. ResultSet.next() returned false
INFO : jdbc.resultset - 30. ResultSet.close() returned void
INFO : jdbc.audit - 30. PreparedStatement.getConnection() returned net.sf.log4jdbc.sql.jdbcapi.ConnectionSpy@105f031
INFO : jdbc.audit - 30. Connection.getMetaData() returned oracle.jdbc.driver.OracleDatabaseMetaData@12e843a
INFO : jdbc.audit - 30. PreparedStatement.close() returned 
INFO : jdbc.audit - 30. PreparedStatement.new PreparedStatement returned 
INFO : jdbc.audit - 30. Connection.prepareStatement(INSERT INTO	TS001_JOB_SCH(
							  DEVER_ID 	   /*������ID	*/
							, CUST_ID	   /*��ID  */
							, SQNO		   /*�Ϸù�ȣ  */
							, SET_TM	   /*�����ð�  */
							, JOB_CD	   /*�۾��ڵ�  */
							, CHK_YN	   /*Ȯ�ο���  */
							, LST_CHK_TS   /*����Ȯ���Ͻ�*/
							 
							 
							 
							, DEL_YN	   /*��������  */
							, PC_TS		   /*ó���Ͻ�  */
							, FST_PC_TS	   /*����ó���Ͻ�*/
							, LUPD_CNT	   /*���������� */
							)
					VALUES(
							  ?
							, ?
							, ?
							, TO_TIMESTAMP(?,&apos;YYYYMMDD HH24MI&apos;)
							, ?
							, &apos;N&apos;
							, TO_TIMESTAMP(&apos;00010101 000000.000000&apos;,&apos;YYYYMMDD HH24MISS.FF6&apos;)
							 
							 
							 
							, &apos;N&apos;
							, SYSTIMESTAMP
							, SYSTIMESTAMP
							, 1
							)) returned net.sf.log4jdbc.sql.jdbcapi.PreparedStatementSpy@11f7216
INFO : jdbc.audit - 30. PreparedStatement.setString(1, &quot;testDever&quot;) returned 
INFO : jdbc.audit - 30. PreparedStatement.setString(2, &quot;testCust&quot;) returned 
INFO : jdbc.audit - 30. PreparedStatement.setInt(3, 2) returned 
INFO : jdbc.audit - 30. PreparedStatement.setString(4, &quot;00010101 0000&quot;) returned 
INFO : jdbc.audit - 30. PreparedStatement.setString(5, &quot;testJobCd&quot;) returned 
INFO : jdbc.sqlonly - INSERT INTO TS001_JOB_SCH( DEVER_ID /*������ID */ , CUST_ID /*��ID */ , SQNO /*�Ϸù�ȣ */ , SET_TM 
/*�����ð� */ , JOB_CD /*�۾��ڵ� */ , CHK_YN /*Ȯ�ο��� */ , LST_CHK_TS /*����Ȯ���Ͻ�*/ , DEL_YN /*�������� */ 
, PC_TS /*ó���Ͻ� */ , FST_PC_TS /*����ó���Ͻ�*/ , LUPD_CNT /*���������� */ ) VALUES( &apos;testDever&apos; , &apos;testCust&apos; 
, 2 , TO_TIMESTAMP(&apos;00010101 0000&apos;,&apos;YYYYMMDD HH24MI&apos;) , &apos;testJobCd&apos; , &apos;N&apos; , TO_TIMESTAMP(&apos;00010101 
000000.000000&apos;,&apos;YYYYMMDD HH24MISS.FF6&apos;) , &apos;N&apos; , SYSTIMESTAMP , SYSTIMESTAMP , 1 ) 

INFO : jdbc.sqltiming - INSERT INTO TS001_JOB_SCH( DEVER_ID /*������ID */ , CUST_ID /*��ID */ , SQNO /*�Ϸù�ȣ */ , SET_TM 
/*�����ð� */ , JOB_CD /*�۾��ڵ� */ , CHK_YN /*Ȯ�ο��� */ , LST_CHK_TS /*����Ȯ���Ͻ�*/ , DEL_YN /*�������� */ 
, PC_TS /*ó���Ͻ� */ , FST_PC_TS /*����ó���Ͻ�*/ , LUPD_CNT /*���������� */ ) VALUES( &apos;testDever&apos; , &apos;testCust&apos; 
, 2 , TO_TIMESTAMP(&apos;00010101 0000&apos;,&apos;YYYYMMDD HH24MI&apos;) , &apos;testJobCd&apos; , &apos;N&apos; , TO_TIMESTAMP(&apos;00010101 
000000.000000&apos;,&apos;YYYYMMDD HH24MISS.FF6&apos;) , &apos;N&apos; , SYSTIMESTAMP , SYSTIMESTAMP , 1 ) 
 {executed in 0 msec}
INFO : jdbc.audit - 30. PreparedStatement.execute() returned false
INFO : jdbc.audit - 30. PreparedStatement.getUpdateCount() returned 1
INFO : jdbc.audit - 30. PreparedStatement.close() returned 
INFO : jdbc.connection - 30. Connection closed
INFO : jdbc.audit - 30. Connection.close() returned 
INFO : jdbc.connection - 31. Connection opened
INFO : jdbc.audit - 31. Connection.new Connection returned 
INFO : jdbc.audit - 31. Connection.getAutoCommit() returned true
INFO : jdbc.audit - 31. Connection.setAutoCommit(false) returned 
INFO : org.springframework.test.context.transaction.TransactionContext - Began transaction (1) for test context [DefaultTestContext@78452d testClass = TestSrchJobSch, testInstance = com.pro.alarm.service.TestSrchJobSch@16b8b5, testMethod = test1209_srchJobSch_orderByCustId@TestSrchJobSch, testException = [null], mergedContextConfiguration = [MergedContextConfiguration@1c25153 testClass = TestSrchJobSch, locations = &apos;{classpath:test-context.xml}&apos;, classes = &apos;{}&apos;, contextInitializerClasses = &apos;[]&apos;, activeProfiles = &apos;{}&apos;, propertySourceLocations = &apos;{}&apos;, propertySourceProperties = &apos;{}&apos;, contextCustomizers = set[[empty]], contextLoader = &apos;org.springframework.test.context.support.DelegatingSmartContextLoader&apos;, parent = [null]]]; transaction manager [org.springframework.jdbc.datasource.DataSourceTransactionManager@1bcd567]; rollback [true]
INFO : jdbc.audit - 31. Connection.getAutoCommit() returned false
INFO : jdbc.audit - 31. PreparedStatement.new PreparedStatement returned 
INFO : jdbc.audit - 31. Connection.prepareStatement(SELECT 	  DEVER_ID 	   												/*������ID*/
				, CUST_ID	  							 					/*��ID  */
				, SQNO		   												/*�Ϸù�ȣ  */
				, TO_CHAR(SET_TM,&apos;HH24MISS&apos;) AS SET_TM	   					/*�����ð�  */
				, JOB_CD	   												/*�۾��ڵ�  */
				, CHK_YN	   												/*Ȯ�ο���  */
				, TO_CHAR(LST_CHK_TS,&apos;YYYYMMDD HH24MISS.FF6&apos;) AS LST_CHK_TS /*����Ȯ���Ͻ�*/
				, WK_ITV_RULE                                               /*�ְ���Ģ*/
				, ST_MTH                                                    /*���ۿ�*/
				, ED_MTH                                                    /*�����*/
				, DEL_YN	   												/*��������  */
				, TO_CHAR(FST_PC_TS,&apos;YYYYMMDD HH24MISS.FF6&apos;) AS FST_PC_TS	/*����ó���Ͻ�*/
				, TO_CHAR(PC_TS,&apos;YYYYMMDD HH24MISS.FF6&apos;) AS PC_TS			/*ó���Ͻ�*/
				, LUPD_CNT	   												/*���������� */
		FROM	TS001_JOB_SCH
		WHERE	DEVER_ID 	= ?
		 
		 
		AND		PC_TS BETWEEN TO_TIMESTAMP(?,&apos;YYYYMMDD&apos;) AND TO_TIMESTAMP(?,&apos;YYYYMMDD&apos;)
		 
		 
		 
		ORDER BY
		 CUST_ID 
		  DESC) returned net.sf.log4jdbc.sql.jdbcapi.PreparedStatementSpy@1ddbbbb
INFO : jdbc.audit - 31. PreparedStatement.setString(1, &quot;testDever&quot;) returned 
INFO : jdbc.audit - 31. PreparedStatement.setString(2, &quot;20180519&quot;) returned 
INFO : jdbc.audit - 31. PreparedStatement.setString(3, &quot;20180521&quot;) returned 
INFO : jdbc.sqlonly - SELECT DEVER_ID /*������ID*/ , CUST_ID /*��ID */ , SQNO /*�Ϸù�ȣ */ , TO_CHAR(SET_TM,&apos;HH24MISS&apos;) 
AS SET_TM /*�����ð� */ , JOB_CD /*�۾��ڵ� */ , CHK_YN /*Ȯ�ο��� */ , TO_CHAR(LST_CHK_TS,&apos;YYYYMMDD HH24MISS.FF6&apos;) 
AS LST_CHK_TS /*����Ȯ���Ͻ�*/ , WK_ITV_RULE /*�ְ���Ģ*/ , ST_MTH /*���ۿ�*/ , ED_MTH /*�����*/ , DEL_YN 
/*�������� */ , TO_CHAR(FST_PC_TS,&apos;YYYYMMDD HH24MISS.FF6&apos;) AS FST_PC_TS /*����ó���Ͻ�*/ , TO_CHAR(PC_TS,&apos;YYYYMMDD 
HH24MISS.FF6&apos;) AS PC_TS /*ó���Ͻ�*/ , LUPD_CNT /*���������� */ FROM TS001_JOB_SCH WHERE DEVER_ID = 
&apos;testDever&apos; AND PC_TS BETWEEN TO_TIMESTAMP(&apos;20180519&apos;,&apos;YYYYMMDD&apos;) AND TO_TIMESTAMP(&apos;20180521&apos;,&apos;YYYYMMDD&apos;) 
ORDER BY CUST_ID DESC 

INFO : jdbc.sqltiming - SELECT DEVER_ID /*������ID*/ , CUST_ID /*��ID */ , SQNO /*�Ϸù�ȣ */ , TO_CHAR(SET_TM,&apos;HH24MISS&apos;) 
AS SET_TM /*�����ð� */ , JOB_CD /*�۾��ڵ� */ , CHK_YN /*Ȯ�ο��� */ , TO_CHAR(LST_CHK_TS,&apos;YYYYMMDD HH24MISS.FF6&apos;) 
AS LST_CHK_TS /*����Ȯ���Ͻ�*/ , WK_ITV_RULE /*�ְ���Ģ*/ , ST_MTH /*���ۿ�*/ , ED_MTH /*�����*/ , DEL_YN 
/*�������� */ , TO_CHAR(FST_PC_TS,&apos;YYYYMMDD HH24MISS.FF6&apos;) AS FST_PC_TS /*����ó���Ͻ�*/ , TO_CHAR(PC_TS,&apos;YYYYMMDD 
HH24MISS.FF6&apos;) AS PC_TS /*ó���Ͻ�*/ , LUPD_CNT /*���������� */ FROM TS001_JOB_SCH WHERE DEVER_ID = 
&apos;testDever&apos; AND PC_TS BETWEEN TO_TIMESTAMP(&apos;20180519&apos;,&apos;YYYYMMDD&apos;) AND TO_TIMESTAMP(&apos;20180521&apos;,&apos;YYYYMMDD&apos;) 
ORDER BY CUST_ID DESC 
 {executed in 0 msec}
INFO : jdbc.audit - 31. PreparedStatement.execute() returned true
INFO : jdbc.resultset - 31. ResultSet.new ResultSet returned 
INFO : jdbc.audit - 31. PreparedStatement.getResultSet() returned net.sf.log4jdbc.sql.jdbcapi.ResultSetSpy@136602f
INFO : jdbc.resultset - 31. ResultSet.getMetaData() returned oracle.jdbc.driver.OracleResultSetMetaData@bea12c
INFO : jdbc.resultset - 31. ResultSet.getType() returned 1003
INFO : jdbc.resultset - 31. ResultSet.next() returned true
INFO : jdbc.resultset - 31. ResultSet.getString(DEVER_ID) returned testDever
INFO : jdbc.resultset - 31. ResultSet.wasNull() returned false
INFO : jdbc.resultset - 31. ResultSet.getString(CUST_ID) returned testCust
INFO : jdbc.resultset - 31. ResultSet.wasNull() returned false
INFO : jdbc.resultset - 31. ResultSet.getInt(SQNO) returned 2
INFO : jdbc.resultset - 31. ResultSet.wasNull() returned false
INFO : jdbc.resultset - 31. ResultSet.getString(SET_TM) returned 000000
INFO : jdbc.resultset - 31. ResultSet.wasNull() returned false
INFO : jdbc.resultset - 31. ResultSet.getString(JOB_CD) returned testJobCd
INFO : jdbc.resultset - 31. ResultSet.wasNull() returned false
INFO : jdbc.resultset - 31. ResultSet.getString(CHK_YN) returned N
INFO : jdbc.resultset - 31. ResultSet.wasNull() returned false
INFO : jdbc.resultset - 31. ResultSet.getString(LST_CHK_TS) returned 00010101 000000.000000
INFO : jdbc.resultset - 31. ResultSet.wasNull() returned false
INFO : jdbc.resultset - 31. ResultSet.getString(WK_ITV_RULE) returned 1111100
INFO : jdbc.resultset - 31. ResultSet.wasNull() returned false
INFO : jdbc.resultset - 31. ResultSet.getString(ST_MTH) returned 01
INFO : jdbc.resultset - 31. ResultSet.wasNull() returned false
INFO : jdbc.resultset - 31. ResultSet.getString(ED_MTH) returned 12
INFO : jdbc.resultset - 31. ResultSet.wasNull() returned false
INFO : jdbc.resultset - 31. ResultSet.getString(DEL_YN) returned N
INFO : jdbc.resultset - 31. ResultSet.wasNull() returned false
INFO : jdbc.resultset - 31. ResultSet.getString(FST_PC_TS) returned 20180520 051821.155000
INFO : jdbc.resultset - 31. ResultSet.wasNull() returned false
INFO : jdbc.resultset - 31. ResultSet.getString(PC_TS) returned 20180520 051821.155000
INFO : jdbc.resultset - 31. ResultSet.wasNull() returned false
INFO : jdbc.resultset - 31. ResultSet.getInt(LUPD_CNT) returned 1
INFO : jdbc.resultset - 31. ResultSet.wasNull() returned false
INFO : jdbc.resultset - 31. ResultSet.next() returned true
INFO : jdbc.resultset - 31. ResultSet.getString(DEVER_ID) returned testDever
INFO : jdbc.resultset - 31. ResultSet.wasNull() returned false
INFO : jdbc.resultset - 31. ResultSet.getString(CUST_ID) returned testCust
INFO : jdbc.resultset - 31. ResultSet.wasNull() returned false
INFO : jdbc.resultset - 31. ResultSet.getInt(SQNO) returned 1
INFO : jdbc.resultset - 31. ResultSet.wasNull() returned false
INFO : jdbc.resultset - 31. ResultSet.getString(SET_TM) returned 000000
INFO : jdbc.resultset - 31. ResultSet.wasNull() returned false
INFO : jdbc.resultset - 31. ResultSet.getString(JOB_CD) returned testJobCd
INFO : jdbc.resultset - 31. ResultSet.wasNull() returned false
INFO : jdbc.resultset - 31. ResultSet.getString(CHK_YN) returned N
INFO : jdbc.resultset - 31. ResultSet.wasNull() returned false
INFO : jdbc.resultset - 31. ResultSet.getString(LST_CHK_TS) returned 00010101 000000.000000
INFO : jdbc.resultset - 31. ResultSet.wasNull() returned false
INFO : jdbc.resultset - 31. ResultSet.getString(WK_ITV_RULE) returned 1111100
INFO : jdbc.resultset - 31. ResultSet.wasNull() returned false
INFO : jdbc.resultset - 31. ResultSet.getString(ST_MTH) returned 01
INFO : jdbc.resultset - 31. ResultSet.wasNull() returned false
INFO : jdbc.resultset - 31. ResultSet.getString(ED_MTH) returned 12
INFO : jdbc.resultset - 31. ResultSet.wasNull() returned false
INFO : jdbc.resultset - 31. ResultSet.getString(DEL_YN) returned N
INFO : jdbc.resultset - 31. ResultSet.wasNull() returned false
INFO : jdbc.resultset - 31. ResultSet.getString(FST_PC_TS) returned 20180520 051429.333000
INFO : jdbc.resultset - 31. ResultSet.wasNull() returned false
INFO : jdbc.resultset - 31. ResultSet.getString(PC_TS) returned 20180520 051429.333000
INFO : jdbc.resultset - 31. ResultSet.wasNull() returned false
INFO : jdbc.resultset - 31. ResultSet.getInt(LUPD_CNT) returned 1
INFO : jdbc.resultset - 31. ResultSet.wasNull() returned false
INFO : jdbc.resultsettable - 
|----------|---------|-----|-------|----------|-------|-----------------------|------------|-------|-------|-------|-----------------------|-----------------------|---------|
|dever_id  |cust_id  |sqno |set_tm |job_cd    |chk_yn |lst_chk_ts             |wk_itv_rule |st_mth |ed_mth |del_yn |fst_pc_ts              |pc_ts                  |lupd_cnt |
|----------|---------|-----|-------|----------|-------|-----------------------|------------|-------|-------|-------|-----------------------|-----------------------|---------|
|testDever |testCust |2    |000000 |testJobCd |N      |00010101 000000.000000 |1111100     |01     |12     |N      |20180520 051821.155000 |20180520 051821.155000 |1        |
|testDever |testCust |1    |000000 |testJobCd |N      |00010101 000000.000000 |1111100     |01     |12     |N      |20180520 051429.333000 |20180520 051429.333000 |1        |
|----------|---------|-----|-------|----------|-------|-----------------------|------------|-------|-------|-------|-----------------------|-----------------------|---------|

INFO : jdbc.resultset - 31. ResultSet.next() returned false
INFO : jdbc.resultset - 31. ResultSet.close() returned void
INFO : jdbc.audit - 31. PreparedStatement.getConnection() returned net.sf.log4jdbc.sql.jdbcapi.ConnectionSpy@1edad4
INFO : jdbc.audit - 31. Connection.getMetaData() returned oracle.jdbc.driver.OracleDatabaseMetaData@56ac4f
INFO : jdbc.audit - 31. PreparedStatement.close() returned 
INFO : jdbc.audit - 31. Connection.rollback() returned 
INFO : jdbc.audit - 31. Connection.setAutoCommit(true) returned 
INFO : jdbc.audit - 31. Connection.isReadOnly() returned false
INFO : jdbc.connection - 31. Connection closed
INFO : jdbc.audit - 31. Connection.close() returned 
INFO : org.springframework.test.context.transaction.TransactionContext - Rolled back transaction for test context [DefaultTestContext@78452d testClass = TestSrchJobSch, testInstance = com.pro.alarm.service.TestSrchJobSch@16b8b5, testMethod = test1209_srchJobSch_orderByCustId@TestSrchJobSch, testException = java.lang.AssertionError: ��ȸ�� �����Ͽ����ϴ�. expected:&lt;1&gt; but was:&lt;2&gt;, mergedContextConfiguration = [MergedContextConfiguration@1c25153 testClass = TestSrchJobSch, locations = &apos;{classpath:test-context.xml}&apos;, classes = &apos;{}&apos;, contextInitializerClasses = &apos;[]&apos;, activeProfiles = &apos;{}&apos;, propertySourceLocations = &apos;{}&apos;, propertySourceProperties = &apos;{}&apos;, contextCustomizers = set[[empty]], contextLoader = &apos;org.springframework.test.context.support.DelegatingSmartContextLoader&apos;, parent = [null]]].
INFO : jdbc.connection - 32. Connection opened
INFO : jdbc.audit - 32. Connection.new Connection returned 
INFO : jdbc.audit - 32. Connection.getAutoCommit() returned true
INFO : jdbc.audit - 32. PreparedStatement.new PreparedStatement returned 
INFO : jdbc.audit - 32. Connection.prepareStatement(DELETE 
		FROM    TS001_JOB_SCH 
		WHERE   DEVER_ID    = ?
		AND     CUST_ID     = ?
		AND     SQNO        = ?
		AND		LUPD_CNT	= ?) returned net.sf.log4jdbc.sql.jdbcapi.PreparedStatementSpy@1cbe147
INFO : jdbc.audit - 32. PreparedStatement.setString(1, &quot;testDever&quot;) returned 
INFO : jdbc.audit - 32. PreparedStatement.setString(2, &quot;testCust&quot;) returned 
INFO : jdbc.audit - 32. PreparedStatement.setInt(3, 2) returned 
INFO : jdbc.audit - 32. PreparedStatement.setInt(4, 1) returned 
INFO : jdbc.sqlonly - DELETE FROM TS001_JOB_SCH WHERE DEVER_ID = &apos;testDever&apos; AND CUST_ID = &apos;testCust&apos; AND SQNO = 
2 AND LUPD_CNT = 1 

INFO : jdbc.sqltiming - DELETE FROM TS001_JOB_SCH WHERE DEVER_ID = &apos;testDever&apos; AND CUST_ID = &apos;testCust&apos; AND SQNO = 
2 AND LUPD_CNT = 1 
 {executed in 0 msec}
INFO : jdbc.audit - 32. PreparedStatement.execute() returned false
INFO : jdbc.audit - 32. PreparedStatement.getUpdateCount() returned 1
INFO : jdbc.audit - 32. PreparedStatement.close() returned 
INFO : jdbc.connection - 32. Connection closed
INFO : jdbc.audit - 32. Connection.close() returned 
</system-out>
  </testcase>
  <testcase classname="com.pro.alarm.service.TestSrchJobSch" name="test1210_srchJobSch_orderBySetTm" time="0.063">
    <failure message="조회를 실패하였습니다. expected:&lt;1&gt; but was:&lt;2&gt;" type="java.lang.AssertionError">java.lang.AssertionError: 조회를 실패하였습니다. expected:&lt;1&gt; but was:&lt;2&gt;
	at org.junit.Assert.fail(Assert.java:88)
	at org.junit.Assert.failNotEquals(Assert.java:834)
	at org.junit.Assert.assertEquals(Assert.java:645)
	at com.pro.alarm.service.TestSrchJobSch.test1210_srchJobSch_orderBySetTm(TestSrchJobSch.java:185)
	at sun.reflect.NativeMethodAccessorImpl.invoke0(Native Method)
	at sun.reflect.NativeMethodAccessorImpl.invoke(NativeMethodAccessorImpl.java:62)
	at sun.reflect.DelegatingMethodAccessorImpl.invoke(DelegatingMethodAccessorImpl.java:43)
	at java.lang.reflect.Method.invoke(Method.java:497)
	at org.junit.runners.model.FrameworkMethod$1.runReflectiveCall(FrameworkMethod.java:50)
	at org.junit.internal.runners.model.ReflectiveCallable.run(ReflectiveCallable.java:12)
	at org.junit.runners.model.FrameworkMethod.invokeExplosively(FrameworkMethod.java:47)
	at org.junit.internal.runners.statements.InvokeMethod.evaluate(InvokeMethod.java:17)
	at org.springframework.test.context.junit4.statements.RunBeforeTestMethodCallbacks.evaluate(RunBeforeTestMethodCallbacks.java:75)
	at org.springframework.test.context.junit4.statements.RunAfterTestMethodCallbacks.evaluate(RunAfterTestMethodCallbacks.java:86)
	at org.junit.rules.ExpectedException$ExpectedExceptionStatement.evaluate(ExpectedException.java:239)
	at org.junit.rules.RunRules.evaluate(RunRules.java:20)
	at org.springframework.test.context.junit4.statements.SpringRepeat.evaluate(SpringRepeat.java:84)
	at org.junit.runners.ParentRunner.runLeaf(ParentRunner.java:325)
	at org.springframework.test.context.junit4.SpringJUnit4ClassRunner.runChild(SpringJUnit4ClassRunner.java:252)
	at org.springframework.test.context.junit4.SpringJUnit4ClassRunner.runChild(SpringJUnit4ClassRunner.java:94)
	at org.junit.runners.ParentRunner$3.run(ParentRunner.java:290)
	at org.junit.runners.ParentRunner$1.schedule(ParentRunner.java:71)
	at org.junit.runners.ParentRunner.runChildren(ParentRunner.java:288)
	at org.junit.runners.ParentRunner.access$000(ParentRunner.java:58)
	at org.junit.runners.ParentRunner$2.evaluate(ParentRunner.java:268)
	at org.springframework.test.context.junit4.statements.RunBeforeTestClassCallbacks.evaluate(RunBeforeTestClassCallbacks.java:61)
	at org.springframework.test.context.junit4.statements.RunAfterTestClassCallbacks.evaluate(RunAfterTestClassCallbacks.java:70)
	at org.junit.runners.ParentRunner.run(ParentRunner.java:363)
	at org.springframework.test.context.junit4.SpringJUnit4ClassRunner.run(SpringJUnit4ClassRunner.java:191)
	at org.apache.maven.surefire.junit4.JUnit4Provider.execute(JUnit4Provider.java:252)
	at org.apache.maven.surefire.junit4.JUnit4Provider.executeTestSet(JUnit4Provider.java:141)
	at org.apache.maven.surefire.junit4.JUnit4Provider.invoke(JUnit4Provider.java:112)
	at sun.reflect.NativeMethodAccessorImpl.invoke0(Native Method)
	at sun.reflect.NativeMethodAccessorImpl.invoke(NativeMethodAccessorImpl.java:62)
	at sun.reflect.DelegatingMethodAccessorImpl.invoke(DelegatingMethodAccessorImpl.java:43)
	at java.lang.reflect.Method.invoke(Method.java:497)
	at org.apache.maven.surefire.util.ReflectionUtils.invokeMethodWithArray(ReflectionUtils.java:189)
	at org.apache.maven.surefire.booter.ProviderFactory$ProviderProxy.invoke(ProviderFactory.java:165)
	at org.apache.maven.surefire.booter.ProviderFactory.invokeProvider(ProviderFactory.java:85)
	at org.apache.maven.surefire.booter.ForkedBooter.runSuitesInProcess(ForkedBooter.java:115)
	at org.apache.maven.surefire.booter.ForkedBooter.main(ForkedBooter.java:75)
</failure>
    <system-out>INFO : jdbc.connection - 33. Connection opened
INFO : jdbc.audit - 33. Connection.new Connection returned 
INFO : jdbc.audit - 33. Connection.getAutoCommit() returned true
INFO : jdbc.audit - 33. PreparedStatement.new PreparedStatement returned 
INFO : jdbc.audit - 33. Connection.prepareStatement(SELECT 	NVL(MAX(SQNO),0) + 1 AS SQNO 
		FROM 	TS001_JOB_SCH 
		WHERE 	DEVER_ID	= ?
		AND		CUST_ID		= ?) returned net.sf.log4jdbc.sql.jdbcapi.PreparedStatementSpy@7a975a
INFO : jdbc.audit - 33. PreparedStatement.setString(1, &quot;testDever&quot;) returned 
INFO : jdbc.audit - 33. PreparedStatement.setString(2, &quot;testCust&quot;) returned 
INFO : jdbc.sqlonly - SELECT NVL(MAX(SQNO),0) + 1 AS SQNO FROM TS001_JOB_SCH WHERE DEVER_ID = &apos;testDever&apos; AND CUST_ID 
= &apos;testCust&apos; 

INFO : jdbc.sqltiming - SELECT NVL(MAX(SQNO),0) + 1 AS SQNO FROM TS001_JOB_SCH WHERE DEVER_ID = &apos;testDever&apos; AND CUST_ID 
= &apos;testCust&apos; 
 {executed in 0 msec}
INFO : jdbc.audit - 33. PreparedStatement.execute() returned true
INFO : jdbc.resultset - 33. ResultSet.new ResultSet returned 
INFO : jdbc.audit - 33. PreparedStatement.getResultSet() returned net.sf.log4jdbc.sql.jdbcapi.ResultSetSpy@1b9e4b
INFO : jdbc.resultset - 33. ResultSet.getMetaData() returned oracle.jdbc.driver.OracleResultSetMetaData@17d6814
INFO : jdbc.resultset - 33. ResultSet.getType() returned 1003
INFO : jdbc.resultset - 33. ResultSet.next() returned true
INFO : jdbc.resultset - 33. ResultSet.getInt(SQNO) returned 2
INFO : jdbc.resultset - 33. ResultSet.wasNull() returned false
INFO : jdbc.resultsettable - 
|-----|
|sqno |
|-----|
|2    |
|-----|

INFO : jdbc.resultset - 33. ResultSet.next() returned false
INFO : jdbc.resultset - 33. ResultSet.close() returned void
INFO : jdbc.audit - 33. PreparedStatement.getConnection() returned net.sf.log4jdbc.sql.jdbcapi.ConnectionSpy@9725e3
INFO : jdbc.audit - 33. Connection.getMetaData() returned oracle.jdbc.driver.OracleDatabaseMetaData@fae6c
INFO : jdbc.audit - 33. PreparedStatement.close() returned 
INFO : jdbc.audit - 33. PreparedStatement.new PreparedStatement returned 
INFO : jdbc.audit - 33. Connection.prepareStatement(INSERT INTO	TS001_JOB_SCH(
							  DEVER_ID 	   /*������ID	*/
							, CUST_ID	   /*��ID  */
							, SQNO		   /*�Ϸù�ȣ  */
							, SET_TM	   /*�����ð�  */
							, JOB_CD	   /*�۾��ڵ�  */
							, CHK_YN	   /*Ȯ�ο���  */
							, LST_CHK_TS   /*����Ȯ���Ͻ�*/
							 
							 
							 
							, DEL_YN	   /*��������  */
							, PC_TS		   /*ó���Ͻ�  */
							, FST_PC_TS	   /*����ó���Ͻ�*/
							, LUPD_CNT	   /*���������� */
							)
					VALUES(
							  ?
							, ?
							, ?
							, TO_TIMESTAMP(?,&apos;YYYYMMDD HH24MI&apos;)
							, ?
							, &apos;N&apos;
							, TO_TIMESTAMP(&apos;00010101 000000.000000&apos;,&apos;YYYYMMDD HH24MISS.FF6&apos;)
							 
							 
							 
							, &apos;N&apos;
							, SYSTIMESTAMP
							, SYSTIMESTAMP
							, 1
							)) returned net.sf.log4jdbc.sql.jdbcapi.PreparedStatementSpy@168660
INFO : jdbc.audit - 33. PreparedStatement.setString(1, &quot;testDever&quot;) returned 
INFO : jdbc.audit - 33. PreparedStatement.setString(2, &quot;testCust&quot;) returned 
INFO : jdbc.audit - 33. PreparedStatement.setInt(3, 2) returned 
INFO : jdbc.audit - 33. PreparedStatement.setString(4, &quot;00010101 0000&quot;) returned 
INFO : jdbc.audit - 33. PreparedStatement.setString(5, &quot;testJobCd&quot;) returned 
INFO : jdbc.sqlonly - INSERT INTO TS001_JOB_SCH( DEVER_ID /*������ID */ , CUST_ID /*��ID */ , SQNO /*�Ϸù�ȣ */ , SET_TM 
/*�����ð� */ , JOB_CD /*�۾��ڵ� */ , CHK_YN /*Ȯ�ο��� */ , LST_CHK_TS /*����Ȯ���Ͻ�*/ , DEL_YN /*�������� */ 
, PC_TS /*ó���Ͻ� */ , FST_PC_TS /*����ó���Ͻ�*/ , LUPD_CNT /*���������� */ ) VALUES( &apos;testDever&apos; , &apos;testCust&apos; 
, 2 , TO_TIMESTAMP(&apos;00010101 0000&apos;,&apos;YYYYMMDD HH24MI&apos;) , &apos;testJobCd&apos; , &apos;N&apos; , TO_TIMESTAMP(&apos;00010101 
000000.000000&apos;,&apos;YYYYMMDD HH24MISS.FF6&apos;) , &apos;N&apos; , SYSTIMESTAMP , SYSTIMESTAMP , 1 ) 

INFO : jdbc.sqltiming - INSERT INTO TS001_JOB_SCH( DEVER_ID /*������ID */ , CUST_ID /*��ID */ , SQNO /*�Ϸù�ȣ */ , SET_TM 
/*�����ð� */ , JOB_CD /*�۾��ڵ� */ , CHK_YN /*Ȯ�ο��� */ , LST_CHK_TS /*����Ȯ���Ͻ�*/ , DEL_YN /*�������� */ 
, PC_TS /*ó���Ͻ� */ , FST_PC_TS /*����ó���Ͻ�*/ , LUPD_CNT /*���������� */ ) VALUES( &apos;testDever&apos; , &apos;testCust&apos; 
, 2 , TO_TIMESTAMP(&apos;00010101 0000&apos;,&apos;YYYYMMDD HH24MI&apos;) , &apos;testJobCd&apos; , &apos;N&apos; , TO_TIMESTAMP(&apos;00010101 
000000.000000&apos;,&apos;YYYYMMDD HH24MISS.FF6&apos;) , &apos;N&apos; , SYSTIMESTAMP , SYSTIMESTAMP , 1 ) 
 {executed in 0 msec}
INFO : jdbc.audit - 33. PreparedStatement.execute() returned false
INFO : jdbc.audit - 33. PreparedStatement.getUpdateCount() returned 1
INFO : jdbc.audit - 33. PreparedStatement.close() returned 
INFO : jdbc.connection - 33. Connection closed
INFO : jdbc.audit - 33. Connection.close() returned 
INFO : jdbc.connection - 34. Connection opened
INFO : jdbc.audit - 34. Connection.new Connection returned 
INFO : jdbc.audit - 34. Connection.getAutoCommit() returned true
INFO : jdbc.audit - 34. Connection.setAutoCommit(false) returned 
INFO : org.springframework.test.context.transaction.TransactionContext - Began transaction (1) for test context [DefaultTestContext@78452d testClass = TestSrchJobSch, testInstance = com.pro.alarm.service.TestSrchJobSch@1d0e5b6, testMethod = test1210_srchJobSch_orderBySetTm@TestSrchJobSch, testException = [null], mergedContextConfiguration = [MergedContextConfiguration@1c25153 testClass = TestSrchJobSch, locations = &apos;{classpath:test-context.xml}&apos;, classes = &apos;{}&apos;, contextInitializerClasses = &apos;[]&apos;, activeProfiles = &apos;{}&apos;, propertySourceLocations = &apos;{}&apos;, propertySourceProperties = &apos;{}&apos;, contextCustomizers = set[[empty]], contextLoader = &apos;org.springframework.test.context.support.DelegatingSmartContextLoader&apos;, parent = [null]]]; transaction manager [org.springframework.jdbc.datasource.DataSourceTransactionManager@1bcd567]; rollback [true]
INFO : jdbc.audit - 34. Connection.getAutoCommit() returned false
INFO : jdbc.audit - 34. PreparedStatement.new PreparedStatement returned 
INFO : jdbc.audit - 34. Connection.prepareStatement(SELECT 	  DEVER_ID 	   												/*������ID*/
				, CUST_ID	  							 					/*��ID  */
				, SQNO		   												/*�Ϸù�ȣ  */
				, TO_CHAR(SET_TM,&apos;HH24MISS&apos;) AS SET_TM	   					/*�����ð�  */
				, JOB_CD	   												/*�۾��ڵ�  */
				, CHK_YN	   												/*Ȯ�ο���  */
				, TO_CHAR(LST_CHK_TS,&apos;YYYYMMDD HH24MISS.FF6&apos;) AS LST_CHK_TS /*����Ȯ���Ͻ�*/
				, WK_ITV_RULE                                               /*�ְ���Ģ*/
				, ST_MTH                                                    /*���ۿ�*/
				, ED_MTH                                                    /*�����*/
				, DEL_YN	   												/*��������  */
				, TO_CHAR(FST_PC_TS,&apos;YYYYMMDD HH24MISS.FF6&apos;) AS FST_PC_TS	/*����ó���Ͻ�*/
				, TO_CHAR(PC_TS,&apos;YYYYMMDD HH24MISS.FF6&apos;) AS PC_TS			/*ó���Ͻ�*/
				, LUPD_CNT	   												/*���������� */
		FROM	TS001_JOB_SCH
		WHERE	DEVER_ID 	= ?
		 
		 
		AND		PC_TS BETWEEN TO_TIMESTAMP(?,&apos;YYYYMMDD&apos;) AND TO_TIMESTAMP(?,&apos;YYYYMMDD&apos;)
		 
		 
		 
		ORDER BY
		 SET_TM 
		  DESC) returned net.sf.log4jdbc.sql.jdbcapi.PreparedStatementSpy@b0fcd5
INFO : jdbc.audit - 34. PreparedStatement.setString(1, &quot;testDever&quot;) returned 
INFO : jdbc.audit - 34. PreparedStatement.setString(2, &quot;20180519&quot;) returned 
INFO : jdbc.audit - 34. PreparedStatement.setString(3, &quot;20180521&quot;) returned 
INFO : jdbc.sqlonly - SELECT DEVER_ID /*������ID*/ , CUST_ID /*��ID */ , SQNO /*�Ϸù�ȣ */ , TO_CHAR(SET_TM,&apos;HH24MISS&apos;) 
AS SET_TM /*�����ð� */ , JOB_CD /*�۾��ڵ� */ , CHK_YN /*Ȯ�ο��� */ , TO_CHAR(LST_CHK_TS,&apos;YYYYMMDD HH24MISS.FF6&apos;) 
AS LST_CHK_TS /*����Ȯ���Ͻ�*/ , WK_ITV_RULE /*�ְ���Ģ*/ , ST_MTH /*���ۿ�*/ , ED_MTH /*�����*/ , DEL_YN 
/*�������� */ , TO_CHAR(FST_PC_TS,&apos;YYYYMMDD HH24MISS.FF6&apos;) AS FST_PC_TS /*����ó���Ͻ�*/ , TO_CHAR(PC_TS,&apos;YYYYMMDD 
HH24MISS.FF6&apos;) AS PC_TS /*ó���Ͻ�*/ , LUPD_CNT /*���������� */ FROM TS001_JOB_SCH WHERE DEVER_ID = 
&apos;testDever&apos; AND PC_TS BETWEEN TO_TIMESTAMP(&apos;20180519&apos;,&apos;YYYYMMDD&apos;) AND TO_TIMESTAMP(&apos;20180521&apos;,&apos;YYYYMMDD&apos;) 
ORDER BY SET_TM DESC 

INFO : jdbc.sqltiming - SELECT DEVER_ID /*������ID*/ , CUST_ID /*��ID */ , SQNO /*�Ϸù�ȣ */ , TO_CHAR(SET_TM,&apos;HH24MISS&apos;) 
AS SET_TM /*�����ð� */ , JOB_CD /*�۾��ڵ� */ , CHK_YN /*Ȯ�ο��� */ , TO_CHAR(LST_CHK_TS,&apos;YYYYMMDD HH24MISS.FF6&apos;) 
AS LST_CHK_TS /*����Ȯ���Ͻ�*/ , WK_ITV_RULE /*�ְ���Ģ*/ , ST_MTH /*���ۿ�*/ , ED_MTH /*�����*/ , DEL_YN 
/*�������� */ , TO_CHAR(FST_PC_TS,&apos;YYYYMMDD HH24MISS.FF6&apos;) AS FST_PC_TS /*����ó���Ͻ�*/ , TO_CHAR(PC_TS,&apos;YYYYMMDD 
HH24MISS.FF6&apos;) AS PC_TS /*ó���Ͻ�*/ , LUPD_CNT /*���������� */ FROM TS001_JOB_SCH WHERE DEVER_ID = 
&apos;testDever&apos; AND PC_TS BETWEEN TO_TIMESTAMP(&apos;20180519&apos;,&apos;YYYYMMDD&apos;) AND TO_TIMESTAMP(&apos;20180521&apos;,&apos;YYYYMMDD&apos;) 
ORDER BY SET_TM DESC 
 {executed in 0 msec}
INFO : jdbc.audit - 34. PreparedStatement.execute() returned true
INFO : jdbc.resultset - 34. ResultSet.new ResultSet returned 
INFO : jdbc.audit - 34. PreparedStatement.getResultSet() returned net.sf.log4jdbc.sql.jdbcapi.ResultSetSpy@1ad94a7
INFO : jdbc.resultset - 34. ResultSet.getMetaData() returned oracle.jdbc.driver.OracleResultSetMetaData@15835b1
INFO : jdbc.resultset - 34. ResultSet.getType() returned 1003
INFO : jdbc.resultset - 34. ResultSet.next() returned true
INFO : jdbc.resultset - 34. ResultSet.getString(DEVER_ID) returned testDever
INFO : jdbc.resultset - 34. ResultSet.wasNull() returned false
INFO : jdbc.resultset - 34. ResultSet.getString(CUST_ID) returned testCust
INFO : jdbc.resultset - 34. ResultSet.wasNull() returned false
INFO : jdbc.resultset - 34. ResultSet.getInt(SQNO) returned 2
INFO : jdbc.resultset - 34. ResultSet.wasNull() returned false
INFO : jdbc.resultset - 34. ResultSet.getString(SET_TM) returned 000000
INFO : jdbc.resultset - 34. ResultSet.wasNull() returned false
INFO : jdbc.resultset - 34. ResultSet.getString(JOB_CD) returned testJobCd
INFO : jdbc.resultset - 34. ResultSet.wasNull() returned false
INFO : jdbc.resultset - 34. ResultSet.getString(CHK_YN) returned N
INFO : jdbc.resultset - 34. ResultSet.wasNull() returned false
INFO : jdbc.resultset - 34. ResultSet.getString(LST_CHK_TS) returned 00010101 000000.000000
INFO : jdbc.resultset - 34. ResultSet.wasNull() returned false
INFO : jdbc.resultset - 34. ResultSet.getString(WK_ITV_RULE) returned 1111100
INFO : jdbc.resultset - 34. ResultSet.wasNull() returned false
INFO : jdbc.resultset - 34. ResultSet.getString(ST_MTH) returned 01
INFO : jdbc.resultset - 34. ResultSet.wasNull() returned false
INFO : jdbc.resultset - 34. ResultSet.getString(ED_MTH) returned 12
INFO : jdbc.resultset - 34. ResultSet.wasNull() returned false
INFO : jdbc.resultset - 34. ResultSet.getString(DEL_YN) returned N
INFO : jdbc.resultset - 34. ResultSet.wasNull() returned false
INFO : jdbc.resultset - 34. ResultSet.getString(FST_PC_TS) returned 20180520 051821.218000
INFO : jdbc.resultset - 34. ResultSet.wasNull() returned false
INFO : jdbc.resultset - 34. ResultSet.getString(PC_TS) returned 20180520 051821.218000
INFO : jdbc.resultset - 34. ResultSet.wasNull() returned false
INFO : jdbc.resultset - 34. ResultSet.getInt(LUPD_CNT) returned 1
INFO : jdbc.resultset - 34. ResultSet.wasNull() returned false
INFO : jdbc.resultset - 34. ResultSet.next() returned true
INFO : jdbc.resultset - 34. ResultSet.getString(DEVER_ID) returned testDever
INFO : jdbc.resultset - 34. ResultSet.wasNull() returned false
INFO : jdbc.resultset - 34. ResultSet.getString(CUST_ID) returned testCust
INFO : jdbc.resultset - 34. ResultSet.wasNull() returned false
INFO : jdbc.resultset - 34. ResultSet.getInt(SQNO) returned 1
INFO : jdbc.resultset - 34. ResultSet.wasNull() returned false
INFO : jdbc.resultset - 34. ResultSet.getString(SET_TM) returned 000000
INFO : jdbc.resultset - 34. ResultSet.wasNull() returned false
INFO : jdbc.resultset - 34. ResultSet.getString(JOB_CD) returned testJobCd
INFO : jdbc.resultset - 34. ResultSet.wasNull() returned false
INFO : jdbc.resultset - 34. ResultSet.getString(CHK_YN) returned N
INFO : jdbc.resultset - 34. ResultSet.wasNull() returned false
INFO : jdbc.resultset - 34. ResultSet.getString(LST_CHK_TS) returned 00010101 000000.000000
INFO : jdbc.resultset - 34. ResultSet.wasNull() returned false
INFO : jdbc.resultset - 34. ResultSet.getString(WK_ITV_RULE) returned 1111100
INFO : jdbc.resultset - 34. ResultSet.wasNull() returned false
INFO : jdbc.resultset - 34. ResultSet.getString(ST_MTH) returned 01
INFO : jdbc.resultset - 34. ResultSet.wasNull() returned false
INFO : jdbc.resultset - 34. ResultSet.getString(ED_MTH) returned 12
INFO : jdbc.resultset - 34. ResultSet.wasNull() returned false
INFO : jdbc.resultset - 34. ResultSet.getString(DEL_YN) returned N
INFO : jdbc.resultset - 34. ResultSet.wasNull() returned false
INFO : jdbc.resultset - 34. ResultSet.getString(FST_PC_TS) returned 20180520 051429.333000
INFO : jdbc.resultset - 34. ResultSet.wasNull() returned false
INFO : jdbc.resultset - 34. ResultSet.getString(PC_TS) returned 20180520 051429.333000
INFO : jdbc.resultset - 34. ResultSet.wasNull() returned false
INFO : jdbc.resultset - 34. ResultSet.getInt(LUPD_CNT) returned 1
INFO : jdbc.resultset - 34. ResultSet.wasNull() returned false
INFO : jdbc.resultsettable - 
|----------|---------|-----|-------|----------|-------|-----------------------|------------|-------|-------|-------|-----------------------|-----------------------|---------|
|dever_id  |cust_id  |sqno |set_tm |job_cd    |chk_yn |lst_chk_ts             |wk_itv_rule |st_mth |ed_mth |del_yn |fst_pc_ts              |pc_ts                  |lupd_cnt |
|----------|---------|-----|-------|----------|-------|-----------------------|------------|-------|-------|-------|-----------------------|-----------------------|---------|
|testDever |testCust |2    |000000 |testJobCd |N      |00010101 000000.000000 |1111100     |01     |12     |N      |20180520 051821.218000 |20180520 051821.218000 |1        |
|testDever |testCust |1    |000000 |testJobCd |N      |00010101 000000.000000 |1111100     |01     |12     |N      |20180520 051429.333000 |20180520 051429.333000 |1        |
|----------|---------|-----|-------|----------|-------|-----------------------|------------|-------|-------|-------|-----------------------|-----------------------|---------|

INFO : jdbc.resultset - 34. ResultSet.next() returned false
INFO : jdbc.resultset - 34. ResultSet.close() returned void
INFO : jdbc.audit - 34. PreparedStatement.getConnection() returned net.sf.log4jdbc.sql.jdbcapi.ConnectionSpy@19f1f2a
INFO : jdbc.audit - 34. Connection.getMetaData() returned oracle.jdbc.driver.OracleDatabaseMetaData@1da881
INFO : jdbc.audit - 34. PreparedStatement.close() returned 
INFO : jdbc.audit - 34. Connection.rollback() returned 
INFO : jdbc.audit - 34. Connection.setAutoCommit(true) returned 
INFO : jdbc.audit - 34. Connection.isReadOnly() returned false
INFO : jdbc.connection - 34. Connection closed
INFO : jdbc.audit - 34. Connection.close() returned 
INFO : org.springframework.test.context.transaction.TransactionContext - Rolled back transaction for test context [DefaultTestContext@78452d testClass = TestSrchJobSch, testInstance = com.pro.alarm.service.TestSrchJobSch@1d0e5b6, testMethod = test1210_srchJobSch_orderBySetTm@TestSrchJobSch, testException = java.lang.AssertionError: ��ȸ�� �����Ͽ����ϴ�. expected:&lt;1&gt; but was:&lt;2&gt;, mergedContextConfiguration = [MergedContextConfiguration@1c25153 testClass = TestSrchJobSch, locations = &apos;{classpath:test-context.xml}&apos;, classes = &apos;{}&apos;, contextInitializerClasses = &apos;[]&apos;, activeProfiles = &apos;{}&apos;, propertySourceLocations = &apos;{}&apos;, propertySourceProperties = &apos;{}&apos;, contextCustomizers = set[[empty]], contextLoader = &apos;org.springframework.test.context.support.DelegatingSmartContextLoader&apos;, parent = [null]]].
INFO : jdbc.connection - 35. Connection opened
INFO : jdbc.audit - 35. Connection.new Connection returned 
INFO : jdbc.audit - 35. Connection.getAutoCommit() returned true
INFO : jdbc.audit - 35. PreparedStatement.new PreparedStatement returned 
INFO : jdbc.audit - 35. Connection.prepareStatement(DELETE 
		FROM    TS001_JOB_SCH 
		WHERE   DEVER_ID    = ?
		AND     CUST_ID     = ?
		AND     SQNO        = ?
		AND		LUPD_CNT	= ?) returned net.sf.log4jdbc.sql.jdbcapi.PreparedStatementSpy@1d4acee
INFO : jdbc.audit - 35. PreparedStatement.setString(1, &quot;testDever&quot;) returned 
INFO : jdbc.audit - 35. PreparedStatement.setString(2, &quot;testCust&quot;) returned 
INFO : jdbc.audit - 35. PreparedStatement.setInt(3, 2) returned 
INFO : jdbc.audit - 35. PreparedStatement.setInt(4, 1) returned 
INFO : jdbc.sqlonly - DELETE FROM TS001_JOB_SCH WHERE DEVER_ID = &apos;testDever&apos; AND CUST_ID = &apos;testCust&apos; AND SQNO = 
2 AND LUPD_CNT = 1 

INFO : jdbc.sqltiming - DELETE FROM TS001_JOB_SCH WHERE DEVER_ID = &apos;testDever&apos; AND CUST_ID = &apos;testCust&apos; AND SQNO = 
2 AND LUPD_CNT = 1 
 {executed in 0 msec}
INFO : jdbc.audit - 35. PreparedStatement.execute() returned false
INFO : jdbc.audit - 35. PreparedStatement.getUpdateCount() returned 1
INFO : jdbc.audit - 35. PreparedStatement.close() returned 
INFO : jdbc.connection - 35. Connection closed
INFO : jdbc.audit - 35. Connection.close() returned 
</system-out>
  </testcase>
  <testcase classname="com.pro.alarm.service.TestSrchJobSch" name="test1211_srchJobSch_orderByJobCd" time="0.063">
    <failure message="조회를 실패하였습니다. expected:&lt;1&gt; but was:&lt;2&gt;" type="java.lang.AssertionError">java.lang.AssertionError: 조회를 실패하였습니다. expected:&lt;1&gt; but was:&lt;2&gt;
	at org.junit.Assert.fail(Assert.java:88)
	at org.junit.Assert.failNotEquals(Assert.java:834)
	at org.junit.Assert.assertEquals(Assert.java:645)
	at com.pro.alarm.service.TestSrchJobSch.test1211_srchJobSch_orderByJobCd(TestSrchJobSch.java:196)
	at sun.reflect.NativeMethodAccessorImpl.invoke0(Native Method)
	at sun.reflect.NativeMethodAccessorImpl.invoke(NativeMethodAccessorImpl.java:62)
	at sun.reflect.DelegatingMethodAccessorImpl.invoke(DelegatingMethodAccessorImpl.java:43)
	at java.lang.reflect.Method.invoke(Method.java:497)
	at org.junit.runners.model.FrameworkMethod$1.runReflectiveCall(FrameworkMethod.java:50)
	at org.junit.internal.runners.model.ReflectiveCallable.run(ReflectiveCallable.java:12)
	at org.junit.runners.model.FrameworkMethod.invokeExplosively(FrameworkMethod.java:47)
	at org.junit.internal.runners.statements.InvokeMethod.evaluate(InvokeMethod.java:17)
	at org.springframework.test.context.junit4.statements.RunBeforeTestMethodCallbacks.evaluate(RunBeforeTestMethodCallbacks.java:75)
	at org.springframework.test.context.junit4.statements.RunAfterTestMethodCallbacks.evaluate(RunAfterTestMethodCallbacks.java:86)
	at org.junit.rules.ExpectedException$ExpectedExceptionStatement.evaluate(ExpectedException.java:239)
	at org.junit.rules.RunRules.evaluate(RunRules.java:20)
	at org.springframework.test.context.junit4.statements.SpringRepeat.evaluate(SpringRepeat.java:84)
	at org.junit.runners.ParentRunner.runLeaf(ParentRunner.java:325)
	at org.springframework.test.context.junit4.SpringJUnit4ClassRunner.runChild(SpringJUnit4ClassRunner.java:252)
	at org.springframework.test.context.junit4.SpringJUnit4ClassRunner.runChild(SpringJUnit4ClassRunner.java:94)
	at org.junit.runners.ParentRunner$3.run(ParentRunner.java:290)
	at org.junit.runners.ParentRunner$1.schedule(ParentRunner.java:71)
	at org.junit.runners.ParentRunner.runChildren(ParentRunner.java:288)
	at org.junit.runners.ParentRunner.access$000(ParentRunner.java:58)
	at org.junit.runners.ParentRunner$2.evaluate(ParentRunner.java:268)
	at org.springframework.test.context.junit4.statements.RunBeforeTestClassCallbacks.evaluate(RunBeforeTestClassCallbacks.java:61)
	at org.springframework.test.context.junit4.statements.RunAfterTestClassCallbacks.evaluate(RunAfterTestClassCallbacks.java:70)
	at org.junit.runners.ParentRunner.run(ParentRunner.java:363)
	at org.springframework.test.context.junit4.SpringJUnit4ClassRunner.run(SpringJUnit4ClassRunner.java:191)
	at org.apache.maven.surefire.junit4.JUnit4Provider.execute(JUnit4Provider.java:252)
	at org.apache.maven.surefire.junit4.JUnit4Provider.executeTestSet(JUnit4Provider.java:141)
	at org.apache.maven.surefire.junit4.JUnit4Provider.invoke(JUnit4Provider.java:112)
	at sun.reflect.NativeMethodAccessorImpl.invoke0(Native Method)
	at sun.reflect.NativeMethodAccessorImpl.invoke(NativeMethodAccessorImpl.java:62)
	at sun.reflect.DelegatingMethodAccessorImpl.invoke(DelegatingMethodAccessorImpl.java:43)
	at java.lang.reflect.Method.invoke(Method.java:497)
	at org.apache.maven.surefire.util.ReflectionUtils.invokeMethodWithArray(ReflectionUtils.java:189)
	at org.apache.maven.surefire.booter.ProviderFactory$ProviderProxy.invoke(ProviderFactory.java:165)
	at org.apache.maven.surefire.booter.ProviderFactory.invokeProvider(ProviderFactory.java:85)
	at org.apache.maven.surefire.booter.ForkedBooter.runSuitesInProcess(ForkedBooter.java:115)
	at org.apache.maven.surefire.booter.ForkedBooter.main(ForkedBooter.java:75)
</failure>
    <system-out>INFO : jdbc.connection - 36. Connection opened
INFO : jdbc.audit - 36. Connection.new Connection returned 
INFO : jdbc.audit - 36. Connection.getAutoCommit() returned true
INFO : jdbc.audit - 36. PreparedStatement.new PreparedStatement returned 
INFO : jdbc.audit - 36. Connection.prepareStatement(SELECT 	NVL(MAX(SQNO),0) + 1 AS SQNO 
		FROM 	TS001_JOB_SCH 
		WHERE 	DEVER_ID	= ?
		AND		CUST_ID		= ?) returned net.sf.log4jdbc.sql.jdbcapi.PreparedStatementSpy@1058b8a
INFO : jdbc.audit - 36. PreparedStatement.setString(1, &quot;testDever&quot;) returned 
INFO : jdbc.audit - 36. PreparedStatement.setString(2, &quot;testCust&quot;) returned 
INFO : jdbc.sqlonly - SELECT NVL(MAX(SQNO),0) + 1 AS SQNO FROM TS001_JOB_SCH WHERE DEVER_ID = &apos;testDever&apos; AND CUST_ID 
= &apos;testCust&apos; 

INFO : jdbc.sqltiming - SELECT NVL(MAX(SQNO),0) + 1 AS SQNO FROM TS001_JOB_SCH WHERE DEVER_ID = &apos;testDever&apos; AND CUST_ID 
= &apos;testCust&apos; 
 {executed in 0 msec}
INFO : jdbc.audit - 36. PreparedStatement.execute() returned true
INFO : jdbc.resultset - 36. ResultSet.new ResultSet returned 
INFO : jdbc.audit - 36. PreparedStatement.getResultSet() returned net.sf.log4jdbc.sql.jdbcapi.ResultSetSpy@16cf158
INFO : jdbc.resultset - 36. ResultSet.getMetaData() returned oracle.jdbc.driver.OracleResultSetMetaData@12ef586
INFO : jdbc.resultset - 36. ResultSet.getType() returned 1003
INFO : jdbc.resultset - 36. ResultSet.next() returned true
INFO : jdbc.resultset - 36. ResultSet.getInt(SQNO) returned 2
INFO : jdbc.resultset - 36. ResultSet.wasNull() returned false
INFO : jdbc.resultsettable - 
|-----|
|sqno |
|-----|
|2    |
|-----|

INFO : jdbc.resultset - 36. ResultSet.next() returned false
INFO : jdbc.resultset - 36. ResultSet.close() returned void
INFO : jdbc.audit - 36. PreparedStatement.getConnection() returned net.sf.log4jdbc.sql.jdbcapi.ConnectionSpy@11d3241
INFO : jdbc.audit - 36. Connection.getMetaData() returned oracle.jdbc.driver.OracleDatabaseMetaData@c7beb3
INFO : jdbc.audit - 36. PreparedStatement.close() returned 
INFO : jdbc.audit - 36. PreparedStatement.new PreparedStatement returned 
INFO : jdbc.audit - 36. Connection.prepareStatement(INSERT INTO	TS001_JOB_SCH(
							  DEVER_ID 	   /*������ID	*/
							, CUST_ID	   /*��ID  */
							, SQNO		   /*�Ϸù�ȣ  */
							, SET_TM	   /*�����ð�  */
							, JOB_CD	   /*�۾��ڵ�  */
							, CHK_YN	   /*Ȯ�ο���  */
							, LST_CHK_TS   /*����Ȯ���Ͻ�*/
							 
							 
							 
							, DEL_YN	   /*��������  */
							, PC_TS		   /*ó���Ͻ�  */
							, FST_PC_TS	   /*����ó���Ͻ�*/
							, LUPD_CNT	   /*���������� */
							)
					VALUES(
							  ?
							, ?
							, ?
							, TO_TIMESTAMP(?,&apos;YYYYMMDD HH24MI&apos;)
							, ?
							, &apos;N&apos;
							, TO_TIMESTAMP(&apos;00010101 000000.000000&apos;,&apos;YYYYMMDD HH24MISS.FF6&apos;)
							 
							 
							 
							, &apos;N&apos;
							, SYSTIMESTAMP
							, SYSTIMESTAMP
							, 1
							)) returned net.sf.log4jdbc.sql.jdbcapi.PreparedStatementSpy@337702
INFO : jdbc.audit - 36. PreparedStatement.setString(1, &quot;testDever&quot;) returned 
INFO : jdbc.audit - 36. PreparedStatement.setString(2, &quot;testCust&quot;) returned 
INFO : jdbc.audit - 36. PreparedStatement.setInt(3, 2) returned 
INFO : jdbc.audit - 36. PreparedStatement.setString(4, &quot;00010101 0000&quot;) returned 
INFO : jdbc.audit - 36. PreparedStatement.setString(5, &quot;testJobCd&quot;) returned 
INFO : jdbc.sqlonly - INSERT INTO TS001_JOB_SCH( DEVER_ID /*������ID */ , CUST_ID /*��ID */ , SQNO /*�Ϸù�ȣ */ , SET_TM 
/*�����ð� */ , JOB_CD /*�۾��ڵ� */ , CHK_YN /*Ȯ�ο��� */ , LST_CHK_TS /*����Ȯ���Ͻ�*/ , DEL_YN /*�������� */ 
, PC_TS /*ó���Ͻ� */ , FST_PC_TS /*����ó���Ͻ�*/ , LUPD_CNT /*���������� */ ) VALUES( &apos;testDever&apos; , &apos;testCust&apos; 
, 2 , TO_TIMESTAMP(&apos;00010101 0000&apos;,&apos;YYYYMMDD HH24MI&apos;) , &apos;testJobCd&apos; , &apos;N&apos; , TO_TIMESTAMP(&apos;00010101 
000000.000000&apos;,&apos;YYYYMMDD HH24MISS.FF6&apos;) , &apos;N&apos; , SYSTIMESTAMP , SYSTIMESTAMP , 1 ) 

INFO : jdbc.sqltiming - INSERT INTO TS001_JOB_SCH( DEVER_ID /*������ID */ , CUST_ID /*��ID */ , SQNO /*�Ϸù�ȣ */ , SET_TM 
/*�����ð� */ , JOB_CD /*�۾��ڵ� */ , CHK_YN /*Ȯ�ο��� */ , LST_CHK_TS /*����Ȯ���Ͻ�*/ , DEL_YN /*�������� */ 
, PC_TS /*ó���Ͻ� */ , FST_PC_TS /*����ó���Ͻ�*/ , LUPD_CNT /*���������� */ ) VALUES( &apos;testDever&apos; , &apos;testCust&apos; 
, 2 , TO_TIMESTAMP(&apos;00010101 0000&apos;,&apos;YYYYMMDD HH24MI&apos;) , &apos;testJobCd&apos; , &apos;N&apos; , TO_TIMESTAMP(&apos;00010101 
000000.000000&apos;,&apos;YYYYMMDD HH24MISS.FF6&apos;) , &apos;N&apos; , SYSTIMESTAMP , SYSTIMESTAMP , 1 ) 
 {executed in 0 msec}
INFO : jdbc.audit - 36. PreparedStatement.execute() returned false
INFO : jdbc.audit - 36. PreparedStatement.getUpdateCount() returned 1
INFO : jdbc.audit - 36. PreparedStatement.close() returned 
INFO : jdbc.connection - 36. Connection closed
INFO : jdbc.audit - 36. Connection.close() returned 
INFO : jdbc.connection - 37. Connection opened
INFO : jdbc.audit - 37. Connection.new Connection returned 
INFO : jdbc.audit - 37. Connection.getAutoCommit() returned true
INFO : jdbc.audit - 37. Connection.setAutoCommit(false) returned 
INFO : org.springframework.test.context.transaction.TransactionContext - Began transaction (1) for test context [DefaultTestContext@78452d testClass = TestSrchJobSch, testInstance = com.pro.alarm.service.TestSrchJobSch@ea8c23, testMethod = test1211_srchJobSch_orderByJobCd@TestSrchJobSch, testException = [null], mergedContextConfiguration = [MergedContextConfiguration@1c25153 testClass = TestSrchJobSch, locations = &apos;{classpath:test-context.xml}&apos;, classes = &apos;{}&apos;, contextInitializerClasses = &apos;[]&apos;, activeProfiles = &apos;{}&apos;, propertySourceLocations = &apos;{}&apos;, propertySourceProperties = &apos;{}&apos;, contextCustomizers = set[[empty]], contextLoader = &apos;org.springframework.test.context.support.DelegatingSmartContextLoader&apos;, parent = [null]]]; transaction manager [org.springframework.jdbc.datasource.DataSourceTransactionManager@1bcd567]; rollback [true]
INFO : jdbc.audit - 37. Connection.getAutoCommit() returned false
INFO : jdbc.audit - 37. PreparedStatement.new PreparedStatement returned 
INFO : jdbc.audit - 37. Connection.prepareStatement(SELECT 	  DEVER_ID 	   												/*������ID*/
				, CUST_ID	  							 					/*��ID  */
				, SQNO		   												/*�Ϸù�ȣ  */
				, TO_CHAR(SET_TM,&apos;HH24MISS&apos;) AS SET_TM	   					/*�����ð�  */
				, JOB_CD	   												/*�۾��ڵ�  */
				, CHK_YN	   												/*Ȯ�ο���  */
				, TO_CHAR(LST_CHK_TS,&apos;YYYYMMDD HH24MISS.FF6&apos;) AS LST_CHK_TS /*����Ȯ���Ͻ�*/
				, WK_ITV_RULE                                               /*�ְ���Ģ*/
				, ST_MTH                                                    /*���ۿ�*/
				, ED_MTH                                                    /*�����*/
				, DEL_YN	   												/*��������  */
				, TO_CHAR(FST_PC_TS,&apos;YYYYMMDD HH24MISS.FF6&apos;) AS FST_PC_TS	/*����ó���Ͻ�*/
				, TO_CHAR(PC_TS,&apos;YYYYMMDD HH24MISS.FF6&apos;) AS PC_TS			/*ó���Ͻ�*/
				, LUPD_CNT	   												/*���������� */
		FROM	TS001_JOB_SCH
		WHERE	DEVER_ID 	= ?
		 
		 
		AND		PC_TS BETWEEN TO_TIMESTAMP(?,&apos;YYYYMMDD&apos;) AND TO_TIMESTAMP(?,&apos;YYYYMMDD&apos;)
		 
		 
		 
		ORDER BY
		 JOB_CD 
		  DESC) returned net.sf.log4jdbc.sql.jdbcapi.PreparedStatementSpy@e76dac
INFO : jdbc.audit - 37. PreparedStatement.setString(1, &quot;testDever&quot;) returned 
INFO : jdbc.audit - 37. PreparedStatement.setString(2, &quot;20180519&quot;) returned 
INFO : jdbc.audit - 37. PreparedStatement.setString(3, &quot;20180521&quot;) returned 
INFO : jdbc.sqlonly - SELECT DEVER_ID /*������ID*/ , CUST_ID /*��ID */ , SQNO /*�Ϸù�ȣ */ , TO_CHAR(SET_TM,&apos;HH24MISS&apos;) 
AS SET_TM /*�����ð� */ , JOB_CD /*�۾��ڵ� */ , CHK_YN /*Ȯ�ο��� */ , TO_CHAR(LST_CHK_TS,&apos;YYYYMMDD HH24MISS.FF6&apos;) 
AS LST_CHK_TS /*����Ȯ���Ͻ�*/ , WK_ITV_RULE /*�ְ���Ģ*/ , ST_MTH /*���ۿ�*/ , ED_MTH /*�����*/ , DEL_YN 
/*�������� */ , TO_CHAR(FST_PC_TS,&apos;YYYYMMDD HH24MISS.FF6&apos;) AS FST_PC_TS /*����ó���Ͻ�*/ , TO_CHAR(PC_TS,&apos;YYYYMMDD 
HH24MISS.FF6&apos;) AS PC_TS /*ó���Ͻ�*/ , LUPD_CNT /*���������� */ FROM TS001_JOB_SCH WHERE DEVER_ID = 
&apos;testDever&apos; AND PC_TS BETWEEN TO_TIMESTAMP(&apos;20180519&apos;,&apos;YYYYMMDD&apos;) AND TO_TIMESTAMP(&apos;20180521&apos;,&apos;YYYYMMDD&apos;) 
ORDER BY JOB_CD DESC 

INFO : jdbc.sqltiming - SELECT DEVER_ID /*������ID*/ , CUST_ID /*��ID */ , SQNO /*�Ϸù�ȣ */ , TO_CHAR(SET_TM,&apos;HH24MISS&apos;) 
AS SET_TM /*�����ð� */ , JOB_CD /*�۾��ڵ� */ , CHK_YN /*Ȯ�ο��� */ , TO_CHAR(LST_CHK_TS,&apos;YYYYMMDD HH24MISS.FF6&apos;) 
AS LST_CHK_TS /*����Ȯ���Ͻ�*/ , WK_ITV_RULE /*�ְ���Ģ*/ , ST_MTH /*���ۿ�*/ , ED_MTH /*�����*/ , DEL_YN 
/*�������� */ , TO_CHAR(FST_PC_TS,&apos;YYYYMMDD HH24MISS.FF6&apos;) AS FST_PC_TS /*����ó���Ͻ�*/ , TO_CHAR(PC_TS,&apos;YYYYMMDD 
HH24MISS.FF6&apos;) AS PC_TS /*ó���Ͻ�*/ , LUPD_CNT /*���������� */ FROM TS001_JOB_SCH WHERE DEVER_ID = 
&apos;testDever&apos; AND PC_TS BETWEEN TO_TIMESTAMP(&apos;20180519&apos;,&apos;YYYYMMDD&apos;) AND TO_TIMESTAMP(&apos;20180521&apos;,&apos;YYYYMMDD&apos;) 
ORDER BY JOB_CD DESC 
 {executed in 0 msec}
INFO : jdbc.audit - 37. PreparedStatement.execute() returned true
INFO : jdbc.resultset - 37. ResultSet.new ResultSet returned 
INFO : jdbc.audit - 37. PreparedStatement.getResultSet() returned net.sf.log4jdbc.sql.jdbcapi.ResultSetSpy@11df6e3
INFO : jdbc.resultset - 37. ResultSet.getMetaData() returned oracle.jdbc.driver.OracleResultSetMetaData@1f2f577
INFO : jdbc.resultset - 37. ResultSet.getType() returned 1003
INFO : jdbc.resultset - 37. ResultSet.next() returned true
INFO : jdbc.resultset - 37. ResultSet.getString(DEVER_ID) returned testDever
INFO : jdbc.resultset - 37. ResultSet.wasNull() returned false
INFO : jdbc.resultset - 37. ResultSet.getString(CUST_ID) returned testCust
INFO : jdbc.resultset - 37. ResultSet.wasNull() returned false
INFO : jdbc.resultset - 37. ResultSet.getInt(SQNO) returned 2
INFO : jdbc.resultset - 37. ResultSet.wasNull() returned false
INFO : jdbc.resultset - 37. ResultSet.getString(SET_TM) returned 000000
INFO : jdbc.resultset - 37. ResultSet.wasNull() returned false
INFO : jdbc.resultset - 37. ResultSet.getString(JOB_CD) returned testJobCd
INFO : jdbc.resultset - 37. ResultSet.wasNull() returned false
INFO : jdbc.resultset - 37. ResultSet.getString(CHK_YN) returned N
INFO : jdbc.resultset - 37. ResultSet.wasNull() returned false
INFO : jdbc.resultset - 37. ResultSet.getString(LST_CHK_TS) returned 00010101 000000.000000
INFO : jdbc.resultset - 37. ResultSet.wasNull() returned false
INFO : jdbc.resultset - 37. ResultSet.getString(WK_ITV_RULE) returned 1111100
INFO : jdbc.resultset - 37. ResultSet.wasNull() returned false
INFO : jdbc.resultset - 37. ResultSet.getString(ST_MTH) returned 01
INFO : jdbc.resultset - 37. ResultSet.wasNull() returned false
INFO : jdbc.resultset - 37. ResultSet.getString(ED_MTH) returned 12
INFO : jdbc.resultset - 37. ResultSet.wasNull() returned false
INFO : jdbc.resultset - 37. ResultSet.getString(DEL_YN) returned N
INFO : jdbc.resultset - 37. ResultSet.wasNull() returned false
INFO : jdbc.resultset - 37. ResultSet.getString(FST_PC_TS) returned 20180520 051821.296000
INFO : jdbc.resultset - 37. ResultSet.wasNull() returned false
INFO : jdbc.resultset - 37. ResultSet.getString(PC_TS) returned 20180520 051821.296000
INFO : jdbc.resultset - 37. ResultSet.wasNull() returned false
INFO : jdbc.resultset - 37. ResultSet.getInt(LUPD_CNT) returned 1
INFO : jdbc.resultset - 37. ResultSet.wasNull() returned false
INFO : jdbc.resultset - 37. ResultSet.next() returned true
INFO : jdbc.resultset - 37. ResultSet.getString(DEVER_ID) returned testDever
INFO : jdbc.resultset - 37. ResultSet.wasNull() returned false
INFO : jdbc.resultset - 37. ResultSet.getString(CUST_ID) returned testCust
INFO : jdbc.resultset - 37. ResultSet.wasNull() returned false
INFO : jdbc.resultset - 37. ResultSet.getInt(SQNO) returned 1
INFO : jdbc.resultset - 37. ResultSet.wasNull() returned false
INFO : jdbc.resultset - 37. ResultSet.getString(SET_TM) returned 000000
INFO : jdbc.resultset - 37. ResultSet.wasNull() returned false
INFO : jdbc.resultset - 37. ResultSet.getString(JOB_CD) returned testJobCd
INFO : jdbc.resultset - 37. ResultSet.wasNull() returned false
INFO : jdbc.resultset - 37. ResultSet.getString(CHK_YN) returned N
INFO : jdbc.resultset - 37. ResultSet.wasNull() returned false
INFO : jdbc.resultset - 37. ResultSet.getString(LST_CHK_TS) returned 00010101 000000.000000
INFO : jdbc.resultset - 37. ResultSet.wasNull() returned false
INFO : jdbc.resultset - 37. ResultSet.getString(WK_ITV_RULE) returned 1111100
INFO : jdbc.resultset - 37. ResultSet.wasNull() returned false
INFO : jdbc.resultset - 37. ResultSet.getString(ST_MTH) returned 01
INFO : jdbc.resultset - 37. ResultSet.wasNull() returned false
INFO : jdbc.resultset - 37. ResultSet.getString(ED_MTH) returned 12
INFO : jdbc.resultset - 37. ResultSet.wasNull() returned false
INFO : jdbc.resultset - 37. ResultSet.getString(DEL_YN) returned N
INFO : jdbc.resultset - 37. ResultSet.wasNull() returned false
INFO : jdbc.resultset - 37. ResultSet.getString(FST_PC_TS) returned 20180520 051429.333000
INFO : jdbc.resultset - 37. ResultSet.wasNull() returned false
INFO : jdbc.resultset - 37. ResultSet.getString(PC_TS) returned 20180520 051429.333000
INFO : jdbc.resultset - 37. ResultSet.wasNull() returned false
INFO : jdbc.resultset - 37. ResultSet.getInt(LUPD_CNT) returned 1
INFO : jdbc.resultset - 37. ResultSet.wasNull() returned false
INFO : jdbc.resultsettable - 
|----------|---------|-----|-------|----------|-------|-----------------------|------------|-------|-------|-------|-----------------------|-----------------------|---------|
|dever_id  |cust_id  |sqno |set_tm |job_cd    |chk_yn |lst_chk_ts             |wk_itv_rule |st_mth |ed_mth |del_yn |fst_pc_ts              |pc_ts                  |lupd_cnt |
|----------|---------|-----|-------|----------|-------|-----------------------|------------|-------|-------|-------|-----------------------|-----------------------|---------|
|testDever |testCust |2    |000000 |testJobCd |N      |00010101 000000.000000 |1111100     |01     |12     |N      |20180520 051821.296000 |20180520 051821.296000 |1        |
|testDever |testCust |1    |000000 |testJobCd |N      |00010101 000000.000000 |1111100     |01     |12     |N      |20180520 051429.333000 |20180520 051429.333000 |1        |
|----------|---------|-----|-------|----------|-------|-----------------------|------------|-------|-------|-------|-----------------------|-----------------------|---------|

INFO : jdbc.resultset - 37. ResultSet.next() returned false
INFO : jdbc.resultset - 37. ResultSet.close() returned void
INFO : jdbc.audit - 37. PreparedStatement.getConnection() returned net.sf.log4jdbc.sql.jdbcapi.ConnectionSpy@73c5a4
INFO : jdbc.audit - 37. Connection.getMetaData() returned oracle.jdbc.driver.OracleDatabaseMetaData@1465e4b
INFO : jdbc.audit - 37. PreparedStatement.close() returned 
INFO : jdbc.audit - 37. Connection.rollback() returned 
INFO : jdbc.audit - 37. Connection.setAutoCommit(true) returned 
INFO : jdbc.audit - 37. Connection.isReadOnly() returned false
INFO : jdbc.connection - 37. Connection closed
INFO : jdbc.audit - 37. Connection.close() returned 
INFO : org.springframework.test.context.transaction.TransactionContext - Rolled back transaction for test context [DefaultTestContext@78452d testClass = TestSrchJobSch, testInstance = com.pro.alarm.service.TestSrchJobSch@ea8c23, testMethod = test1211_srchJobSch_orderByJobCd@TestSrchJobSch, testException = java.lang.AssertionError: ��ȸ�� �����Ͽ����ϴ�. expected:&lt;1&gt; but was:&lt;2&gt;, mergedContextConfiguration = [MergedContextConfiguration@1c25153 testClass = TestSrchJobSch, locations = &apos;{classpath:test-context.xml}&apos;, classes = &apos;{}&apos;, contextInitializerClasses = &apos;[]&apos;, activeProfiles = &apos;{}&apos;, propertySourceLocations = &apos;{}&apos;, propertySourceProperties = &apos;{}&apos;, contextCustomizers = set[[empty]], contextLoader = &apos;org.springframework.test.context.support.DelegatingSmartContextLoader&apos;, parent = [null]]].
INFO : jdbc.connection - 38. Connection opened
INFO : jdbc.audit - 38. Connection.new Connection returned 
INFO : jdbc.audit - 38. Connection.getAutoCommit() returned true
INFO : jdbc.audit - 38. PreparedStatement.new PreparedStatement returned 
INFO : jdbc.audit - 38. Connection.prepareStatement(DELETE 
		FROM    TS001_JOB_SCH 
		WHERE   DEVER_ID    = ?
		AND     CUST_ID     = ?
		AND     SQNO        = ?
		AND		LUPD_CNT	= ?) returned net.sf.log4jdbc.sql.jdbcapi.PreparedStatementSpy@1a90fa8
INFO : jdbc.audit - 38. PreparedStatement.setString(1, &quot;testDever&quot;) returned 
INFO : jdbc.audit - 38. PreparedStatement.setString(2, &quot;testCust&quot;) returned 
INFO : jdbc.audit - 38. PreparedStatement.setInt(3, 2) returned 
INFO : jdbc.audit - 38. PreparedStatement.setInt(4, 1) returned 
INFO : jdbc.sqlonly - DELETE FROM TS001_JOB_SCH WHERE DEVER_ID = &apos;testDever&apos; AND CUST_ID = &apos;testCust&apos; AND SQNO = 
2 AND LUPD_CNT = 1 

INFO : jdbc.sqltiming - DELETE FROM TS001_JOB_SCH WHERE DEVER_ID = &apos;testDever&apos; AND CUST_ID = &apos;testCust&apos; AND SQNO = 
2 AND LUPD_CNT = 1 
 {executed in 0 msec}
INFO : jdbc.audit - 38. PreparedStatement.execute() returned false
INFO : jdbc.audit - 38. PreparedStatement.getUpdateCount() returned 1
INFO : jdbc.audit - 38. PreparedStatement.close() returned 
INFO : jdbc.connection - 38. Connection closed
INFO : jdbc.audit - 38. Connection.close() returned 
</system-out>
  </testcase>
  <testcase classname="com.pro.alarm.service.TestSrchJobSch" name="test1212_srchJobSch_orderByChkYn" time="0.079">
    <failure message="조회를 실패하였습니다. expected:&lt;1&gt; but was:&lt;2&gt;" type="java.lang.AssertionError">java.lang.AssertionError: 조회를 실패하였습니다. expected:&lt;1&gt; but was:&lt;2&gt;
	at org.junit.Assert.fail(Assert.java:88)
	at org.junit.Assert.failNotEquals(Assert.java:834)
	at org.junit.Assert.assertEquals(Assert.java:645)
	at com.pro.alarm.service.TestSrchJobSch.test1212_srchJobSch_orderByChkYn(TestSrchJobSch.java:208)
	at sun.reflect.NativeMethodAccessorImpl.invoke0(Native Method)
	at sun.reflect.NativeMethodAccessorImpl.invoke(NativeMethodAccessorImpl.java:62)
	at sun.reflect.DelegatingMethodAccessorImpl.invoke(DelegatingMethodAccessorImpl.java:43)
	at java.lang.reflect.Method.invoke(Method.java:497)
	at org.junit.runners.model.FrameworkMethod$1.runReflectiveCall(FrameworkMethod.java:50)
	at org.junit.internal.runners.model.ReflectiveCallable.run(ReflectiveCallable.java:12)
	at org.junit.runners.model.FrameworkMethod.invokeExplosively(FrameworkMethod.java:47)
	at org.junit.internal.runners.statements.InvokeMethod.evaluate(InvokeMethod.java:17)
	at org.springframework.test.context.junit4.statements.RunBeforeTestMethodCallbacks.evaluate(RunBeforeTestMethodCallbacks.java:75)
	at org.springframework.test.context.junit4.statements.RunAfterTestMethodCallbacks.evaluate(RunAfterTestMethodCallbacks.java:86)
	at org.junit.rules.ExpectedException$ExpectedExceptionStatement.evaluate(ExpectedException.java:239)
	at org.junit.rules.RunRules.evaluate(RunRules.java:20)
	at org.springframework.test.context.junit4.statements.SpringRepeat.evaluate(SpringRepeat.java:84)
	at org.junit.runners.ParentRunner.runLeaf(ParentRunner.java:325)
	at org.springframework.test.context.junit4.SpringJUnit4ClassRunner.runChild(SpringJUnit4ClassRunner.java:252)
	at org.springframework.test.context.junit4.SpringJUnit4ClassRunner.runChild(SpringJUnit4ClassRunner.java:94)
	at org.junit.runners.ParentRunner$3.run(ParentRunner.java:290)
	at org.junit.runners.ParentRunner$1.schedule(ParentRunner.java:71)
	at org.junit.runners.ParentRunner.runChildren(ParentRunner.java:288)
	at org.junit.runners.ParentRunner.access$000(ParentRunner.java:58)
	at org.junit.runners.ParentRunner$2.evaluate(ParentRunner.java:268)
	at org.springframework.test.context.junit4.statements.RunBeforeTestClassCallbacks.evaluate(RunBeforeTestClassCallbacks.java:61)
	at org.springframework.test.context.junit4.statements.RunAfterTestClassCallbacks.evaluate(RunAfterTestClassCallbacks.java:70)
	at org.junit.runners.ParentRunner.run(ParentRunner.java:363)
	at org.springframework.test.context.junit4.SpringJUnit4ClassRunner.run(SpringJUnit4ClassRunner.java:191)
	at org.apache.maven.surefire.junit4.JUnit4Provider.execute(JUnit4Provider.java:252)
	at org.apache.maven.surefire.junit4.JUnit4Provider.executeTestSet(JUnit4Provider.java:141)
	at org.apache.maven.surefire.junit4.JUnit4Provider.invoke(JUnit4Provider.java:112)
	at sun.reflect.NativeMethodAccessorImpl.invoke0(Native Method)
	at sun.reflect.NativeMethodAccessorImpl.invoke(NativeMethodAccessorImpl.java:62)
	at sun.reflect.DelegatingMethodAccessorImpl.invoke(DelegatingMethodAccessorImpl.java:43)
	at java.lang.reflect.Method.invoke(Method.java:497)
	at org.apache.maven.surefire.util.ReflectionUtils.invokeMethodWithArray(ReflectionUtils.java:189)
	at org.apache.maven.surefire.booter.ProviderFactory$ProviderProxy.invoke(ProviderFactory.java:165)
	at org.apache.maven.surefire.booter.ProviderFactory.invokeProvider(ProviderFactory.java:85)
	at org.apache.maven.surefire.booter.ForkedBooter.runSuitesInProcess(ForkedBooter.java:115)
	at org.apache.maven.surefire.booter.ForkedBooter.main(ForkedBooter.java:75)
</failure>
    <system-out>INFO : jdbc.connection - 39. Connection opened
INFO : jdbc.audit - 39. Connection.new Connection returned 
INFO : jdbc.audit - 39. Connection.getAutoCommit() returned true
INFO : jdbc.audit - 39. PreparedStatement.new PreparedStatement returned 
INFO : jdbc.audit - 39. Connection.prepareStatement(SELECT 	NVL(MAX(SQNO),0) + 1 AS SQNO 
		FROM 	TS001_JOB_SCH 
		WHERE 	DEVER_ID	= ?
		AND		CUST_ID		= ?) returned net.sf.log4jdbc.sql.jdbcapi.PreparedStatementSpy@17e0fe5
INFO : jdbc.audit - 39. PreparedStatement.setString(1, &quot;testDever&quot;) returned 
INFO : jdbc.audit - 39. PreparedStatement.setString(2, &quot;testCust&quot;) returned 
INFO : jdbc.sqlonly - SELECT NVL(MAX(SQNO),0) + 1 AS SQNO FROM TS001_JOB_SCH WHERE DEVER_ID = &apos;testDever&apos; AND CUST_ID 
= &apos;testCust&apos; 

INFO : jdbc.sqltiming - SELECT NVL(MAX(SQNO),0) + 1 AS SQNO FROM TS001_JOB_SCH WHERE DEVER_ID = &apos;testDever&apos; AND CUST_ID 
= &apos;testCust&apos; 
 {executed in 15 msec}
INFO : jdbc.audit - 39. PreparedStatement.execute() returned true
INFO : jdbc.resultset - 39. ResultSet.new ResultSet returned 
INFO : jdbc.audit - 39. PreparedStatement.getResultSet() returned net.sf.log4jdbc.sql.jdbcapi.ResultSetSpy@a3962d
INFO : jdbc.resultset - 39. ResultSet.getMetaData() returned oracle.jdbc.driver.OracleResultSetMetaData@aea4b9
INFO : jdbc.resultset - 39. ResultSet.getType() returned 1003
INFO : jdbc.resultset - 39. ResultSet.next() returned true
INFO : jdbc.resultset - 39. ResultSet.getInt(SQNO) returned 2
INFO : jdbc.resultset - 39. ResultSet.wasNull() returned false
INFO : jdbc.resultsettable - 
|-----|
|sqno |
|-----|
|2    |
|-----|

INFO : jdbc.resultset - 39. ResultSet.next() returned false
INFO : jdbc.resultset - 39. ResultSet.close() returned void
INFO : jdbc.audit - 39. PreparedStatement.getConnection() returned net.sf.log4jdbc.sql.jdbcapi.ConnectionSpy@65bb85
INFO : jdbc.audit - 39. Connection.getMetaData() returned oracle.jdbc.driver.OracleDatabaseMetaData@185880b
INFO : jdbc.audit - 39. PreparedStatement.close() returned 
INFO : jdbc.audit - 39. PreparedStatement.new PreparedStatement returned 
INFO : jdbc.audit - 39. Connection.prepareStatement(INSERT INTO	TS001_JOB_SCH(
							  DEVER_ID 	   /*������ID	*/
							, CUST_ID	   /*��ID  */
							, SQNO		   /*�Ϸù�ȣ  */
							, SET_TM	   /*�����ð�  */
							, JOB_CD	   /*�۾��ڵ�  */
							, CHK_YN	   /*Ȯ�ο���  */
							, LST_CHK_TS   /*����Ȯ���Ͻ�*/
							 
							 
							 
							, DEL_YN	   /*��������  */
							, PC_TS		   /*ó���Ͻ�  */
							, FST_PC_TS	   /*����ó���Ͻ�*/
							, LUPD_CNT	   /*���������� */
							)
					VALUES(
							  ?
							, ?
							, ?
							, TO_TIMESTAMP(?,&apos;YYYYMMDD HH24MI&apos;)
							, ?
							, &apos;N&apos;
							, TO_TIMESTAMP(&apos;00010101 000000.000000&apos;,&apos;YYYYMMDD HH24MISS.FF6&apos;)
							 
							 
							 
							, &apos;N&apos;
							, SYSTIMESTAMP
							, SYSTIMESTAMP
							, 1
							)) returned net.sf.log4jdbc.sql.jdbcapi.PreparedStatementSpy@1936da8
INFO : jdbc.audit - 39. PreparedStatement.setString(1, &quot;testDever&quot;) returned 
INFO : jdbc.audit - 39. PreparedStatement.setString(2, &quot;testCust&quot;) returned 
INFO : jdbc.audit - 39. PreparedStatement.setInt(3, 2) returned 
INFO : jdbc.audit - 39. PreparedStatement.setString(4, &quot;00010101 0000&quot;) returned 
INFO : jdbc.audit - 39. PreparedStatement.setString(5, &quot;testJobCd&quot;) returned 
INFO : jdbc.sqlonly - INSERT INTO TS001_JOB_SCH( DEVER_ID /*������ID */ , CUST_ID /*��ID */ , SQNO /*�Ϸù�ȣ */ , SET_TM 
/*�����ð� */ , JOB_CD /*�۾��ڵ� */ , CHK_YN /*Ȯ�ο��� */ , LST_CHK_TS /*����Ȯ���Ͻ�*/ , DEL_YN /*�������� */ 
, PC_TS /*ó���Ͻ� */ , FST_PC_TS /*����ó���Ͻ�*/ , LUPD_CNT /*���������� */ ) VALUES( &apos;testDever&apos; , &apos;testCust&apos; 
, 2 , TO_TIMESTAMP(&apos;00010101 0000&apos;,&apos;YYYYMMDD HH24MI&apos;) , &apos;testJobCd&apos; , &apos;N&apos; , TO_TIMESTAMP(&apos;00010101 
000000.000000&apos;,&apos;YYYYMMDD HH24MISS.FF6&apos;) , &apos;N&apos; , SYSTIMESTAMP , SYSTIMESTAMP , 1 ) 

INFO : jdbc.sqltiming - INSERT INTO TS001_JOB_SCH( DEVER_ID /*������ID */ , CUST_ID /*��ID */ , SQNO /*�Ϸù�ȣ */ , SET_TM 
/*�����ð� */ , JOB_CD /*�۾��ڵ� */ , CHK_YN /*Ȯ�ο��� */ , LST_CHK_TS /*����Ȯ���Ͻ�*/ , DEL_YN /*�������� */ 
, PC_TS /*ó���Ͻ� */ , FST_PC_TS /*����ó���Ͻ�*/ , LUPD_CNT /*���������� */ ) VALUES( &apos;testDever&apos; , &apos;testCust&apos; 
, 2 , TO_TIMESTAMP(&apos;00010101 0000&apos;,&apos;YYYYMMDD HH24MI&apos;) , &apos;testJobCd&apos; , &apos;N&apos; , TO_TIMESTAMP(&apos;00010101 
000000.000000&apos;,&apos;YYYYMMDD HH24MISS.FF6&apos;) , &apos;N&apos; , SYSTIMESTAMP , SYSTIMESTAMP , 1 ) 
 {executed in 1 msec}
INFO : jdbc.audit - 39. PreparedStatement.execute() returned false
INFO : jdbc.audit - 39. PreparedStatement.getUpdateCount() returned 1
INFO : jdbc.audit - 39. PreparedStatement.close() returned 
INFO : jdbc.connection - 39. Connection closed
INFO : jdbc.audit - 39. Connection.close() returned 
INFO : jdbc.connection - 40. Connection opened
INFO : jdbc.audit - 40. Connection.new Connection returned 
INFO : jdbc.audit - 40. Connection.getAutoCommit() returned true
INFO : jdbc.audit - 40. Connection.setAutoCommit(false) returned 
INFO : org.springframework.test.context.transaction.TransactionContext - Began transaction (1) for test context [DefaultTestContext@78452d testClass = TestSrchJobSch, testInstance = com.pro.alarm.service.TestSrchJobSch@12ba1db, testMethod = test1212_srchJobSch_orderByChkYn@TestSrchJobSch, testException = [null], mergedContextConfiguration = [MergedContextConfiguration@1c25153 testClass = TestSrchJobSch, locations = &apos;{classpath:test-context.xml}&apos;, classes = &apos;{}&apos;, contextInitializerClasses = &apos;[]&apos;, activeProfiles = &apos;{}&apos;, propertySourceLocations = &apos;{}&apos;, propertySourceProperties = &apos;{}&apos;, contextCustomizers = set[[empty]], contextLoader = &apos;org.springframework.test.context.support.DelegatingSmartContextLoader&apos;, parent = [null]]]; transaction manager [org.springframework.jdbc.datasource.DataSourceTransactionManager@1bcd567]; rollback [true]
INFO : jdbc.audit - 40. Connection.getAutoCommit() returned false
INFO : jdbc.audit - 40. PreparedStatement.new PreparedStatement returned 
INFO : jdbc.audit - 40. Connection.prepareStatement(SELECT 	  DEVER_ID 	   												/*������ID*/
				, CUST_ID	  							 					/*��ID  */
				, SQNO		   												/*�Ϸù�ȣ  */
				, TO_CHAR(SET_TM,&apos;HH24MISS&apos;) AS SET_TM	   					/*�����ð�  */
				, JOB_CD	   												/*�۾��ڵ�  */
				, CHK_YN	   												/*Ȯ�ο���  */
				, TO_CHAR(LST_CHK_TS,&apos;YYYYMMDD HH24MISS.FF6&apos;) AS LST_CHK_TS /*����Ȯ���Ͻ�*/
				, WK_ITV_RULE                                               /*�ְ���Ģ*/
				, ST_MTH                                                    /*���ۿ�*/
				, ED_MTH                                                    /*�����*/
				, DEL_YN	   												/*��������  */
				, TO_CHAR(FST_PC_TS,&apos;YYYYMMDD HH24MISS.FF6&apos;) AS FST_PC_TS	/*����ó���Ͻ�*/
				, TO_CHAR(PC_TS,&apos;YYYYMMDD HH24MISS.FF6&apos;) AS PC_TS			/*ó���Ͻ�*/
				, LUPD_CNT	   												/*���������� */
		FROM	TS001_JOB_SCH
		WHERE	DEVER_ID 	= ?
		 
		 
		AND		PC_TS BETWEEN TO_TIMESTAMP(?,&apos;YYYYMMDD&apos;) AND TO_TIMESTAMP(?,&apos;YYYYMMDD&apos;)
		 
		 
		 
		ORDER BY
		 CHK_YN 
		  DESC) returned net.sf.log4jdbc.sql.jdbcapi.PreparedStatementSpy@a36b71
INFO : jdbc.audit - 40. PreparedStatement.setString(1, &quot;testDever&quot;) returned 
INFO : jdbc.audit - 40. PreparedStatement.setString(2, &quot;20180519&quot;) returned 
INFO : jdbc.audit - 40. PreparedStatement.setString(3, &quot;20180521&quot;) returned 
INFO : jdbc.sqlonly - SELECT DEVER_ID /*������ID*/ , CUST_ID /*��ID */ , SQNO /*�Ϸù�ȣ */ , TO_CHAR(SET_TM,&apos;HH24MISS&apos;) 
AS SET_TM /*�����ð� */ , JOB_CD /*�۾��ڵ� */ , CHK_YN /*Ȯ�ο��� */ , TO_CHAR(LST_CHK_TS,&apos;YYYYMMDD HH24MISS.FF6&apos;) 
AS LST_CHK_TS /*����Ȯ���Ͻ�*/ , WK_ITV_RULE /*�ְ���Ģ*/ , ST_MTH /*���ۿ�*/ , ED_MTH /*�����*/ , DEL_YN 
/*�������� */ , TO_CHAR(FST_PC_TS,&apos;YYYYMMDD HH24MISS.FF6&apos;) AS FST_PC_TS /*����ó���Ͻ�*/ , TO_CHAR(PC_TS,&apos;YYYYMMDD 
HH24MISS.FF6&apos;) AS PC_TS /*ó���Ͻ�*/ , LUPD_CNT /*���������� */ FROM TS001_JOB_SCH WHERE DEVER_ID = 
&apos;testDever&apos; AND PC_TS BETWEEN TO_TIMESTAMP(&apos;20180519&apos;,&apos;YYYYMMDD&apos;) AND TO_TIMESTAMP(&apos;20180521&apos;,&apos;YYYYMMDD&apos;) 
ORDER BY CHK_YN DESC 

INFO : jdbc.sqltiming - SELECT DEVER_ID /*������ID*/ , CUST_ID /*��ID */ , SQNO /*�Ϸù�ȣ */ , TO_CHAR(SET_TM,&apos;HH24MISS&apos;) 
AS SET_TM /*�����ð� */ , JOB_CD /*�۾��ڵ� */ , CHK_YN /*Ȯ�ο��� */ , TO_CHAR(LST_CHK_TS,&apos;YYYYMMDD HH24MISS.FF6&apos;) 
AS LST_CHK_TS /*����Ȯ���Ͻ�*/ , WK_ITV_RULE /*�ְ���Ģ*/ , ST_MTH /*���ۿ�*/ , ED_MTH /*�����*/ , DEL_YN 
/*�������� */ , TO_CHAR(FST_PC_TS,&apos;YYYYMMDD HH24MISS.FF6&apos;) AS FST_PC_TS /*����ó���Ͻ�*/ , TO_CHAR(PC_TS,&apos;YYYYMMDD 
HH24MISS.FF6&apos;) AS PC_TS /*ó���Ͻ�*/ , LUPD_CNT /*���������� */ FROM TS001_JOB_SCH WHERE DEVER_ID = 
&apos;testDever&apos; AND PC_TS BETWEEN TO_TIMESTAMP(&apos;20180519&apos;,&apos;YYYYMMDD&apos;) AND TO_TIMESTAMP(&apos;20180521&apos;,&apos;YYYYMMDD&apos;) 
ORDER BY CHK_YN DESC 
 {executed in 0 msec}
INFO : jdbc.audit - 40. PreparedStatement.execute() returned true
INFO : jdbc.resultset - 40. ResultSet.new ResultSet returned 
INFO : jdbc.audit - 40. PreparedStatement.getResultSet() returned net.sf.log4jdbc.sql.jdbcapi.ResultSetSpy@4497d1
INFO : jdbc.resultset - 40. ResultSet.getMetaData() returned oracle.jdbc.driver.OracleResultSetMetaData@f9d87b
INFO : jdbc.resultset - 40. ResultSet.getType() returned 1003
INFO : jdbc.resultset - 40. ResultSet.next() returned true
INFO : jdbc.resultset - 40. ResultSet.getString(DEVER_ID) returned testDever
INFO : jdbc.resultset - 40. ResultSet.wasNull() returned false
INFO : jdbc.resultset - 40. ResultSet.getString(CUST_ID) returned testCust
INFO : jdbc.resultset - 40. ResultSet.wasNull() returned false
INFO : jdbc.resultset - 40. ResultSet.getInt(SQNO) returned 2
INFO : jdbc.resultset - 40. ResultSet.wasNull() returned false
INFO : jdbc.resultset - 40. ResultSet.getString(SET_TM) returned 000000
INFO : jdbc.resultset - 40. ResultSet.wasNull() returned false
INFO : jdbc.resultset - 40. ResultSet.getString(JOB_CD) returned testJobCd
INFO : jdbc.resultset - 40. ResultSet.wasNull() returned false
INFO : jdbc.resultset - 40. ResultSet.getString(CHK_YN) returned N
INFO : jdbc.resultset - 40. ResultSet.wasNull() returned false
INFO : jdbc.resultset - 40. ResultSet.getString(LST_CHK_TS) returned 00010101 000000.000000
INFO : jdbc.resultset - 40. ResultSet.wasNull() returned false
INFO : jdbc.resultset - 40. ResultSet.getString(WK_ITV_RULE) returned 1111100
INFO : jdbc.resultset - 40. ResultSet.wasNull() returned false
INFO : jdbc.resultset - 40. ResultSet.getString(ST_MTH) returned 01
INFO : jdbc.resultset - 40. ResultSet.wasNull() returned false
INFO : jdbc.resultset - 40. ResultSet.getString(ED_MTH) returned 12
INFO : jdbc.resultset - 40. ResultSet.wasNull() returned false
INFO : jdbc.resultset - 40. ResultSet.getString(DEL_YN) returned N
INFO : jdbc.resultset - 40. ResultSet.wasNull() returned false
INFO : jdbc.resultset - 40. ResultSet.getString(FST_PC_TS) returned 20180520 051821.376000
INFO : jdbc.resultset - 40. ResultSet.wasNull() returned false
INFO : jdbc.resultset - 40. ResultSet.getString(PC_TS) returned 20180520 051821.376000
INFO : jdbc.resultset - 40. ResultSet.wasNull() returned false
INFO : jdbc.resultset - 40. ResultSet.getInt(LUPD_CNT) returned 1
INFO : jdbc.resultset - 40. ResultSet.wasNull() returned false
INFO : jdbc.resultset - 40. ResultSet.next() returned true
INFO : jdbc.resultset - 40. ResultSet.getString(DEVER_ID) returned testDever
INFO : jdbc.resultset - 40. ResultSet.wasNull() returned false
INFO : jdbc.resultset - 40. ResultSet.getString(CUST_ID) returned testCust
INFO : jdbc.resultset - 40. ResultSet.wasNull() returned false
INFO : jdbc.resultset - 40. ResultSet.getInt(SQNO) returned 1
INFO : jdbc.resultset - 40. ResultSet.wasNull() returned false
INFO : jdbc.resultset - 40. ResultSet.getString(SET_TM) returned 000000
INFO : jdbc.resultset - 40. ResultSet.wasNull() returned false
INFO : jdbc.resultset - 40. ResultSet.getString(JOB_CD) returned testJobCd
INFO : jdbc.resultset - 40. ResultSet.wasNull() returned false
INFO : jdbc.resultset - 40. ResultSet.getString(CHK_YN) returned N
INFO : jdbc.resultset - 40. ResultSet.wasNull() returned false
INFO : jdbc.resultset - 40. ResultSet.getString(LST_CHK_TS) returned 00010101 000000.000000
INFO : jdbc.resultset - 40. ResultSet.wasNull() returned false
INFO : jdbc.resultset - 40. ResultSet.getString(WK_ITV_RULE) returned 1111100
INFO : jdbc.resultset - 40. ResultSet.wasNull() returned false
INFO : jdbc.resultset - 40. ResultSet.getString(ST_MTH) returned 01
INFO : jdbc.resultset - 40. ResultSet.wasNull() returned false
INFO : jdbc.resultset - 40. ResultSet.getString(ED_MTH) returned 12
INFO : jdbc.resultset - 40. ResultSet.wasNull() returned false
INFO : jdbc.resultset - 40. ResultSet.getString(DEL_YN) returned N
INFO : jdbc.resultset - 40. ResultSet.wasNull() returned false
INFO : jdbc.resultset - 40. ResultSet.getString(FST_PC_TS) returned 20180520 051429.333000
INFO : jdbc.resultset - 40. ResultSet.wasNull() returned false
INFO : jdbc.resultset - 40. ResultSet.getString(PC_TS) returned 20180520 051429.333000
INFO : jdbc.resultset - 40. ResultSet.wasNull() returned false
INFO : jdbc.resultset - 40. ResultSet.getInt(LUPD_CNT) returned 1
INFO : jdbc.resultset - 40. ResultSet.wasNull() returned false
INFO : jdbc.resultsettable - 
|----------|---------|-----|-------|----------|-------|-----------------------|------------|-------|-------|-------|-----------------------|-----------------------|---------|
|dever_id  |cust_id  |sqno |set_tm |job_cd    |chk_yn |lst_chk_ts             |wk_itv_rule |st_mth |ed_mth |del_yn |fst_pc_ts              |pc_ts                  |lupd_cnt |
|----------|---------|-----|-------|----------|-------|-----------------------|------------|-------|-------|-------|-----------------------|-----------------------|---------|
|testDever |testCust |2    |000000 |testJobCd |N      |00010101 000000.000000 |1111100     |01     |12     |N      |20180520 051821.376000 |20180520 051821.376000 |1        |
|testDever |testCust |1    |000000 |testJobCd |N      |00010101 000000.000000 |1111100     |01     |12     |N      |20180520 051429.333000 |20180520 051429.333000 |1        |
|----------|---------|-----|-------|----------|-------|-----------------------|------------|-------|-------|-------|-----------------------|-----------------------|---------|

INFO : jdbc.resultset - 40. ResultSet.next() returned false
INFO : jdbc.resultset - 40. ResultSet.close() returned void
INFO : jdbc.audit - 40. PreparedStatement.getConnection() returned net.sf.log4jdbc.sql.jdbcapi.ConnectionSpy@1fab045
INFO : jdbc.audit - 40. Connection.getMetaData() returned oracle.jdbc.driver.OracleDatabaseMetaData@6fb628
INFO : jdbc.audit - 40. PreparedStatement.close() returned 
INFO : jdbc.audit - 40. Connection.rollback() returned 
INFO : jdbc.audit - 40. Connection.setAutoCommit(true) returned 
INFO : jdbc.audit - 40. Connection.isReadOnly() returned false
INFO : jdbc.connection - 40. Connection closed
INFO : jdbc.audit - 40. Connection.close() returned 
INFO : org.springframework.test.context.transaction.TransactionContext - Rolled back transaction for test context [DefaultTestContext@78452d testClass = TestSrchJobSch, testInstance = com.pro.alarm.service.TestSrchJobSch@12ba1db, testMethod = test1212_srchJobSch_orderByChkYn@TestSrchJobSch, testException = java.lang.AssertionError: ��ȸ�� �����Ͽ����ϴ�. expected:&lt;1&gt; but was:&lt;2&gt;, mergedContextConfiguration = [MergedContextConfiguration@1c25153 testClass = TestSrchJobSch, locations = &apos;{classpath:test-context.xml}&apos;, classes = &apos;{}&apos;, contextInitializerClasses = &apos;[]&apos;, activeProfiles = &apos;{}&apos;, propertySourceLocations = &apos;{}&apos;, propertySourceProperties = &apos;{}&apos;, contextCustomizers = set[[empty]], contextLoader = &apos;org.springframework.test.context.support.DelegatingSmartContextLoader&apos;, parent = [null]]].
INFO : jdbc.connection - 41. Connection opened
INFO : jdbc.audit - 41. Connection.new Connection returned 
INFO : jdbc.audit - 41. Connection.getAutoCommit() returned true
INFO : jdbc.audit - 41. PreparedStatement.new PreparedStatement returned 
INFO : jdbc.audit - 41. Connection.prepareStatement(DELETE 
		FROM    TS001_JOB_SCH 
		WHERE   DEVER_ID    = ?
		AND     CUST_ID     = ?
		AND     SQNO        = ?
		AND		LUPD_CNT	= ?) returned net.sf.log4jdbc.sql.jdbcapi.PreparedStatementSpy@dd7e15
INFO : jdbc.audit - 41. PreparedStatement.setString(1, &quot;testDever&quot;) returned 
INFO : jdbc.audit - 41. PreparedStatement.setString(2, &quot;testCust&quot;) returned 
INFO : jdbc.audit - 41. PreparedStatement.setInt(3, 2) returned 
INFO : jdbc.audit - 41. PreparedStatement.setInt(4, 1) returned 
INFO : jdbc.sqlonly - DELETE FROM TS001_JOB_SCH WHERE DEVER_ID = &apos;testDever&apos; AND CUST_ID = &apos;testCust&apos; AND SQNO = 
2 AND LUPD_CNT = 1 

INFO : jdbc.sqltiming - DELETE FROM TS001_JOB_SCH WHERE DEVER_ID = &apos;testDever&apos; AND CUST_ID = &apos;testCust&apos; AND SQNO = 
2 AND LUPD_CNT = 1 
 {executed in 15 msec}
INFO : jdbc.audit - 41. PreparedStatement.execute() returned false
INFO : jdbc.audit - 41. PreparedStatement.getUpdateCount() returned 1
INFO : jdbc.audit - 41. PreparedStatement.close() returned 
INFO : jdbc.connection - 41. Connection closed
INFO : jdbc.audit - 41. Connection.close() returned 
</system-out>
  </testcase>
  <testcase classname="com.pro.alarm.service.TestSrchJobSch" name="test1213_srchJobSch_orderByTypeOnly" time="0.204">
    <failure message="조회를 실패하였습니다. expected:&lt;1&gt; but was:&lt;2&gt;" type="java.lang.AssertionError">java.lang.AssertionError: 조회를 실패하였습니다. expected:&lt;1&gt; but was:&lt;2&gt;
	at org.junit.Assert.fail(Assert.java:88)
	at org.junit.Assert.failNotEquals(Assert.java:834)
	at org.junit.Assert.assertEquals(Assert.java:645)
	at com.pro.alarm.service.TestSrchJobSch.test1213_srchJobSch_orderByTypeOnly(TestSrchJobSch.java:220)
	at sun.reflect.NativeMethodAccessorImpl.invoke0(Native Method)
	at sun.reflect.NativeMethodAccessorImpl.invoke(NativeMethodAccessorImpl.java:62)
	at sun.reflect.DelegatingMethodAccessorImpl.invoke(DelegatingMethodAccessorImpl.java:43)
	at java.lang.reflect.Method.invoke(Method.java:497)
	at org.junit.runners.model.FrameworkMethod$1.runReflectiveCall(FrameworkMethod.java:50)
	at org.junit.internal.runners.model.ReflectiveCallable.run(ReflectiveCallable.java:12)
	at org.junit.runners.model.FrameworkMethod.invokeExplosively(FrameworkMethod.java:47)
	at org.junit.internal.runners.statements.InvokeMethod.evaluate(InvokeMethod.java:17)
	at org.springframework.test.context.junit4.statements.RunBeforeTestMethodCallbacks.evaluate(RunBeforeTestMethodCallbacks.java:75)
	at org.springframework.test.context.junit4.statements.RunAfterTestMethodCallbacks.evaluate(RunAfterTestMethodCallbacks.java:86)
	at org.junit.rules.ExpectedException$ExpectedExceptionStatement.evaluate(ExpectedException.java:239)
	at org.junit.rules.RunRules.evaluate(RunRules.java:20)
	at org.springframework.test.context.junit4.statements.SpringRepeat.evaluate(SpringRepeat.java:84)
	at org.junit.runners.ParentRunner.runLeaf(ParentRunner.java:325)
	at org.springframework.test.context.junit4.SpringJUnit4ClassRunner.runChild(SpringJUnit4ClassRunner.java:252)
	at org.springframework.test.context.junit4.SpringJUnit4ClassRunner.runChild(SpringJUnit4ClassRunner.java:94)
	at org.junit.runners.ParentRunner$3.run(ParentRunner.java:290)
	at org.junit.runners.ParentRunner$1.schedule(ParentRunner.java:71)
	at org.junit.runners.ParentRunner.runChildren(ParentRunner.java:288)
	at org.junit.runners.ParentRunner.access$000(ParentRunner.java:58)
	at org.junit.runners.ParentRunner$2.evaluate(ParentRunner.java:268)
	at org.springframework.test.context.junit4.statements.RunBeforeTestClassCallbacks.evaluate(RunBeforeTestClassCallbacks.java:61)
	at org.springframework.test.context.junit4.statements.RunAfterTestClassCallbacks.evaluate(RunAfterTestClassCallbacks.java:70)
	at org.junit.runners.ParentRunner.run(ParentRunner.java:363)
	at org.springframework.test.context.junit4.SpringJUnit4ClassRunner.run(SpringJUnit4ClassRunner.java:191)
	at org.apache.maven.surefire.junit4.JUnit4Provider.execute(JUnit4Provider.java:252)
	at org.apache.maven.surefire.junit4.JUnit4Provider.executeTestSet(JUnit4Provider.java:141)
	at org.apache.maven.surefire.junit4.JUnit4Provider.invoke(JUnit4Provider.java:112)
	at sun.reflect.NativeMethodAccessorImpl.invoke0(Native Method)
	at sun.reflect.NativeMethodAccessorImpl.invoke(NativeMethodAccessorImpl.java:62)
	at sun.reflect.DelegatingMethodAccessorImpl.invoke(DelegatingMethodAccessorImpl.java:43)
	at java.lang.reflect.Method.invoke(Method.java:497)
	at org.apache.maven.surefire.util.ReflectionUtils.invokeMethodWithArray(ReflectionUtils.java:189)
	at org.apache.maven.surefire.booter.ProviderFactory$ProviderProxy.invoke(ProviderFactory.java:165)
	at org.apache.maven.surefire.booter.ProviderFactory.invokeProvider(ProviderFactory.java:85)
	at org.apache.maven.surefire.booter.ForkedBooter.runSuitesInProcess(ForkedBooter.java:115)
	at org.apache.maven.surefire.booter.ForkedBooter.main(ForkedBooter.java:75)
</failure>
    <system-out>INFO : jdbc.connection - 42. Connection opened
INFO : jdbc.audit - 42. Connection.new Connection returned 
INFO : jdbc.audit - 42. Connection.getAutoCommit() returned true
INFO : jdbc.audit - 42. PreparedStatement.new PreparedStatement returned 
INFO : jdbc.audit - 42. Connection.prepareStatement(SELECT 	NVL(MAX(SQNO),0) + 1 AS SQNO 
		FROM 	TS001_JOB_SCH 
		WHERE 	DEVER_ID	= ?
		AND		CUST_ID		= ?) returned net.sf.log4jdbc.sql.jdbcapi.PreparedStatementSpy@1fe9859
INFO : jdbc.audit - 42. PreparedStatement.setString(1, &quot;testDever&quot;) returned 
INFO : jdbc.audit - 42. PreparedStatement.setString(2, &quot;testCust&quot;) returned 
INFO : jdbc.sqlonly - SELECT NVL(MAX(SQNO),0) + 1 AS SQNO FROM TS001_JOB_SCH WHERE DEVER_ID = &apos;testDever&apos; AND CUST_ID 
= &apos;testCust&apos; 

INFO : jdbc.sqltiming - SELECT NVL(MAX(SQNO),0) + 1 AS SQNO FROM TS001_JOB_SCH WHERE DEVER_ID = &apos;testDever&apos; AND CUST_ID 
= &apos;testCust&apos; 
 {executed in 0 msec}
INFO : jdbc.audit - 42. PreparedStatement.execute() returned true
INFO : jdbc.resultset - 42. ResultSet.new ResultSet returned 
INFO : jdbc.audit - 42. PreparedStatement.getResultSet() returned net.sf.log4jdbc.sql.jdbcapi.ResultSetSpy@c86ba5
INFO : jdbc.resultset - 42. ResultSet.getMetaData() returned oracle.jdbc.driver.OracleResultSetMetaData@67e137
INFO : jdbc.resultset - 42. ResultSet.getType() returned 1003
INFO : jdbc.resultset - 42. ResultSet.next() returned true
INFO : jdbc.resultset - 42. ResultSet.getInt(SQNO) returned 2
INFO : jdbc.resultset - 42. ResultSet.wasNull() returned false
INFO : jdbc.resultsettable - 
|-----|
|sqno |
|-----|
|2    |
|-----|

INFO : jdbc.resultset - 42. ResultSet.next() returned false
INFO : jdbc.resultset - 42. ResultSet.close() returned void
INFO : jdbc.audit - 42. PreparedStatement.getConnection() returned net.sf.log4jdbc.sql.jdbcapi.ConnectionSpy@9399a4
INFO : jdbc.audit - 42. Connection.getMetaData() returned oracle.jdbc.driver.OracleDatabaseMetaData@11ae03f
INFO : jdbc.audit - 42. PreparedStatement.close() returned 
INFO : jdbc.audit - 42. PreparedStatement.new PreparedStatement returned 
INFO : jdbc.audit - 42. Connection.prepareStatement(INSERT INTO	TS001_JOB_SCH(
							  DEVER_ID 	   /*������ID	*/
							, CUST_ID	   /*��ID  */
							, SQNO		   /*�Ϸù�ȣ  */
							, SET_TM	   /*�����ð�  */
							, JOB_CD	   /*�۾��ڵ�  */
							, CHK_YN	   /*Ȯ�ο���  */
							, LST_CHK_TS   /*����Ȯ���Ͻ�*/
							 
							 
							 
							, DEL_YN	   /*��������  */
							, PC_TS		   /*ó���Ͻ�  */
							, FST_PC_TS	   /*����ó���Ͻ�*/
							, LUPD_CNT	   /*���������� */
							)
					VALUES(
							  ?
							, ?
							, ?
							, TO_TIMESTAMP(?,&apos;YYYYMMDD HH24MI&apos;)
							, ?
							, &apos;N&apos;
							, TO_TIMESTAMP(&apos;00010101 000000.000000&apos;,&apos;YYYYMMDD HH24MISS.FF6&apos;)
							 
							 
							 
							, &apos;N&apos;
							, SYSTIMESTAMP
							, SYSTIMESTAMP
							, 1
							)) returned net.sf.log4jdbc.sql.jdbcapi.PreparedStatementSpy@9635fa
INFO : jdbc.audit - 42. PreparedStatement.setString(1, &quot;testDever&quot;) returned 
INFO : jdbc.audit - 42. PreparedStatement.setString(2, &quot;testCust&quot;) returned 
INFO : jdbc.audit - 42. PreparedStatement.setInt(3, 2) returned 
INFO : jdbc.audit - 42. PreparedStatement.setString(4, &quot;00010101 0000&quot;) returned 
INFO : jdbc.audit - 42. PreparedStatement.setString(5, &quot;testJobCd&quot;) returned 
INFO : jdbc.sqlonly - INSERT INTO TS001_JOB_SCH( DEVER_ID /*������ID */ , CUST_ID /*��ID */ , SQNO /*�Ϸù�ȣ */ , SET_TM 
/*�����ð� */ , JOB_CD /*�۾��ڵ� */ , CHK_YN /*Ȯ�ο��� */ , LST_CHK_TS /*����Ȯ���Ͻ�*/ , DEL_YN /*�������� */ 
, PC_TS /*ó���Ͻ� */ , FST_PC_TS /*����ó���Ͻ�*/ , LUPD_CNT /*���������� */ ) VALUES( &apos;testDever&apos; , &apos;testCust&apos; 
, 2 , TO_TIMESTAMP(&apos;00010101 0000&apos;,&apos;YYYYMMDD HH24MI&apos;) , &apos;testJobCd&apos; , &apos;N&apos; , TO_TIMESTAMP(&apos;00010101 
000000.000000&apos;,&apos;YYYYMMDD HH24MISS.FF6&apos;) , &apos;N&apos; , SYSTIMESTAMP , SYSTIMESTAMP , 1 ) 

INFO : jdbc.sqltiming - INSERT INTO TS001_JOB_SCH( DEVER_ID /*������ID */ , CUST_ID /*��ID */ , SQNO /*�Ϸù�ȣ */ , SET_TM 
/*�����ð� */ , JOB_CD /*�۾��ڵ� */ , CHK_YN /*Ȯ�ο��� */ , LST_CHK_TS /*����Ȯ���Ͻ�*/ , DEL_YN /*�������� */ 
, PC_TS /*ó���Ͻ� */ , FST_PC_TS /*����ó���Ͻ�*/ , LUPD_CNT /*���������� */ ) VALUES( &apos;testDever&apos; , &apos;testCust&apos; 
, 2 , TO_TIMESTAMP(&apos;00010101 0000&apos;,&apos;YYYYMMDD HH24MI&apos;) , &apos;testJobCd&apos; , &apos;N&apos; , TO_TIMESTAMP(&apos;00010101 
000000.000000&apos;,&apos;YYYYMMDD HH24MISS.FF6&apos;) , &apos;N&apos; , SYSTIMESTAMP , SYSTIMESTAMP , 1 ) 
 {executed in 0 msec}
INFO : jdbc.audit - 42. PreparedStatement.execute() returned false
INFO : jdbc.audit - 42. PreparedStatement.getUpdateCount() returned 1
INFO : jdbc.audit - 42. PreparedStatement.close() returned 
INFO : jdbc.connection - 42. Connection closed
INFO : jdbc.audit - 42. Connection.close() returned 
INFO : jdbc.connection - 43. Connection opened
INFO : jdbc.audit - 43. Connection.new Connection returned 
INFO : jdbc.audit - 43. Connection.getAutoCommit() returned true
INFO : jdbc.audit - 43. Connection.setAutoCommit(false) returned 
INFO : org.springframework.test.context.transaction.TransactionContext - Began transaction (1) for test context [DefaultTestContext@78452d testClass = TestSrchJobSch, testInstance = com.pro.alarm.service.TestSrchJobSch@1c5efee, testMethod = test1213_srchJobSch_orderByTypeOnly@TestSrchJobSch, testException = [null], mergedContextConfiguration = [MergedContextConfiguration@1c25153 testClass = TestSrchJobSch, locations = &apos;{classpath:test-context.xml}&apos;, classes = &apos;{}&apos;, contextInitializerClasses = &apos;[]&apos;, activeProfiles = &apos;{}&apos;, propertySourceLocations = &apos;{}&apos;, propertySourceProperties = &apos;{}&apos;, contextCustomizers = set[[empty]], contextLoader = &apos;org.springframework.test.context.support.DelegatingSmartContextLoader&apos;, parent = [null]]]; transaction manager [org.springframework.jdbc.datasource.DataSourceTransactionManager@1bcd567]; rollback [true]
INFO : jdbc.audit - 43. Connection.getAutoCommit() returned false
INFO : jdbc.audit - 43. PreparedStatement.new PreparedStatement returned 
INFO : jdbc.audit - 43. Connection.prepareStatement(SELECT 	  DEVER_ID 	   												/*������ID*/
				, CUST_ID	  							 					/*��ID  */
				, SQNO		   												/*�Ϸù�ȣ  */
				, TO_CHAR(SET_TM,&apos;HH24MISS&apos;) AS SET_TM	   					/*�����ð�  */
				, JOB_CD	   												/*�۾��ڵ�  */
				, CHK_YN	   												/*Ȯ�ο���  */
				, TO_CHAR(LST_CHK_TS,&apos;YYYYMMDD HH24MISS.FF6&apos;) AS LST_CHK_TS /*����Ȯ���Ͻ�*/
				, WK_ITV_RULE                                               /*�ְ���Ģ*/
				, ST_MTH                                                    /*���ۿ�*/
				, ED_MTH                                                    /*�����*/
				, DEL_YN	   												/*��������  */
				, TO_CHAR(FST_PC_TS,&apos;YYYYMMDD HH24MISS.FF6&apos;) AS FST_PC_TS	/*����ó���Ͻ�*/
				, TO_CHAR(PC_TS,&apos;YYYYMMDD HH24MISS.FF6&apos;) AS PC_TS			/*ó���Ͻ�*/
				, LUPD_CNT	   												/*���������� */
		FROM	TS001_JOB_SCH
		WHERE	DEVER_ID 	= ?
		 
		 
		AND		PC_TS BETWEEN TO_TIMESTAMP(?,&apos;YYYYMMDD&apos;) AND TO_TIMESTAMP(?,&apos;YYYYMMDD&apos;)) returned net.sf.log4jdbc.sql.jdbcapi.PreparedStatementSpy@98290c
INFO : jdbc.audit - 43. PreparedStatement.setString(1, &quot;testDever&quot;) returned 
INFO : jdbc.audit - 43. PreparedStatement.setString(2, &quot;20180519&quot;) returned 
INFO : jdbc.audit - 43. PreparedStatement.setString(3, &quot;20180521&quot;) returned 
INFO : jdbc.sqlonly - SELECT DEVER_ID /*������ID*/ , CUST_ID /*��ID */ , SQNO /*�Ϸù�ȣ */ , TO_CHAR(SET_TM,&apos;HH24MISS&apos;) 
AS SET_TM /*�����ð� */ , JOB_CD /*�۾��ڵ� */ , CHK_YN /*Ȯ�ο��� */ , TO_CHAR(LST_CHK_TS,&apos;YYYYMMDD HH24MISS.FF6&apos;) 
AS LST_CHK_TS /*����Ȯ���Ͻ�*/ , WK_ITV_RULE /*�ְ���Ģ*/ , ST_MTH /*���ۿ�*/ , ED_MTH /*�����*/ , DEL_YN 
/*�������� */ , TO_CHAR(FST_PC_TS,&apos;YYYYMMDD HH24MISS.FF6&apos;) AS FST_PC_TS /*����ó���Ͻ�*/ , TO_CHAR(PC_TS,&apos;YYYYMMDD 
HH24MISS.FF6&apos;) AS PC_TS /*ó���Ͻ�*/ , LUPD_CNT /*���������� */ FROM TS001_JOB_SCH WHERE DEVER_ID = 
&apos;testDever&apos; AND PC_TS BETWEEN TO_TIMESTAMP(&apos;20180519&apos;,&apos;YYYYMMDD&apos;) AND TO_TIMESTAMP(&apos;20180521&apos;,&apos;YYYYMMDD&apos;) 

INFO : jdbc.sqltiming - SELECT DEVER_ID /*������ID*/ , CUST_ID /*��ID */ , SQNO /*�Ϸù�ȣ */ , TO_CHAR(SET_TM,&apos;HH24MISS&apos;) 
AS SET_TM /*�����ð� */ , JOB_CD /*�۾��ڵ� */ , CHK_YN /*Ȯ�ο��� */ , TO_CHAR(LST_CHK_TS,&apos;YYYYMMDD HH24MISS.FF6&apos;) 
AS LST_CHK_TS /*����Ȯ���Ͻ�*/ , WK_ITV_RULE /*�ְ���Ģ*/ , ST_MTH /*���ۿ�*/ , ED_MTH /*�����*/ , DEL_YN 
/*�������� */ , TO_CHAR(FST_PC_TS,&apos;YYYYMMDD HH24MISS.FF6&apos;) AS FST_PC_TS /*����ó���Ͻ�*/ , TO_CHAR(PC_TS,&apos;YYYYMMDD 
HH24MISS.FF6&apos;) AS PC_TS /*ó���Ͻ�*/ , LUPD_CNT /*���������� */ FROM TS001_JOB_SCH WHERE DEVER_ID = 
&apos;testDever&apos; AND PC_TS BETWEEN TO_TIMESTAMP(&apos;20180519&apos;,&apos;YYYYMMDD&apos;) AND TO_TIMESTAMP(&apos;20180521&apos;,&apos;YYYYMMDD&apos;) 
 {executed in 0 msec}
INFO : jdbc.audit - 43. PreparedStatement.execute() returned true
INFO : jdbc.resultset - 43. ResultSet.new ResultSet returned 
INFO : jdbc.audit - 43. PreparedStatement.getResultSet() returned net.sf.log4jdbc.sql.jdbcapi.ResultSetSpy@12ca72b
INFO : jdbc.resultset - 43. ResultSet.getMetaData() returned oracle.jdbc.driver.OracleResultSetMetaData@1da80bf
INFO : jdbc.resultset - 43. ResultSet.getType() returned 1003
INFO : jdbc.resultset - 43. ResultSet.next() returned true
INFO : jdbc.resultset - 43. ResultSet.getString(DEVER_ID) returned testDever
INFO : jdbc.resultset - 43. ResultSet.wasNull() returned false
INFO : jdbc.resultset - 43. ResultSet.getString(CUST_ID) returned testCust
INFO : jdbc.resultset - 43. ResultSet.wasNull() returned false
INFO : jdbc.resultset - 43. ResultSet.getInt(SQNO) returned 1
INFO : jdbc.resultset - 43. ResultSet.wasNull() returned false
INFO : jdbc.resultset - 43. ResultSet.getString(SET_TM) returned 000000
INFO : jdbc.resultset - 43. ResultSet.wasNull() returned false
INFO : jdbc.resultset - 43. ResultSet.getString(JOB_CD) returned testJobCd
INFO : jdbc.resultset - 43. ResultSet.wasNull() returned false
INFO : jdbc.resultset - 43. ResultSet.getString(CHK_YN) returned N
INFO : jdbc.resultset - 43. ResultSet.wasNull() returned false
INFO : jdbc.resultset - 43. ResultSet.getString(LST_CHK_TS) returned 00010101 000000.000000
INFO : jdbc.resultset - 43. ResultSet.wasNull() returned false
INFO : jdbc.resultset - 43. ResultSet.getString(WK_ITV_RULE) returned 1111100
INFO : jdbc.resultset - 43. ResultSet.wasNull() returned false
INFO : jdbc.resultset - 43. ResultSet.getString(ST_MTH) returned 01
INFO : jdbc.resultset - 43. ResultSet.wasNull() returned false
INFO : jdbc.resultset - 43. ResultSet.getString(ED_MTH) returned 12
INFO : jdbc.resultset - 43. ResultSet.wasNull() returned false
INFO : jdbc.resultset - 43. ResultSet.getString(DEL_YN) returned N
INFO : jdbc.resultset - 43. ResultSet.wasNull() returned false
INFO : jdbc.resultset - 43. ResultSet.getString(FST_PC_TS) returned 20180520 051429.333000
INFO : jdbc.resultset - 43. ResultSet.wasNull() returned false
INFO : jdbc.resultset - 43. ResultSet.getString(PC_TS) returned 20180520 051429.333000
INFO : jdbc.resultset - 43. ResultSet.wasNull() returned false
INFO : jdbc.resultset - 43. ResultSet.getInt(LUPD_CNT) returned 1
INFO : jdbc.resultset - 43. ResultSet.wasNull() returned false
INFO : jdbc.resultset - 43. ResultSet.next() returned true
INFO : jdbc.resultset - 43. ResultSet.getString(DEVER_ID) returned testDever
INFO : jdbc.resultset - 43. ResultSet.wasNull() returned false
INFO : jdbc.resultset - 43. ResultSet.getString(CUST_ID) returned testCust
INFO : jdbc.resultset - 43. ResultSet.wasNull() returned false
INFO : jdbc.resultset - 43. ResultSet.getInt(SQNO) returned 2
INFO : jdbc.resultset - 43. ResultSet.wasNull() returned false
INFO : jdbc.resultset - 43. ResultSet.getString(SET_TM) returned 000000
INFO : jdbc.resultset - 43. ResultSet.wasNull() returned false
INFO : jdbc.resultset - 43. ResultSet.getString(JOB_CD) returned testJobCd
INFO : jdbc.resultset - 43. ResultSet.wasNull() returned false
INFO : jdbc.resultset - 43. ResultSet.getString(CHK_YN) returned N
INFO : jdbc.resultset - 43. ResultSet.wasNull() returned false
INFO : jdbc.resultset - 43. ResultSet.getString(LST_CHK_TS) returned 00010101 000000.000000
INFO : jdbc.resultset - 43. ResultSet.wasNull() returned false
INFO : jdbc.resultset - 43. ResultSet.getString(WK_ITV_RULE) returned 1111100
INFO : jdbc.resultset - 43. ResultSet.wasNull() returned false
INFO : jdbc.resultset - 43. ResultSet.getString(ST_MTH) returned 01
INFO : jdbc.resultset - 43. ResultSet.wasNull() returned false
INFO : jdbc.resultset - 43. ResultSet.getString(ED_MTH) returned 12
INFO : jdbc.resultset - 43. ResultSet.wasNull() returned false
INFO : jdbc.resultset - 43. ResultSet.getString(DEL_YN) returned N
INFO : jdbc.resultset - 43. ResultSet.wasNull() returned false
INFO : jdbc.resultset - 43. ResultSet.getString(FST_PC_TS) returned 20180520 051821.454000
INFO : jdbc.resultset - 43. ResultSet.wasNull() returned false
INFO : jdbc.resultset - 43. ResultSet.getString(PC_TS) returned 20180520 051821.454000
INFO : jdbc.resultset - 43. ResultSet.wasNull() returned false
INFO : jdbc.resultset - 43. ResultSet.getInt(LUPD_CNT) returned 1
INFO : jdbc.resultset - 43. ResultSet.wasNull() returned false
INFO : jdbc.resultsettable - 
|----------|---------|-----|-------|----------|-------|-----------------------|------------|-------|-------|-------|-----------------------|-----------------------|---------|
|dever_id  |cust_id  |sqno |set_tm |job_cd    |chk_yn |lst_chk_ts             |wk_itv_rule |st_mth |ed_mth |del_yn |fst_pc_ts              |pc_ts                  |lupd_cnt |
|----------|---------|-----|-------|----------|-------|-----------------------|------------|-------|-------|-------|-----------------------|-----------------------|---------|
|testDever |testCust |1    |000000 |testJobCd |N      |00010101 000000.000000 |1111100     |01     |12     |N      |20180520 051429.333000 |20180520 051429.333000 |1        |
|testDever |testCust |2    |000000 |testJobCd |N      |00010101 000000.000000 |1111100     |01     |12     |N      |20180520 051821.454000 |20180520 051821.454000 |1        |
|----------|---------|-----|-------|----------|-------|-----------------------|------------|-------|-------|-------|-----------------------|-----------------------|---------|

INFO : jdbc.resultset - 43. ResultSet.next() returned false
INFO : jdbc.resultset - 43. ResultSet.close() returned void
INFO : jdbc.audit - 43. PreparedStatement.getConnection() returned net.sf.log4jdbc.sql.jdbcapi.ConnectionSpy@1e5f61d
INFO : jdbc.audit - 43. Connection.getMetaData() returned oracle.jdbc.driver.OracleDatabaseMetaData@e86164
INFO : jdbc.audit - 43. PreparedStatement.close() returned 
INFO : jdbc.audit - 43. Connection.rollback() returned 
INFO : jdbc.audit - 43. Connection.setAutoCommit(true) returned 
INFO : jdbc.audit - 43. Connection.isReadOnly() returned false
INFO : jdbc.connection - 43. Connection closed
INFO : jdbc.audit - 43. Connection.close() returned 
INFO : org.springframework.test.context.transaction.TransactionContext - Rolled back transaction for test context [DefaultTestContext@78452d testClass = TestSrchJobSch, testInstance = com.pro.alarm.service.TestSrchJobSch@1c5efee, testMethod = test1213_srchJobSch_orderByTypeOnly@TestSrchJobSch, testException = java.lang.AssertionError: ��ȸ�� �����Ͽ����ϴ�. expected:&lt;1&gt; but was:&lt;2&gt;, mergedContextConfiguration = [MergedContextConfiguration@1c25153 testClass = TestSrchJobSch, locations = &apos;{classpath:test-context.xml}&apos;, classes = &apos;{}&apos;, contextInitializerClasses = &apos;[]&apos;, activeProfiles = &apos;{}&apos;, propertySourceLocations = &apos;{}&apos;, propertySourceProperties = &apos;{}&apos;, contextCustomizers = set[[empty]], contextLoader = &apos;org.springframework.test.context.support.DelegatingSmartContextLoader&apos;, parent = [null]]].
INFO : jdbc.connection - 44. Connection opened
INFO : jdbc.audit - 44. Connection.new Connection returned 
INFO : jdbc.audit - 44. Connection.getAutoCommit() returned true
INFO : jdbc.audit - 44. PreparedStatement.new PreparedStatement returned 
INFO : jdbc.audit - 44. Connection.prepareStatement(DELETE 
		FROM    TS001_JOB_SCH 
		WHERE   DEVER_ID    = ?
		AND     CUST_ID     = ?
		AND     SQNO        = ?
		AND		LUPD_CNT	= ?) returned net.sf.log4jdbc.sql.jdbcapi.PreparedStatementSpy@1df223b
INFO : jdbc.audit - 44. PreparedStatement.setString(1, &quot;testDever&quot;) returned 
INFO : jdbc.audit - 44. PreparedStatement.setString(2, &quot;testCust&quot;) returned 
INFO : jdbc.audit - 44. PreparedStatement.setInt(3, 2) returned 
INFO : jdbc.audit - 44. PreparedStatement.setInt(4, 1) returned 
INFO : jdbc.sqlonly - DELETE FROM TS001_JOB_SCH WHERE DEVER_ID = &apos;testDever&apos; AND CUST_ID = &apos;testCust&apos; AND SQNO = 
2 AND LUPD_CNT = 1 

INFO : jdbc.sqltiming - DELETE FROM TS001_JOB_SCH WHERE DEVER_ID = &apos;testDever&apos; AND CUST_ID = &apos;testCust&apos; AND SQNO = 
2 AND LUPD_CNT = 1 
 {executed in 94 msec}
INFO : jdbc.audit - 44. PreparedStatement.execute() returned false
INFO : jdbc.audit - 44. PreparedStatement.getUpdateCount() returned 1
INFO : jdbc.audit - 44. PreparedStatement.close() returned 
INFO : jdbc.connection - 44. Connection closed
INFO : jdbc.audit - 44. Connection.close() returned 
</system-out>
  </testcase>
  <testcase classname="com.pro.alarm.service.TestSrchJobSch" name="test1214_srchJobSch_orderByColOnly" time="0.078">
    <failure message="조회를 실패하였습니다. expected:&lt;1&gt; but was:&lt;2&gt;" type="java.lang.AssertionError">java.lang.AssertionError: 조회를 실패하였습니다. expected:&lt;1&gt; but was:&lt;2&gt;
	at org.junit.Assert.fail(Assert.java:88)
	at org.junit.Assert.failNotEquals(Assert.java:834)
	at org.junit.Assert.assertEquals(Assert.java:645)
	at com.pro.alarm.service.TestSrchJobSch.test1214_srchJobSch_orderByColOnly(TestSrchJobSch.java:232)
	at sun.reflect.NativeMethodAccessorImpl.invoke0(Native Method)
	at sun.reflect.NativeMethodAccessorImpl.invoke(NativeMethodAccessorImpl.java:62)
	at sun.reflect.DelegatingMethodAccessorImpl.invoke(DelegatingMethodAccessorImpl.java:43)
	at java.lang.reflect.Method.invoke(Method.java:497)
	at org.junit.runners.model.FrameworkMethod$1.runReflectiveCall(FrameworkMethod.java:50)
	at org.junit.internal.runners.model.ReflectiveCallable.run(ReflectiveCallable.java:12)
	at org.junit.runners.model.FrameworkMethod.invokeExplosively(FrameworkMethod.java:47)
	at org.junit.internal.runners.statements.InvokeMethod.evaluate(InvokeMethod.java:17)
	at org.springframework.test.context.junit4.statements.RunBeforeTestMethodCallbacks.evaluate(RunBeforeTestMethodCallbacks.java:75)
	at org.springframework.test.context.junit4.statements.RunAfterTestMethodCallbacks.evaluate(RunAfterTestMethodCallbacks.java:86)
	at org.junit.rules.ExpectedException$ExpectedExceptionStatement.evaluate(ExpectedException.java:239)
	at org.junit.rules.RunRules.evaluate(RunRules.java:20)
	at org.springframework.test.context.junit4.statements.SpringRepeat.evaluate(SpringRepeat.java:84)
	at org.junit.runners.ParentRunner.runLeaf(ParentRunner.java:325)
	at org.springframework.test.context.junit4.SpringJUnit4ClassRunner.runChild(SpringJUnit4ClassRunner.java:252)
	at org.springframework.test.context.junit4.SpringJUnit4ClassRunner.runChild(SpringJUnit4ClassRunner.java:94)
	at org.junit.runners.ParentRunner$3.run(ParentRunner.java:290)
	at org.junit.runners.ParentRunner$1.schedule(ParentRunner.java:71)
	at org.junit.runners.ParentRunner.runChildren(ParentRunner.java:288)
	at org.junit.runners.ParentRunner.access$000(ParentRunner.java:58)
	at org.junit.runners.ParentRunner$2.evaluate(ParentRunner.java:268)
	at org.springframework.test.context.junit4.statements.RunBeforeTestClassCallbacks.evaluate(RunBeforeTestClassCallbacks.java:61)
	at org.springframework.test.context.junit4.statements.RunAfterTestClassCallbacks.evaluate(RunAfterTestClassCallbacks.java:70)
	at org.junit.runners.ParentRunner.run(ParentRunner.java:363)
	at org.springframework.test.context.junit4.SpringJUnit4ClassRunner.run(SpringJUnit4ClassRunner.java:191)
	at org.apache.maven.surefire.junit4.JUnit4Provider.execute(JUnit4Provider.java:252)
	at org.apache.maven.surefire.junit4.JUnit4Provider.executeTestSet(JUnit4Provider.java:141)
	at org.apache.maven.surefire.junit4.JUnit4Provider.invoke(JUnit4Provider.java:112)
	at sun.reflect.NativeMethodAccessorImpl.invoke0(Native Method)
	at sun.reflect.NativeMethodAccessorImpl.invoke(NativeMethodAccessorImpl.java:62)
	at sun.reflect.DelegatingMethodAccessorImpl.invoke(DelegatingMethodAccessorImpl.java:43)
	at java.lang.reflect.Method.invoke(Method.java:497)
	at org.apache.maven.surefire.util.ReflectionUtils.invokeMethodWithArray(ReflectionUtils.java:189)
	at org.apache.maven.surefire.booter.ProviderFactory$ProviderProxy.invoke(ProviderFactory.java:165)
	at org.apache.maven.surefire.booter.ProviderFactory.invokeProvider(ProviderFactory.java:85)
	at org.apache.maven.surefire.booter.ForkedBooter.runSuitesInProcess(ForkedBooter.java:115)
	at org.apache.maven.surefire.booter.ForkedBooter.main(ForkedBooter.java:75)
</failure>
    <system-out>INFO : jdbc.connection - 45. Connection opened
INFO : jdbc.audit - 45. Connection.new Connection returned 
INFO : jdbc.audit - 45. Connection.getAutoCommit() returned true
INFO : jdbc.audit - 45. PreparedStatement.new PreparedStatement returned 
INFO : jdbc.audit - 45. Connection.prepareStatement(SELECT 	NVL(MAX(SQNO),0) + 1 AS SQNO 
		FROM 	TS001_JOB_SCH 
		WHERE 	DEVER_ID	= ?
		AND		CUST_ID		= ?) returned net.sf.log4jdbc.sql.jdbcapi.PreparedStatementSpy@4541c
INFO : jdbc.audit - 45. PreparedStatement.setString(1, &quot;testDever&quot;) returned 
INFO : jdbc.audit - 45. PreparedStatement.setString(2, &quot;testCust&quot;) returned 
INFO : jdbc.sqlonly - SELECT NVL(MAX(SQNO),0) + 1 AS SQNO FROM TS001_JOB_SCH WHERE DEVER_ID = &apos;testDever&apos; AND CUST_ID 
= &apos;testCust&apos; 

INFO : jdbc.sqltiming - SELECT NVL(MAX(SQNO),0) + 1 AS SQNO FROM TS001_JOB_SCH WHERE DEVER_ID = &apos;testDever&apos; AND CUST_ID 
= &apos;testCust&apos; 
 {executed in 0 msec}
INFO : jdbc.audit - 45. PreparedStatement.execute() returned true
INFO : jdbc.resultset - 45. ResultSet.new ResultSet returned 
INFO : jdbc.audit - 45. PreparedStatement.getResultSet() returned net.sf.log4jdbc.sql.jdbcapi.ResultSetSpy@62689d
INFO : jdbc.resultset - 45. ResultSet.getMetaData() returned oracle.jdbc.driver.OracleResultSetMetaData@2c2a9
INFO : jdbc.resultset - 45. ResultSet.getType() returned 1003
INFO : jdbc.resultset - 45. ResultSet.next() returned true
INFO : jdbc.resultset - 45. ResultSet.getInt(SQNO) returned 2
INFO : jdbc.resultset - 45. ResultSet.wasNull() returned false
INFO : jdbc.resultsettable - 
|-----|
|sqno |
|-----|
|2    |
|-----|

INFO : jdbc.resultset - 45. ResultSet.next() returned false
INFO : jdbc.resultset - 45. ResultSet.close() returned void
INFO : jdbc.audit - 45. PreparedStatement.getConnection() returned net.sf.log4jdbc.sql.jdbcapi.ConnectionSpy@fa3495
INFO : jdbc.audit - 45. Connection.getMetaData() returned oracle.jdbc.driver.OracleDatabaseMetaData@3e2822
INFO : jdbc.audit - 45. PreparedStatement.close() returned 
INFO : jdbc.audit - 45. PreparedStatement.new PreparedStatement returned 
INFO : jdbc.audit - 45. Connection.prepareStatement(INSERT INTO	TS001_JOB_SCH(
							  DEVER_ID 	   /*������ID	*/
							, CUST_ID	   /*��ID  */
							, SQNO		   /*�Ϸù�ȣ  */
							, SET_TM	   /*�����ð�  */
							, JOB_CD	   /*�۾��ڵ�  */
							, CHK_YN	   /*Ȯ�ο���  */
							, LST_CHK_TS   /*����Ȯ���Ͻ�*/
							 
							 
							 
							, DEL_YN	   /*��������  */
							, PC_TS		   /*ó���Ͻ�  */
							, FST_PC_TS	   /*����ó���Ͻ�*/
							, LUPD_CNT	   /*���������� */
							)
					VALUES(
							  ?
							, ?
							, ?
							, TO_TIMESTAMP(?,&apos;YYYYMMDD HH24MI&apos;)
							, ?
							, &apos;N&apos;
							, TO_TIMESTAMP(&apos;00010101 000000.000000&apos;,&apos;YYYYMMDD HH24MISS.FF6&apos;)
							 
							 
							 
							, &apos;N&apos;
							, SYSTIMESTAMP
							, SYSTIMESTAMP
							, 1
							)) returned net.sf.log4jdbc.sql.jdbcapi.PreparedStatementSpy@1e18e38
INFO : jdbc.audit - 45. PreparedStatement.setString(1, &quot;testDever&quot;) returned 
INFO : jdbc.audit - 45. PreparedStatement.setString(2, &quot;testCust&quot;) returned 
INFO : jdbc.audit - 45. PreparedStatement.setInt(3, 2) returned 
INFO : jdbc.audit - 45. PreparedStatement.setString(4, &quot;00010101 0000&quot;) returned 
INFO : jdbc.audit - 45. PreparedStatement.setString(5, &quot;testJobCd&quot;) returned 
INFO : jdbc.sqlonly - INSERT INTO TS001_JOB_SCH( DEVER_ID /*������ID */ , CUST_ID /*��ID */ , SQNO /*�Ϸù�ȣ */ , SET_TM 
/*�����ð� */ , JOB_CD /*�۾��ڵ� */ , CHK_YN /*Ȯ�ο��� */ , LST_CHK_TS /*����Ȯ���Ͻ�*/ , DEL_YN /*�������� */ 
, PC_TS /*ó���Ͻ� */ , FST_PC_TS /*����ó���Ͻ�*/ , LUPD_CNT /*���������� */ ) VALUES( &apos;testDever&apos; , &apos;testCust&apos; 
, 2 , TO_TIMESTAMP(&apos;00010101 0000&apos;,&apos;YYYYMMDD HH24MI&apos;) , &apos;testJobCd&apos; , &apos;N&apos; , TO_TIMESTAMP(&apos;00010101 
000000.000000&apos;,&apos;YYYYMMDD HH24MISS.FF6&apos;) , &apos;N&apos; , SYSTIMESTAMP , SYSTIMESTAMP , 1 ) 

INFO : jdbc.sqltiming - INSERT INTO TS001_JOB_SCH( DEVER_ID /*������ID */ , CUST_ID /*��ID */ , SQNO /*�Ϸù�ȣ */ , SET_TM 
/*�����ð� */ , JOB_CD /*�۾��ڵ� */ , CHK_YN /*Ȯ�ο��� */ , LST_CHK_TS /*����Ȯ���Ͻ�*/ , DEL_YN /*�������� */ 
, PC_TS /*ó���Ͻ� */ , FST_PC_TS /*����ó���Ͻ�*/ , LUPD_CNT /*���������� */ ) VALUES( &apos;testDever&apos; , &apos;testCust&apos; 
, 2 , TO_TIMESTAMP(&apos;00010101 0000&apos;,&apos;YYYYMMDD HH24MI&apos;) , &apos;testJobCd&apos; , &apos;N&apos; , TO_TIMESTAMP(&apos;00010101 
000000.000000&apos;,&apos;YYYYMMDD HH24MISS.FF6&apos;) , &apos;N&apos; , SYSTIMESTAMP , SYSTIMESTAMP , 1 ) 
 {executed in 0 msec}
INFO : jdbc.audit - 45. PreparedStatement.execute() returned false
INFO : jdbc.audit - 45. PreparedStatement.getUpdateCount() returned 1
INFO : jdbc.audit - 45. PreparedStatement.close() returned 
INFO : jdbc.connection - 45. Connection closed
INFO : jdbc.audit - 45. Connection.close() returned 
INFO : jdbc.connection - 46. Connection opened
INFO : jdbc.audit - 46. Connection.new Connection returned 
INFO : jdbc.audit - 46. Connection.getAutoCommit() returned true
INFO : jdbc.audit - 46. Connection.setAutoCommit(false) returned 
INFO : org.springframework.test.context.transaction.TransactionContext - Began transaction (1) for test context [DefaultTestContext@78452d testClass = TestSrchJobSch, testInstance = com.pro.alarm.service.TestSrchJobSch@49db1a, testMethod = test1214_srchJobSch_orderByColOnly@TestSrchJobSch, testException = [null], mergedContextConfiguration = [MergedContextConfiguration@1c25153 testClass = TestSrchJobSch, locations = &apos;{classpath:test-context.xml}&apos;, classes = &apos;{}&apos;, contextInitializerClasses = &apos;[]&apos;, activeProfiles = &apos;{}&apos;, propertySourceLocations = &apos;{}&apos;, propertySourceProperties = &apos;{}&apos;, contextCustomizers = set[[empty]], contextLoader = &apos;org.springframework.test.context.support.DelegatingSmartContextLoader&apos;, parent = [null]]]; transaction manager [org.springframework.jdbc.datasource.DataSourceTransactionManager@1bcd567]; rollback [true]
INFO : jdbc.audit - 46. Connection.getAutoCommit() returned false
INFO : jdbc.audit - 46. PreparedStatement.new PreparedStatement returned 
INFO : jdbc.audit - 46. Connection.prepareStatement(SELECT 	  DEVER_ID 	   												/*������ID*/
				, CUST_ID	  							 					/*��ID  */
				, SQNO		   												/*�Ϸù�ȣ  */
				, TO_CHAR(SET_TM,&apos;HH24MISS&apos;) AS SET_TM	   					/*�����ð�  */
				, JOB_CD	   												/*�۾��ڵ�  */
				, CHK_YN	   												/*Ȯ�ο���  */
				, TO_CHAR(LST_CHK_TS,&apos;YYYYMMDD HH24MISS.FF6&apos;) AS LST_CHK_TS /*����Ȯ���Ͻ�*/
				, WK_ITV_RULE                                               /*�ְ���Ģ*/
				, ST_MTH                                                    /*���ۿ�*/
				, ED_MTH                                                    /*�����*/
				, DEL_YN	   												/*��������  */
				, TO_CHAR(FST_PC_TS,&apos;YYYYMMDD HH24MISS.FF6&apos;) AS FST_PC_TS	/*����ó���Ͻ�*/
				, TO_CHAR(PC_TS,&apos;YYYYMMDD HH24MISS.FF6&apos;) AS PC_TS			/*ó���Ͻ�*/
				, LUPD_CNT	   												/*���������� */
		FROM	TS001_JOB_SCH
		WHERE	DEVER_ID 	= ?
		 
		 
		AND		PC_TS BETWEEN TO_TIMESTAMP(?,&apos;YYYYMMDD&apos;) AND TO_TIMESTAMP(?,&apos;YYYYMMDD&apos;)) returned net.sf.log4jdbc.sql.jdbcapi.PreparedStatementSpy@a25c47
INFO : jdbc.audit - 46. PreparedStatement.setString(1, &quot;testDever&quot;) returned 
INFO : jdbc.audit - 46. PreparedStatement.setString(2, &quot;20180519&quot;) returned 
INFO : jdbc.audit - 46. PreparedStatement.setString(3, &quot;20180521&quot;) returned 
INFO : jdbc.sqlonly - SELECT DEVER_ID /*������ID*/ , CUST_ID /*��ID */ , SQNO /*�Ϸù�ȣ */ , TO_CHAR(SET_TM,&apos;HH24MISS&apos;) 
AS SET_TM /*�����ð� */ , JOB_CD /*�۾��ڵ� */ , CHK_YN /*Ȯ�ο��� */ , TO_CHAR(LST_CHK_TS,&apos;YYYYMMDD HH24MISS.FF6&apos;) 
AS LST_CHK_TS /*����Ȯ���Ͻ�*/ , WK_ITV_RULE /*�ְ���Ģ*/ , ST_MTH /*���ۿ�*/ , ED_MTH /*�����*/ , DEL_YN 
/*�������� */ , TO_CHAR(FST_PC_TS,&apos;YYYYMMDD HH24MISS.FF6&apos;) AS FST_PC_TS /*����ó���Ͻ�*/ , TO_CHAR(PC_TS,&apos;YYYYMMDD 
HH24MISS.FF6&apos;) AS PC_TS /*ó���Ͻ�*/ , LUPD_CNT /*���������� */ FROM TS001_JOB_SCH WHERE DEVER_ID = 
&apos;testDever&apos; AND PC_TS BETWEEN TO_TIMESTAMP(&apos;20180519&apos;,&apos;YYYYMMDD&apos;) AND TO_TIMESTAMP(&apos;20180521&apos;,&apos;YYYYMMDD&apos;) 

INFO : jdbc.sqltiming - SELECT DEVER_ID /*������ID*/ , CUST_ID /*��ID */ , SQNO /*�Ϸù�ȣ */ , TO_CHAR(SET_TM,&apos;HH24MISS&apos;) 
AS SET_TM /*�����ð� */ , JOB_CD /*�۾��ڵ� */ , CHK_YN /*Ȯ�ο��� */ , TO_CHAR(LST_CHK_TS,&apos;YYYYMMDD HH24MISS.FF6&apos;) 
AS LST_CHK_TS /*����Ȯ���Ͻ�*/ , WK_ITV_RULE /*�ְ���Ģ*/ , ST_MTH /*���ۿ�*/ , ED_MTH /*�����*/ , DEL_YN 
/*�������� */ , TO_CHAR(FST_PC_TS,&apos;YYYYMMDD HH24MISS.FF6&apos;) AS FST_PC_TS /*����ó���Ͻ�*/ , TO_CHAR(PC_TS,&apos;YYYYMMDD 
HH24MISS.FF6&apos;) AS PC_TS /*ó���Ͻ�*/ , LUPD_CNT /*���������� */ FROM TS001_JOB_SCH WHERE DEVER_ID = 
&apos;testDever&apos; AND PC_TS BETWEEN TO_TIMESTAMP(&apos;20180519&apos;,&apos;YYYYMMDD&apos;) AND TO_TIMESTAMP(&apos;20180521&apos;,&apos;YYYYMMDD&apos;) 
 {executed in 0 msec}
INFO : jdbc.audit - 46. PreparedStatement.execute() returned true
INFO : jdbc.resultset - 46. ResultSet.new ResultSet returned 
INFO : jdbc.audit - 46. PreparedStatement.getResultSet() returned net.sf.log4jdbc.sql.jdbcapi.ResultSetSpy@1fcacc0
INFO : jdbc.resultset - 46. ResultSet.getMetaData() returned oracle.jdbc.driver.OracleResultSetMetaData@13b266e
INFO : jdbc.resultset - 46. ResultSet.getType() returned 1003
INFO : jdbc.resultset - 46. ResultSet.next() returned true
INFO : jdbc.resultset - 46. ResultSet.getString(DEVER_ID) returned testDever
INFO : jdbc.resultset - 46. ResultSet.wasNull() returned false
INFO : jdbc.resultset - 46. ResultSet.getString(CUST_ID) returned testCust
INFO : jdbc.resultset - 46. ResultSet.wasNull() returned false
INFO : jdbc.resultset - 46. ResultSet.getInt(SQNO) returned 1
INFO : jdbc.resultset - 46. ResultSet.wasNull() returned false
INFO : jdbc.resultset - 46. ResultSet.getString(SET_TM) returned 000000
INFO : jdbc.resultset - 46. ResultSet.wasNull() returned false
INFO : jdbc.resultset - 46. ResultSet.getString(JOB_CD) returned testJobCd
INFO : jdbc.resultset - 46. ResultSet.wasNull() returned false
INFO : jdbc.resultset - 46. ResultSet.getString(CHK_YN) returned N
INFO : jdbc.resultset - 46. ResultSet.wasNull() returned false
INFO : jdbc.resultset - 46. ResultSet.getString(LST_CHK_TS) returned 00010101 000000.000000
INFO : jdbc.resultset - 46. ResultSet.wasNull() returned false
INFO : jdbc.resultset - 46. ResultSet.getString(WK_ITV_RULE) returned 1111100
INFO : jdbc.resultset - 46. ResultSet.wasNull() returned false
INFO : jdbc.resultset - 46. ResultSet.getString(ST_MTH) returned 01
INFO : jdbc.resultset - 46. ResultSet.wasNull() returned false
INFO : jdbc.resultset - 46. ResultSet.getString(ED_MTH) returned 12
INFO : jdbc.resultset - 46. ResultSet.wasNull() returned false
INFO : jdbc.resultset - 46. ResultSet.getString(DEL_YN) returned N
INFO : jdbc.resultset - 46. ResultSet.wasNull() returned false
INFO : jdbc.resultset - 46. ResultSet.getString(FST_PC_TS) returned 20180520 051429.333000
INFO : jdbc.resultset - 46. ResultSet.wasNull() returned false
INFO : jdbc.resultset - 46. ResultSet.getString(PC_TS) returned 20180520 051429.333000
INFO : jdbc.resultset - 46. ResultSet.wasNull() returned false
INFO : jdbc.resultset - 46. ResultSet.getInt(LUPD_CNT) returned 1
INFO : jdbc.resultset - 46. ResultSet.wasNull() returned false
INFO : jdbc.resultset - 46. ResultSet.next() returned true
INFO : jdbc.resultset - 46. ResultSet.getString(DEVER_ID) returned testDever
INFO : jdbc.resultset - 46. ResultSet.wasNull() returned false
INFO : jdbc.resultset - 46. ResultSet.getString(CUST_ID) returned testCust
INFO : jdbc.resultset - 46. ResultSet.wasNull() returned false
INFO : jdbc.resultset - 46. ResultSet.getInt(SQNO) returned 2
INFO : jdbc.resultset - 46. ResultSet.wasNull() returned false
INFO : jdbc.resultset - 46. ResultSet.getString(SET_TM) returned 000000
INFO : jdbc.resultset - 46. ResultSet.wasNull() returned false
INFO : jdbc.resultset - 46. ResultSet.getString(JOB_CD) returned testJobCd
INFO : jdbc.resultset - 46. ResultSet.wasNull() returned false
INFO : jdbc.resultset - 46. ResultSet.getString(CHK_YN) returned N
INFO : jdbc.resultset - 46. ResultSet.wasNull() returned false
INFO : jdbc.resultset - 46. ResultSet.getString(LST_CHK_TS) returned 00010101 000000.000000
INFO : jdbc.resultset - 46. ResultSet.wasNull() returned false
INFO : jdbc.resultset - 46. ResultSet.getString(WK_ITV_RULE) returned 1111100
INFO : jdbc.resultset - 46. ResultSet.wasNull() returned false
INFO : jdbc.resultset - 46. ResultSet.getString(ST_MTH) returned 01
INFO : jdbc.resultset - 46. ResultSet.wasNull() returned false
INFO : jdbc.resultset - 46. ResultSet.getString(ED_MTH) returned 12
INFO : jdbc.resultset - 46. ResultSet.wasNull() returned false
INFO : jdbc.resultset - 46. ResultSet.getString(DEL_YN) returned N
INFO : jdbc.resultset - 46. ResultSet.wasNull() returned false
INFO : jdbc.resultset - 46. ResultSet.getString(FST_PC_TS) returned 20180520 051821.657000
INFO : jdbc.resultset - 46. ResultSet.wasNull() returned false
INFO : jdbc.resultset - 46. ResultSet.getString(PC_TS) returned 20180520 051821.657000
INFO : jdbc.resultset - 46. ResultSet.wasNull() returned false
INFO : jdbc.resultset - 46. ResultSet.getInt(LUPD_CNT) returned 1
INFO : jdbc.resultset - 46. ResultSet.wasNull() returned false
INFO : jdbc.resultsettable - 
|----------|---------|-----|-------|----------|-------|-----------------------|------------|-------|-------|-------|-----------------------|-----------------------|---------|
|dever_id  |cust_id  |sqno |set_tm |job_cd    |chk_yn |lst_chk_ts             |wk_itv_rule |st_mth |ed_mth |del_yn |fst_pc_ts              |pc_ts                  |lupd_cnt |
|----------|---------|-----|-------|----------|-------|-----------------------|------------|-------|-------|-------|-----------------------|-----------------------|---------|
|testDever |testCust |1    |000000 |testJobCd |N      |00010101 000000.000000 |1111100     |01     |12     |N      |20180520 051429.333000 |20180520 051429.333000 |1        |
|testDever |testCust |2    |000000 |testJobCd |N      |00010101 000000.000000 |1111100     |01     |12     |N      |20180520 051821.657000 |20180520 051821.657000 |1        |
|----------|---------|-----|-------|----------|-------|-----------------------|------------|-------|-------|-------|-----------------------|-----------------------|---------|

INFO : jdbc.resultset - 46. ResultSet.next() returned false
INFO : jdbc.resultset - 46. ResultSet.close() returned void
INFO : jdbc.audit - 46. PreparedStatement.getConnection() returned net.sf.log4jdbc.sql.jdbcapi.ConnectionSpy@d1d4d7
INFO : jdbc.audit - 46. Connection.getMetaData() returned oracle.jdbc.driver.OracleDatabaseMetaData@9ff02e
INFO : jdbc.audit - 46. PreparedStatement.close() returned 
INFO : jdbc.audit - 46. Connection.rollback() returned 
INFO : jdbc.audit - 46. Connection.setAutoCommit(true) returned 
INFO : jdbc.audit - 46. Connection.isReadOnly() returned false
INFO : jdbc.connection - 46. Connection closed
INFO : jdbc.audit - 46. Connection.close() returned 
INFO : org.springframework.test.context.transaction.TransactionContext - Rolled back transaction for test context [DefaultTestContext@78452d testClass = TestSrchJobSch, testInstance = com.pro.alarm.service.TestSrchJobSch@49db1a, testMethod = test1214_srchJobSch_orderByColOnly@TestSrchJobSch, testException = java.lang.AssertionError: ��ȸ�� �����Ͽ����ϴ�. expected:&lt;1&gt; but was:&lt;2&gt;, mergedContextConfiguration = [MergedContextConfiguration@1c25153 testClass = TestSrchJobSch, locations = &apos;{classpath:test-context.xml}&apos;, classes = &apos;{}&apos;, contextInitializerClasses = &apos;[]&apos;, activeProfiles = &apos;{}&apos;, propertySourceLocations = &apos;{}&apos;, propertySourceProperties = &apos;{}&apos;, contextCustomizers = set[[empty]], contextLoader = &apos;org.springframework.test.context.support.DelegatingSmartContextLoader&apos;, parent = [null]]].
INFO : jdbc.connection - 47. Connection opened
INFO : jdbc.audit - 47. Connection.new Connection returned 
INFO : jdbc.audit - 47. Connection.getAutoCommit() returned true
INFO : jdbc.audit - 47. PreparedStatement.new PreparedStatement returned 
INFO : jdbc.audit - 47. Connection.prepareStatement(DELETE 
		FROM    TS001_JOB_SCH 
		WHERE   DEVER_ID    = ?
		AND     CUST_ID     = ?
		AND     SQNO        = ?
		AND		LUPD_CNT	= ?) returned net.sf.log4jdbc.sql.jdbcapi.PreparedStatementSpy@679465
INFO : jdbc.audit - 47. PreparedStatement.setString(1, &quot;testDever&quot;) returned 
INFO : jdbc.audit - 47. PreparedStatement.setString(2, &quot;testCust&quot;) returned 
INFO : jdbc.audit - 47. PreparedStatement.setInt(3, 2) returned 
INFO : jdbc.audit - 47. PreparedStatement.setInt(4, 1) returned 
INFO : jdbc.sqlonly - DELETE FROM TS001_JOB_SCH WHERE DEVER_ID = &apos;testDever&apos; AND CUST_ID = &apos;testCust&apos; AND SQNO = 
2 AND LUPD_CNT = 1 

INFO : jdbc.sqltiming - DELETE FROM TS001_JOB_SCH WHERE DEVER_ID = &apos;testDever&apos; AND CUST_ID = &apos;testCust&apos; AND SQNO = 
2 AND LUPD_CNT = 1 
 {executed in 0 msec}
INFO : jdbc.audit - 47. PreparedStatement.execute() returned false
INFO : jdbc.audit - 47. PreparedStatement.getUpdateCount() returned 1
INFO : jdbc.audit - 47. PreparedStatement.close() returned 
INFO : jdbc.connection - 47. Connection closed
INFO : jdbc.audit - 47. Connection.close() returned 
</system-out>
  </testcase>
  <testcase classname="com.pro.alarm.service.TestSrchJobSch" name="test1215_srchJobSch_srchFiler" time="0.062">
    <failure message="조회를 실패하였습니다. expected:&lt;1&gt; but was:&lt;2&gt;" type="java.lang.AssertionError">java.lang.AssertionError: 조회를 실패하였습니다. expected:&lt;1&gt; but was:&lt;2&gt;
	at org.junit.Assert.fail(Assert.java:88)
	at org.junit.Assert.failNotEquals(Assert.java:834)
	at org.junit.Assert.assertEquals(Assert.java:645)
	at com.pro.alarm.service.TestSrchJobSch.test1215_srchJobSch_srchFiler(TestSrchJobSch.java:246)
	at sun.reflect.NativeMethodAccessorImpl.invoke0(Native Method)
	at sun.reflect.NativeMethodAccessorImpl.invoke(NativeMethodAccessorImpl.java:62)
	at sun.reflect.DelegatingMethodAccessorImpl.invoke(DelegatingMethodAccessorImpl.java:43)
	at java.lang.reflect.Method.invoke(Method.java:497)
	at org.junit.runners.model.FrameworkMethod$1.runReflectiveCall(FrameworkMethod.java:50)
	at org.junit.internal.runners.model.ReflectiveCallable.run(ReflectiveCallable.java:12)
	at org.junit.runners.model.FrameworkMethod.invokeExplosively(FrameworkMethod.java:47)
	at org.junit.internal.runners.statements.InvokeMethod.evaluate(InvokeMethod.java:17)
	at org.springframework.test.context.junit4.statements.RunBeforeTestMethodCallbacks.evaluate(RunBeforeTestMethodCallbacks.java:75)
	at org.springframework.test.context.junit4.statements.RunAfterTestMethodCallbacks.evaluate(RunAfterTestMethodCallbacks.java:86)
	at org.junit.rules.ExpectedException$ExpectedExceptionStatement.evaluate(ExpectedException.java:239)
	at org.junit.rules.RunRules.evaluate(RunRules.java:20)
	at org.springframework.test.context.junit4.statements.SpringRepeat.evaluate(SpringRepeat.java:84)
	at org.junit.runners.ParentRunner.runLeaf(ParentRunner.java:325)
	at org.springframework.test.context.junit4.SpringJUnit4ClassRunner.runChild(SpringJUnit4ClassRunner.java:252)
	at org.springframework.test.context.junit4.SpringJUnit4ClassRunner.runChild(SpringJUnit4ClassRunner.java:94)
	at org.junit.runners.ParentRunner$3.run(ParentRunner.java:290)
	at org.junit.runners.ParentRunner$1.schedule(ParentRunner.java:71)
	at org.junit.runners.ParentRunner.runChildren(ParentRunner.java:288)
	at org.junit.runners.ParentRunner.access$000(ParentRunner.java:58)
	at org.junit.runners.ParentRunner$2.evaluate(ParentRunner.java:268)
	at org.springframework.test.context.junit4.statements.RunBeforeTestClassCallbacks.evaluate(RunBeforeTestClassCallbacks.java:61)
	at org.springframework.test.context.junit4.statements.RunAfterTestClassCallbacks.evaluate(RunAfterTestClassCallbacks.java:70)
	at org.junit.runners.ParentRunner.run(ParentRunner.java:363)
	at org.springframework.test.context.junit4.SpringJUnit4ClassRunner.run(SpringJUnit4ClassRunner.java:191)
	at org.apache.maven.surefire.junit4.JUnit4Provider.execute(JUnit4Provider.java:252)
	at org.apache.maven.surefire.junit4.JUnit4Provider.executeTestSet(JUnit4Provider.java:141)
	at org.apache.maven.surefire.junit4.JUnit4Provider.invoke(JUnit4Provider.java:112)
	at sun.reflect.NativeMethodAccessorImpl.invoke0(Native Method)
	at sun.reflect.NativeMethodAccessorImpl.invoke(NativeMethodAccessorImpl.java:62)
	at sun.reflect.DelegatingMethodAccessorImpl.invoke(DelegatingMethodAccessorImpl.java:43)
	at java.lang.reflect.Method.invoke(Method.java:497)
	at org.apache.maven.surefire.util.ReflectionUtils.invokeMethodWithArray(ReflectionUtils.java:189)
	at org.apache.maven.surefire.booter.ProviderFactory$ProviderProxy.invoke(ProviderFactory.java:165)
	at org.apache.maven.surefire.booter.ProviderFactory.invokeProvider(ProviderFactory.java:85)
	at org.apache.maven.surefire.booter.ForkedBooter.runSuitesInProcess(ForkedBooter.java:115)
	at org.apache.maven.surefire.booter.ForkedBooter.main(ForkedBooter.java:75)
</failure>
    <system-out>INFO : jdbc.connection - 48. Connection opened
INFO : jdbc.audit - 48. Connection.new Connection returned 
INFO : jdbc.audit - 48. Connection.getAutoCommit() returned true
INFO : jdbc.audit - 48. PreparedStatement.new PreparedStatement returned 
INFO : jdbc.audit - 48. Connection.prepareStatement(SELECT 	NVL(MAX(SQNO),0) + 1 AS SQNO 
		FROM 	TS001_JOB_SCH 
		WHERE 	DEVER_ID	= ?
		AND		CUST_ID		= ?) returned net.sf.log4jdbc.sql.jdbcapi.PreparedStatementSpy@1f2606b
INFO : jdbc.audit - 48. PreparedStatement.setString(1, &quot;testDever&quot;) returned 
INFO : jdbc.audit - 48. PreparedStatement.setString(2, &quot;testCust&quot;) returned 
INFO : jdbc.sqlonly - SELECT NVL(MAX(SQNO),0) + 1 AS SQNO FROM TS001_JOB_SCH WHERE DEVER_ID = &apos;testDever&apos; AND CUST_ID 
= &apos;testCust&apos; 

INFO : jdbc.sqltiming - SELECT NVL(MAX(SQNO),0) + 1 AS SQNO FROM TS001_JOB_SCH WHERE DEVER_ID = &apos;testDever&apos; AND CUST_ID 
= &apos;testCust&apos; 
 {executed in 0 msec}
INFO : jdbc.audit - 48. PreparedStatement.execute() returned true
INFO : jdbc.resultset - 48. ResultSet.new ResultSet returned 
INFO : jdbc.audit - 48. PreparedStatement.getResultSet() returned net.sf.log4jdbc.sql.jdbcapi.ResultSetSpy@158f754
INFO : jdbc.resultset - 48. ResultSet.getMetaData() returned oracle.jdbc.driver.OracleResultSetMetaData@bff828
INFO : jdbc.resultset - 48. ResultSet.getType() returned 1003
INFO : jdbc.resultset - 48. ResultSet.next() returned true
INFO : jdbc.resultset - 48. ResultSet.getInt(SQNO) returned 2
INFO : jdbc.resultset - 48. ResultSet.wasNull() returned false
INFO : jdbc.resultsettable - 
|-----|
|sqno |
|-----|
|2    |
|-----|

INFO : jdbc.resultset - 48. ResultSet.next() returned false
INFO : jdbc.resultset - 48. ResultSet.close() returned void
INFO : jdbc.audit - 48. PreparedStatement.getConnection() returned net.sf.log4jdbc.sql.jdbcapi.ConnectionSpy@152f2cb
INFO : jdbc.audit - 48. Connection.getMetaData() returned oracle.jdbc.driver.OracleDatabaseMetaData@1352f32
INFO : jdbc.audit - 48. PreparedStatement.close() returned 
INFO : jdbc.audit - 48. PreparedStatement.new PreparedStatement returned 
INFO : jdbc.audit - 48. Connection.prepareStatement(INSERT INTO	TS001_JOB_SCH(
							  DEVER_ID 	   /*������ID	*/
							, CUST_ID	   /*��ID  */
							, SQNO		   /*�Ϸù�ȣ  */
							, SET_TM	   /*�����ð�  */
							, JOB_CD	   /*�۾��ڵ�  */
							, CHK_YN	   /*Ȯ�ο���  */
							, LST_CHK_TS   /*����Ȯ���Ͻ�*/
							 
							 
							 
							, DEL_YN	   /*��������  */
							, PC_TS		   /*ó���Ͻ�  */
							, FST_PC_TS	   /*����ó���Ͻ�*/
							, LUPD_CNT	   /*���������� */
							)
					VALUES(
							  ?
							, ?
							, ?
							, TO_TIMESTAMP(?,&apos;YYYYMMDD HH24MI&apos;)
							, ?
							, &apos;N&apos;
							, TO_TIMESTAMP(&apos;00010101 000000.000000&apos;,&apos;YYYYMMDD HH24MISS.FF6&apos;)
							 
							 
							 
							, &apos;N&apos;
							, SYSTIMESTAMP
							, SYSTIMESTAMP
							, 1
							)) returned net.sf.log4jdbc.sql.jdbcapi.PreparedStatementSpy@13b9c57
INFO : jdbc.audit - 48. PreparedStatement.setString(1, &quot;testDever&quot;) returned 
INFO : jdbc.audit - 48. PreparedStatement.setString(2, &quot;testCust&quot;) returned 
INFO : jdbc.audit - 48. PreparedStatement.setInt(3, 2) returned 
INFO : jdbc.audit - 48. PreparedStatement.setString(4, &quot;00010101 0000&quot;) returned 
INFO : jdbc.audit - 48. PreparedStatement.setString(5, &quot;testJobCd&quot;) returned 
INFO : jdbc.sqlonly - INSERT INTO TS001_JOB_SCH( DEVER_ID /*������ID */ , CUST_ID /*��ID */ , SQNO /*�Ϸù�ȣ */ , SET_TM 
/*�����ð� */ , JOB_CD /*�۾��ڵ� */ , CHK_YN /*Ȯ�ο��� */ , LST_CHK_TS /*����Ȯ���Ͻ�*/ , DEL_YN /*�������� */ 
, PC_TS /*ó���Ͻ� */ , FST_PC_TS /*����ó���Ͻ�*/ , LUPD_CNT /*���������� */ ) VALUES( &apos;testDever&apos; , &apos;testCust&apos; 
, 2 , TO_TIMESTAMP(&apos;00010101 0000&apos;,&apos;YYYYMMDD HH24MI&apos;) , &apos;testJobCd&apos; , &apos;N&apos; , TO_TIMESTAMP(&apos;00010101 
000000.000000&apos;,&apos;YYYYMMDD HH24MISS.FF6&apos;) , &apos;N&apos; , SYSTIMESTAMP , SYSTIMESTAMP , 1 ) 

INFO : jdbc.sqltiming - INSERT INTO TS001_JOB_SCH( DEVER_ID /*������ID */ , CUST_ID /*��ID */ , SQNO /*�Ϸù�ȣ */ , SET_TM 
/*�����ð� */ , JOB_CD /*�۾��ڵ� */ , CHK_YN /*Ȯ�ο��� */ , LST_CHK_TS /*����Ȯ���Ͻ�*/ , DEL_YN /*�������� */ 
, PC_TS /*ó���Ͻ� */ , FST_PC_TS /*����ó���Ͻ�*/ , LUPD_CNT /*���������� */ ) VALUES( &apos;testDever&apos; , &apos;testCust&apos; 
, 2 , TO_TIMESTAMP(&apos;00010101 0000&apos;,&apos;YYYYMMDD HH24MI&apos;) , &apos;testJobCd&apos; , &apos;N&apos; , TO_TIMESTAMP(&apos;00010101 
000000.000000&apos;,&apos;YYYYMMDD HH24MISS.FF6&apos;) , &apos;N&apos; , SYSTIMESTAMP , SYSTIMESTAMP , 1 ) 
 {executed in 0 msec}
INFO : jdbc.audit - 48. PreparedStatement.execute() returned false
INFO : jdbc.audit - 48. PreparedStatement.getUpdateCount() returned 1
INFO : jdbc.audit - 48. PreparedStatement.close() returned 
INFO : jdbc.connection - 48. Connection closed
INFO : jdbc.audit - 48. Connection.close() returned 
INFO : jdbc.connection - 49. Connection opened
INFO : jdbc.audit - 49. Connection.new Connection returned 
INFO : jdbc.audit - 49. Connection.getAutoCommit() returned true
INFO : jdbc.audit - 49. Connection.setAutoCommit(false) returned 
INFO : org.springframework.test.context.transaction.TransactionContext - Began transaction (1) for test context [DefaultTestContext@78452d testClass = TestSrchJobSch, testInstance = com.pro.alarm.service.TestSrchJobSch@1fe2125, testMethod = test1215_srchJobSch_srchFiler@TestSrchJobSch, testException = [null], mergedContextConfiguration = [MergedContextConfiguration@1c25153 testClass = TestSrchJobSch, locations = &apos;{classpath:test-context.xml}&apos;, classes = &apos;{}&apos;, contextInitializerClasses = &apos;[]&apos;, activeProfiles = &apos;{}&apos;, propertySourceLocations = &apos;{}&apos;, propertySourceProperties = &apos;{}&apos;, contextCustomizers = set[[empty]], contextLoader = &apos;org.springframework.test.context.support.DelegatingSmartContextLoader&apos;, parent = [null]]]; transaction manager [org.springframework.jdbc.datasource.DataSourceTransactionManager@1bcd567]; rollback [true]
INFO : jdbc.audit - 49. Connection.getAutoCommit() returned false
INFO : jdbc.audit - 49. PreparedStatement.new PreparedStatement returned 
INFO : jdbc.audit - 49. Connection.prepareStatement(SELECT 	  DEVER_ID 	   												/*������ID*/
				, CUST_ID	  							 					/*��ID  */
				, SQNO		   												/*�Ϸù�ȣ  */
				, TO_CHAR(SET_TM,&apos;HH24MISS&apos;) AS SET_TM	   					/*�����ð�  */
				, JOB_CD	   												/*�۾��ڵ�  */
				, CHK_YN	   												/*Ȯ�ο���  */
				, TO_CHAR(LST_CHK_TS,&apos;YYYYMMDD HH24MISS.FF6&apos;) AS LST_CHK_TS /*����Ȯ���Ͻ�*/
				, WK_ITV_RULE                                               /*�ְ���Ģ*/
				, ST_MTH                                                    /*���ۿ�*/
				, ED_MTH                                                    /*�����*/
				, DEL_YN	   												/*��������  */
				, TO_CHAR(FST_PC_TS,&apos;YYYYMMDD HH24MISS.FF6&apos;) AS FST_PC_TS	/*����ó���Ͻ�*/
				, TO_CHAR(PC_TS,&apos;YYYYMMDD HH24MISS.FF6&apos;) AS PC_TS			/*ó���Ͻ�*/
				, LUPD_CNT	   												/*���������� */
		FROM	TS001_JOB_SCH
		WHERE	DEVER_ID 	= ?
		 
		 
		AND		PC_TS BETWEEN TO_TIMESTAMP(?,&apos;YYYYMMDD&apos;) AND TO_TIMESTAMP(?,&apos;YYYYMMDD&apos;)) returned net.sf.log4jdbc.sql.jdbcapi.PreparedStatementSpy@645867
INFO : jdbc.audit - 49. PreparedStatement.setString(1, &quot;testDever&quot;) returned 
INFO : jdbc.audit - 49. PreparedStatement.setString(2, &quot;20180519&quot;) returned 
INFO : jdbc.audit - 49. PreparedStatement.setString(3, &quot;20180521&quot;) returned 
INFO : jdbc.sqlonly - SELECT DEVER_ID /*������ID*/ , CUST_ID /*��ID */ , SQNO /*�Ϸù�ȣ */ , TO_CHAR(SET_TM,&apos;HH24MISS&apos;) 
AS SET_TM /*�����ð� */ , JOB_CD /*�۾��ڵ� */ , CHK_YN /*Ȯ�ο��� */ , TO_CHAR(LST_CHK_TS,&apos;YYYYMMDD HH24MISS.FF6&apos;) 
AS LST_CHK_TS /*����Ȯ���Ͻ�*/ , WK_ITV_RULE /*�ְ���Ģ*/ , ST_MTH /*���ۿ�*/ , ED_MTH /*�����*/ , DEL_YN 
/*�������� */ , TO_CHAR(FST_PC_TS,&apos;YYYYMMDD HH24MISS.FF6&apos;) AS FST_PC_TS /*����ó���Ͻ�*/ , TO_CHAR(PC_TS,&apos;YYYYMMDD 
HH24MISS.FF6&apos;) AS PC_TS /*ó���Ͻ�*/ , LUPD_CNT /*���������� */ FROM TS001_JOB_SCH WHERE DEVER_ID = 
&apos;testDever&apos; AND PC_TS BETWEEN TO_TIMESTAMP(&apos;20180519&apos;,&apos;YYYYMMDD&apos;) AND TO_TIMESTAMP(&apos;20180521&apos;,&apos;YYYYMMDD&apos;) 

INFO : jdbc.sqltiming - SELECT DEVER_ID /*������ID*/ , CUST_ID /*��ID */ , SQNO /*�Ϸù�ȣ */ , TO_CHAR(SET_TM,&apos;HH24MISS&apos;) 
AS SET_TM /*�����ð� */ , JOB_CD /*�۾��ڵ� */ , CHK_YN /*Ȯ�ο��� */ , TO_CHAR(LST_CHK_TS,&apos;YYYYMMDD HH24MISS.FF6&apos;) 
AS LST_CHK_TS /*����Ȯ���Ͻ�*/ , WK_ITV_RULE /*�ְ���Ģ*/ , ST_MTH /*���ۿ�*/ , ED_MTH /*�����*/ , DEL_YN 
/*�������� */ , TO_CHAR(FST_PC_TS,&apos;YYYYMMDD HH24MISS.FF6&apos;) AS FST_PC_TS /*����ó���Ͻ�*/ , TO_CHAR(PC_TS,&apos;YYYYMMDD 
HH24MISS.FF6&apos;) AS PC_TS /*ó���Ͻ�*/ , LUPD_CNT /*���������� */ FROM TS001_JOB_SCH WHERE DEVER_ID = 
&apos;testDever&apos; AND PC_TS BETWEEN TO_TIMESTAMP(&apos;20180519&apos;,&apos;YYYYMMDD&apos;) AND TO_TIMESTAMP(&apos;20180521&apos;,&apos;YYYYMMDD&apos;) 
 {executed in 0 msec}
INFO : jdbc.audit - 49. PreparedStatement.execute() returned true
INFO : jdbc.resultset - 49. ResultSet.new ResultSet returned 
INFO : jdbc.audit - 49. PreparedStatement.getResultSet() returned net.sf.log4jdbc.sql.jdbcapi.ResultSetSpy@84f433
INFO : jdbc.resultset - 49. ResultSet.getMetaData() returned oracle.jdbc.driver.OracleResultSetMetaData@b71e8f
INFO : jdbc.resultset - 49. ResultSet.getType() returned 1003
INFO : jdbc.resultset - 49. ResultSet.next() returned true
INFO : jdbc.resultset - 49. ResultSet.getString(DEVER_ID) returned testDever
INFO : jdbc.resultset - 49. ResultSet.wasNull() returned false
INFO : jdbc.resultset - 49. ResultSet.getString(CUST_ID) returned testCust
INFO : jdbc.resultset - 49. ResultSet.wasNull() returned false
INFO : jdbc.resultset - 49. ResultSet.getInt(SQNO) returned 1
INFO : jdbc.resultset - 49. ResultSet.wasNull() returned false
INFO : jdbc.resultset - 49. ResultSet.getString(SET_TM) returned 000000
INFO : jdbc.resultset - 49. ResultSet.wasNull() returned false
INFO : jdbc.resultset - 49. ResultSet.getString(JOB_CD) returned testJobCd
INFO : jdbc.resultset - 49. ResultSet.wasNull() returned false
INFO : jdbc.resultset - 49. ResultSet.getString(CHK_YN) returned N
INFO : jdbc.resultset - 49. ResultSet.wasNull() returned false
INFO : jdbc.resultset - 49. ResultSet.getString(LST_CHK_TS) returned 00010101 000000.000000
INFO : jdbc.resultset - 49. ResultSet.wasNull() returned false
INFO : jdbc.resultset - 49. ResultSet.getString(WK_ITV_RULE) returned 1111100
INFO : jdbc.resultset - 49. ResultSet.wasNull() returned false
INFO : jdbc.resultset - 49. ResultSet.getString(ST_MTH) returned 01
INFO : jdbc.resultset - 49. ResultSet.wasNull() returned false
INFO : jdbc.resultset - 49. ResultSet.getString(ED_MTH) returned 12
INFO : jdbc.resultset - 49. ResultSet.wasNull() returned false
INFO : jdbc.resultset - 49. ResultSet.getString(DEL_YN) returned N
INFO : jdbc.resultset - 49. ResultSet.wasNull() returned false
INFO : jdbc.resultset - 49. ResultSet.getString(FST_PC_TS) returned 20180520 051429.333000
INFO : jdbc.resultset - 49. ResultSet.wasNull() returned false
INFO : jdbc.resultset - 49. ResultSet.getString(PC_TS) returned 20180520 051429.333000
INFO : jdbc.resultset - 49. ResultSet.wasNull() returned false
INFO : jdbc.resultset - 49. ResultSet.getInt(LUPD_CNT) returned 1
INFO : jdbc.resultset - 49. ResultSet.wasNull() returned false
INFO : jdbc.resultset - 49. ResultSet.next() returned true
INFO : jdbc.resultset - 49. ResultSet.getString(DEVER_ID) returned testDever
INFO : jdbc.resultset - 49. ResultSet.wasNull() returned false
INFO : jdbc.resultset - 49. ResultSet.getString(CUST_ID) returned testCust
INFO : jdbc.resultset - 49. ResultSet.wasNull() returned false
INFO : jdbc.resultset - 49. ResultSet.getInt(SQNO) returned 2
INFO : jdbc.resultset - 49. ResultSet.wasNull() returned false
INFO : jdbc.resultset - 49. ResultSet.getString(SET_TM) returned 000000
INFO : jdbc.resultset - 49. ResultSet.wasNull() returned false
INFO : jdbc.resultset - 49. ResultSet.getString(JOB_CD) returned testJobCd
INFO : jdbc.resultset - 49. ResultSet.wasNull() returned false
INFO : jdbc.resultset - 49. ResultSet.getString(CHK_YN) returned N
INFO : jdbc.resultset - 49. ResultSet.wasNull() returned false
INFO : jdbc.resultset - 49. ResultSet.getString(LST_CHK_TS) returned 00010101 000000.000000
INFO : jdbc.resultset - 49. ResultSet.wasNull() returned false
INFO : jdbc.resultset - 49. ResultSet.getString(WK_ITV_RULE) returned 1111100
INFO : jdbc.resultset - 49. ResultSet.wasNull() returned false
INFO : jdbc.resultset - 49. ResultSet.getString(ST_MTH) returned 01
INFO : jdbc.resultset - 49. ResultSet.wasNull() returned false
INFO : jdbc.resultset - 49. ResultSet.getString(ED_MTH) returned 12
INFO : jdbc.resultset - 49. ResultSet.wasNull() returned false
INFO : jdbc.resultset - 49. ResultSet.getString(DEL_YN) returned N
INFO : jdbc.resultset - 49. ResultSet.wasNull() returned false
INFO : jdbc.resultset - 49. ResultSet.getString(FST_PC_TS) returned 20180520 051821.735000
INFO : jdbc.resultset - 49. ResultSet.wasNull() returned false
INFO : jdbc.resultset - 49. ResultSet.getString(PC_TS) returned 20180520 051821.735000
INFO : jdbc.resultset - 49. ResultSet.wasNull() returned false
INFO : jdbc.resultset - 49. ResultSet.getInt(LUPD_CNT) returned 1
INFO : jdbc.resultset - 49. ResultSet.wasNull() returned false
INFO : jdbc.resultsettable - 
|----------|---------|-----|-------|----------|-------|-----------------------|------------|-------|-------|-------|-----------------------|-----------------------|---------|
|dever_id  |cust_id  |sqno |set_tm |job_cd    |chk_yn |lst_chk_ts             |wk_itv_rule |st_mth |ed_mth |del_yn |fst_pc_ts              |pc_ts                  |lupd_cnt |
|----------|---------|-----|-------|----------|-------|-----------------------|------------|-------|-------|-------|-----------------------|-----------------------|---------|
|testDever |testCust |1    |000000 |testJobCd |N      |00010101 000000.000000 |1111100     |01     |12     |N      |20180520 051429.333000 |20180520 051429.333000 |1        |
|testDever |testCust |2    |000000 |testJobCd |N      |00010101 000000.000000 |1111100     |01     |12     |N      |20180520 051821.735000 |20180520 051821.735000 |1        |
|----------|---------|-----|-------|----------|-------|-----------------------|------------|-------|-------|-------|-----------------------|-----------------------|---------|

INFO : jdbc.resultset - 49. ResultSet.next() returned false
INFO : jdbc.resultset - 49. ResultSet.close() returned void
INFO : jdbc.audit - 49. PreparedStatement.getConnection() returned net.sf.log4jdbc.sql.jdbcapi.ConnectionSpy@55b1d1
INFO : jdbc.audit - 49. Connection.getMetaData() returned oracle.jdbc.driver.OracleDatabaseMetaData@64649c
INFO : jdbc.audit - 49. PreparedStatement.close() returned 
INFO : jdbc.audit - 49. Connection.rollback() returned 
INFO : jdbc.audit - 49. Connection.setAutoCommit(true) returned 
INFO : jdbc.audit - 49. Connection.isReadOnly() returned false
INFO : jdbc.connection - 49. Connection closed
INFO : jdbc.audit - 49. Connection.close() returned 
INFO : org.springframework.test.context.transaction.TransactionContext - Rolled back transaction for test context [DefaultTestContext@78452d testClass = TestSrchJobSch, testInstance = com.pro.alarm.service.TestSrchJobSch@1fe2125, testMethod = test1215_srchJobSch_srchFiler@TestSrchJobSch, testException = java.lang.AssertionError: ��ȸ�� �����Ͽ����ϴ�. expected:&lt;1&gt; but was:&lt;2&gt;, mergedContextConfiguration = [MergedContextConfiguration@1c25153 testClass = TestSrchJobSch, locations = &apos;{classpath:test-context.xml}&apos;, classes = &apos;{}&apos;, contextInitializerClasses = &apos;[]&apos;, activeProfiles = &apos;{}&apos;, propertySourceLocations = &apos;{}&apos;, propertySourceProperties = &apos;{}&apos;, contextCustomizers = set[[empty]], contextLoader = &apos;org.springframework.test.context.support.DelegatingSmartContextLoader&apos;, parent = [null]]].
INFO : jdbc.connection - 50. Connection opened
INFO : jdbc.audit - 50. Connection.new Connection returned 
INFO : jdbc.audit - 50. Connection.getAutoCommit() returned true
INFO : jdbc.audit - 50. PreparedStatement.new PreparedStatement returned 
INFO : jdbc.audit - 50. Connection.prepareStatement(DELETE 
		FROM    TS001_JOB_SCH 
		WHERE   DEVER_ID    = ?
		AND     CUST_ID     = ?
		AND     SQNO        = ?
		AND		LUPD_CNT	= ?) returned net.sf.log4jdbc.sql.jdbcapi.PreparedStatementSpy@159185e
INFO : jdbc.audit - 50. PreparedStatement.setString(1, &quot;testDever&quot;) returned 
INFO : jdbc.audit - 50. PreparedStatement.setString(2, &quot;testCust&quot;) returned 
INFO : jdbc.audit - 50. PreparedStatement.setInt(3, 2) returned 
INFO : jdbc.audit - 50. PreparedStatement.setInt(4, 1) returned 
INFO : jdbc.sqlonly - DELETE FROM TS001_JOB_SCH WHERE DEVER_ID = &apos;testDever&apos; AND CUST_ID = &apos;testCust&apos; AND SQNO = 
2 AND LUPD_CNT = 1 

INFO : jdbc.sqltiming - DELETE FROM TS001_JOB_SCH WHERE DEVER_ID = &apos;testDever&apos; AND CUST_ID = &apos;testCust&apos; AND SQNO = 
2 AND LUPD_CNT = 1 
 {executed in 0 msec}
INFO : jdbc.audit - 50. PreparedStatement.execute() returned false
INFO : jdbc.audit - 50. PreparedStatement.getUpdateCount() returned 1
INFO : jdbc.audit - 50. PreparedStatement.close() returned 
INFO : jdbc.connection - 50. Connection closed
INFO : jdbc.audit - 50. Connection.close() returned 
</system-out>
  </testcase>
  <testcase classname="com.pro.alarm.service.TestSrchJobSch" name="test1216_srchJobSchStdtChk" time="0.063"/>
  <testcase classname="com.pro.alarm.service.TestSrchJobSch" name="test1217_srchJobSchEddtChk" time="0.047"/>
</testsuite>