<?xml version="1.0" encoding="UTF-8" ?>
<testsuite tests="51" failures="7" name="com.pro.alarm.TestGroup" time="2.79" errors="7" skipped="0">
  <properties>
    <property name="java.runtime.name" value="Java(TM) SE Runtime Environment"/>
    <property name="sun.boot.library.path" value="C:\Program Files (x86)\Java\jdk1.8.0_60\jre\bin"/>
    <property name="java.vm.version" value="25.60-b23"/>
    <property name="java.vm.vendor" value="Oracle Corporation"/>
    <property name="maven.multiModuleProjectDirectory" value="C:\DEV\workspace\SimpleAlarm"/>
    <property name="java.vendor.url" value="http://java.oracle.com/"/>
    <property name="path.separator" value=";"/>
    <property name="guice.disable.misplaced.annotation.check" value="true"/>
    <property name="java.vm.name" value="Java HotSpot(TM) Client VM"/>
    <property name="file.encoding.pkg" value="sun.io"/>
    <property name="user.script" value=""/>
    <property name="user.country" value="KR"/>
    <property name="sun.java.launcher" value="SUN_STANDARD"/>
    <property name="sun.os.patch.level" value=""/>
    <property name="java.vm.specification.name" value="Java Virtual Machine Specification"/>
    <property name="user.dir" value="C:\DEV\workspace\SimpleAlarm"/>
    <property name="java.runtime.version" value="1.8.0_60-b27"/>
    <property name="java.awt.graphicsenv" value="sun.awt.Win32GraphicsEnvironment"/>
    <property name="java.endorsed.dirs" value="C:\Program Files (x86)\Java\jdk1.8.0_60\jre\lib\endorsed"/>
    <property name="os.arch" value="x86"/>
    <property name="java.io.tmpdir" value="C:\Users\amaco78\AppData\Local\Temp\"/>
    <property name="line.separator" value="
"/>
    <property name="java.vm.specification.vendor" value="Oracle Corporation"/>
    <property name="user.variant" value=""/>
    <property name="os.name" value="Windows 10"/>
    <property name="classworlds.conf" value="C:\DEV\workspace\.metadata\.plugins\org.eclipse.m2e.launching\launches\m2conf1882332748541302212.tmp"/>
    <property name="sun.jnu.encoding" value="MS949"/>
    <property name="java.library.path" value="C:\Program Files (x86)\Java\jdk1.8.0_60\jre\bin;C:\WINDOWS\Sun\Java\bin;C:\WINDOWS\system32;C:\WINDOWS;C:/Program Files/Java/jre1.8.0_161/bin/server;C:/Program Files/Java/jre1.8.0_161/bin;C:/Program Files/Java/jre1.8.0_161/lib/amd64;C:\app\amaco78\product\11.2.0\client_1;C:\oraclexe\app\oracle\product\11.2.0\server\bin;C:\ProgramData\Oracle\Java\javapath;C:\Program Files (x86)\Intel\iCLS Client\;C:\Program Files\Intel\iCLS Client\;C:\WINDOWS\system32;C:\WINDOWS;C:\WINDOWS\System32\Wbem;C:\WINDOWS\System32\WindowsPowerShell\v1.0\;C:\Program Files (x86)\Intel\Intel(R) Management Engine Components\DAL;C:\Program Files\Intel\Intel(R) Management Engine Components\DAL;C:\Program Files (x86)\Intel\Intel(R) Management Engine Components\IPT;C:\Program Files\Intel\Intel(R) Management Engine Components\IPT;C:\Program Files\Java\jre1.8.0_161\bin;C:\Program Files\Intel\WiFi\bin\;C:\Program Files\Common Files\Intel\WirelessCommon\;C:\Program Files\MySQL\MySQL Utilities 1.6\;C:\Program Files\Git\cmd;C:\Program Files (x86)\Java\jdk1.8.0_60\bin;C:\Program Files\TortoiseSVN\bin;C:\Program Files\IDM Computer Solutions\UltraEdit;C:\Users\amaco78\AppData\Local\Microsoft\WindowsApps;C:\Program Files\Bandizip\7z;C:\Program Files\Intel\WiFi\bin\;C:\Program Files\Common Files\Intel\WirelessCommon\;C:\Users\amaco78\AppData\Local\Microsoft\WindowsApps;C:\Program Files\Java\jre1.8.0_161;;C:\Users\amaco78\AppData\Local\Programs\Fiddler;C:\WINDOWS\System32;;."/>
    <property name="java.specification.name" value="Java Platform API Specification"/>
    <property name="java.class.version" value="52.0"/>
    <property name="sun.management.compiler" value="HotSpot Client Compiler"/>
    <property name="os.version" value="10.0"/>
    <property name="user.home" value="C:\Users\amaco78"/>
    <property name="user.timezone" value="Asia/Seoul"/>
    <property name="java.awt.printerjob" value="sun.awt.windows.WPrinterJob"/>
    <property name="java.specification.version" value="1.8"/>
    <property name="file.encoding" value="UTF-8"/>
    <property name="user.name" value="amaco78"/>
    <property name="java.class.path" value="/C:/DEV/SDKS/jee-neon/eclipse/../../../../Users/amaco78/.p2/pool/plugins/org.eclipse.m2e.maven.runtime_1.7.0.20160603-1931/jars/plexus-classworlds-2.5.2.jar"/>
    <property name="java.vm.specification.version" value="1.8"/>
    <property name="sun.arch.data.model" value="32"/>
    <property name="java.home" value="C:\Program Files (x86)\Java\jdk1.8.0_60\jre"/>
    <property name="sun.java.command" value="org.codehaus.plexus.classworlds.launcher.Launcher -B clean install"/>
    <property name="java.specification.vendor" value="Oracle Corporation"/>
    <property name="user.language" value="ko"/>
    <property name="awt.toolkit" value="sun.awt.windows.WToolkit"/>
    <property name="java.vm.info" value="mixed mode"/>
    <property name="java.version" value="1.8.0_60"/>
    <property name="java.ext.dirs" value="C:\Program Files (x86)\Java\jdk1.8.0_60\jre\lib\ext;C:\WINDOWS\Sun\Java\lib\ext"/>
    <property name="sun.boot.class.path" value="C:\Program Files (x86)\Java\jdk1.8.0_60\jre\lib\resources.jar;C:\Program Files (x86)\Java\jdk1.8.0_60\jre\lib\rt.jar;C:\Program Files (x86)\Java\jdk1.8.0_60\jre\lib\sunrsasign.jar;C:\Program Files (x86)\Java\jdk1.8.0_60\jre\lib\jsse.jar;C:\Program Files (x86)\Java\jdk1.8.0_60\jre\lib\jce.jar;C:\Program Files (x86)\Java\jdk1.8.0_60\jre\lib\charsets.jar;C:\Program Files (x86)\Java\jdk1.8.0_60\jre\lib\jfr.jar;C:\Program Files (x86)\Java\jdk1.8.0_60\jre\classes"/>
    <property name="java.vendor" value="Oracle Corporation"/>
    <property name="maven.home" value="C:\DEV\workspace\SimpleAlarm\EMBEDDED"/>
    <property name="file.separator" value="\"/>
    <property name="java.vendor.url.bug" value="http://bugreport.sun.com/bugreport/"/>
    <property name="sun.cpu.endian" value="little"/>
    <property name="sun.io.unicode.encoding" value="UnicodeLittle"/>
    <property name="sun.desktop" value="windows"/>
    <property name="sun.cpu.isalist" value="pentium_pro+mmx pentium_pro pentium+mmx pentium i486 i386 i86"/>
  </properties>
  <testcase classname="com.pro.alarm.DataSourceTest" name="testConnection" time="0.016"/>
  <testcase classname="com.pro.alarm.MyBatisTest" name="testFactory" time="0"/>
  <testcase classname="com.pro.alarm.MyBatisTest" name="testSession" time="0"/>
  <testcase classname="com.pro.alarm.TestUtlz" name="test0001_IsNull_strNull" time="0"/>
  <testcase classname="com.pro.alarm.TestUtlz" name="test0002_IsNull_strSpace" time="0"/>
  <testcase classname="com.pro.alarm.TestUtlz" name="test0003_IsNull_strNullText" time="0"/>
  <testcase classname="com.pro.alarm.TestUtlz" name="test0004_IsNull_dateNull" time="0"/>
  <testcase classname="com.pro.alarm.TestUtlz" name="test0005_IsNull_dttmNull" time="0"/>
  <testcase classname="com.pro.alarm.TestUtlz" name="test0006_isNull_WrongType" time="0"/>
  <testcase classname="com.pro.alarm.TestUtlz" name="test0007_isNull_notNull" time="0"/>
  <testcase classname="com.pro.alarm.TestUtlz" name="test0008_compareDate_date1Big" time="0"/>
  <testcase classname="com.pro.alarm.TestUtlz" name="test0009_compareDate_date2Big" time="0"/>
  <testcase classname="com.pro.alarm.TestUtlz" name="test0010_compareDate_dateEqul" time="0"/>
  <testcase classname="com.pro.alarm.TestUtlz" name="test0011_compareDate_WrongType" time="0"/>
  <testcase classname="com.pro.alarm.TestUtlz" name="test0012_isNum_Number" time="0"/>
  <testcase classname="com.pro.alarm.TestUtlz" name="test0013_isNum_notNumber" time="0"/>
  <testcase classname="com.pro.alarm.TestUtlz" name="test0014_compareDttm_BigDttm1" time="0"/>
  <testcase classname="com.pro.alarm.TestUtlz" name="test0015_diffDate_BigB" time="0"/>
  <testcase classname="com.pro.alarm.TestUtlz" name="test0016_isDate_success" time="0"/>
  <testcase classname="com.pro.alarm.TestUtlz" name="test0017_isDate_null" time="0"/>
  <testcase classname="com.pro.alarm.TestUtlz" name="test0018_calDate" time="0"/>
  <testcase classname="com.pro.alarm.TestUtlz" name="test0018_isDate_minErr" time="0"/>
  <testcase classname="com.pro.alarm.TestUtlz" name="test0019_isDate_maxErr" time="0"/>
  <testcase classname="com.pro.alarm.TestAlarmDao" name="test1000_CRUD_job_sch" time="0.062"/>
  <testcase classname="com.pro.alarm.TestAlarmDao" name="test1001_srchDataChgYnN" time="0.063"/>
  <testcase classname="com.pro.alarm.TestAlarmDao" name="test1002_srchDataChgYnY" time="0.062"/>
  <testcase classname="com.pro.alarm.TestAlarmDao" name="test1003_srchJobChkYnN" time="0.047"/>
  <testcase classname="com.pro.alarm.TestAlarmDao" name="test1004_srchJobChkYnY" time="0.065"/>
  <testcase classname="com.pro.alarm.TestAlarmDao" name="test1101_srchJobSchLst" time="0.188"/>
  <testcase classname="com.pro.alarm.service.TestSrchJobSch" name="test1201_srchJobSch_deverIdChk" time="0.078"/>
  <testcase classname="com.pro.alarm.service.TestSrchJobSch" name="test1202_srchJobSch_diffDate" time="0.062"/>
  <testcase classname="com.pro.alarm.service.TestSrchJobSch" name="test1203_srchJobSch_success" time="0.063">
    <failure message="조회를 실패하였습니다. expected:&lt;1&gt; but was:&lt;3&gt;" type="java.lang.AssertionError">java.lang.AssertionError: 조회를 실패하였습니다. expected:&lt;1&gt; but was:&lt;3&gt;
	at org.junit.Assert.fail(Assert.java:88)
	at org.junit.Assert.failNotEquals(Assert.java:834)
	at org.junit.Assert.assertEquals(Assert.java:645)
	at com.pro.alarm.service.TestSrchJobSch.test1203_srchJobSch_success(TestSrchJobSch.java:103)
	at sun.reflect.NativeMethodAccessorImpl.invoke0(Native Method)
	at sun.reflect.NativeMethodAccessorImpl.invoke(NativeMethodAccessorImpl.java:62)
	at sun.reflect.DelegatingMethodAccessorImpl.invoke(DelegatingMethodAccessorImpl.java:43)
	at java.lang.reflect.Method.invoke(Method.java:497)
	at org.junit.runners.model.FrameworkMethod$1.runReflectiveCall(FrameworkMethod.java:50)
	at org.junit.internal.runners.model.ReflectiveCallable.run(ReflectiveCallable.java:12)
	at org.junit.runners.model.FrameworkMethod.invokeExplosively(FrameworkMethod.java:47)
	at org.junit.internal.runners.statements.InvokeMethod.evaluate(InvokeMethod.java:17)
	at org.springframework.test.context.junit4.statements.RunBeforeTestMethodCallbacks.evaluate(RunBeforeTestMethodCallbacks.java:75)
	at org.springframework.test.context.junit4.statements.RunAfterTestMethodCallbacks.evaluate(RunAfterTestMethodCallbacks.java:86)
	at org.junit.rules.ExpectedException$ExpectedExceptionStatement.evaluate(ExpectedException.java:239)
	at org.junit.rules.RunRules.evaluate(RunRules.java:20)
	at org.springframework.test.context.junit4.statements.SpringRepeat.evaluate(SpringRepeat.java:84)
	at org.junit.runners.ParentRunner.runLeaf(ParentRunner.java:325)
	at org.springframework.test.context.junit4.SpringJUnit4ClassRunner.runChild(SpringJUnit4ClassRunner.java:252)
	at org.springframework.test.context.junit4.SpringJUnit4ClassRunner.runChild(SpringJUnit4ClassRunner.java:94)
	at org.junit.runners.ParentRunner$3.run(ParentRunner.java:290)
	at org.junit.runners.ParentRunner$1.schedule(ParentRunner.java:71)
	at org.junit.runners.ParentRunner.runChildren(ParentRunner.java:288)
	at org.junit.runners.ParentRunner.access$000(ParentRunner.java:58)
	at org.junit.runners.ParentRunner$2.evaluate(ParentRunner.java:268)
	at org.springframework.test.context.junit4.statements.RunBeforeTestClassCallbacks.evaluate(RunBeforeTestClassCallbacks.java:61)
	at org.springframework.test.context.junit4.statements.RunAfterTestClassCallbacks.evaluate(RunAfterTestClassCallbacks.java:70)
	at org.junit.runners.ParentRunner.run(ParentRunner.java:363)
	at org.springframework.test.context.junit4.SpringJUnit4ClassRunner.run(SpringJUnit4ClassRunner.java:191)
	at org.junit.runners.Suite.runChild(Suite.java:128)
	at org.junit.runners.Suite.runChild(Suite.java:27)
	at org.junit.runners.ParentRunner$3.run(ParentRunner.java:290)
	at org.junit.runners.ParentRunner$1.schedule(ParentRunner.java:71)
	at org.junit.runners.ParentRunner.runChildren(ParentRunner.java:288)
	at org.junit.runners.ParentRunner.access$000(ParentRunner.java:58)
	at org.junit.runners.ParentRunner$2.evaluate(ParentRunner.java:268)
	at org.junit.runners.ParentRunner.run(ParentRunner.java:363)
	at org.junit.runners.Suite.runChild(Suite.java:128)
	at org.junit.runners.Suite.runChild(Suite.java:27)
	at org.junit.runners.ParentRunner$3.run(ParentRunner.java:290)
	at org.junit.runners.ParentRunner$1.schedule(ParentRunner.java:71)
	at org.junit.runners.ParentRunner.runChildren(ParentRunner.java:288)
	at org.junit.runners.ParentRunner.access$000(ParentRunner.java:58)
	at org.junit.runners.ParentRunner$2.evaluate(ParentRunner.java:268)
	at org.junit.runners.ParentRunner.run(ParentRunner.java:363)
	at org.apache.maven.surefire.junit4.JUnit4Provider.execute(JUnit4Provider.java:252)
	at org.apache.maven.surefire.junit4.JUnit4Provider.executeTestSet(JUnit4Provider.java:141)
	at org.apache.maven.surefire.junit4.JUnit4Provider.invoke(JUnit4Provider.java:112)
	at sun.reflect.NativeMethodAccessorImpl.invoke0(Native Method)
	at sun.reflect.NativeMethodAccessorImpl.invoke(NativeMethodAccessorImpl.java:62)
	at sun.reflect.DelegatingMethodAccessorImpl.invoke(DelegatingMethodAccessorImpl.java:43)
	at java.lang.reflect.Method.invoke(Method.java:497)
	at org.apache.maven.surefire.util.ReflectionUtils.invokeMethodWithArray(ReflectionUtils.java:189)
	at org.apache.maven.surefire.booter.ProviderFactory$ProviderProxy.invoke(ProviderFactory.java:165)
	at org.apache.maven.surefire.booter.ProviderFactory.invokeProvider(ProviderFactory.java:85)
	at org.apache.maven.surefire.booter.ForkedBooter.runSuitesInProcess(ForkedBooter.java:115)
	at org.apache.maven.surefire.booter.ForkedBooter.main(ForkedBooter.java:75)
</failure>
    <system-out>INFO : jdbc.connection - 157. Connection opened
INFO : jdbc.audit - 157. Connection.new Connection returned 
INFO : jdbc.audit - 157. Connection.getAutoCommit() returned true
INFO : jdbc.audit - 157. PreparedStatement.new PreparedStatement returned 
INFO : jdbc.audit - 157. Connection.prepareStatement(SELECT 	NVL(MAX(SQNO),0) + 1 AS SQNO 
		FROM 	TS001_JOB_SCH 
		WHERE 	DEVER_ID	= ?
		AND		CUST_ID		= ?) returned net.sf.log4jdbc.sql.jdbcapi.PreparedStatementSpy@ced190
INFO : jdbc.audit - 157. PreparedStatement.setString(1, &quot;testDever&quot;) returned 
INFO : jdbc.audit - 157. PreparedStatement.setString(2, &quot;testCust&quot;) returned 
INFO : jdbc.sqlonly - SELECT NVL(MAX(SQNO),0) + 1 AS SQNO FROM TS001_JOB_SCH WHERE DEVER_ID = &apos;testDever&apos; AND CUST_ID 
= &apos;testCust&apos; 

INFO : jdbc.sqltiming - SELECT NVL(MAX(SQNO),0) + 1 AS SQNO FROM TS001_JOB_SCH WHERE DEVER_ID = &apos;testDever&apos; AND CUST_ID 
= &apos;testCust&apos; 
 {executed in 0 msec}
INFO : jdbc.audit - 157. PreparedStatement.execute() returned true
INFO : jdbc.resultset - 157. ResultSet.new ResultSet returned 
INFO : jdbc.audit - 157. PreparedStatement.getResultSet() returned net.sf.log4jdbc.sql.jdbcapi.ResultSetSpy@5a060f
INFO : jdbc.resultset - 157. ResultSet.getMetaData() returned oracle.jdbc.driver.OracleResultSetMetaData@daa77a
INFO : jdbc.resultset - 157. ResultSet.getType() returned 1003
INFO : jdbc.resultset - 157. ResultSet.next() returned true
INFO : jdbc.resultset - 157. ResultSet.getInt(SQNO) returned 3
INFO : jdbc.resultset - 157. ResultSet.wasNull() returned false
INFO : jdbc.resultsettable - 
|-----|
|sqno |
|-----|
|3    |
|-----|

INFO : jdbc.resultset - 157. ResultSet.next() returned false
INFO : jdbc.resultset - 157. ResultSet.close() returned void
INFO : jdbc.audit - 157. PreparedStatement.getConnection() returned net.sf.log4jdbc.sql.jdbcapi.ConnectionSpy@63d216
INFO : jdbc.audit - 157. Connection.getMetaData() returned oracle.jdbc.driver.OracleDatabaseMetaData@ddd21b
INFO : jdbc.audit - 157. PreparedStatement.close() returned 
INFO : jdbc.audit - 157. PreparedStatement.new PreparedStatement returned 
INFO : jdbc.audit - 157. Connection.prepareStatement(INSERT INTO	TS001_JOB_SCH(
							  DEVER_ID 	   /*������ID	*/
							, CUST_ID	   /*��ID  */
							, SQNO		   /*�Ϸù�ȣ  */
							, SET_TM	   /*�����ð�  */
							, JOB_CD	   /*�۾��ڵ�  */
							, CHK_YN	   /*Ȯ�ο���  */
							, LST_CHK_TS   /*����Ȯ���Ͻ�*/
							 
							 
							 
							, DEL_YN	   /*��������  */
							, PC_TS		   /*ó���Ͻ�  */
							, FST_PC_TS	   /*����ó���Ͻ�*/
							, LUPD_CNT	   /*���������� */
							)
					VALUES(
							  ?
							, ?
							, ?
							, TO_TIMESTAMP(?,&apos;YYYYMMDD HH24MI&apos;)
							, ?
							, &apos;N&apos;
							, TO_TIMESTAMP(&apos;00010101 000000.000000&apos;,&apos;YYYYMMDD HH24MISS.FF6&apos;)
							 
							 
							 
							, &apos;N&apos;
							, SYSTIMESTAMP
							, SYSTIMESTAMP
							, 1
							)) returned net.sf.log4jdbc.sql.jdbcapi.PreparedStatementSpy@c3ca31
INFO : jdbc.audit - 157. PreparedStatement.setString(1, &quot;testDever&quot;) returned 
INFO : jdbc.audit - 157. PreparedStatement.setString(2, &quot;testCust&quot;) returned 
INFO : jdbc.audit - 157. PreparedStatement.setInt(3, 3) returned 
INFO : jdbc.audit - 157. PreparedStatement.setString(4, &quot;00010101 0000&quot;) returned 
INFO : jdbc.audit - 157. PreparedStatement.setString(5, &quot;testJobCd&quot;) returned 
INFO : jdbc.sqlonly - INSERT INTO TS001_JOB_SCH( DEVER_ID /*������ID */ , CUST_ID /*��ID */ , SQNO /*�Ϸù�ȣ */ , SET_TM 
/*�����ð� */ , JOB_CD /*�۾��ڵ� */ , CHK_YN /*Ȯ�ο��� */ , LST_CHK_TS /*����Ȯ���Ͻ�*/ , DEL_YN /*�������� */ 
, PC_TS /*ó���Ͻ� */ , FST_PC_TS /*����ó���Ͻ�*/ , LUPD_CNT /*���������� */ ) VALUES( &apos;testDever&apos; , &apos;testCust&apos; 
, 3 , TO_TIMESTAMP(&apos;00010101 0000&apos;,&apos;YYYYMMDD HH24MI&apos;) , &apos;testJobCd&apos; , &apos;N&apos; , TO_TIMESTAMP(&apos;00010101 
000000.000000&apos;,&apos;YYYYMMDD HH24MISS.FF6&apos;) , &apos;N&apos; , SYSTIMESTAMP , SYSTIMESTAMP , 1 ) 

INFO : jdbc.sqltiming - INSERT INTO TS001_JOB_SCH( DEVER_ID /*������ID */ , CUST_ID /*��ID */ , SQNO /*�Ϸù�ȣ */ , SET_TM 
/*�����ð� */ , JOB_CD /*�۾��ڵ� */ , CHK_YN /*Ȯ�ο��� */ , LST_CHK_TS /*����Ȯ���Ͻ�*/ , DEL_YN /*�������� */ 
, PC_TS /*ó���Ͻ� */ , FST_PC_TS /*����ó���Ͻ�*/ , LUPD_CNT /*���������� */ ) VALUES( &apos;testDever&apos; , &apos;testCust&apos; 
, 3 , TO_TIMESTAMP(&apos;00010101 0000&apos;,&apos;YYYYMMDD HH24MI&apos;) , &apos;testJobCd&apos; , &apos;N&apos; , TO_TIMESTAMP(&apos;00010101 
000000.000000&apos;,&apos;YYYYMMDD HH24MISS.FF6&apos;) , &apos;N&apos; , SYSTIMESTAMP , SYSTIMESTAMP , 1 ) 
 {executed in 0 msec}
INFO : jdbc.audit - 157. PreparedStatement.execute() returned false
INFO : jdbc.audit - 157. PreparedStatement.getUpdateCount() returned 1
INFO : jdbc.audit - 157. PreparedStatement.close() returned 
INFO : jdbc.connection - 157. Connection closed
INFO : jdbc.audit - 157. Connection.close() returned 
INFO : jdbc.connection - 158. Connection opened
INFO : jdbc.audit - 158. Connection.new Connection returned 
INFO : jdbc.audit - 158. Connection.getAutoCommit() returned true
INFO : jdbc.audit - 158. Connection.setAutoCommit(false) returned 
INFO : org.springframework.test.context.transaction.TransactionContext - Began transaction (1) for test context [DefaultTestContext@ff6077 testClass = TestSrchJobSch, testInstance = com.pro.alarm.service.TestSrchJobSch@16aca33, testMethod = test1203_srchJobSch_success@TestSrchJobSch, testException = [null], mergedContextConfiguration = [MergedContextConfiguration@41713e testClass = TestSrchJobSch, locations = &apos;{classpath:test-context.xml}&apos;, classes = &apos;{}&apos;, contextInitializerClasses = &apos;[]&apos;, activeProfiles = &apos;{}&apos;, propertySourceLocations = &apos;{}&apos;, propertySourceProperties = &apos;{}&apos;, contextCustomizers = set[[empty]], contextLoader = &apos;org.springframework.test.context.support.DelegatingSmartContextLoader&apos;, parent = [null]]]; transaction manager [org.springframework.jdbc.datasource.DataSourceTransactionManager@bfb884]; rollback [true]
INFO : jdbc.audit - 158. Connection.getAutoCommit() returned false
INFO : jdbc.audit - 158. PreparedStatement.new PreparedStatement returned 
INFO : jdbc.audit - 158. Connection.prepareStatement(SELECT 	  DEVER_ID 	   												/*������ID*/
				, CUST_ID	  							 					/*��ID  */
				, SQNO		   												/*�Ϸù�ȣ  */
				, TO_CHAR(SET_TM,&apos;HH24MISS&apos;) AS SET_TM	   					/*�����ð�  */
				, JOB_CD	   												/*�۾��ڵ�  */
				, CHK_YN	   												/*Ȯ�ο���  */
				, TO_CHAR(LST_CHK_TS,&apos;YYYYMMDD HH24MISS.FF6&apos;) AS LST_CHK_TS /*����Ȯ���Ͻ�*/
				, WK_ITV_RULE                                               /*�ְ���Ģ*/
				, ST_MTH                                                    /*���ۿ�*/
				, ED_MTH                                                    /*�����*/
				, DEL_YN	   												/*��������  */
				, TO_CHAR(FST_PC_TS,&apos;YYYYMMDD HH24MISS.FF6&apos;) AS FST_PC_TS	/*����ó���Ͻ�*/
				, TO_CHAR(PC_TS,&apos;YYYYMMDD HH24MISS.FF6&apos;) AS PC_TS			/*ó���Ͻ�*/
				, LUPD_CNT	   												/*���������� */
		FROM	TS001_JOB_SCH
		WHERE	DEVER_ID 	= ?
		 
		 
		AND		PC_TS BETWEEN TO_TIMESTAMP(?,&apos;YYYYMMDD&apos;) AND TO_TIMESTAMP(?,&apos;YYYYMMDD&apos;)) returned net.sf.log4jdbc.sql.jdbcapi.PreparedStatementSpy@1314cc9
INFO : jdbc.audit - 158. PreparedStatement.setString(1, &quot;testDever&quot;) returned 
INFO : jdbc.audit - 158. PreparedStatement.setString(2, &quot;20180519&quot;) returned 
INFO : jdbc.audit - 158. PreparedStatement.setString(3, &quot;20180521&quot;) returned 
INFO : jdbc.sqlonly - SELECT DEVER_ID /*������ID*/ , CUST_ID /*��ID */ , SQNO /*�Ϸù�ȣ */ , TO_CHAR(SET_TM,&apos;HH24MISS&apos;) 
AS SET_TM /*�����ð� */ , JOB_CD /*�۾��ڵ� */ , CHK_YN /*Ȯ�ο��� */ , TO_CHAR(LST_CHK_TS,&apos;YYYYMMDD HH24MISS.FF6&apos;) 
AS LST_CHK_TS /*����Ȯ���Ͻ�*/ , WK_ITV_RULE /*�ְ���Ģ*/ , ST_MTH /*���ۿ�*/ , ED_MTH /*�����*/ , DEL_YN 
/*�������� */ , TO_CHAR(FST_PC_TS,&apos;YYYYMMDD HH24MISS.FF6&apos;) AS FST_PC_TS /*����ó���Ͻ�*/ , TO_CHAR(PC_TS,&apos;YYYYMMDD 
HH24MISS.FF6&apos;) AS PC_TS /*ó���Ͻ�*/ , LUPD_CNT /*���������� */ FROM TS001_JOB_SCH WHERE DEVER_ID = 
&apos;testDever&apos; AND PC_TS BETWEEN TO_TIMESTAMP(&apos;20180519&apos;,&apos;YYYYMMDD&apos;) AND TO_TIMESTAMP(&apos;20180521&apos;,&apos;YYYYMMDD&apos;) 

INFO : jdbc.sqltiming - SELECT DEVER_ID /*������ID*/ , CUST_ID /*��ID */ , SQNO /*�Ϸù�ȣ */ , TO_CHAR(SET_TM,&apos;HH24MISS&apos;) 
AS SET_TM /*�����ð� */ , JOB_CD /*�۾��ڵ� */ , CHK_YN /*Ȯ�ο��� */ , TO_CHAR(LST_CHK_TS,&apos;YYYYMMDD HH24MISS.FF6&apos;) 
AS LST_CHK_TS /*����Ȯ���Ͻ�*/ , WK_ITV_RULE /*�ְ���Ģ*/ , ST_MTH /*���ۿ�*/ , ED_MTH /*�����*/ , DEL_YN 
/*�������� */ , TO_CHAR(FST_PC_TS,&apos;YYYYMMDD HH24MISS.FF6&apos;) AS FST_PC_TS /*����ó���Ͻ�*/ , TO_CHAR(PC_TS,&apos;YYYYMMDD 
HH24MISS.FF6&apos;) AS PC_TS /*ó���Ͻ�*/ , LUPD_CNT /*���������� */ FROM TS001_JOB_SCH WHERE DEVER_ID = 
&apos;testDever&apos; AND PC_TS BETWEEN TO_TIMESTAMP(&apos;20180519&apos;,&apos;YYYYMMDD&apos;) AND TO_TIMESTAMP(&apos;20180521&apos;,&apos;YYYYMMDD&apos;) 
 {executed in 0 msec}
INFO : jdbc.audit - 158. PreparedStatement.execute() returned true
INFO : jdbc.resultset - 158. ResultSet.new ResultSet returned 
INFO : jdbc.audit - 158. PreparedStatement.getResultSet() returned net.sf.log4jdbc.sql.jdbcapi.ResultSetSpy@38d975
INFO : jdbc.resultset - 158. ResultSet.getMetaData() returned oracle.jdbc.driver.OracleResultSetMetaData@1f8a9d3
INFO : jdbc.resultset - 158. ResultSet.getType() returned 1003
INFO : jdbc.resultset - 158. ResultSet.next() returned true
INFO : jdbc.resultset - 158. ResultSet.getString(DEVER_ID) returned testDever
INFO : jdbc.resultset - 158. ResultSet.wasNull() returned false
INFO : jdbc.resultset - 158. ResultSet.getString(CUST_ID) returned testCust
INFO : jdbc.resultset - 158. ResultSet.wasNull() returned false
INFO : jdbc.resultset - 158. ResultSet.getInt(SQNO) returned 1
INFO : jdbc.resultset - 158. ResultSet.wasNull() returned false
INFO : jdbc.resultset - 158. ResultSet.getString(SET_TM) returned 000000
INFO : jdbc.resultset - 158. ResultSet.wasNull() returned false
INFO : jdbc.resultset - 158. ResultSet.getString(JOB_CD) returned testJobCd
INFO : jdbc.resultset - 158. ResultSet.wasNull() returned false
INFO : jdbc.resultset - 158. ResultSet.getString(CHK_YN) returned N
INFO : jdbc.resultset - 158. ResultSet.wasNull() returned false
INFO : jdbc.resultset - 158. ResultSet.getString(LST_CHK_TS) returned 00010101 000000.000000
INFO : jdbc.resultset - 158. ResultSet.wasNull() returned false
INFO : jdbc.resultset - 158. ResultSet.getString(WK_ITV_RULE) returned 1111100
INFO : jdbc.resultset - 158. ResultSet.wasNull() returned false
INFO : jdbc.resultset - 158. ResultSet.getString(ST_MTH) returned 01
INFO : jdbc.resultset - 158. ResultSet.wasNull() returned false
INFO : jdbc.resultset - 158. ResultSet.getString(ED_MTH) returned 12
INFO : jdbc.resultset - 158. ResultSet.wasNull() returned false
INFO : jdbc.resultset - 158. ResultSet.getString(DEL_YN) returned N
INFO : jdbc.resultset - 158. ResultSet.wasNull() returned false
INFO : jdbc.resultset - 158. ResultSet.getString(FST_PC_TS) returned 20180520 051429.333000
INFO : jdbc.resultset - 158. ResultSet.wasNull() returned false
INFO : jdbc.resultset - 158. ResultSet.getString(PC_TS) returned 20180520 051429.333000
INFO : jdbc.resultset - 158. ResultSet.wasNull() returned false
INFO : jdbc.resultset - 158. ResultSet.getInt(LUPD_CNT) returned 1
INFO : jdbc.resultset - 158. ResultSet.wasNull() returned false
INFO : jdbc.resultset - 158. ResultSet.next() returned true
INFO : jdbc.resultset - 158. ResultSet.getString(DEVER_ID) returned testDever
INFO : jdbc.resultset - 158. ResultSet.wasNull() returned false
INFO : jdbc.resultset - 158. ResultSet.getString(CUST_ID) returned testCust
INFO : jdbc.resultset - 158. ResultSet.wasNull() returned false
INFO : jdbc.resultset - 158. ResultSet.getInt(SQNO) returned 2
INFO : jdbc.resultset - 158. ResultSet.wasNull() returned false
INFO : jdbc.resultset - 158. ResultSet.getString(SET_TM) returned 000000
INFO : jdbc.resultset - 158. ResultSet.wasNull() returned false
INFO : jdbc.resultset - 158. ResultSet.getString(JOB_CD) returned testJobCd
INFO : jdbc.resultset - 158. ResultSet.wasNull() returned false
INFO : jdbc.resultset - 158. ResultSet.getString(CHK_YN) returned N
INFO : jdbc.resultset - 158. ResultSet.wasNull() returned false
INFO : jdbc.resultset - 158. ResultSet.getString(LST_CHK_TS) returned 00010101 000000.000000
INFO : jdbc.resultset - 158. ResultSet.wasNull() returned false
INFO : jdbc.resultset - 158. ResultSet.getString(WK_ITV_RULE) returned 1111100
INFO : jdbc.resultset - 158. ResultSet.wasNull() returned false
INFO : jdbc.resultset - 158. ResultSet.getString(ST_MTH) returned 01
INFO : jdbc.resultset - 158. ResultSet.wasNull() returned false
INFO : jdbc.resultset - 158. ResultSet.getString(ED_MTH) returned 12
INFO : jdbc.resultset - 158. ResultSet.wasNull() returned false
INFO : jdbc.resultset - 158. ResultSet.getString(DEL_YN) returned N
INFO : jdbc.resultset - 158. ResultSet.wasNull() returned false
INFO : jdbc.resultset - 158. ResultSet.getString(FST_PC_TS) returned 20180520 051823.372000
INFO : jdbc.resultset - 158. ResultSet.wasNull() returned false
INFO : jdbc.resultset - 158. ResultSet.getString(PC_TS) returned 20180520 051823.372000
INFO : jdbc.resultset - 158. ResultSet.wasNull() returned false
INFO : jdbc.resultset - 158. ResultSet.getInt(LUPD_CNT) returned 1
INFO : jdbc.resultset - 158. ResultSet.wasNull() returned false
INFO : jdbc.resultset - 158. ResultSet.next() returned true
INFO : jdbc.resultset - 158. ResultSet.getString(DEVER_ID) returned testDever
INFO : jdbc.resultset - 158. ResultSet.wasNull() returned false
INFO : jdbc.resultset - 158. ResultSet.getString(CUST_ID) returned testCust
INFO : jdbc.resultset - 158. ResultSet.wasNull() returned false
INFO : jdbc.resultset - 158. ResultSet.getInt(SQNO) returned 3
INFO : jdbc.resultset - 158. ResultSet.wasNull() returned false
INFO : jdbc.resultset - 158. ResultSet.getString(SET_TM) returned 000000
INFO : jdbc.resultset - 158. ResultSet.wasNull() returned false
INFO : jdbc.resultset - 158. ResultSet.getString(JOB_CD) returned testJobCd
INFO : jdbc.resultset - 158. ResultSet.wasNull() returned false
INFO : jdbc.resultset - 158. ResultSet.getString(CHK_YN) returned N
INFO : jdbc.resultset - 158. ResultSet.wasNull() returned false
INFO : jdbc.resultset - 158. ResultSet.getString(LST_CHK_TS) returned 00010101 000000.000000
INFO : jdbc.resultset - 158. ResultSet.wasNull() returned false
INFO : jdbc.resultset - 158. ResultSet.getString(WK_ITV_RULE) returned 1111100
INFO : jdbc.resultset - 158. ResultSet.wasNull() returned false
INFO : jdbc.resultset - 158. ResultSet.getString(ST_MTH) returned 01
INFO : jdbc.resultset - 158. ResultSet.wasNull() returned false
INFO : jdbc.resultset - 158. ResultSet.getString(ED_MTH) returned 12
INFO : jdbc.resultset - 158. ResultSet.wasNull() returned false
INFO : jdbc.resultset - 158. ResultSet.getString(DEL_YN) returned N
INFO : jdbc.resultset - 158. ResultSet.wasNull() returned false
INFO : jdbc.resultset - 158. ResultSet.getString(FST_PC_TS) returned 20180520 051825.834000
INFO : jdbc.resultset - 158. ResultSet.wasNull() returned false
INFO : jdbc.resultset - 158. ResultSet.getString(PC_TS) returned 20180520 051825.834000
INFO : jdbc.resultset - 158. ResultSet.wasNull() returned false
INFO : jdbc.resultset - 158. ResultSet.getInt(LUPD_CNT) returned 1
INFO : jdbc.resultset - 158. ResultSet.wasNull() returned false
INFO : jdbc.resultsettable - 
|----------|---------|-----|-------|----------|-------|-----------------------|------------|-------|-------|-------|-----------------------|-----------------------|---------|
|dever_id  |cust_id  |sqno |set_tm |job_cd    |chk_yn |lst_chk_ts             |wk_itv_rule |st_mth |ed_mth |del_yn |fst_pc_ts              |pc_ts                  |lupd_cnt |
|----------|---------|-----|-------|----------|-------|-----------------------|------------|-------|-------|-------|-----------------------|-----------------------|---------|
|testDever |testCust |1    |000000 |testJobCd |N      |00010101 000000.000000 |1111100     |01     |12     |N      |20180520 051429.333000 |20180520 051429.333000 |1        |
|testDever |testCust |2    |000000 |testJobCd |N      |00010101 000000.000000 |1111100     |01     |12     |N      |20180520 051823.372000 |20180520 051823.372000 |1        |
|testDever |testCust |3    |000000 |testJobCd |N      |00010101 000000.000000 |1111100     |01     |12     |N      |20180520 051825.834000 |20180520 051825.834000 |1        |
|----------|---------|-----|-------|----------|-------|-----------------------|------------|-------|-------|-------|-----------------------|-----------------------|---------|

INFO : jdbc.resultset - 158. ResultSet.next() returned false
INFO : jdbc.resultset - 158. ResultSet.close() returned void
INFO : jdbc.audit - 158. PreparedStatement.getConnection() returned net.sf.log4jdbc.sql.jdbcapi.ConnectionSpy@ea2003
INFO : jdbc.audit - 158. Connection.getMetaData() returned oracle.jdbc.driver.OracleDatabaseMetaData@11e7ad3
INFO : jdbc.audit - 158. PreparedStatement.close() returned 
INFO : jdbc.audit - 158. Connection.rollback() returned 
INFO : jdbc.audit - 158. Connection.setAutoCommit(true) returned 
INFO : jdbc.audit - 158. Connection.isReadOnly() returned false
INFO : jdbc.connection - 158. Connection closed
INFO : jdbc.audit - 158. Connection.close() returned 
INFO : org.springframework.test.context.transaction.TransactionContext - Rolled back transaction for test context [DefaultTestContext@ff6077 testClass = TestSrchJobSch, testInstance = com.pro.alarm.service.TestSrchJobSch@16aca33, testMethod = test1203_srchJobSch_success@TestSrchJobSch, testException = java.lang.AssertionError: ��ȸ�� �����Ͽ����ϴ�. expected:&lt;1&gt; but was:&lt;3&gt;, mergedContextConfiguration = [MergedContextConfiguration@41713e testClass = TestSrchJobSch, locations = &apos;{classpath:test-context.xml}&apos;, classes = &apos;{}&apos;, contextInitializerClasses = &apos;[]&apos;, activeProfiles = &apos;{}&apos;, propertySourceLocations = &apos;{}&apos;, propertySourceProperties = &apos;{}&apos;, contextCustomizers = set[[empty]], contextLoader = &apos;org.springframework.test.context.support.DelegatingSmartContextLoader&apos;, parent = [null]]].
INFO : jdbc.connection - 159. Connection opened
INFO : jdbc.audit - 159. Connection.new Connection returned 
INFO : jdbc.audit - 159. Connection.getAutoCommit() returned true
INFO : jdbc.audit - 159. PreparedStatement.new PreparedStatement returned 
INFO : jdbc.audit - 159. Connection.prepareStatement(DELETE 
		FROM    TS001_JOB_SCH 
		WHERE   DEVER_ID    = ?
		AND     CUST_ID     = ?
		AND     SQNO        = ?
		AND		LUPD_CNT	= ?) returned net.sf.log4jdbc.sql.jdbcapi.PreparedStatementSpy@1a37e2a
INFO : jdbc.audit - 159. PreparedStatement.setString(1, &quot;testDever&quot;) returned 
INFO : jdbc.audit - 159. PreparedStatement.setString(2, &quot;testCust&quot;) returned 
INFO : jdbc.audit - 159. PreparedStatement.setInt(3, 3) returned 
INFO : jdbc.audit - 159. PreparedStatement.setInt(4, 1) returned 
INFO : jdbc.sqlonly - DELETE FROM TS001_JOB_SCH WHERE DEVER_ID = &apos;testDever&apos; AND CUST_ID = &apos;testCust&apos; AND SQNO = 
3 AND LUPD_CNT = 1 

INFO : jdbc.sqltiming - DELETE FROM TS001_JOB_SCH WHERE DEVER_ID = &apos;testDever&apos; AND CUST_ID = &apos;testCust&apos; AND SQNO = 
3 AND LUPD_CNT = 1 
 {executed in 0 msec}
INFO : jdbc.audit - 159. PreparedStatement.execute() returned false
INFO : jdbc.audit - 159. PreparedStatement.getUpdateCount() returned 1
INFO : jdbc.audit - 159. PreparedStatement.close() returned 
INFO : jdbc.connection - 159. Connection closed
INFO : jdbc.audit - 159. Connection.close() returned 
</system-out>
  </testcase>
  <testcase classname="com.pro.alarm.service.TestSrchJobSch" name="test1204_srchJobSch_delayChk" time="0.062">
    <failure message="조회를 실패하였습니다. expected:&lt;1&gt; but was:&lt;3&gt;" type="java.lang.AssertionError">java.lang.AssertionError: 조회를 실패하였습니다. expected:&lt;1&gt; but was:&lt;3&gt;
	at org.junit.Assert.fail(Assert.java:88)
	at org.junit.Assert.failNotEquals(Assert.java:834)
	at org.junit.Assert.assertEquals(Assert.java:645)
	at com.pro.alarm.service.TestSrchJobSch.test1204_srchJobSch_delayChk(TestSrchJobSch.java:114)
	at sun.reflect.NativeMethodAccessorImpl.invoke0(Native Method)
	at sun.reflect.NativeMethodAccessorImpl.invoke(NativeMethodAccessorImpl.java:62)
	at sun.reflect.DelegatingMethodAccessorImpl.invoke(DelegatingMethodAccessorImpl.java:43)
	at java.lang.reflect.Method.invoke(Method.java:497)
	at org.junit.runners.model.FrameworkMethod$1.runReflectiveCall(FrameworkMethod.java:50)
	at org.junit.internal.runners.model.ReflectiveCallable.run(ReflectiveCallable.java:12)
	at org.junit.runners.model.FrameworkMethod.invokeExplosively(FrameworkMethod.java:47)
	at org.junit.internal.runners.statements.InvokeMethod.evaluate(InvokeMethod.java:17)
	at org.springframework.test.context.junit4.statements.RunBeforeTestMethodCallbacks.evaluate(RunBeforeTestMethodCallbacks.java:75)
	at org.springframework.test.context.junit4.statements.RunAfterTestMethodCallbacks.evaluate(RunAfterTestMethodCallbacks.java:86)
	at org.junit.rules.ExpectedException$ExpectedExceptionStatement.evaluate(ExpectedException.java:239)
	at org.junit.rules.RunRules.evaluate(RunRules.java:20)
	at org.springframework.test.context.junit4.statements.SpringRepeat.evaluate(SpringRepeat.java:84)
	at org.junit.runners.ParentRunner.runLeaf(ParentRunner.java:325)
	at org.springframework.test.context.junit4.SpringJUnit4ClassRunner.runChild(SpringJUnit4ClassRunner.java:252)
	at org.springframework.test.context.junit4.SpringJUnit4ClassRunner.runChild(SpringJUnit4ClassRunner.java:94)
	at org.junit.runners.ParentRunner$3.run(ParentRunner.java:290)
	at org.junit.runners.ParentRunner$1.schedule(ParentRunner.java:71)
	at org.junit.runners.ParentRunner.runChildren(ParentRunner.java:288)
	at org.junit.runners.ParentRunner.access$000(ParentRunner.java:58)
	at org.junit.runners.ParentRunner$2.evaluate(ParentRunner.java:268)
	at org.springframework.test.context.junit4.statements.RunBeforeTestClassCallbacks.evaluate(RunBeforeTestClassCallbacks.java:61)
	at org.springframework.test.context.junit4.statements.RunAfterTestClassCallbacks.evaluate(RunAfterTestClassCallbacks.java:70)
	at org.junit.runners.ParentRunner.run(ParentRunner.java:363)
	at org.springframework.test.context.junit4.SpringJUnit4ClassRunner.run(SpringJUnit4ClassRunner.java:191)
	at org.junit.runners.Suite.runChild(Suite.java:128)
	at org.junit.runners.Suite.runChild(Suite.java:27)
	at org.junit.runners.ParentRunner$3.run(ParentRunner.java:290)
	at org.junit.runners.ParentRunner$1.schedule(ParentRunner.java:71)
	at org.junit.runners.ParentRunner.runChildren(ParentRunner.java:288)
	at org.junit.runners.ParentRunner.access$000(ParentRunner.java:58)
	at org.junit.runners.ParentRunner$2.evaluate(ParentRunner.java:268)
	at org.junit.runners.ParentRunner.run(ParentRunner.java:363)
	at org.junit.runners.Suite.runChild(Suite.java:128)
	at org.junit.runners.Suite.runChild(Suite.java:27)
	at org.junit.runners.ParentRunner$3.run(ParentRunner.java:290)
	at org.junit.runners.ParentRunner$1.schedule(ParentRunner.java:71)
	at org.junit.runners.ParentRunner.runChildren(ParentRunner.java:288)
	at org.junit.runners.ParentRunner.access$000(ParentRunner.java:58)
	at org.junit.runners.ParentRunner$2.evaluate(ParentRunner.java:268)
	at org.junit.runners.ParentRunner.run(ParentRunner.java:363)
	at org.apache.maven.surefire.junit4.JUnit4Provider.execute(JUnit4Provider.java:252)
	at org.apache.maven.surefire.junit4.JUnit4Provider.executeTestSet(JUnit4Provider.java:141)
	at org.apache.maven.surefire.junit4.JUnit4Provider.invoke(JUnit4Provider.java:112)
	at sun.reflect.NativeMethodAccessorImpl.invoke0(Native Method)
	at sun.reflect.NativeMethodAccessorImpl.invoke(NativeMethodAccessorImpl.java:62)
	at sun.reflect.DelegatingMethodAccessorImpl.invoke(DelegatingMethodAccessorImpl.java:43)
	at java.lang.reflect.Method.invoke(Method.java:497)
	at org.apache.maven.surefire.util.ReflectionUtils.invokeMethodWithArray(ReflectionUtils.java:189)
	at org.apache.maven.surefire.booter.ProviderFactory$ProviderProxy.invoke(ProviderFactory.java:165)
	at org.apache.maven.surefire.booter.ProviderFactory.invokeProvider(ProviderFactory.java:85)
	at org.apache.maven.surefire.booter.ForkedBooter.runSuitesInProcess(ForkedBooter.java:115)
	at org.apache.maven.surefire.booter.ForkedBooter.main(ForkedBooter.java:75)
</failure>
    <system-out>INFO : jdbc.connection - 160. Connection opened
INFO : jdbc.audit - 160. Connection.new Connection returned 
INFO : jdbc.audit - 160. Connection.getAutoCommit() returned true
INFO : jdbc.audit - 160. PreparedStatement.new PreparedStatement returned 
INFO : jdbc.audit - 160. Connection.prepareStatement(SELECT 	NVL(MAX(SQNO),0) + 1 AS SQNO 
		FROM 	TS001_JOB_SCH 
		WHERE 	DEVER_ID	= ?
		AND		CUST_ID		= ?) returned net.sf.log4jdbc.sql.jdbcapi.PreparedStatementSpy@840abf
INFO : jdbc.audit - 160. PreparedStatement.setString(1, &quot;testDever&quot;) returned 
INFO : jdbc.audit - 160. PreparedStatement.setString(2, &quot;testCust&quot;) returned 
INFO : jdbc.sqlonly - SELECT NVL(MAX(SQNO),0) + 1 AS SQNO FROM TS001_JOB_SCH WHERE DEVER_ID = &apos;testDever&apos; AND CUST_ID 
= &apos;testCust&apos; 

INFO : jdbc.sqltiming - SELECT NVL(MAX(SQNO),0) + 1 AS SQNO FROM TS001_JOB_SCH WHERE DEVER_ID = &apos;testDever&apos; AND CUST_ID 
= &apos;testCust&apos; 
 {executed in 0 msec}
INFO : jdbc.audit - 160. PreparedStatement.execute() returned true
INFO : jdbc.resultset - 160. ResultSet.new ResultSet returned 
INFO : jdbc.audit - 160. PreparedStatement.getResultSet() returned net.sf.log4jdbc.sql.jdbcapi.ResultSetSpy@de6d6b
INFO : jdbc.resultset - 160. ResultSet.getMetaData() returned oracle.jdbc.driver.OracleResultSetMetaData@172d253
INFO : jdbc.resultset - 160. ResultSet.getType() returned 1003
INFO : jdbc.resultset - 160. ResultSet.next() returned true
INFO : jdbc.resultset - 160. ResultSet.getInt(SQNO) returned 3
INFO : jdbc.resultset - 160. ResultSet.wasNull() returned false
INFO : jdbc.resultsettable - 
|-----|
|sqno |
|-----|
|3    |
|-----|

INFO : jdbc.resultset - 160. ResultSet.next() returned false
INFO : jdbc.resultset - 160. ResultSet.close() returned void
INFO : jdbc.audit - 160. PreparedStatement.getConnection() returned net.sf.log4jdbc.sql.jdbcapi.ConnectionSpy@1cc0416
INFO : jdbc.audit - 160. Connection.getMetaData() returned oracle.jdbc.driver.OracleDatabaseMetaData@1e32ea2
INFO : jdbc.audit - 160. PreparedStatement.close() returned 
INFO : jdbc.audit - 160. PreparedStatement.new PreparedStatement returned 
INFO : jdbc.audit - 160. Connection.prepareStatement(INSERT INTO	TS001_JOB_SCH(
							  DEVER_ID 	   /*������ID	*/
							, CUST_ID	   /*��ID  */
							, SQNO		   /*�Ϸù�ȣ  */
							, SET_TM	   /*�����ð�  */
							, JOB_CD	   /*�۾��ڵ�  */
							, CHK_YN	   /*Ȯ�ο���  */
							, LST_CHK_TS   /*����Ȯ���Ͻ�*/
							 
							 
							 
							, DEL_YN	   /*��������  */
							, PC_TS		   /*ó���Ͻ�  */
							, FST_PC_TS	   /*����ó���Ͻ�*/
							, LUPD_CNT	   /*���������� */
							)
					VALUES(
							  ?
							, ?
							, ?
							, TO_TIMESTAMP(?,&apos;YYYYMMDD HH24MI&apos;)
							, ?
							, &apos;N&apos;
							, TO_TIMESTAMP(&apos;00010101 000000.000000&apos;,&apos;YYYYMMDD HH24MISS.FF6&apos;)
							 
							 
							 
							, &apos;N&apos;
							, SYSTIMESTAMP
							, SYSTIMESTAMP
							, 1
							)) returned net.sf.log4jdbc.sql.jdbcapi.PreparedStatementSpy@73b8c0
INFO : jdbc.audit - 160. PreparedStatement.setString(1, &quot;testDever&quot;) returned 
INFO : jdbc.audit - 160. PreparedStatement.setString(2, &quot;testCust&quot;) returned 
INFO : jdbc.audit - 160. PreparedStatement.setInt(3, 3) returned 
INFO : jdbc.audit - 160. PreparedStatement.setString(4, &quot;00010101 0000&quot;) returned 
INFO : jdbc.audit - 160. PreparedStatement.setString(5, &quot;testJobCd&quot;) returned 
INFO : jdbc.sqlonly - INSERT INTO TS001_JOB_SCH( DEVER_ID /*������ID */ , CUST_ID /*��ID */ , SQNO /*�Ϸù�ȣ */ , SET_TM 
/*�����ð� */ , JOB_CD /*�۾��ڵ� */ , CHK_YN /*Ȯ�ο��� */ , LST_CHK_TS /*����Ȯ���Ͻ�*/ , DEL_YN /*�������� */ 
, PC_TS /*ó���Ͻ� */ , FST_PC_TS /*����ó���Ͻ�*/ , LUPD_CNT /*���������� */ ) VALUES( &apos;testDever&apos; , &apos;testCust&apos; 
, 3 , TO_TIMESTAMP(&apos;00010101 0000&apos;,&apos;YYYYMMDD HH24MI&apos;) , &apos;testJobCd&apos; , &apos;N&apos; , TO_TIMESTAMP(&apos;00010101 
000000.000000&apos;,&apos;YYYYMMDD HH24MISS.FF6&apos;) , &apos;N&apos; , SYSTIMESTAMP , SYSTIMESTAMP , 1 ) 

INFO : jdbc.sqltiming - INSERT INTO TS001_JOB_SCH( DEVER_ID /*������ID */ , CUST_ID /*��ID */ , SQNO /*�Ϸù�ȣ */ , SET_TM 
/*�����ð� */ , JOB_CD /*�۾��ڵ� */ , CHK_YN /*Ȯ�ο��� */ , LST_CHK_TS /*����Ȯ���Ͻ�*/ , DEL_YN /*�������� */ 
, PC_TS /*ó���Ͻ� */ , FST_PC_TS /*����ó���Ͻ�*/ , LUPD_CNT /*���������� */ ) VALUES( &apos;testDever&apos; , &apos;testCust&apos; 
, 3 , TO_TIMESTAMP(&apos;00010101 0000&apos;,&apos;YYYYMMDD HH24MI&apos;) , &apos;testJobCd&apos; , &apos;N&apos; , TO_TIMESTAMP(&apos;00010101 
000000.000000&apos;,&apos;YYYYMMDD HH24MISS.FF6&apos;) , &apos;N&apos; , SYSTIMESTAMP , SYSTIMESTAMP , 1 ) 
 {executed in 0 msec}
INFO : jdbc.audit - 160. PreparedStatement.execute() returned false
INFO : jdbc.audit - 160. PreparedStatement.getUpdateCount() returned 1
INFO : jdbc.audit - 160. PreparedStatement.close() returned 
INFO : jdbc.connection - 160. Connection closed
INFO : jdbc.audit - 160. Connection.close() returned 
INFO : jdbc.connection - 161. Connection opened
INFO : jdbc.audit - 161. Connection.new Connection returned 
INFO : jdbc.audit - 161. Connection.getAutoCommit() returned true
INFO : jdbc.audit - 161. Connection.setAutoCommit(false) returned 
INFO : org.springframework.test.context.transaction.TransactionContext - Began transaction (1) for test context [DefaultTestContext@ff6077 testClass = TestSrchJobSch, testInstance = com.pro.alarm.service.TestSrchJobSch@9f539e, testMethod = test1204_srchJobSch_delayChk@TestSrchJobSch, testException = [null], mergedContextConfiguration = [MergedContextConfiguration@41713e testClass = TestSrchJobSch, locations = &apos;{classpath:test-context.xml}&apos;, classes = &apos;{}&apos;, contextInitializerClasses = &apos;[]&apos;, activeProfiles = &apos;{}&apos;, propertySourceLocations = &apos;{}&apos;, propertySourceProperties = &apos;{}&apos;, contextCustomizers = set[[empty]], contextLoader = &apos;org.springframework.test.context.support.DelegatingSmartContextLoader&apos;, parent = [null]]]; transaction manager [org.springframework.jdbc.datasource.DataSourceTransactionManager@bfb884]; rollback [true]
INFO : jdbc.audit - 161. Connection.getAutoCommit() returned false
INFO : jdbc.audit - 161. PreparedStatement.new PreparedStatement returned 
INFO : jdbc.audit - 161. Connection.prepareStatement(SELECT 	  DEVER_ID 	   												/*������ID*/
				, CUST_ID	  							 					/*��ID  */
				, SQNO		   												/*�Ϸù�ȣ  */
				, TO_CHAR(SET_TM,&apos;HH24MISS&apos;) AS SET_TM	   					/*�����ð�  */
				, JOB_CD	   												/*�۾��ڵ�  */
				, CHK_YN	   												/*Ȯ�ο���  */
				, TO_CHAR(LST_CHK_TS,&apos;YYYYMMDD HH24MISS.FF6&apos;) AS LST_CHK_TS /*����Ȯ���Ͻ�*/
				, WK_ITV_RULE                                               /*�ְ���Ģ*/
				, ST_MTH                                                    /*���ۿ�*/
				, ED_MTH                                                    /*�����*/
				, DEL_YN	   												/*��������  */
				, TO_CHAR(FST_PC_TS,&apos;YYYYMMDD HH24MISS.FF6&apos;) AS FST_PC_TS	/*����ó���Ͻ�*/
				, TO_CHAR(PC_TS,&apos;YYYYMMDD HH24MISS.FF6&apos;) AS PC_TS			/*ó���Ͻ�*/
				, LUPD_CNT	   												/*���������� */
		FROM	TS001_JOB_SCH
		WHERE	DEVER_ID 	= ?
		 
		 
		 
		AND		CHK_YN		= &apos;N&apos;
		AND		TO_CHAR(SET_TM,&apos;HH24MISS&apos;) &lt; TO_CHAR(SYSTIMESTAMP,&apos;HH24MISS&apos;)
		AND		DEL_YN 		= &apos;N&apos;) returned net.sf.log4jdbc.sql.jdbcapi.PreparedStatementSpy@11de37d
INFO : jdbc.audit - 161. PreparedStatement.setString(1, &quot;testDever&quot;) returned 
INFO : jdbc.sqlonly - SELECT DEVER_ID /*������ID*/ , CUST_ID /*��ID */ , SQNO /*�Ϸù�ȣ */ , TO_CHAR(SET_TM,&apos;HH24MISS&apos;) 
AS SET_TM /*�����ð� */ , JOB_CD /*�۾��ڵ� */ , CHK_YN /*Ȯ�ο��� */ , TO_CHAR(LST_CHK_TS,&apos;YYYYMMDD HH24MISS.FF6&apos;) 
AS LST_CHK_TS /*����Ȯ���Ͻ�*/ , WK_ITV_RULE /*�ְ���Ģ*/ , ST_MTH /*���ۿ�*/ , ED_MTH /*�����*/ , DEL_YN 
/*�������� */ , TO_CHAR(FST_PC_TS,&apos;YYYYMMDD HH24MISS.FF6&apos;) AS FST_PC_TS /*����ó���Ͻ�*/ , TO_CHAR(PC_TS,&apos;YYYYMMDD 
HH24MISS.FF6&apos;) AS PC_TS /*ó���Ͻ�*/ , LUPD_CNT /*���������� */ FROM TS001_JOB_SCH WHERE DEVER_ID = 
&apos;testDever&apos; AND CHK_YN = &apos;N&apos; AND TO_CHAR(SET_TM,&apos;HH24MISS&apos;) &lt; TO_CHAR(SYSTIMESTAMP,&apos;HH24MISS&apos;) 
AND DEL_YN = &apos;N&apos; 

INFO : jdbc.sqltiming - SELECT DEVER_ID /*������ID*/ , CUST_ID /*��ID */ , SQNO /*�Ϸù�ȣ */ , TO_CHAR(SET_TM,&apos;HH24MISS&apos;) 
AS SET_TM /*�����ð� */ , JOB_CD /*�۾��ڵ� */ , CHK_YN /*Ȯ�ο��� */ , TO_CHAR(LST_CHK_TS,&apos;YYYYMMDD HH24MISS.FF6&apos;) 
AS LST_CHK_TS /*����Ȯ���Ͻ�*/ , WK_ITV_RULE /*�ְ���Ģ*/ , ST_MTH /*���ۿ�*/ , ED_MTH /*�����*/ , DEL_YN 
/*�������� */ , TO_CHAR(FST_PC_TS,&apos;YYYYMMDD HH24MISS.FF6&apos;) AS FST_PC_TS /*����ó���Ͻ�*/ , TO_CHAR(PC_TS,&apos;YYYYMMDD 
HH24MISS.FF6&apos;) AS PC_TS /*ó���Ͻ�*/ , LUPD_CNT /*���������� */ FROM TS001_JOB_SCH WHERE DEVER_ID = 
&apos;testDever&apos; AND CHK_YN = &apos;N&apos; AND TO_CHAR(SET_TM,&apos;HH24MISS&apos;) &lt; TO_CHAR(SYSTIMESTAMP,&apos;HH24MISS&apos;) 
AND DEL_YN = &apos;N&apos; 
 {executed in 0 msec}
INFO : jdbc.audit - 161. PreparedStatement.execute() returned true
INFO : jdbc.resultset - 161. ResultSet.new ResultSet returned 
INFO : jdbc.audit - 161. PreparedStatement.getResultSet() returned net.sf.log4jdbc.sql.jdbcapi.ResultSetSpy@f81f31
INFO : jdbc.resultset - 161. ResultSet.getMetaData() returned oracle.jdbc.driver.OracleResultSetMetaData@75b2d3
INFO : jdbc.resultset - 161. ResultSet.getType() returned 1003
INFO : jdbc.resultset - 161. ResultSet.next() returned true
INFO : jdbc.resultset - 161. ResultSet.getString(DEVER_ID) returned testDever
INFO : jdbc.resultset - 161. ResultSet.wasNull() returned false
INFO : jdbc.resultset - 161. ResultSet.getString(CUST_ID) returned testCust
INFO : jdbc.resultset - 161. ResultSet.wasNull() returned false
INFO : jdbc.resultset - 161. ResultSet.getInt(SQNO) returned 1
INFO : jdbc.resultset - 161. ResultSet.wasNull() returned false
INFO : jdbc.resultset - 161. ResultSet.getString(SET_TM) returned 000000
INFO : jdbc.resultset - 161. ResultSet.wasNull() returned false
INFO : jdbc.resultset - 161. ResultSet.getString(JOB_CD) returned testJobCd
INFO : jdbc.resultset - 161. ResultSet.wasNull() returned false
INFO : jdbc.resultset - 161. ResultSet.getString(CHK_YN) returned N
INFO : jdbc.resultset - 161. ResultSet.wasNull() returned false
INFO : jdbc.resultset - 161. ResultSet.getString(LST_CHK_TS) returned 00010101 000000.000000
INFO : jdbc.resultset - 161. ResultSet.wasNull() returned false
INFO : jdbc.resultset - 161. ResultSet.getString(WK_ITV_RULE) returned 1111100
INFO : jdbc.resultset - 161. ResultSet.wasNull() returned false
INFO : jdbc.resultset - 161. ResultSet.getString(ST_MTH) returned 01
INFO : jdbc.resultset - 161. ResultSet.wasNull() returned false
INFO : jdbc.resultset - 161. ResultSet.getString(ED_MTH) returned 12
INFO : jdbc.resultset - 161. ResultSet.wasNull() returned false
INFO : jdbc.resultset - 161. ResultSet.getString(DEL_YN) returned N
INFO : jdbc.resultset - 161. ResultSet.wasNull() returned false
INFO : jdbc.resultset - 161. ResultSet.getString(FST_PC_TS) returned 20180520 051429.333000
INFO : jdbc.resultset - 161. ResultSet.wasNull() returned false
INFO : jdbc.resultset - 161. ResultSet.getString(PC_TS) returned 20180520 051429.333000
INFO : jdbc.resultset - 161. ResultSet.wasNull() returned false
INFO : jdbc.resultset - 161. ResultSet.getInt(LUPD_CNT) returned 1
INFO : jdbc.resultset - 161. ResultSet.wasNull() returned false
INFO : jdbc.resultset - 161. ResultSet.next() returned true
INFO : jdbc.resultset - 161. ResultSet.getString(DEVER_ID) returned testDever
INFO : jdbc.resultset - 161. ResultSet.wasNull() returned false
INFO : jdbc.resultset - 161. ResultSet.getString(CUST_ID) returned testCust
INFO : jdbc.resultset - 161. ResultSet.wasNull() returned false
INFO : jdbc.resultset - 161. ResultSet.getInt(SQNO) returned 2
INFO : jdbc.resultset - 161. ResultSet.wasNull() returned false
INFO : jdbc.resultset - 161. ResultSet.getString(SET_TM) returned 000000
INFO : jdbc.resultset - 161. ResultSet.wasNull() returned false
INFO : jdbc.resultset - 161. ResultSet.getString(JOB_CD) returned testJobCd
INFO : jdbc.resultset - 161. ResultSet.wasNull() returned false
INFO : jdbc.resultset - 161. ResultSet.getString(CHK_YN) returned N
INFO : jdbc.resultset - 161. ResultSet.wasNull() returned false
INFO : jdbc.resultset - 161. ResultSet.getString(LST_CHK_TS) returned 00010101 000000.000000
INFO : jdbc.resultset - 161. ResultSet.wasNull() returned false
INFO : jdbc.resultset - 161. ResultSet.getString(WK_ITV_RULE) returned 1111100
INFO : jdbc.resultset - 161. ResultSet.wasNull() returned false
INFO : jdbc.resultset - 161. ResultSet.getString(ST_MTH) returned 01
INFO : jdbc.resultset - 161. ResultSet.wasNull() returned false
INFO : jdbc.resultset - 161. ResultSet.getString(ED_MTH) returned 12
INFO : jdbc.resultset - 161. ResultSet.wasNull() returned false
INFO : jdbc.resultset - 161. ResultSet.getString(DEL_YN) returned N
INFO : jdbc.resultset - 161. ResultSet.wasNull() returned false
INFO : jdbc.resultset - 161. ResultSet.getString(FST_PC_TS) returned 20180520 051823.372000
INFO : jdbc.resultset - 161. ResultSet.wasNull() returned false
INFO : jdbc.resultset - 161. ResultSet.getString(PC_TS) returned 20180520 051823.372000
INFO : jdbc.resultset - 161. ResultSet.wasNull() returned false
INFO : jdbc.resultset - 161. ResultSet.getInt(LUPD_CNT) returned 1
INFO : jdbc.resultset - 161. ResultSet.wasNull() returned false
INFO : jdbc.resultset - 161. ResultSet.next() returned true
INFO : jdbc.resultset - 161. ResultSet.getString(DEVER_ID) returned testDever
INFO : jdbc.resultset - 161. ResultSet.wasNull() returned false
INFO : jdbc.resultset - 161. ResultSet.getString(CUST_ID) returned testCust
INFO : jdbc.resultset - 161. ResultSet.wasNull() returned false
INFO : jdbc.resultset - 161. ResultSet.getInt(SQNO) returned 3
INFO : jdbc.resultset - 161. ResultSet.wasNull() returned false
INFO : jdbc.resultset - 161. ResultSet.getString(SET_TM) returned 000000
INFO : jdbc.resultset - 161. ResultSet.wasNull() returned false
INFO : jdbc.resultset - 161. ResultSet.getString(JOB_CD) returned testJobCd
INFO : jdbc.resultset - 161. ResultSet.wasNull() returned false
INFO : jdbc.resultset - 161. ResultSet.getString(CHK_YN) returned N
INFO : jdbc.resultset - 161. ResultSet.wasNull() returned false
INFO : jdbc.resultset - 161. ResultSet.getString(LST_CHK_TS) returned 00010101 000000.000000
INFO : jdbc.resultset - 161. ResultSet.wasNull() returned false
INFO : jdbc.resultset - 161. ResultSet.getString(WK_ITV_RULE) returned 1111100
INFO : jdbc.resultset - 161. ResultSet.wasNull() returned false
INFO : jdbc.resultset - 161. ResultSet.getString(ST_MTH) returned 01
INFO : jdbc.resultset - 161. ResultSet.wasNull() returned false
INFO : jdbc.resultset - 161. ResultSet.getString(ED_MTH) returned 12
INFO : jdbc.resultset - 161. ResultSet.wasNull() returned false
INFO : jdbc.resultset - 161. ResultSet.getString(DEL_YN) returned N
INFO : jdbc.resultset - 161. ResultSet.wasNull() returned false
INFO : jdbc.resultset - 161. ResultSet.getString(FST_PC_TS) returned 20180520 051825.897000
INFO : jdbc.resultset - 161. ResultSet.wasNull() returned false
INFO : jdbc.resultset - 161. ResultSet.getString(PC_TS) returned 20180520 051825.897000
INFO : jdbc.resultset - 161. ResultSet.wasNull() returned false
INFO : jdbc.resultset - 161. ResultSet.getInt(LUPD_CNT) returned 1
INFO : jdbc.resultset - 161. ResultSet.wasNull() returned false
INFO : jdbc.resultsettable - 
|----------|---------|-----|-------|----------|-------|-----------------------|------------|-------|-------|-------|-----------------------|-----------------------|---------|
|dever_id  |cust_id  |sqno |set_tm |job_cd    |chk_yn |lst_chk_ts             |wk_itv_rule |st_mth |ed_mth |del_yn |fst_pc_ts              |pc_ts                  |lupd_cnt |
|----------|---------|-----|-------|----------|-------|-----------------------|------------|-------|-------|-------|-----------------------|-----------------------|---------|
|testDever |testCust |1    |000000 |testJobCd |N      |00010101 000000.000000 |1111100     |01     |12     |N      |20180520 051429.333000 |20180520 051429.333000 |1        |
|testDever |testCust |2    |000000 |testJobCd |N      |00010101 000000.000000 |1111100     |01     |12     |N      |20180520 051823.372000 |20180520 051823.372000 |1        |
|testDever |testCust |3    |000000 |testJobCd |N      |00010101 000000.000000 |1111100     |01     |12     |N      |20180520 051825.897000 |20180520 051825.897000 |1        |
|----------|---------|-----|-------|----------|-------|-----------------------|------------|-------|-------|-------|-----------------------|-----------------------|---------|

INFO : jdbc.resultset - 161. ResultSet.next() returned false
INFO : jdbc.resultset - 161. ResultSet.close() returned void
INFO : jdbc.audit - 161. PreparedStatement.getConnection() returned net.sf.log4jdbc.sql.jdbcapi.ConnectionSpy@1abde31
INFO : jdbc.audit - 161. Connection.getMetaData() returned oracle.jdbc.driver.OracleDatabaseMetaData@197d532
INFO : jdbc.audit - 161. PreparedStatement.close() returned 
INFO : jdbc.audit - 161. Connection.rollback() returned 
INFO : jdbc.audit - 161. Connection.setAutoCommit(true) returned 
INFO : jdbc.audit - 161. Connection.isReadOnly() returned false
INFO : jdbc.connection - 161. Connection closed
INFO : jdbc.audit - 161. Connection.close() returned 
INFO : org.springframework.test.context.transaction.TransactionContext - Rolled back transaction for test context [DefaultTestContext@ff6077 testClass = TestSrchJobSch, testInstance = com.pro.alarm.service.TestSrchJobSch@9f539e, testMethod = test1204_srchJobSch_delayChk@TestSrchJobSch, testException = java.lang.AssertionError: ��ȸ�� �����Ͽ����ϴ�. expected:&lt;1&gt; but was:&lt;3&gt;, mergedContextConfiguration = [MergedContextConfiguration@41713e testClass = TestSrchJobSch, locations = &apos;{classpath:test-context.xml}&apos;, classes = &apos;{}&apos;, contextInitializerClasses = &apos;[]&apos;, activeProfiles = &apos;{}&apos;, propertySourceLocations = &apos;{}&apos;, propertySourceProperties = &apos;{}&apos;, contextCustomizers = set[[empty]], contextLoader = &apos;org.springframework.test.context.support.DelegatingSmartContextLoader&apos;, parent = [null]]].
INFO : jdbc.connection - 162. Connection opened
INFO : jdbc.audit - 162. Connection.new Connection returned 
INFO : jdbc.audit - 162. Connection.getAutoCommit() returned true
INFO : jdbc.audit - 162. PreparedStatement.new PreparedStatement returned 
INFO : jdbc.audit - 162. Connection.prepareStatement(DELETE 
		FROM    TS001_JOB_SCH 
		WHERE   DEVER_ID    = ?
		AND     CUST_ID     = ?
		AND     SQNO        = ?
		AND		LUPD_CNT	= ?) returned net.sf.log4jdbc.sql.jdbcapi.PreparedStatementSpy@969fb8
INFO : jdbc.audit - 162. PreparedStatement.setString(1, &quot;testDever&quot;) returned 
INFO : jdbc.audit - 162. PreparedStatement.setString(2, &quot;testCust&quot;) returned 
INFO : jdbc.audit - 162. PreparedStatement.setInt(3, 3) returned 
INFO : jdbc.audit - 162. PreparedStatement.setInt(4, 1) returned 
INFO : jdbc.sqlonly - DELETE FROM TS001_JOB_SCH WHERE DEVER_ID = &apos;testDever&apos; AND CUST_ID = &apos;testCust&apos; AND SQNO = 
3 AND LUPD_CNT = 1 

INFO : jdbc.sqltiming - DELETE FROM TS001_JOB_SCH WHERE DEVER_ID = &apos;testDever&apos; AND CUST_ID = &apos;testCust&apos; AND SQNO = 
3 AND LUPD_CNT = 1 
 {executed in 0 msec}
INFO : jdbc.audit - 162. PreparedStatement.execute() returned false
INFO : jdbc.audit - 162. PreparedStatement.getUpdateCount() returned 1
INFO : jdbc.audit - 162. PreparedStatement.close() returned 
INFO : jdbc.connection - 162. Connection closed
INFO : jdbc.audit - 162. Connection.close() returned 
</system-out>
  </testcase>
  <testcase classname="com.pro.alarm.service.TestSrchJobSch" name="test1205_srchJobSch_orderByCustId" time="0.063">
    <failure message="조회를 실패하였습니다. expected:&lt;1&gt; but was:&lt;3&gt;" type="java.lang.AssertionError">java.lang.AssertionError: 조회를 실패하였습니다. expected:&lt;1&gt; but was:&lt;3&gt;
	at org.junit.Assert.fail(Assert.java:88)
	at org.junit.Assert.failNotEquals(Assert.java:834)
	at org.junit.Assert.assertEquals(Assert.java:645)
	at com.pro.alarm.service.TestSrchJobSch.test1205_srchJobSch_orderByCustId(TestSrchJobSch.java:126)
	at sun.reflect.NativeMethodAccessorImpl.invoke0(Native Method)
	at sun.reflect.NativeMethodAccessorImpl.invoke(NativeMethodAccessorImpl.java:62)
	at sun.reflect.DelegatingMethodAccessorImpl.invoke(DelegatingMethodAccessorImpl.java:43)
	at java.lang.reflect.Method.invoke(Method.java:497)
	at org.junit.runners.model.FrameworkMethod$1.runReflectiveCall(FrameworkMethod.java:50)
	at org.junit.internal.runners.model.ReflectiveCallable.run(ReflectiveCallable.java:12)
	at org.junit.runners.model.FrameworkMethod.invokeExplosively(FrameworkMethod.java:47)
	at org.junit.internal.runners.statements.InvokeMethod.evaluate(InvokeMethod.java:17)
	at org.springframework.test.context.junit4.statements.RunBeforeTestMethodCallbacks.evaluate(RunBeforeTestMethodCallbacks.java:75)
	at org.springframework.test.context.junit4.statements.RunAfterTestMethodCallbacks.evaluate(RunAfterTestMethodCallbacks.java:86)
	at org.junit.rules.ExpectedException$ExpectedExceptionStatement.evaluate(ExpectedException.java:239)
	at org.junit.rules.RunRules.evaluate(RunRules.java:20)
	at org.springframework.test.context.junit4.statements.SpringRepeat.evaluate(SpringRepeat.java:84)
	at org.junit.runners.ParentRunner.runLeaf(ParentRunner.java:325)
	at org.springframework.test.context.junit4.SpringJUnit4ClassRunner.runChild(SpringJUnit4ClassRunner.java:252)
	at org.springframework.test.context.junit4.SpringJUnit4ClassRunner.runChild(SpringJUnit4ClassRunner.java:94)
	at org.junit.runners.ParentRunner$3.run(ParentRunner.java:290)
	at org.junit.runners.ParentRunner$1.schedule(ParentRunner.java:71)
	at org.junit.runners.ParentRunner.runChildren(ParentRunner.java:288)
	at org.junit.runners.ParentRunner.access$000(ParentRunner.java:58)
	at org.junit.runners.ParentRunner$2.evaluate(ParentRunner.java:268)
	at org.springframework.test.context.junit4.statements.RunBeforeTestClassCallbacks.evaluate(RunBeforeTestClassCallbacks.java:61)
	at org.springframework.test.context.junit4.statements.RunAfterTestClassCallbacks.evaluate(RunAfterTestClassCallbacks.java:70)
	at org.junit.runners.ParentRunner.run(ParentRunner.java:363)
	at org.springframework.test.context.junit4.SpringJUnit4ClassRunner.run(SpringJUnit4ClassRunner.java:191)
	at org.junit.runners.Suite.runChild(Suite.java:128)
	at org.junit.runners.Suite.runChild(Suite.java:27)
	at org.junit.runners.ParentRunner$3.run(ParentRunner.java:290)
	at org.junit.runners.ParentRunner$1.schedule(ParentRunner.java:71)
	at org.junit.runners.ParentRunner.runChildren(ParentRunner.java:288)
	at org.junit.runners.ParentRunner.access$000(ParentRunner.java:58)
	at org.junit.runners.ParentRunner$2.evaluate(ParentRunner.java:268)
	at org.junit.runners.ParentRunner.run(ParentRunner.java:363)
	at org.junit.runners.Suite.runChild(Suite.java:128)
	at org.junit.runners.Suite.runChild(Suite.java:27)
	at org.junit.runners.ParentRunner$3.run(ParentRunner.java:290)
	at org.junit.runners.ParentRunner$1.schedule(ParentRunner.java:71)
	at org.junit.runners.ParentRunner.runChildren(ParentRunner.java:288)
	at org.junit.runners.ParentRunner.access$000(ParentRunner.java:58)
	at org.junit.runners.ParentRunner$2.evaluate(ParentRunner.java:268)
	at org.junit.runners.ParentRunner.run(ParentRunner.java:363)
	at org.apache.maven.surefire.junit4.JUnit4Provider.execute(JUnit4Provider.java:252)
	at org.apache.maven.surefire.junit4.JUnit4Provider.executeTestSet(JUnit4Provider.java:141)
	at org.apache.maven.surefire.junit4.JUnit4Provider.invoke(JUnit4Provider.java:112)
	at sun.reflect.NativeMethodAccessorImpl.invoke0(Native Method)
	at sun.reflect.NativeMethodAccessorImpl.invoke(NativeMethodAccessorImpl.java:62)
	at sun.reflect.DelegatingMethodAccessorImpl.invoke(DelegatingMethodAccessorImpl.java:43)
	at java.lang.reflect.Method.invoke(Method.java:497)
	at org.apache.maven.surefire.util.ReflectionUtils.invokeMethodWithArray(ReflectionUtils.java:189)
	at org.apache.maven.surefire.booter.ProviderFactory$ProviderProxy.invoke(ProviderFactory.java:165)
	at org.apache.maven.surefire.booter.ProviderFactory.invokeProvider(ProviderFactory.java:85)
	at org.apache.maven.surefire.booter.ForkedBooter.runSuitesInProcess(ForkedBooter.java:115)
	at org.apache.maven.surefire.booter.ForkedBooter.main(ForkedBooter.java:75)
</failure>
    <system-out>INFO : jdbc.connection - 163. Connection opened
INFO : jdbc.audit - 163. Connection.new Connection returned 
INFO : jdbc.audit - 163. Connection.getAutoCommit() returned true
INFO : jdbc.audit - 163. PreparedStatement.new PreparedStatement returned 
INFO : jdbc.audit - 163. Connection.prepareStatement(SELECT 	NVL(MAX(SQNO),0) + 1 AS SQNO 
		FROM 	TS001_JOB_SCH 
		WHERE 	DEVER_ID	= ?
		AND		CUST_ID		= ?) returned net.sf.log4jdbc.sql.jdbcapi.PreparedStatementSpy@160bcdf
INFO : jdbc.audit - 163. PreparedStatement.setString(1, &quot;testDever&quot;) returned 
INFO : jdbc.audit - 163. PreparedStatement.setString(2, &quot;testCust&quot;) returned 
INFO : jdbc.sqlonly - SELECT NVL(MAX(SQNO),0) + 1 AS SQNO FROM TS001_JOB_SCH WHERE DEVER_ID = &apos;testDever&apos; AND CUST_ID 
= &apos;testCust&apos; 

INFO : jdbc.sqltiming - SELECT NVL(MAX(SQNO),0) + 1 AS SQNO FROM TS001_JOB_SCH WHERE DEVER_ID = &apos;testDever&apos; AND CUST_ID 
= &apos;testCust&apos; 
 {executed in 0 msec}
INFO : jdbc.audit - 163. PreparedStatement.execute() returned true
INFO : jdbc.resultset - 163. ResultSet.new ResultSet returned 
INFO : jdbc.audit - 163. PreparedStatement.getResultSet() returned net.sf.log4jdbc.sql.jdbcapi.ResultSetSpy@1558294
INFO : jdbc.resultset - 163. ResultSet.getMetaData() returned oracle.jdbc.driver.OracleResultSetMetaData@bb095
INFO : jdbc.resultset - 163. ResultSet.getType() returned 1003
INFO : jdbc.resultset - 163. ResultSet.next() returned true
INFO : jdbc.resultset - 163. ResultSet.getInt(SQNO) returned 3
INFO : jdbc.resultset - 163. ResultSet.wasNull() returned false
INFO : jdbc.resultsettable - 
|-----|
|sqno |
|-----|
|3    |
|-----|

INFO : jdbc.resultset - 163. ResultSet.next() returned false
INFO : jdbc.resultset - 163. ResultSet.close() returned void
INFO : jdbc.audit - 163. PreparedStatement.getConnection() returned net.sf.log4jdbc.sql.jdbcapi.ConnectionSpy@17c350f
INFO : jdbc.audit - 163. Connection.getMetaData() returned oracle.jdbc.driver.OracleDatabaseMetaData@1aae97b
INFO : jdbc.audit - 163. PreparedStatement.close() returned 
INFO : jdbc.audit - 163. PreparedStatement.new PreparedStatement returned 
INFO : jdbc.audit - 163. Connection.prepareStatement(INSERT INTO	TS001_JOB_SCH(
							  DEVER_ID 	   /*������ID	*/
							, CUST_ID	   /*��ID  */
							, SQNO		   /*�Ϸù�ȣ  */
							, SET_TM	   /*�����ð�  */
							, JOB_CD	   /*�۾��ڵ�  */
							, CHK_YN	   /*Ȯ�ο���  */
							, LST_CHK_TS   /*����Ȯ���Ͻ�*/
							 
							 
							 
							, DEL_YN	   /*��������  */
							, PC_TS		   /*ó���Ͻ�  */
							, FST_PC_TS	   /*����ó���Ͻ�*/
							, LUPD_CNT	   /*���������� */
							)
					VALUES(
							  ?
							, ?
							, ?
							, TO_TIMESTAMP(?,&apos;YYYYMMDD HH24MI&apos;)
							, ?
							, &apos;N&apos;
							, TO_TIMESTAMP(&apos;00010101 000000.000000&apos;,&apos;YYYYMMDD HH24MISS.FF6&apos;)
							 
							 
							 
							, &apos;N&apos;
							, SYSTIMESTAMP
							, SYSTIMESTAMP
							, 1
							)) returned net.sf.log4jdbc.sql.jdbcapi.PreparedStatementSpy@4c9e38
INFO : jdbc.audit - 163. PreparedStatement.setString(1, &quot;testDever&quot;) returned 
INFO : jdbc.audit - 163. PreparedStatement.setString(2, &quot;testCust&quot;) returned 
INFO : jdbc.audit - 163. PreparedStatement.setInt(3, 3) returned 
INFO : jdbc.audit - 163. PreparedStatement.setString(4, &quot;00010101 0000&quot;) returned 
INFO : jdbc.audit - 163. PreparedStatement.setString(5, &quot;testJobCd&quot;) returned 
INFO : jdbc.sqlonly - INSERT INTO TS001_JOB_SCH( DEVER_ID /*������ID */ , CUST_ID /*��ID */ , SQNO /*�Ϸù�ȣ */ , SET_TM 
/*�����ð� */ , JOB_CD /*�۾��ڵ� */ , CHK_YN /*Ȯ�ο��� */ , LST_CHK_TS /*����Ȯ���Ͻ�*/ , DEL_YN /*�������� */ 
, PC_TS /*ó���Ͻ� */ , FST_PC_TS /*����ó���Ͻ�*/ , LUPD_CNT /*���������� */ ) VALUES( &apos;testDever&apos; , &apos;testCust&apos; 
, 3 , TO_TIMESTAMP(&apos;00010101 0000&apos;,&apos;YYYYMMDD HH24MI&apos;) , &apos;testJobCd&apos; , &apos;N&apos; , TO_TIMESTAMP(&apos;00010101 
000000.000000&apos;,&apos;YYYYMMDD HH24MISS.FF6&apos;) , &apos;N&apos; , SYSTIMESTAMP , SYSTIMESTAMP , 1 ) 

INFO : jdbc.sqltiming - INSERT INTO TS001_JOB_SCH( DEVER_ID /*������ID */ , CUST_ID /*��ID */ , SQNO /*�Ϸù�ȣ */ , SET_TM 
/*�����ð� */ , JOB_CD /*�۾��ڵ� */ , CHK_YN /*Ȯ�ο��� */ , LST_CHK_TS /*����Ȯ���Ͻ�*/ , DEL_YN /*�������� */ 
, PC_TS /*ó���Ͻ� */ , FST_PC_TS /*����ó���Ͻ�*/ , LUPD_CNT /*���������� */ ) VALUES( &apos;testDever&apos; , &apos;testCust&apos; 
, 3 , TO_TIMESTAMP(&apos;00010101 0000&apos;,&apos;YYYYMMDD HH24MI&apos;) , &apos;testJobCd&apos; , &apos;N&apos; , TO_TIMESTAMP(&apos;00010101 
000000.000000&apos;,&apos;YYYYMMDD HH24MISS.FF6&apos;) , &apos;N&apos; , SYSTIMESTAMP , SYSTIMESTAMP , 1 ) 
 {executed in 0 msec}
INFO : jdbc.audit - 163. PreparedStatement.execute() returned false
INFO : jdbc.audit - 163. PreparedStatement.getUpdateCount() returned 1
INFO : jdbc.audit - 163. PreparedStatement.close() returned 
INFO : jdbc.connection - 163. Connection closed
INFO : jdbc.audit - 163. Connection.close() returned 
INFO : jdbc.connection - 164. Connection opened
INFO : jdbc.audit - 164. Connection.new Connection returned 
INFO : jdbc.audit - 164. Connection.getAutoCommit() returned true
INFO : jdbc.audit - 164. Connection.setAutoCommit(false) returned 
INFO : org.springframework.test.context.transaction.TransactionContext - Began transaction (1) for test context [DefaultTestContext@ff6077 testClass = TestSrchJobSch, testInstance = com.pro.alarm.service.TestSrchJobSch@1dc8b5d, testMethod = test1205_srchJobSch_orderByCustId@TestSrchJobSch, testException = [null], mergedContextConfiguration = [MergedContextConfiguration@41713e testClass = TestSrchJobSch, locations = &apos;{classpath:test-context.xml}&apos;, classes = &apos;{}&apos;, contextInitializerClasses = &apos;[]&apos;, activeProfiles = &apos;{}&apos;, propertySourceLocations = &apos;{}&apos;, propertySourceProperties = &apos;{}&apos;, contextCustomizers = set[[empty]], contextLoader = &apos;org.springframework.test.context.support.DelegatingSmartContextLoader&apos;, parent = [null]]]; transaction manager [org.springframework.jdbc.datasource.DataSourceTransactionManager@bfb884]; rollback [true]
INFO : jdbc.audit - 164. Connection.getAutoCommit() returned false
INFO : jdbc.audit - 164. PreparedStatement.new PreparedStatement returned 
INFO : jdbc.audit - 164. Connection.prepareStatement(SELECT 	  DEVER_ID 	   												/*������ID*/
				, CUST_ID	  							 					/*��ID  */
				, SQNO		   												/*�Ϸù�ȣ  */
				, TO_CHAR(SET_TM,&apos;HH24MISS&apos;) AS SET_TM	   					/*�����ð�  */
				, JOB_CD	   												/*�۾��ڵ�  */
				, CHK_YN	   												/*Ȯ�ο���  */
				, TO_CHAR(LST_CHK_TS,&apos;YYYYMMDD HH24MISS.FF6&apos;) AS LST_CHK_TS /*����Ȯ���Ͻ�*/
				, WK_ITV_RULE                                               /*�ְ���Ģ*/
				, ST_MTH                                                    /*���ۿ�*/
				, ED_MTH                                                    /*�����*/
				, DEL_YN	   												/*��������  */
				, TO_CHAR(FST_PC_TS,&apos;YYYYMMDD HH24MISS.FF6&apos;) AS FST_PC_TS	/*����ó���Ͻ�*/
				, TO_CHAR(PC_TS,&apos;YYYYMMDD HH24MISS.FF6&apos;) AS PC_TS			/*ó���Ͻ�*/
				, LUPD_CNT	   												/*���������� */
		FROM	TS001_JOB_SCH
		WHERE	DEVER_ID 	= ?
		 
		 
		AND		PC_TS BETWEEN TO_TIMESTAMP(?,&apos;YYYYMMDD&apos;) AND TO_TIMESTAMP(?,&apos;YYYYMMDD&apos;)
		 
		 
		 
		ORDER BY
		 CUST_ID 
		  ASC) returned net.sf.log4jdbc.sql.jdbcapi.PreparedStatementSpy@114a673
INFO : jdbc.audit - 164. PreparedStatement.setString(1, &quot;testDever&quot;) returned 
INFO : jdbc.audit - 164. PreparedStatement.setString(2, &quot;20180519&quot;) returned 
INFO : jdbc.audit - 164. PreparedStatement.setString(3, &quot;20180521&quot;) returned 
INFO : jdbc.sqlonly - SELECT DEVER_ID /*������ID*/ , CUST_ID /*��ID */ , SQNO /*�Ϸù�ȣ */ , TO_CHAR(SET_TM,&apos;HH24MISS&apos;) 
AS SET_TM /*�����ð� */ , JOB_CD /*�۾��ڵ� */ , CHK_YN /*Ȯ�ο��� */ , TO_CHAR(LST_CHK_TS,&apos;YYYYMMDD HH24MISS.FF6&apos;) 
AS LST_CHK_TS /*����Ȯ���Ͻ�*/ , WK_ITV_RULE /*�ְ���Ģ*/ , ST_MTH /*���ۿ�*/ , ED_MTH /*�����*/ , DEL_YN 
/*�������� */ , TO_CHAR(FST_PC_TS,&apos;YYYYMMDD HH24MISS.FF6&apos;) AS FST_PC_TS /*����ó���Ͻ�*/ , TO_CHAR(PC_TS,&apos;YYYYMMDD 
HH24MISS.FF6&apos;) AS PC_TS /*ó���Ͻ�*/ , LUPD_CNT /*���������� */ FROM TS001_JOB_SCH WHERE DEVER_ID = 
&apos;testDever&apos; AND PC_TS BETWEEN TO_TIMESTAMP(&apos;20180519&apos;,&apos;YYYYMMDD&apos;) AND TO_TIMESTAMP(&apos;20180521&apos;,&apos;YYYYMMDD&apos;) 
ORDER BY CUST_ID ASC 

INFO : jdbc.sqltiming - SELECT DEVER_ID /*������ID*/ , CUST_ID /*��ID */ , SQNO /*�Ϸù�ȣ */ , TO_CHAR(SET_TM,&apos;HH24MISS&apos;) 
AS SET_TM /*�����ð� */ , JOB_CD /*�۾��ڵ� */ , CHK_YN /*Ȯ�ο��� */ , TO_CHAR(LST_CHK_TS,&apos;YYYYMMDD HH24MISS.FF6&apos;) 
AS LST_CHK_TS /*����Ȯ���Ͻ�*/ , WK_ITV_RULE /*�ְ���Ģ*/ , ST_MTH /*���ۿ�*/ , ED_MTH /*�����*/ , DEL_YN 
/*�������� */ , TO_CHAR(FST_PC_TS,&apos;YYYYMMDD HH24MISS.FF6&apos;) AS FST_PC_TS /*����ó���Ͻ�*/ , TO_CHAR(PC_TS,&apos;YYYYMMDD 
HH24MISS.FF6&apos;) AS PC_TS /*ó���Ͻ�*/ , LUPD_CNT /*���������� */ FROM TS001_JOB_SCH WHERE DEVER_ID = 
&apos;testDever&apos; AND PC_TS BETWEEN TO_TIMESTAMP(&apos;20180519&apos;,&apos;YYYYMMDD&apos;) AND TO_TIMESTAMP(&apos;20180521&apos;,&apos;YYYYMMDD&apos;) 
ORDER BY CUST_ID ASC 
 {executed in 0 msec}
INFO : jdbc.audit - 164. PreparedStatement.execute() returned true
INFO : jdbc.resultset - 164. ResultSet.new ResultSet returned 
INFO : jdbc.audit - 164. PreparedStatement.getResultSet() returned net.sf.log4jdbc.sql.jdbcapi.ResultSetSpy@6a17c4
INFO : jdbc.resultset - 164. ResultSet.getMetaData() returned oracle.jdbc.driver.OracleResultSetMetaData@1c3fcb7
INFO : jdbc.resultset - 164. ResultSet.getType() returned 1003
INFO : jdbc.resultset - 164. ResultSet.next() returned true
INFO : jdbc.resultset - 164. ResultSet.getString(DEVER_ID) returned testDever
INFO : jdbc.resultset - 164. ResultSet.wasNull() returned false
INFO : jdbc.resultset - 164. ResultSet.getString(CUST_ID) returned testCust
INFO : jdbc.resultset - 164. ResultSet.wasNull() returned false
INFO : jdbc.resultset - 164. ResultSet.getInt(SQNO) returned 1
INFO : jdbc.resultset - 164. ResultSet.wasNull() returned false
INFO : jdbc.resultset - 164. ResultSet.getString(SET_TM) returned 000000
INFO : jdbc.resultset - 164. ResultSet.wasNull() returned false
INFO : jdbc.resultset - 164. ResultSet.getString(JOB_CD) returned testJobCd
INFO : jdbc.resultset - 164. ResultSet.wasNull() returned false
INFO : jdbc.resultset - 164. ResultSet.getString(CHK_YN) returned N
INFO : jdbc.resultset - 164. ResultSet.wasNull() returned false
INFO : jdbc.resultset - 164. ResultSet.getString(LST_CHK_TS) returned 00010101 000000.000000
INFO : jdbc.resultset - 164. ResultSet.wasNull() returned false
INFO : jdbc.resultset - 164. ResultSet.getString(WK_ITV_RULE) returned 1111100
INFO : jdbc.resultset - 164. ResultSet.wasNull() returned false
INFO : jdbc.resultset - 164. ResultSet.getString(ST_MTH) returned 01
INFO : jdbc.resultset - 164. ResultSet.wasNull() returned false
INFO : jdbc.resultset - 164. ResultSet.getString(ED_MTH) returned 12
INFO : jdbc.resultset - 164. ResultSet.wasNull() returned false
INFO : jdbc.resultset - 164. ResultSet.getString(DEL_YN) returned N
INFO : jdbc.resultset - 164. ResultSet.wasNull() returned false
INFO : jdbc.resultset - 164. ResultSet.getString(FST_PC_TS) returned 20180520 051429.333000
INFO : jdbc.resultset - 164. ResultSet.wasNull() returned false
INFO : jdbc.resultset - 164. ResultSet.getString(PC_TS) returned 20180520 051429.333000
INFO : jdbc.resultset - 164. ResultSet.wasNull() returned false
INFO : jdbc.resultset - 164. ResultSet.getInt(LUPD_CNT) returned 1
INFO : jdbc.resultset - 164. ResultSet.wasNull() returned false
INFO : jdbc.resultset - 164. ResultSet.next() returned true
INFO : jdbc.resultset - 164. ResultSet.getString(DEVER_ID) returned testDever
INFO : jdbc.resultset - 164. ResultSet.wasNull() returned false
INFO : jdbc.resultset - 164. ResultSet.getString(CUST_ID) returned testCust
INFO : jdbc.resultset - 164. ResultSet.wasNull() returned false
INFO : jdbc.resultset - 164. ResultSet.getInt(SQNO) returned 2
INFO : jdbc.resultset - 164. ResultSet.wasNull() returned false
INFO : jdbc.resultset - 164. ResultSet.getString(SET_TM) returned 000000
INFO : jdbc.resultset - 164. ResultSet.wasNull() returned false
INFO : jdbc.resultset - 164. ResultSet.getString(JOB_CD) returned testJobCd
INFO : jdbc.resultset - 164. ResultSet.wasNull() returned false
INFO : jdbc.resultset - 164. ResultSet.getString(CHK_YN) returned N
INFO : jdbc.resultset - 164. ResultSet.wasNull() returned false
INFO : jdbc.resultset - 164. ResultSet.getString(LST_CHK_TS) returned 00010101 000000.000000
INFO : jdbc.resultset - 164. ResultSet.wasNull() returned false
INFO : jdbc.resultset - 164. ResultSet.getString(WK_ITV_RULE) returned 1111100
INFO : jdbc.resultset - 164. ResultSet.wasNull() returned false
INFO : jdbc.resultset - 164. ResultSet.getString(ST_MTH) returned 01
INFO : jdbc.resultset - 164. ResultSet.wasNull() returned false
INFO : jdbc.resultset - 164. ResultSet.getString(ED_MTH) returned 12
INFO : jdbc.resultset - 164. ResultSet.wasNull() returned false
INFO : jdbc.resultset - 164. ResultSet.getString(DEL_YN) returned N
INFO : jdbc.resultset - 164. ResultSet.wasNull() returned false
INFO : jdbc.resultset - 164. ResultSet.getString(FST_PC_TS) returned 20180520 051823.372000
INFO : jdbc.resultset - 164. ResultSet.wasNull() returned false
INFO : jdbc.resultset - 164. ResultSet.getString(PC_TS) returned 20180520 051823.372000
INFO : jdbc.resultset - 164. ResultSet.wasNull() returned false
INFO : jdbc.resultset - 164. ResultSet.getInt(LUPD_CNT) returned 1
INFO : jdbc.resultset - 164. ResultSet.wasNull() returned false
INFO : jdbc.resultset - 164. ResultSet.next() returned true
INFO : jdbc.resultset - 164. ResultSet.getString(DEVER_ID) returned testDever
INFO : jdbc.resultset - 164. ResultSet.wasNull() returned false
INFO : jdbc.resultset - 164. ResultSet.getString(CUST_ID) returned testCust
INFO : jdbc.resultset - 164. ResultSet.wasNull() returned false
INFO : jdbc.resultset - 164. ResultSet.getInt(SQNO) returned 3
INFO : jdbc.resultset - 164. ResultSet.wasNull() returned false
INFO : jdbc.resultset - 164. ResultSet.getString(SET_TM) returned 000000
INFO : jdbc.resultset - 164. ResultSet.wasNull() returned false
INFO : jdbc.resultset - 164. ResultSet.getString(JOB_CD) returned testJobCd
INFO : jdbc.resultset - 164. ResultSet.wasNull() returned false
INFO : jdbc.resultset - 164. ResultSet.getString(CHK_YN) returned N
INFO : jdbc.resultset - 164. ResultSet.wasNull() returned false
INFO : jdbc.resultset - 164. ResultSet.getString(LST_CHK_TS) returned 00010101 000000.000000
INFO : jdbc.resultset - 164. ResultSet.wasNull() returned false
INFO : jdbc.resultset - 164. ResultSet.getString(WK_ITV_RULE) returned 1111100
INFO : jdbc.resultset - 164. ResultSet.wasNull() returned false
INFO : jdbc.resultset - 164. ResultSet.getString(ST_MTH) returned 01
INFO : jdbc.resultset - 164. ResultSet.wasNull() returned false
INFO : jdbc.resultset - 164. ResultSet.getString(ED_MTH) returned 12
INFO : jdbc.resultset - 164. ResultSet.wasNull() returned false
INFO : jdbc.resultset - 164. ResultSet.getString(DEL_YN) returned N
INFO : jdbc.resultset - 164. ResultSet.wasNull() returned false
INFO : jdbc.resultset - 164. ResultSet.getString(FST_PC_TS) returned 20180520 051825.959000
INFO : jdbc.resultset - 164. ResultSet.wasNull() returned false
INFO : jdbc.resultset - 164. ResultSet.getString(PC_TS) returned 20180520 051825.959000
INFO : jdbc.resultset - 164. ResultSet.wasNull() returned false
INFO : jdbc.resultset - 164. ResultSet.getInt(LUPD_CNT) returned 1
INFO : jdbc.resultset - 164. ResultSet.wasNull() returned false
INFO : jdbc.resultsettable - 
|----------|---------|-----|-------|----------|-------|-----------------------|------------|-------|-------|-------|-----------------------|-----------------------|---------|
|dever_id  |cust_id  |sqno |set_tm |job_cd    |chk_yn |lst_chk_ts             |wk_itv_rule |st_mth |ed_mth |del_yn |fst_pc_ts              |pc_ts                  |lupd_cnt |
|----------|---------|-----|-------|----------|-------|-----------------------|------------|-------|-------|-------|-----------------------|-----------------------|---------|
|testDever |testCust |1    |000000 |testJobCd |N      |00010101 000000.000000 |1111100     |01     |12     |N      |20180520 051429.333000 |20180520 051429.333000 |1        |
|testDever |testCust |2    |000000 |testJobCd |N      |00010101 000000.000000 |1111100     |01     |12     |N      |20180520 051823.372000 |20180520 051823.372000 |1        |
|testDever |testCust |3    |000000 |testJobCd |N      |00010101 000000.000000 |1111100     |01     |12     |N      |20180520 051825.959000 |20180520 051825.959000 |1        |
|----------|---------|-----|-------|----------|-------|-----------------------|------------|-------|-------|-------|-----------------------|-----------------------|---------|

INFO : jdbc.resultset - 164. ResultSet.next() returned false
INFO : jdbc.resultset - 164. ResultSet.close() returned void
INFO : jdbc.audit - 164. PreparedStatement.getConnection() returned net.sf.log4jdbc.sql.jdbcapi.ConnectionSpy@4c0b41
INFO : jdbc.audit - 164. Connection.getMetaData() returned oracle.jdbc.driver.OracleDatabaseMetaData@911385
INFO : jdbc.audit - 164. PreparedStatement.close() returned 
INFO : jdbc.audit - 164. Connection.rollback() returned 
INFO : jdbc.audit - 164. Connection.setAutoCommit(true) returned 
INFO : jdbc.audit - 164. Connection.isReadOnly() returned false
INFO : jdbc.connection - 164. Connection closed
INFO : jdbc.audit - 164. Connection.close() returned 
INFO : org.springframework.test.context.transaction.TransactionContext - Rolled back transaction for test context [DefaultTestContext@ff6077 testClass = TestSrchJobSch, testInstance = com.pro.alarm.service.TestSrchJobSch@1dc8b5d, testMethod = test1205_srchJobSch_orderByCustId@TestSrchJobSch, testException = java.lang.AssertionError: ��ȸ�� �����Ͽ����ϴ�. expected:&lt;1&gt; but was:&lt;3&gt;, mergedContextConfiguration = [MergedContextConfiguration@41713e testClass = TestSrchJobSch, locations = &apos;{classpath:test-context.xml}&apos;, classes = &apos;{}&apos;, contextInitializerClasses = &apos;[]&apos;, activeProfiles = &apos;{}&apos;, propertySourceLocations = &apos;{}&apos;, propertySourceProperties = &apos;{}&apos;, contextCustomizers = set[[empty]], contextLoader = &apos;org.springframework.test.context.support.DelegatingSmartContextLoader&apos;, parent = [null]]].
INFO : jdbc.connection - 165. Connection opened
INFO : jdbc.audit - 165. Connection.new Connection returned 
INFO : jdbc.audit - 165. Connection.getAutoCommit() returned true
INFO : jdbc.audit - 165. PreparedStatement.new PreparedStatement returned 
INFO : jdbc.audit - 165. Connection.prepareStatement(DELETE 
		FROM    TS001_JOB_SCH 
		WHERE   DEVER_ID    = ?
		AND     CUST_ID     = ?
		AND     SQNO        = ?
		AND		LUPD_CNT	= ?) returned net.sf.log4jdbc.sql.jdbcapi.PreparedStatementSpy@396db
INFO : jdbc.audit - 165. PreparedStatement.setString(1, &quot;testDever&quot;) returned 
INFO : jdbc.audit - 165. PreparedStatement.setString(2, &quot;testCust&quot;) returned 
INFO : jdbc.audit - 165. PreparedStatement.setInt(3, 3) returned 
INFO : jdbc.audit - 165. PreparedStatement.setInt(4, 1) returned 
INFO : jdbc.sqlonly - DELETE FROM TS001_JOB_SCH WHERE DEVER_ID = &apos;testDever&apos; AND CUST_ID = &apos;testCust&apos; AND SQNO = 
3 AND LUPD_CNT = 1 

INFO : jdbc.sqltiming - DELETE FROM TS001_JOB_SCH WHERE DEVER_ID = &apos;testDever&apos; AND CUST_ID = &apos;testCust&apos; AND SQNO = 
3 AND LUPD_CNT = 1 
 {executed in 0 msec}
INFO : jdbc.audit - 165. PreparedStatement.execute() returned false
INFO : jdbc.audit - 165. PreparedStatement.getUpdateCount() returned 1
INFO : jdbc.audit - 165. PreparedStatement.close() returned 
INFO : jdbc.connection - 165. Connection closed
INFO : jdbc.audit - 165. Connection.close() returned 
</system-out>
  </testcase>
  <testcase classname="com.pro.alarm.service.TestSrchJobSch" name="test1206_srchJobSch_orderBySetTm" time="0.062">
    <failure message="조회를 실패하였습니다. expected:&lt;1&gt; but was:&lt;3&gt;" type="java.lang.AssertionError">java.lang.AssertionError: 조회를 실패하였습니다. expected:&lt;1&gt; but was:&lt;3&gt;
	at org.junit.Assert.fail(Assert.java:88)
	at org.junit.Assert.failNotEquals(Assert.java:834)
	at org.junit.Assert.assertEquals(Assert.java:645)
	at com.pro.alarm.service.TestSrchJobSch.test1206_srchJobSch_orderBySetTm(TestSrchJobSch.java:138)
	at sun.reflect.NativeMethodAccessorImpl.invoke0(Native Method)
	at sun.reflect.NativeMethodAccessorImpl.invoke(NativeMethodAccessorImpl.java:62)
	at sun.reflect.DelegatingMethodAccessorImpl.invoke(DelegatingMethodAccessorImpl.java:43)
	at java.lang.reflect.Method.invoke(Method.java:497)
	at org.junit.runners.model.FrameworkMethod$1.runReflectiveCall(FrameworkMethod.java:50)
	at org.junit.internal.runners.model.ReflectiveCallable.run(ReflectiveCallable.java:12)
	at org.junit.runners.model.FrameworkMethod.invokeExplosively(FrameworkMethod.java:47)
	at org.junit.internal.runners.statements.InvokeMethod.evaluate(InvokeMethod.java:17)
	at org.springframework.test.context.junit4.statements.RunBeforeTestMethodCallbacks.evaluate(RunBeforeTestMethodCallbacks.java:75)
	at org.springframework.test.context.junit4.statements.RunAfterTestMethodCallbacks.evaluate(RunAfterTestMethodCallbacks.java:86)
	at org.junit.rules.ExpectedException$ExpectedExceptionStatement.evaluate(ExpectedException.java:239)
	at org.junit.rules.RunRules.evaluate(RunRules.java:20)
	at org.springframework.test.context.junit4.statements.SpringRepeat.evaluate(SpringRepeat.java:84)
	at org.junit.runners.ParentRunner.runLeaf(ParentRunner.java:325)
	at org.springframework.test.context.junit4.SpringJUnit4ClassRunner.runChild(SpringJUnit4ClassRunner.java:252)
	at org.springframework.test.context.junit4.SpringJUnit4ClassRunner.runChild(SpringJUnit4ClassRunner.java:94)
	at org.junit.runners.ParentRunner$3.run(ParentRunner.java:290)
	at org.junit.runners.ParentRunner$1.schedule(ParentRunner.java:71)
	at org.junit.runners.ParentRunner.runChildren(ParentRunner.java:288)
	at org.junit.runners.ParentRunner.access$000(ParentRunner.java:58)
	at org.junit.runners.ParentRunner$2.evaluate(ParentRunner.java:268)
	at org.springframework.test.context.junit4.statements.RunBeforeTestClassCallbacks.evaluate(RunBeforeTestClassCallbacks.java:61)
	at org.springframework.test.context.junit4.statements.RunAfterTestClassCallbacks.evaluate(RunAfterTestClassCallbacks.java:70)
	at org.junit.runners.ParentRunner.run(ParentRunner.java:363)
	at org.springframework.test.context.junit4.SpringJUnit4ClassRunner.run(SpringJUnit4ClassRunner.java:191)
	at org.junit.runners.Suite.runChild(Suite.java:128)
	at org.junit.runners.Suite.runChild(Suite.java:27)
	at org.junit.runners.ParentRunner$3.run(ParentRunner.java:290)
	at org.junit.runners.ParentRunner$1.schedule(ParentRunner.java:71)
	at org.junit.runners.ParentRunner.runChildren(ParentRunner.java:288)
	at org.junit.runners.ParentRunner.access$000(ParentRunner.java:58)
	at org.junit.runners.ParentRunner$2.evaluate(ParentRunner.java:268)
	at org.junit.runners.ParentRunner.run(ParentRunner.java:363)
	at org.junit.runners.Suite.runChild(Suite.java:128)
	at org.junit.runners.Suite.runChild(Suite.java:27)
	at org.junit.runners.ParentRunner$3.run(ParentRunner.java:290)
	at org.junit.runners.ParentRunner$1.schedule(ParentRunner.java:71)
	at org.junit.runners.ParentRunner.runChildren(ParentRunner.java:288)
	at org.junit.runners.ParentRunner.access$000(ParentRunner.java:58)
	at org.junit.runners.ParentRunner$2.evaluate(ParentRunner.java:268)
	at org.junit.runners.ParentRunner.run(ParentRunner.java:363)
	at org.apache.maven.surefire.junit4.JUnit4Provider.execute(JUnit4Provider.java:252)
	at org.apache.maven.surefire.junit4.JUnit4Provider.executeTestSet(JUnit4Provider.java:141)
	at org.apache.maven.surefire.junit4.JUnit4Provider.invoke(JUnit4Provider.java:112)
	at sun.reflect.NativeMethodAccessorImpl.invoke0(Native Method)
	at sun.reflect.NativeMethodAccessorImpl.invoke(NativeMethodAccessorImpl.java:62)
	at sun.reflect.DelegatingMethodAccessorImpl.invoke(DelegatingMethodAccessorImpl.java:43)
	at java.lang.reflect.Method.invoke(Method.java:497)
	at org.apache.maven.surefire.util.ReflectionUtils.invokeMethodWithArray(ReflectionUtils.java:189)
	at org.apache.maven.surefire.booter.ProviderFactory$ProviderProxy.invoke(ProviderFactory.java:165)
	at org.apache.maven.surefire.booter.ProviderFactory.invokeProvider(ProviderFactory.java:85)
	at org.apache.maven.surefire.booter.ForkedBooter.runSuitesInProcess(ForkedBooter.java:115)
	at org.apache.maven.surefire.booter.ForkedBooter.main(ForkedBooter.java:75)
</failure>
    <system-out>INFO : jdbc.connection - 166. Connection opened
INFO : jdbc.audit - 166. Connection.new Connection returned 
INFO : jdbc.audit - 166. Connection.getAutoCommit() returned true
INFO : jdbc.audit - 166. PreparedStatement.new PreparedStatement returned 
INFO : jdbc.audit - 166. Connection.prepareStatement(SELECT 	NVL(MAX(SQNO),0) + 1 AS SQNO 
		FROM 	TS001_JOB_SCH 
		WHERE 	DEVER_ID	= ?
		AND		CUST_ID		= ?) returned net.sf.log4jdbc.sql.jdbcapi.PreparedStatementSpy@1f37443
INFO : jdbc.audit - 166. PreparedStatement.setString(1, &quot;testDever&quot;) returned 
INFO : jdbc.audit - 166. PreparedStatement.setString(2, &quot;testCust&quot;) returned 
INFO : jdbc.sqlonly - SELECT NVL(MAX(SQNO),0) + 1 AS SQNO FROM TS001_JOB_SCH WHERE DEVER_ID = &apos;testDever&apos; AND CUST_ID 
= &apos;testCust&apos; 

INFO : jdbc.sqltiming - SELECT NVL(MAX(SQNO),0) + 1 AS SQNO FROM TS001_JOB_SCH WHERE DEVER_ID = &apos;testDever&apos; AND CUST_ID 
= &apos;testCust&apos; 
 {executed in 0 msec}
INFO : jdbc.audit - 166. PreparedStatement.execute() returned true
INFO : jdbc.resultset - 166. ResultSet.new ResultSet returned 
INFO : jdbc.audit - 166. PreparedStatement.getResultSet() returned net.sf.log4jdbc.sql.jdbcapi.ResultSetSpy@1cc8228
INFO : jdbc.resultset - 166. ResultSet.getMetaData() returned oracle.jdbc.driver.OracleResultSetMetaData@1093491
INFO : jdbc.resultset - 166. ResultSet.getType() returned 1003
INFO : jdbc.resultset - 166. ResultSet.next() returned true
INFO : jdbc.resultset - 166. ResultSet.getInt(SQNO) returned 3
INFO : jdbc.resultset - 166. ResultSet.wasNull() returned false
INFO : jdbc.resultsettable - 
|-----|
|sqno |
|-----|
|3    |
|-----|

INFO : jdbc.resultset - 166. ResultSet.next() returned false
INFO : jdbc.resultset - 166. ResultSet.close() returned void
INFO : jdbc.audit - 166. PreparedStatement.getConnection() returned net.sf.log4jdbc.sql.jdbcapi.ConnectionSpy@1719a0
INFO : jdbc.audit - 166. Connection.getMetaData() returned oracle.jdbc.driver.OracleDatabaseMetaData@b224cd
INFO : jdbc.audit - 166. PreparedStatement.close() returned 
INFO : jdbc.audit - 166. PreparedStatement.new PreparedStatement returned 
INFO : jdbc.audit - 166. Connection.prepareStatement(INSERT INTO	TS001_JOB_SCH(
							  DEVER_ID 	   /*������ID	*/
							, CUST_ID	   /*��ID  */
							, SQNO		   /*�Ϸù�ȣ  */
							, SET_TM	   /*�����ð�  */
							, JOB_CD	   /*�۾��ڵ�  */
							, CHK_YN	   /*Ȯ�ο���  */
							, LST_CHK_TS   /*����Ȯ���Ͻ�*/
							 
							 
							 
							, DEL_YN	   /*��������  */
							, PC_TS		   /*ó���Ͻ�  */
							, FST_PC_TS	   /*����ó���Ͻ�*/
							, LUPD_CNT	   /*���������� */
							)
					VALUES(
							  ?
							, ?
							, ?
							, TO_TIMESTAMP(?,&apos;YYYYMMDD HH24MI&apos;)
							, ?
							, &apos;N&apos;
							, TO_TIMESTAMP(&apos;00010101 000000.000000&apos;,&apos;YYYYMMDD HH24MISS.FF6&apos;)
							 
							 
							 
							, &apos;N&apos;
							, SYSTIMESTAMP
							, SYSTIMESTAMP
							, 1
							)) returned net.sf.log4jdbc.sql.jdbcapi.PreparedStatementSpy@1ee25f1
INFO : jdbc.audit - 166. PreparedStatement.setString(1, &quot;testDever&quot;) returned 
INFO : jdbc.audit - 166. PreparedStatement.setString(2, &quot;testCust&quot;) returned 
INFO : jdbc.audit - 166. PreparedStatement.setInt(3, 3) returned 
INFO : jdbc.audit - 166. PreparedStatement.setString(4, &quot;00010101 0000&quot;) returned 
INFO : jdbc.audit - 166. PreparedStatement.setString(5, &quot;testJobCd&quot;) returned 
INFO : jdbc.sqlonly - INSERT INTO TS001_JOB_SCH( DEVER_ID /*������ID */ , CUST_ID /*��ID */ , SQNO /*�Ϸù�ȣ */ , SET_TM 
/*�����ð� */ , JOB_CD /*�۾��ڵ� */ , CHK_YN /*Ȯ�ο��� */ , LST_CHK_TS /*����Ȯ���Ͻ�*/ , DEL_YN /*�������� */ 
, PC_TS /*ó���Ͻ� */ , FST_PC_TS /*����ó���Ͻ�*/ , LUPD_CNT /*���������� */ ) VALUES( &apos;testDever&apos; , &apos;testCust&apos; 
, 3 , TO_TIMESTAMP(&apos;00010101 0000&apos;,&apos;YYYYMMDD HH24MI&apos;) , &apos;testJobCd&apos; , &apos;N&apos; , TO_TIMESTAMP(&apos;00010101 
000000.000000&apos;,&apos;YYYYMMDD HH24MISS.FF6&apos;) , &apos;N&apos; , SYSTIMESTAMP , SYSTIMESTAMP , 1 ) 

INFO : jdbc.sqltiming - INSERT INTO TS001_JOB_SCH( DEVER_ID /*������ID */ , CUST_ID /*��ID */ , SQNO /*�Ϸù�ȣ */ , SET_TM 
/*�����ð� */ , JOB_CD /*�۾��ڵ� */ , CHK_YN /*Ȯ�ο��� */ , LST_CHK_TS /*����Ȯ���Ͻ�*/ , DEL_YN /*�������� */ 
, PC_TS /*ó���Ͻ� */ , FST_PC_TS /*����ó���Ͻ�*/ , LUPD_CNT /*���������� */ ) VALUES( &apos;testDever&apos; , &apos;testCust&apos; 
, 3 , TO_TIMESTAMP(&apos;00010101 0000&apos;,&apos;YYYYMMDD HH24MI&apos;) , &apos;testJobCd&apos; , &apos;N&apos; , TO_TIMESTAMP(&apos;00010101 
000000.000000&apos;,&apos;YYYYMMDD HH24MISS.FF6&apos;) , &apos;N&apos; , SYSTIMESTAMP , SYSTIMESTAMP , 1 ) 
 {executed in 0 msec}
INFO : jdbc.audit - 166. PreparedStatement.execute() returned false
INFO : jdbc.audit - 166. PreparedStatement.getUpdateCount() returned 1
INFO : jdbc.audit - 166. PreparedStatement.close() returned 
INFO : jdbc.connection - 166. Connection closed
INFO : jdbc.audit - 166. Connection.close() returned 
INFO : jdbc.connection - 167. Connection opened
INFO : jdbc.audit - 167. Connection.new Connection returned 
INFO : jdbc.audit - 167. Connection.getAutoCommit() returned true
INFO : jdbc.audit - 167. Connection.setAutoCommit(false) returned 
INFO : org.springframework.test.context.transaction.TransactionContext - Began transaction (1) for test context [DefaultTestContext@ff6077 testClass = TestSrchJobSch, testInstance = com.pro.alarm.service.TestSrchJobSch@1b9e423, testMethod = test1206_srchJobSch_orderBySetTm@TestSrchJobSch, testException = [null], mergedContextConfiguration = [MergedContextConfiguration@41713e testClass = TestSrchJobSch, locations = &apos;{classpath:test-context.xml}&apos;, classes = &apos;{}&apos;, contextInitializerClasses = &apos;[]&apos;, activeProfiles = &apos;{}&apos;, propertySourceLocations = &apos;{}&apos;, propertySourceProperties = &apos;{}&apos;, contextCustomizers = set[[empty]], contextLoader = &apos;org.springframework.test.context.support.DelegatingSmartContextLoader&apos;, parent = [null]]]; transaction manager [org.springframework.jdbc.datasource.DataSourceTransactionManager@bfb884]; rollback [true]
INFO : jdbc.audit - 167. Connection.getAutoCommit() returned false
INFO : jdbc.audit - 167. PreparedStatement.new PreparedStatement returned 
INFO : jdbc.audit - 167. Connection.prepareStatement(SELECT 	  DEVER_ID 	   												/*������ID*/
				, CUST_ID	  							 					/*��ID  */
				, SQNO		   												/*�Ϸù�ȣ  */
				, TO_CHAR(SET_TM,&apos;HH24MISS&apos;) AS SET_TM	   					/*�����ð�  */
				, JOB_CD	   												/*�۾��ڵ�  */
				, CHK_YN	   												/*Ȯ�ο���  */
				, TO_CHAR(LST_CHK_TS,&apos;YYYYMMDD HH24MISS.FF6&apos;) AS LST_CHK_TS /*����Ȯ���Ͻ�*/
				, WK_ITV_RULE                                               /*�ְ���Ģ*/
				, ST_MTH                                                    /*���ۿ�*/
				, ED_MTH                                                    /*�����*/
				, DEL_YN	   												/*��������  */
				, TO_CHAR(FST_PC_TS,&apos;YYYYMMDD HH24MISS.FF6&apos;) AS FST_PC_TS	/*����ó���Ͻ�*/
				, TO_CHAR(PC_TS,&apos;YYYYMMDD HH24MISS.FF6&apos;) AS PC_TS			/*ó���Ͻ�*/
				, LUPD_CNT	   												/*���������� */
		FROM	TS001_JOB_SCH
		WHERE	DEVER_ID 	= ?
		 
		 
		AND		PC_TS BETWEEN TO_TIMESTAMP(?,&apos;YYYYMMDD&apos;) AND TO_TIMESTAMP(?,&apos;YYYYMMDD&apos;)
		 
		 
		 
		ORDER BY
		 SET_TM 
		  ASC) returned net.sf.log4jdbc.sql.jdbcapi.PreparedStatementSpy@8d5c00
INFO : jdbc.audit - 167. PreparedStatement.setString(1, &quot;testDever&quot;) returned 
INFO : jdbc.audit - 167. PreparedStatement.setString(2, &quot;20180519&quot;) returned 
INFO : jdbc.audit - 167. PreparedStatement.setString(3, &quot;20180521&quot;) returned 
INFO : jdbc.sqlonly - SELECT DEVER_ID /*������ID*/ , CUST_ID /*��ID */ , SQNO /*�Ϸù�ȣ */ , TO_CHAR(SET_TM,&apos;HH24MISS&apos;) 
AS SET_TM /*�����ð� */ , JOB_CD /*�۾��ڵ� */ , CHK_YN /*Ȯ�ο��� */ , TO_CHAR(LST_CHK_TS,&apos;YYYYMMDD HH24MISS.FF6&apos;) 
AS LST_CHK_TS /*����Ȯ���Ͻ�*/ , WK_ITV_RULE /*�ְ���Ģ*/ , ST_MTH /*���ۿ�*/ , ED_MTH /*�����*/ , DEL_YN 
/*�������� */ , TO_CHAR(FST_PC_TS,&apos;YYYYMMDD HH24MISS.FF6&apos;) AS FST_PC_TS /*����ó���Ͻ�*/ , TO_CHAR(PC_TS,&apos;YYYYMMDD 
HH24MISS.FF6&apos;) AS PC_TS /*ó���Ͻ�*/ , LUPD_CNT /*���������� */ FROM TS001_JOB_SCH WHERE DEVER_ID = 
&apos;testDever&apos; AND PC_TS BETWEEN TO_TIMESTAMP(&apos;20180519&apos;,&apos;YYYYMMDD&apos;) AND TO_TIMESTAMP(&apos;20180521&apos;,&apos;YYYYMMDD&apos;) 
ORDER BY SET_TM ASC 

INFO : jdbc.sqltiming - SELECT DEVER_ID /*������ID*/ , CUST_ID /*��ID */ , SQNO /*�Ϸù�ȣ */ , TO_CHAR(SET_TM,&apos;HH24MISS&apos;) 
AS SET_TM /*�����ð� */ , JOB_CD /*�۾��ڵ� */ , CHK_YN /*Ȯ�ο��� */ , TO_CHAR(LST_CHK_TS,&apos;YYYYMMDD HH24MISS.FF6&apos;) 
AS LST_CHK_TS /*����Ȯ���Ͻ�*/ , WK_ITV_RULE /*�ְ���Ģ*/ , ST_MTH /*���ۿ�*/ , ED_MTH /*�����*/ , DEL_YN 
/*�������� */ , TO_CHAR(FST_PC_TS,&apos;YYYYMMDD HH24MISS.FF6&apos;) AS FST_PC_TS /*����ó���Ͻ�*/ , TO_CHAR(PC_TS,&apos;YYYYMMDD 
HH24MISS.FF6&apos;) AS PC_TS /*ó���Ͻ�*/ , LUPD_CNT /*���������� */ FROM TS001_JOB_SCH WHERE DEVER_ID = 
&apos;testDever&apos; AND PC_TS BETWEEN TO_TIMESTAMP(&apos;20180519&apos;,&apos;YYYYMMDD&apos;) AND TO_TIMESTAMP(&apos;20180521&apos;,&apos;YYYYMMDD&apos;) 
ORDER BY SET_TM ASC 
 {executed in 0 msec}
INFO : jdbc.audit - 167. PreparedStatement.execute() returned true
INFO : jdbc.resultset - 167. ResultSet.new ResultSet returned 
INFO : jdbc.audit - 167. PreparedStatement.getResultSet() returned net.sf.log4jdbc.sql.jdbcapi.ResultSetSpy@a160c2
INFO : jdbc.resultset - 167. ResultSet.getMetaData() returned oracle.jdbc.driver.OracleResultSetMetaData@a10649
INFO : jdbc.resultset - 167. ResultSet.getType() returned 1003
INFO : jdbc.resultset - 167. ResultSet.next() returned true
INFO : jdbc.resultset - 167. ResultSet.getString(DEVER_ID) returned testDever
INFO : jdbc.resultset - 167. ResultSet.wasNull() returned false
INFO : jdbc.resultset - 167. ResultSet.getString(CUST_ID) returned testCust
INFO : jdbc.resultset - 167. ResultSet.wasNull() returned false
INFO : jdbc.resultset - 167. ResultSet.getInt(SQNO) returned 1
INFO : jdbc.resultset - 167. ResultSet.wasNull() returned false
INFO : jdbc.resultset - 167. ResultSet.getString(SET_TM) returned 000000
INFO : jdbc.resultset - 167. ResultSet.wasNull() returned false
INFO : jdbc.resultset - 167. ResultSet.getString(JOB_CD) returned testJobCd
INFO : jdbc.resultset - 167. ResultSet.wasNull() returned false
INFO : jdbc.resultset - 167. ResultSet.getString(CHK_YN) returned N
INFO : jdbc.resultset - 167. ResultSet.wasNull() returned false
INFO : jdbc.resultset - 167. ResultSet.getString(LST_CHK_TS) returned 00010101 000000.000000
INFO : jdbc.resultset - 167. ResultSet.wasNull() returned false
INFO : jdbc.resultset - 167. ResultSet.getString(WK_ITV_RULE) returned 1111100
INFO : jdbc.resultset - 167. ResultSet.wasNull() returned false
INFO : jdbc.resultset - 167. ResultSet.getString(ST_MTH) returned 01
INFO : jdbc.resultset - 167. ResultSet.wasNull() returned false
INFO : jdbc.resultset - 167. ResultSet.getString(ED_MTH) returned 12
INFO : jdbc.resultset - 167. ResultSet.wasNull() returned false
INFO : jdbc.resultset - 167. ResultSet.getString(DEL_YN) returned N
INFO : jdbc.resultset - 167. ResultSet.wasNull() returned false
INFO : jdbc.resultset - 167. ResultSet.getString(FST_PC_TS) returned 20180520 051429.333000
INFO : jdbc.resultset - 167. ResultSet.wasNull() returned false
INFO : jdbc.resultset - 167. ResultSet.getString(PC_TS) returned 20180520 051429.333000
INFO : jdbc.resultset - 167. ResultSet.wasNull() returned false
INFO : jdbc.resultset - 167. ResultSet.getInt(LUPD_CNT) returned 1
INFO : jdbc.resultset - 167. ResultSet.wasNull() returned false
INFO : jdbc.resultset - 167. ResultSet.next() returned true
INFO : jdbc.resultset - 167. ResultSet.getString(DEVER_ID) returned testDever
INFO : jdbc.resultset - 167. ResultSet.wasNull() returned false
INFO : jdbc.resultset - 167. ResultSet.getString(CUST_ID) returned testCust
INFO : jdbc.resultset - 167. ResultSet.wasNull() returned false
INFO : jdbc.resultset - 167. ResultSet.getInt(SQNO) returned 3
INFO : jdbc.resultset - 167. ResultSet.wasNull() returned false
INFO : jdbc.resultset - 167. ResultSet.getString(SET_TM) returned 000000
INFO : jdbc.resultset - 167. ResultSet.wasNull() returned false
INFO : jdbc.resultset - 167. ResultSet.getString(JOB_CD) returned testJobCd
INFO : jdbc.resultset - 167. ResultSet.wasNull() returned false
INFO : jdbc.resultset - 167. ResultSet.getString(CHK_YN) returned N
INFO : jdbc.resultset - 167. ResultSet.wasNull() returned false
INFO : jdbc.resultset - 167. ResultSet.getString(LST_CHK_TS) returned 00010101 000000.000000
INFO : jdbc.resultset - 167. ResultSet.wasNull() returned false
INFO : jdbc.resultset - 167. ResultSet.getString(WK_ITV_RULE) returned 1111100
INFO : jdbc.resultset - 167. ResultSet.wasNull() returned false
INFO : jdbc.resultset - 167. ResultSet.getString(ST_MTH) returned 01
INFO : jdbc.resultset - 167. ResultSet.wasNull() returned false
INFO : jdbc.resultset - 167. ResultSet.getString(ED_MTH) returned 12
INFO : jdbc.resultset - 167. ResultSet.wasNull() returned false
INFO : jdbc.resultset - 167. ResultSet.getString(DEL_YN) returned N
INFO : jdbc.resultset - 167. ResultSet.wasNull() returned false
INFO : jdbc.resultset - 167. ResultSet.getString(FST_PC_TS) returned 20180520 051826.022000
INFO : jdbc.resultset - 167. ResultSet.wasNull() returned false
INFO : jdbc.resultset - 167. ResultSet.getString(PC_TS) returned 20180520 051826.022000
INFO : jdbc.resultset - 167. ResultSet.wasNull() returned false
INFO : jdbc.resultset - 167. ResultSet.getInt(LUPD_CNT) returned 1
INFO : jdbc.resultset - 167. ResultSet.wasNull() returned false
INFO : jdbc.resultset - 167. ResultSet.next() returned true
INFO : jdbc.resultset - 167. ResultSet.getString(DEVER_ID) returned testDever
INFO : jdbc.resultset - 167. ResultSet.wasNull() returned false
INFO : jdbc.resultset - 167. ResultSet.getString(CUST_ID) returned testCust
INFO : jdbc.resultset - 167. ResultSet.wasNull() returned false
INFO : jdbc.resultset - 167. ResultSet.getInt(SQNO) returned 2
INFO : jdbc.resultset - 167. ResultSet.wasNull() returned false
INFO : jdbc.resultset - 167. ResultSet.getString(SET_TM) returned 000000
INFO : jdbc.resultset - 167. ResultSet.wasNull() returned false
INFO : jdbc.resultset - 167. ResultSet.getString(JOB_CD) returned testJobCd
INFO : jdbc.resultset - 167. ResultSet.wasNull() returned false
INFO : jdbc.resultset - 167. ResultSet.getString(CHK_YN) returned N
INFO : jdbc.resultset - 167. ResultSet.wasNull() returned false
INFO : jdbc.resultset - 167. ResultSet.getString(LST_CHK_TS) returned 00010101 000000.000000
INFO : jdbc.resultset - 167. ResultSet.wasNull() returned false
INFO : jdbc.resultset - 167. ResultSet.getString(WK_ITV_RULE) returned 1111100
INFO : jdbc.resultset - 167. ResultSet.wasNull() returned false
INFO : jdbc.resultset - 167. ResultSet.getString(ST_MTH) returned 01
INFO : jdbc.resultset - 167. ResultSet.wasNull() returned false
INFO : jdbc.resultset - 167. ResultSet.getString(ED_MTH) returned 12
INFO : jdbc.resultset - 167. ResultSet.wasNull() returned false
INFO : jdbc.resultset - 167. ResultSet.getString(DEL_YN) returned N
INFO : jdbc.resultset - 167. ResultSet.wasNull() returned false
INFO : jdbc.resultset - 167. ResultSet.getString(FST_PC_TS) returned 20180520 051823.372000
INFO : jdbc.resultset - 167. ResultSet.wasNull() returned false
INFO : jdbc.resultset - 167. ResultSet.getString(PC_TS) returned 20180520 051823.372000
INFO : jdbc.resultset - 167. ResultSet.wasNull() returned false
INFO : jdbc.resultset - 167. ResultSet.getInt(LUPD_CNT) returned 1
INFO : jdbc.resultset - 167. ResultSet.wasNull() returned false
INFO : jdbc.resultsettable - 
|----------|---------|-----|-------|----------|-------|-----------------------|------------|-------|-------|-------|-----------------------|-----------------------|---------|
|dever_id  |cust_id  |sqno |set_tm |job_cd    |chk_yn |lst_chk_ts             |wk_itv_rule |st_mth |ed_mth |del_yn |fst_pc_ts              |pc_ts                  |lupd_cnt |
|----------|---------|-----|-------|----------|-------|-----------------------|------------|-------|-------|-------|-----------------------|-----------------------|---------|
|testDever |testCust |1    |000000 |testJobCd |N      |00010101 000000.000000 |1111100     |01     |12     |N      |20180520 051429.333000 |20180520 051429.333000 |1        |
|testDever |testCust |3    |000000 |testJobCd |N      |00010101 000000.000000 |1111100     |01     |12     |N      |20180520 051826.022000 |20180520 051826.022000 |1        |
|testDever |testCust |2    |000000 |testJobCd |N      |00010101 000000.000000 |1111100     |01     |12     |N      |20180520 051823.372000 |20180520 051823.372000 |1        |
|----------|---------|-----|-------|----------|-------|-----------------------|------------|-------|-------|-------|-----------------------|-----------------------|---------|

INFO : jdbc.resultset - 167. ResultSet.next() returned false
INFO : jdbc.resultset - 167. ResultSet.close() returned void
INFO : jdbc.audit - 167. PreparedStatement.getConnection() returned net.sf.log4jdbc.sql.jdbcapi.ConnectionSpy@13871d6
INFO : jdbc.audit - 167. Connection.getMetaData() returned oracle.jdbc.driver.OracleDatabaseMetaData@1095ded
INFO : jdbc.audit - 167. PreparedStatement.close() returned 
INFO : jdbc.audit - 167. Connection.rollback() returned 
INFO : jdbc.audit - 167. Connection.setAutoCommit(true) returned 
INFO : jdbc.audit - 167. Connection.isReadOnly() returned false
INFO : jdbc.connection - 167. Connection closed
INFO : jdbc.audit - 167. Connection.close() returned 
INFO : org.springframework.test.context.transaction.TransactionContext - Rolled back transaction for test context [DefaultTestContext@ff6077 testClass = TestSrchJobSch, testInstance = com.pro.alarm.service.TestSrchJobSch@1b9e423, testMethod = test1206_srchJobSch_orderBySetTm@TestSrchJobSch, testException = java.lang.AssertionError: ��ȸ�� �����Ͽ����ϴ�. expected:&lt;1&gt; but was:&lt;3&gt;, mergedContextConfiguration = [MergedContextConfiguration@41713e testClass = TestSrchJobSch, locations = &apos;{classpath:test-context.xml}&apos;, classes = &apos;{}&apos;, contextInitializerClasses = &apos;[]&apos;, activeProfiles = &apos;{}&apos;, propertySourceLocations = &apos;{}&apos;, propertySourceProperties = &apos;{}&apos;, contextCustomizers = set[[empty]], contextLoader = &apos;org.springframework.test.context.support.DelegatingSmartContextLoader&apos;, parent = [null]]].
INFO : jdbc.connection - 168. Connection opened
INFO : jdbc.audit - 168. Connection.new Connection returned 
INFO : jdbc.audit - 168. Connection.getAutoCommit() returned true
INFO : jdbc.audit - 168. PreparedStatement.new PreparedStatement returned 
INFO : jdbc.audit - 168. Connection.prepareStatement(DELETE 
		FROM    TS001_JOB_SCH 
		WHERE   DEVER_ID    = ?
		AND     CUST_ID     = ?
		AND     SQNO        = ?
		AND		LUPD_CNT	= ?) returned net.sf.log4jdbc.sql.jdbcapi.PreparedStatementSpy@a6546f
INFO : jdbc.audit - 168. PreparedStatement.setString(1, &quot;testDever&quot;) returned 
INFO : jdbc.audit - 168. PreparedStatement.setString(2, &quot;testCust&quot;) returned 
INFO : jdbc.audit - 168. PreparedStatement.setInt(3, 3) returned 
INFO : jdbc.audit - 168. PreparedStatement.setInt(4, 1) returned 
INFO : jdbc.sqlonly - DELETE FROM TS001_JOB_SCH WHERE DEVER_ID = &apos;testDever&apos; AND CUST_ID = &apos;testCust&apos; AND SQNO = 
3 AND LUPD_CNT = 1 

INFO : jdbc.sqltiming - DELETE FROM TS001_JOB_SCH WHERE DEVER_ID = &apos;testDever&apos; AND CUST_ID = &apos;testCust&apos; AND SQNO = 
3 AND LUPD_CNT = 1 
 {executed in 0 msec}
INFO : jdbc.audit - 168. PreparedStatement.execute() returned false
INFO : jdbc.audit - 168. PreparedStatement.getUpdateCount() returned 1
INFO : jdbc.audit - 168. PreparedStatement.close() returned 
INFO : jdbc.connection - 168. Connection closed
INFO : jdbc.audit - 168. Connection.close() returned 
</system-out>
  </testcase>
  <testcase classname="com.pro.alarm.service.TestSrchJobSch" name="test1207_srchJobSch_orderByJobCd" time="0.047">
    <failure message="조회를 실패하였습니다. expected:&lt;1&gt; but was:&lt;3&gt;" type="java.lang.AssertionError">java.lang.AssertionError: 조회를 실패하였습니다. expected:&lt;1&gt; but was:&lt;3&gt;
	at org.junit.Assert.fail(Assert.java:88)
	at org.junit.Assert.failNotEquals(Assert.java:834)
	at org.junit.Assert.assertEquals(Assert.java:645)
	at com.pro.alarm.service.TestSrchJobSch.test1207_srchJobSch_orderByJobCd(TestSrchJobSch.java:149)
	at sun.reflect.NativeMethodAccessorImpl.invoke0(Native Method)
	at sun.reflect.NativeMethodAccessorImpl.invoke(NativeMethodAccessorImpl.java:62)
	at sun.reflect.DelegatingMethodAccessorImpl.invoke(DelegatingMethodAccessorImpl.java:43)
	at java.lang.reflect.Method.invoke(Method.java:497)
	at org.junit.runners.model.FrameworkMethod$1.runReflectiveCall(FrameworkMethod.java:50)
	at org.junit.internal.runners.model.ReflectiveCallable.run(ReflectiveCallable.java:12)
	at org.junit.runners.model.FrameworkMethod.invokeExplosively(FrameworkMethod.java:47)
	at org.junit.internal.runners.statements.InvokeMethod.evaluate(InvokeMethod.java:17)
	at org.springframework.test.context.junit4.statements.RunBeforeTestMethodCallbacks.evaluate(RunBeforeTestMethodCallbacks.java:75)
	at org.springframework.test.context.junit4.statements.RunAfterTestMethodCallbacks.evaluate(RunAfterTestMethodCallbacks.java:86)
	at org.junit.rules.ExpectedException$ExpectedExceptionStatement.evaluate(ExpectedException.java:239)
	at org.junit.rules.RunRules.evaluate(RunRules.java:20)
	at org.springframework.test.context.junit4.statements.SpringRepeat.evaluate(SpringRepeat.java:84)
	at org.junit.runners.ParentRunner.runLeaf(ParentRunner.java:325)
	at org.springframework.test.context.junit4.SpringJUnit4ClassRunner.runChild(SpringJUnit4ClassRunner.java:252)
	at org.springframework.test.context.junit4.SpringJUnit4ClassRunner.runChild(SpringJUnit4ClassRunner.java:94)
	at org.junit.runners.ParentRunner$3.run(ParentRunner.java:290)
	at org.junit.runners.ParentRunner$1.schedule(ParentRunner.java:71)
	at org.junit.runners.ParentRunner.runChildren(ParentRunner.java:288)
	at org.junit.runners.ParentRunner.access$000(ParentRunner.java:58)
	at org.junit.runners.ParentRunner$2.evaluate(ParentRunner.java:268)
	at org.springframework.test.context.junit4.statements.RunBeforeTestClassCallbacks.evaluate(RunBeforeTestClassCallbacks.java:61)
	at org.springframework.test.context.junit4.statements.RunAfterTestClassCallbacks.evaluate(RunAfterTestClassCallbacks.java:70)
	at org.junit.runners.ParentRunner.run(ParentRunner.java:363)
	at org.springframework.test.context.junit4.SpringJUnit4ClassRunner.run(SpringJUnit4ClassRunner.java:191)
	at org.junit.runners.Suite.runChild(Suite.java:128)
	at org.junit.runners.Suite.runChild(Suite.java:27)
	at org.junit.runners.ParentRunner$3.run(ParentRunner.java:290)
	at org.junit.runners.ParentRunner$1.schedule(ParentRunner.java:71)
	at org.junit.runners.ParentRunner.runChildren(ParentRunner.java:288)
	at org.junit.runners.ParentRunner.access$000(ParentRunner.java:58)
	at org.junit.runners.ParentRunner$2.evaluate(ParentRunner.java:268)
	at org.junit.runners.ParentRunner.run(ParentRunner.java:363)
	at org.junit.runners.Suite.runChild(Suite.java:128)
	at org.junit.runners.Suite.runChild(Suite.java:27)
	at org.junit.runners.ParentRunner$3.run(ParentRunner.java:290)
	at org.junit.runners.ParentRunner$1.schedule(ParentRunner.java:71)
	at org.junit.runners.ParentRunner.runChildren(ParentRunner.java:288)
	at org.junit.runners.ParentRunner.access$000(ParentRunner.java:58)
	at org.junit.runners.ParentRunner$2.evaluate(ParentRunner.java:268)
	at org.junit.runners.ParentRunner.run(ParentRunner.java:363)
	at org.apache.maven.surefire.junit4.JUnit4Provider.execute(JUnit4Provider.java:252)
	at org.apache.maven.surefire.junit4.JUnit4Provider.executeTestSet(JUnit4Provider.java:141)
	at org.apache.maven.surefire.junit4.JUnit4Provider.invoke(JUnit4Provider.java:112)
	at sun.reflect.NativeMethodAccessorImpl.invoke0(Native Method)
	at sun.reflect.NativeMethodAccessorImpl.invoke(NativeMethodAccessorImpl.java:62)
	at sun.reflect.DelegatingMethodAccessorImpl.invoke(DelegatingMethodAccessorImpl.java:43)
	at java.lang.reflect.Method.invoke(Method.java:497)
	at org.apache.maven.surefire.util.ReflectionUtils.invokeMethodWithArray(ReflectionUtils.java:189)
	at org.apache.maven.surefire.booter.ProviderFactory$ProviderProxy.invoke(ProviderFactory.java:165)
	at org.apache.maven.surefire.booter.ProviderFactory.invokeProvider(ProviderFactory.java:85)
	at org.apache.maven.surefire.booter.ForkedBooter.runSuitesInProcess(ForkedBooter.java:115)
	at org.apache.maven.surefire.booter.ForkedBooter.main(ForkedBooter.java:75)
</failure>
    <system-out>INFO : jdbc.connection - 169. Connection opened
INFO : jdbc.audit - 169. Connection.new Connection returned 
INFO : jdbc.audit - 169. Connection.getAutoCommit() returned true
INFO : jdbc.audit - 169. PreparedStatement.new PreparedStatement returned 
INFO : jdbc.audit - 169. Connection.prepareStatement(SELECT 	NVL(MAX(SQNO),0) + 1 AS SQNO 
		FROM 	TS001_JOB_SCH 
		WHERE 	DEVER_ID	= ?
		AND		CUST_ID		= ?) returned net.sf.log4jdbc.sql.jdbcapi.PreparedStatementSpy@163d445
INFO : jdbc.audit - 169. PreparedStatement.setString(1, &quot;testDever&quot;) returned 
INFO : jdbc.audit - 169. PreparedStatement.setString(2, &quot;testCust&quot;) returned 
INFO : jdbc.sqlonly - SELECT NVL(MAX(SQNO),0) + 1 AS SQNO FROM TS001_JOB_SCH WHERE DEVER_ID = &apos;testDever&apos; AND CUST_ID 
= &apos;testCust&apos; 

INFO : jdbc.sqltiming - SELECT NVL(MAX(SQNO),0) + 1 AS SQNO FROM TS001_JOB_SCH WHERE DEVER_ID = &apos;testDever&apos; AND CUST_ID 
= &apos;testCust&apos; 
 {executed in 0 msec}
INFO : jdbc.audit - 169. PreparedStatement.execute() returned true
INFO : jdbc.resultset - 169. ResultSet.new ResultSet returned 
INFO : jdbc.audit - 169. PreparedStatement.getResultSet() returned net.sf.log4jdbc.sql.jdbcapi.ResultSetSpy@178e06a
INFO : jdbc.resultset - 169. ResultSet.getMetaData() returned oracle.jdbc.driver.OracleResultSetMetaData@b2b76f
INFO : jdbc.resultset - 169. ResultSet.getType() returned 1003
INFO : jdbc.resultset - 169. ResultSet.next() returned true
INFO : jdbc.resultset - 169. ResultSet.getInt(SQNO) returned 3
INFO : jdbc.resultset - 169. ResultSet.wasNull() returned false
INFO : jdbc.resultsettable - 
|-----|
|sqno |
|-----|
|3    |
|-----|

INFO : jdbc.resultset - 169. ResultSet.next() returned false
INFO : jdbc.resultset - 169. ResultSet.close() returned void
INFO : jdbc.audit - 169. PreparedStatement.getConnection() returned net.sf.log4jdbc.sql.jdbcapi.ConnectionSpy@da52a7
INFO : jdbc.audit - 169. Connection.getMetaData() returned oracle.jdbc.driver.OracleDatabaseMetaData@1ee75c5
INFO : jdbc.audit - 169. PreparedStatement.close() returned 
INFO : jdbc.audit - 169. PreparedStatement.new PreparedStatement returned 
INFO : jdbc.audit - 169. Connection.prepareStatement(INSERT INTO	TS001_JOB_SCH(
							  DEVER_ID 	   /*������ID	*/
							, CUST_ID	   /*��ID  */
							, SQNO		   /*�Ϸù�ȣ  */
							, SET_TM	   /*�����ð�  */
							, JOB_CD	   /*�۾��ڵ�  */
							, CHK_YN	   /*Ȯ�ο���  */
							, LST_CHK_TS   /*����Ȯ���Ͻ�*/
							 
							 
							 
							, DEL_YN	   /*��������  */
							, PC_TS		   /*ó���Ͻ�  */
							, FST_PC_TS	   /*����ó���Ͻ�*/
							, LUPD_CNT	   /*���������� */
							)
					VALUES(
							  ?
							, ?
							, ?
							, TO_TIMESTAMP(?,&apos;YYYYMMDD HH24MI&apos;)
							, ?
							, &apos;N&apos;
							, TO_TIMESTAMP(&apos;00010101 000000.000000&apos;,&apos;YYYYMMDD HH24MISS.FF6&apos;)
							 
							 
							 
							, &apos;N&apos;
							, SYSTIMESTAMP
							, SYSTIMESTAMP
							, 1
							)) returned net.sf.log4jdbc.sql.jdbcapi.PreparedStatementSpy@1a7ba62
INFO : jdbc.audit - 169. PreparedStatement.setString(1, &quot;testDever&quot;) returned 
INFO : jdbc.audit - 169. PreparedStatement.setString(2, &quot;testCust&quot;) returned 
INFO : jdbc.audit - 169. PreparedStatement.setInt(3, 3) returned 
INFO : jdbc.audit - 169. PreparedStatement.setString(4, &quot;00010101 0000&quot;) returned 
INFO : jdbc.audit - 169. PreparedStatement.setString(5, &quot;testJobCd&quot;) returned 
INFO : jdbc.sqlonly - INSERT INTO TS001_JOB_SCH( DEVER_ID /*������ID */ , CUST_ID /*��ID */ , SQNO /*�Ϸù�ȣ */ , SET_TM 
/*�����ð� */ , JOB_CD /*�۾��ڵ� */ , CHK_YN /*Ȯ�ο��� */ , LST_CHK_TS /*����Ȯ���Ͻ�*/ , DEL_YN /*�������� */ 
, PC_TS /*ó���Ͻ� */ , FST_PC_TS /*����ó���Ͻ�*/ , LUPD_CNT /*���������� */ ) VALUES( &apos;testDever&apos; , &apos;testCust&apos; 
, 3 , TO_TIMESTAMP(&apos;00010101 0000&apos;,&apos;YYYYMMDD HH24MI&apos;) , &apos;testJobCd&apos; , &apos;N&apos; , TO_TIMESTAMP(&apos;00010101 
000000.000000&apos;,&apos;YYYYMMDD HH24MISS.FF6&apos;) , &apos;N&apos; , SYSTIMESTAMP , SYSTIMESTAMP , 1 ) 

INFO : jdbc.sqltiming - INSERT INTO TS001_JOB_SCH( DEVER_ID /*������ID */ , CUST_ID /*��ID */ , SQNO /*�Ϸù�ȣ */ , SET_TM 
/*�����ð� */ , JOB_CD /*�۾��ڵ� */ , CHK_YN /*Ȯ�ο��� */ , LST_CHK_TS /*����Ȯ���Ͻ�*/ , DEL_YN /*�������� */ 
, PC_TS /*ó���Ͻ� */ , FST_PC_TS /*����ó���Ͻ�*/ , LUPD_CNT /*���������� */ ) VALUES( &apos;testDever&apos; , &apos;testCust&apos; 
, 3 , TO_TIMESTAMP(&apos;00010101 0000&apos;,&apos;YYYYMMDD HH24MI&apos;) , &apos;testJobCd&apos; , &apos;N&apos; , TO_TIMESTAMP(&apos;00010101 
000000.000000&apos;,&apos;YYYYMMDD HH24MISS.FF6&apos;) , &apos;N&apos; , SYSTIMESTAMP , SYSTIMESTAMP , 1 ) 
 {executed in 0 msec}
INFO : jdbc.audit - 169. PreparedStatement.execute() returned false
INFO : jdbc.audit - 169. PreparedStatement.getUpdateCount() returned 1
INFO : jdbc.audit - 169. PreparedStatement.close() returned 
INFO : jdbc.connection - 169. Connection closed
INFO : jdbc.audit - 169. Connection.close() returned 
INFO : jdbc.connection - 170. Connection opened
INFO : jdbc.audit - 170. Connection.new Connection returned 
INFO : jdbc.audit - 170. Connection.getAutoCommit() returned true
INFO : jdbc.audit - 170. Connection.setAutoCommit(false) returned 
INFO : org.springframework.test.context.transaction.TransactionContext - Began transaction (1) for test context [DefaultTestContext@ff6077 testClass = TestSrchJobSch, testInstance = com.pro.alarm.service.TestSrchJobSch@404dba, testMethod = test1207_srchJobSch_orderByJobCd@TestSrchJobSch, testException = [null], mergedContextConfiguration = [MergedContextConfiguration@41713e testClass = TestSrchJobSch, locations = &apos;{classpath:test-context.xml}&apos;, classes = &apos;{}&apos;, contextInitializerClasses = &apos;[]&apos;, activeProfiles = &apos;{}&apos;, propertySourceLocations = &apos;{}&apos;, propertySourceProperties = &apos;{}&apos;, contextCustomizers = set[[empty]], contextLoader = &apos;org.springframework.test.context.support.DelegatingSmartContextLoader&apos;, parent = [null]]]; transaction manager [org.springframework.jdbc.datasource.DataSourceTransactionManager@bfb884]; rollback [true]
INFO : jdbc.audit - 170. Connection.getAutoCommit() returned false
INFO : jdbc.audit - 170. PreparedStatement.new PreparedStatement returned 
INFO : jdbc.audit - 170. Connection.prepareStatement(SELECT 	  DEVER_ID 	   												/*������ID*/
				, CUST_ID	  							 					/*��ID  */
				, SQNO		   												/*�Ϸù�ȣ  */
				, TO_CHAR(SET_TM,&apos;HH24MISS&apos;) AS SET_TM	   					/*�����ð�  */
				, JOB_CD	   												/*�۾��ڵ�  */
				, CHK_YN	   												/*Ȯ�ο���  */
				, TO_CHAR(LST_CHK_TS,&apos;YYYYMMDD HH24MISS.FF6&apos;) AS LST_CHK_TS /*����Ȯ���Ͻ�*/
				, WK_ITV_RULE                                               /*�ְ���Ģ*/
				, ST_MTH                                                    /*���ۿ�*/
				, ED_MTH                                                    /*�����*/
				, DEL_YN	   												/*��������  */
				, TO_CHAR(FST_PC_TS,&apos;YYYYMMDD HH24MISS.FF6&apos;) AS FST_PC_TS	/*����ó���Ͻ�*/
				, TO_CHAR(PC_TS,&apos;YYYYMMDD HH24MISS.FF6&apos;) AS PC_TS			/*ó���Ͻ�*/
				, LUPD_CNT	   												/*���������� */
		FROM	TS001_JOB_SCH
		WHERE	DEVER_ID 	= ?
		 
		 
		AND		PC_TS BETWEEN TO_TIMESTAMP(?,&apos;YYYYMMDD&apos;) AND TO_TIMESTAMP(?,&apos;YYYYMMDD&apos;)
		 
		 
		 
		ORDER BY
		 JOB_CD 
		  ASC) returned net.sf.log4jdbc.sql.jdbcapi.PreparedStatementSpy@884e8
INFO : jdbc.audit - 170. PreparedStatement.setString(1, &quot;testDever&quot;) returned 
INFO : jdbc.audit - 170. PreparedStatement.setString(2, &quot;20180519&quot;) returned 
INFO : jdbc.audit - 170. PreparedStatement.setString(3, &quot;20180521&quot;) returned 
INFO : jdbc.sqlonly - SELECT DEVER_ID /*������ID*/ , CUST_ID /*��ID */ , SQNO /*�Ϸù�ȣ */ , TO_CHAR(SET_TM,&apos;HH24MISS&apos;) 
AS SET_TM /*�����ð� */ , JOB_CD /*�۾��ڵ� */ , CHK_YN /*Ȯ�ο��� */ , TO_CHAR(LST_CHK_TS,&apos;YYYYMMDD HH24MISS.FF6&apos;) 
AS LST_CHK_TS /*����Ȯ���Ͻ�*/ , WK_ITV_RULE /*�ְ���Ģ*/ , ST_MTH /*���ۿ�*/ , ED_MTH /*�����*/ , DEL_YN 
/*�������� */ , TO_CHAR(FST_PC_TS,&apos;YYYYMMDD HH24MISS.FF6&apos;) AS FST_PC_TS /*����ó���Ͻ�*/ , TO_CHAR(PC_TS,&apos;YYYYMMDD 
HH24MISS.FF6&apos;) AS PC_TS /*ó���Ͻ�*/ , LUPD_CNT /*���������� */ FROM TS001_JOB_SCH WHERE DEVER_ID = 
&apos;testDever&apos; AND PC_TS BETWEEN TO_TIMESTAMP(&apos;20180519&apos;,&apos;YYYYMMDD&apos;) AND TO_TIMESTAMP(&apos;20180521&apos;,&apos;YYYYMMDD&apos;) 
ORDER BY JOB_CD ASC 

INFO : jdbc.sqltiming - SELECT DEVER_ID /*������ID*/ , CUST_ID /*��ID */ , SQNO /*�Ϸù�ȣ */ , TO_CHAR(SET_TM,&apos;HH24MISS&apos;) 
AS SET_TM /*�����ð� */ , JOB_CD /*�۾��ڵ� */ , CHK_YN /*Ȯ�ο��� */ , TO_CHAR(LST_CHK_TS,&apos;YYYYMMDD HH24MISS.FF6&apos;) 
AS LST_CHK_TS /*����Ȯ���Ͻ�*/ , WK_ITV_RULE /*�ְ���Ģ*/ , ST_MTH /*���ۿ�*/ , ED_MTH /*�����*/ , DEL_YN 
/*�������� */ , TO_CHAR(FST_PC_TS,&apos;YYYYMMDD HH24MISS.FF6&apos;) AS FST_PC_TS /*����ó���Ͻ�*/ , TO_CHAR(PC_TS,&apos;YYYYMMDD 
HH24MISS.FF6&apos;) AS PC_TS /*ó���Ͻ�*/ , LUPD_CNT /*���������� */ FROM TS001_JOB_SCH WHERE DEVER_ID = 
&apos;testDever&apos; AND PC_TS BETWEEN TO_TIMESTAMP(&apos;20180519&apos;,&apos;YYYYMMDD&apos;) AND TO_TIMESTAMP(&apos;20180521&apos;,&apos;YYYYMMDD&apos;) 
ORDER BY JOB_CD ASC 
 {executed in 0 msec}
INFO : jdbc.audit - 170. PreparedStatement.execute() returned true
INFO : jdbc.resultset - 170. ResultSet.new ResultSet returned 
INFO : jdbc.audit - 170. PreparedStatement.getResultSet() returned net.sf.log4jdbc.sql.jdbcapi.ResultSetSpy@11baf51
INFO : jdbc.resultset - 170. ResultSet.getMetaData() returned oracle.jdbc.driver.OracleResultSetMetaData@1841b15
INFO : jdbc.resultset - 170. ResultSet.getType() returned 1003
INFO : jdbc.resultset - 170. ResultSet.next() returned true
INFO : jdbc.resultset - 170. ResultSet.getString(DEVER_ID) returned testDever
INFO : jdbc.resultset - 170. ResultSet.wasNull() returned false
INFO : jdbc.resultset - 170. ResultSet.getString(CUST_ID) returned testCust
INFO : jdbc.resultset - 170. ResultSet.wasNull() returned false
INFO : jdbc.resultset - 170. ResultSet.getInt(SQNO) returned 1
INFO : jdbc.resultset - 170. ResultSet.wasNull() returned false
INFO : jdbc.resultset - 170. ResultSet.getString(SET_TM) returned 000000
INFO : jdbc.resultset - 170. ResultSet.wasNull() returned false
INFO : jdbc.resultset - 170. ResultSet.getString(JOB_CD) returned testJobCd
INFO : jdbc.resultset - 170. ResultSet.wasNull() returned false
INFO : jdbc.resultset - 170. ResultSet.getString(CHK_YN) returned N
INFO : jdbc.resultset - 170. ResultSet.wasNull() returned false
INFO : jdbc.resultset - 170. ResultSet.getString(LST_CHK_TS) returned 00010101 000000.000000
INFO : jdbc.resultset - 170. ResultSet.wasNull() returned false
INFO : jdbc.resultset - 170. ResultSet.getString(WK_ITV_RULE) returned 1111100
INFO : jdbc.resultset - 170. ResultSet.wasNull() returned false
INFO : jdbc.resultset - 170. ResultSet.getString(ST_MTH) returned 01
INFO : jdbc.resultset - 170. ResultSet.wasNull() returned false
INFO : jdbc.resultset - 170. ResultSet.getString(ED_MTH) returned 12
INFO : jdbc.resultset - 170. ResultSet.wasNull() returned false
INFO : jdbc.resultset - 170. ResultSet.getString(DEL_YN) returned N
INFO : jdbc.resultset - 170. ResultSet.wasNull() returned false
INFO : jdbc.resultset - 170. ResultSet.getString(FST_PC_TS) returned 20180520 051429.333000
INFO : jdbc.resultset - 170. ResultSet.wasNull() returned false
INFO : jdbc.resultset - 170. ResultSet.getString(PC_TS) returned 20180520 051429.333000
INFO : jdbc.resultset - 170. ResultSet.wasNull() returned false
INFO : jdbc.resultset - 170. ResultSet.getInt(LUPD_CNT) returned 1
INFO : jdbc.resultset - 170. ResultSet.wasNull() returned false
INFO : jdbc.resultset - 170. ResultSet.next() returned true
INFO : jdbc.resultset - 170. ResultSet.getString(DEVER_ID) returned testDever
INFO : jdbc.resultset - 170. ResultSet.wasNull() returned false
INFO : jdbc.resultset - 170. ResultSet.getString(CUST_ID) returned testCust
INFO : jdbc.resultset - 170. ResultSet.wasNull() returned false
INFO : jdbc.resultset - 170. ResultSet.getInt(SQNO) returned 3
INFO : jdbc.resultset - 170. ResultSet.wasNull() returned false
INFO : jdbc.resultset - 170. ResultSet.getString(SET_TM) returned 000000
INFO : jdbc.resultset - 170. ResultSet.wasNull() returned false
INFO : jdbc.resultset - 170. ResultSet.getString(JOB_CD) returned testJobCd
INFO : jdbc.resultset - 170. ResultSet.wasNull() returned false
INFO : jdbc.resultset - 170. ResultSet.getString(CHK_YN) returned N
INFO : jdbc.resultset - 170. ResultSet.wasNull() returned false
INFO : jdbc.resultset - 170. ResultSet.getString(LST_CHK_TS) returned 00010101 000000.000000
INFO : jdbc.resultset - 170. ResultSet.wasNull() returned false
INFO : jdbc.resultset - 170. ResultSet.getString(WK_ITV_RULE) returned 1111100
INFO : jdbc.resultset - 170. ResultSet.wasNull() returned false
INFO : jdbc.resultset - 170. ResultSet.getString(ST_MTH) returned 01
INFO : jdbc.resultset - 170. ResultSet.wasNull() returned false
INFO : jdbc.resultset - 170. ResultSet.getString(ED_MTH) returned 12
INFO : jdbc.resultset - 170. ResultSet.wasNull() returned false
INFO : jdbc.resultset - 170. ResultSet.getString(DEL_YN) returned N
INFO : jdbc.resultset - 170. ResultSet.wasNull() returned false
INFO : jdbc.resultset - 170. ResultSet.getString(FST_PC_TS) returned 20180520 051826.084000
INFO : jdbc.resultset - 170. ResultSet.wasNull() returned false
INFO : jdbc.resultset - 170. ResultSet.getString(PC_TS) returned 20180520 051826.084000
INFO : jdbc.resultset - 170. ResultSet.wasNull() returned false
INFO : jdbc.resultset - 170. ResultSet.getInt(LUPD_CNT) returned 1
INFO : jdbc.resultset - 170. ResultSet.wasNull() returned false
INFO : jdbc.resultset - 170. ResultSet.next() returned true
INFO : jdbc.resultset - 170. ResultSet.getString(DEVER_ID) returned testDever
INFO : jdbc.resultset - 170. ResultSet.wasNull() returned false
INFO : jdbc.resultset - 170. ResultSet.getString(CUST_ID) returned testCust
INFO : jdbc.resultset - 170. ResultSet.wasNull() returned false
INFO : jdbc.resultset - 170. ResultSet.getInt(SQNO) returned 2
INFO : jdbc.resultset - 170. ResultSet.wasNull() returned false
INFO : jdbc.resultset - 170. ResultSet.getString(SET_TM) returned 000000
INFO : jdbc.resultset - 170. ResultSet.wasNull() returned false
INFO : jdbc.resultset - 170. ResultSet.getString(JOB_CD) returned testJobCd
INFO : jdbc.resultset - 170. ResultSet.wasNull() returned false
INFO : jdbc.resultset - 170. ResultSet.getString(CHK_YN) returned N
INFO : jdbc.resultset - 170. ResultSet.wasNull() returned false
INFO : jdbc.resultset - 170. ResultSet.getString(LST_CHK_TS) returned 00010101 000000.000000
INFO : jdbc.resultset - 170. ResultSet.wasNull() returned false
INFO : jdbc.resultset - 170. ResultSet.getString(WK_ITV_RULE) returned 1111100
INFO : jdbc.resultset - 170. ResultSet.wasNull() returned false
INFO : jdbc.resultset - 170. ResultSet.getString(ST_MTH) returned 01
INFO : jdbc.resultset - 170. ResultSet.wasNull() returned false
INFO : jdbc.resultset - 170. ResultSet.getString(ED_MTH) returned 12
INFO : jdbc.resultset - 170. ResultSet.wasNull() returned false
INFO : jdbc.resultset - 170. ResultSet.getString(DEL_YN) returned N
INFO : jdbc.resultset - 170. ResultSet.wasNull() returned false
INFO : jdbc.resultset - 170. ResultSet.getString(FST_PC_TS) returned 20180520 051823.372000
INFO : jdbc.resultset - 170. ResultSet.wasNull() returned false
INFO : jdbc.resultset - 170. ResultSet.getString(PC_TS) returned 20180520 051823.372000
INFO : jdbc.resultset - 170. ResultSet.wasNull() returned false
INFO : jdbc.resultset - 170. ResultSet.getInt(LUPD_CNT) returned 1
INFO : jdbc.resultset - 170. ResultSet.wasNull() returned false
INFO : jdbc.resultsettable - 
|----------|---------|-----|-------|----------|-------|-----------------------|------------|-------|-------|-------|-----------------------|-----------------------|---------|
|dever_id  |cust_id  |sqno |set_tm |job_cd    |chk_yn |lst_chk_ts             |wk_itv_rule |st_mth |ed_mth |del_yn |fst_pc_ts              |pc_ts                  |lupd_cnt |
|----------|---------|-----|-------|----------|-------|-----------------------|------------|-------|-------|-------|-----------------------|-----------------------|---------|
|testDever |testCust |1    |000000 |testJobCd |N      |00010101 000000.000000 |1111100     |01     |12     |N      |20180520 051429.333000 |20180520 051429.333000 |1        |
|testDever |testCust |3    |000000 |testJobCd |N      |00010101 000000.000000 |1111100     |01     |12     |N      |20180520 051826.084000 |20180520 051826.084000 |1        |
|testDever |testCust |2    |000000 |testJobCd |N      |00010101 000000.000000 |1111100     |01     |12     |N      |20180520 051823.372000 |20180520 051823.372000 |1        |
|----------|---------|-----|-------|----------|-------|-----------------------|------------|-------|-------|-------|-----------------------|-----------------------|---------|

INFO : jdbc.resultset - 170. ResultSet.next() returned false
INFO : jdbc.resultset - 170. ResultSet.close() returned void
INFO : jdbc.audit - 170. PreparedStatement.getConnection() returned net.sf.log4jdbc.sql.jdbcapi.ConnectionSpy@1877e19
INFO : jdbc.audit - 170. Connection.getMetaData() returned oracle.jdbc.driver.OracleDatabaseMetaData@1208b45
INFO : jdbc.audit - 170. PreparedStatement.close() returned 
INFO : jdbc.audit - 170. Connection.rollback() returned 
INFO : jdbc.audit - 170. Connection.setAutoCommit(true) returned 
INFO : jdbc.audit - 170. Connection.isReadOnly() returned false
INFO : jdbc.connection - 170. Connection closed
INFO : jdbc.audit - 170. Connection.close() returned 
INFO : org.springframework.test.context.transaction.TransactionContext - Rolled back transaction for test context [DefaultTestContext@ff6077 testClass = TestSrchJobSch, testInstance = com.pro.alarm.service.TestSrchJobSch@404dba, testMethod = test1207_srchJobSch_orderByJobCd@TestSrchJobSch, testException = java.lang.AssertionError: ��ȸ�� �����Ͽ����ϴ�. expected:&lt;1&gt; but was:&lt;3&gt;, mergedContextConfiguration = [MergedContextConfiguration@41713e testClass = TestSrchJobSch, locations = &apos;{classpath:test-context.xml}&apos;, classes = &apos;{}&apos;, contextInitializerClasses = &apos;[]&apos;, activeProfiles = &apos;{}&apos;, propertySourceLocations = &apos;{}&apos;, propertySourceProperties = &apos;{}&apos;, contextCustomizers = set[[empty]], contextLoader = &apos;org.springframework.test.context.support.DelegatingSmartContextLoader&apos;, parent = [null]]].
INFO : jdbc.connection - 171. Connection opened
INFO : jdbc.audit - 171. Connection.new Connection returned 
INFO : jdbc.audit - 171. Connection.getAutoCommit() returned true
INFO : jdbc.audit - 171. PreparedStatement.new PreparedStatement returned 
INFO : jdbc.audit - 171. Connection.prepareStatement(DELETE 
		FROM    TS001_JOB_SCH 
		WHERE   DEVER_ID    = ?
		AND     CUST_ID     = ?
		AND     SQNO        = ?
		AND		LUPD_CNT	= ?) returned net.sf.log4jdbc.sql.jdbcapi.PreparedStatementSpy@523d46
INFO : jdbc.audit - 171. PreparedStatement.setString(1, &quot;testDever&quot;) returned 
INFO : jdbc.audit - 171. PreparedStatement.setString(2, &quot;testCust&quot;) returned 
INFO : jdbc.audit - 171. PreparedStatement.setInt(3, 3) returned 
INFO : jdbc.audit - 171. PreparedStatement.setInt(4, 1) returned 
INFO : jdbc.sqlonly - DELETE FROM TS001_JOB_SCH WHERE DEVER_ID = &apos;testDever&apos; AND CUST_ID = &apos;testCust&apos; AND SQNO = 
3 AND LUPD_CNT = 1 

INFO : jdbc.sqltiming - DELETE FROM TS001_JOB_SCH WHERE DEVER_ID = &apos;testDever&apos; AND CUST_ID = &apos;testCust&apos; AND SQNO = 
3 AND LUPD_CNT = 1 
 {executed in 0 msec}
INFO : jdbc.audit - 171. PreparedStatement.execute() returned false
INFO : jdbc.audit - 171. PreparedStatement.getUpdateCount() returned 1
INFO : jdbc.audit - 171. PreparedStatement.close() returned 
INFO : jdbc.connection - 171. Connection closed
INFO : jdbc.audit - 171. Connection.close() returned 
</system-out>
  </testcase>
  <testcase classname="com.pro.alarm.service.TestSrchJobSch" name="test1208_srchJobSch_orderByChkYn" time="0.078">
    <failure message="조회를 실패하였습니다. expected:&lt;1&gt; but was:&lt;3&gt;" type="java.lang.AssertionError">java.lang.AssertionError: 조회를 실패하였습니다. expected:&lt;1&gt; but was:&lt;3&gt;
	at org.junit.Assert.fail(Assert.java:88)
	at org.junit.Assert.failNotEquals(Assert.java:834)
	at org.junit.Assert.assertEquals(Assert.java:645)
	at com.pro.alarm.service.TestSrchJobSch.test1208_srchJobSch_orderByChkYn(TestSrchJobSch.java:161)
	at sun.reflect.NativeMethodAccessorImpl.invoke0(Native Method)
	at sun.reflect.NativeMethodAccessorImpl.invoke(NativeMethodAccessorImpl.java:62)
	at sun.reflect.DelegatingMethodAccessorImpl.invoke(DelegatingMethodAccessorImpl.java:43)
	at java.lang.reflect.Method.invoke(Method.java:497)
	at org.junit.runners.model.FrameworkMethod$1.runReflectiveCall(FrameworkMethod.java:50)
	at org.junit.internal.runners.model.ReflectiveCallable.run(ReflectiveCallable.java:12)
	at org.junit.runners.model.FrameworkMethod.invokeExplosively(FrameworkMethod.java:47)
	at org.junit.internal.runners.statements.InvokeMethod.evaluate(InvokeMethod.java:17)
	at org.springframework.test.context.junit4.statements.RunBeforeTestMethodCallbacks.evaluate(RunBeforeTestMethodCallbacks.java:75)
	at org.springframework.test.context.junit4.statements.RunAfterTestMethodCallbacks.evaluate(RunAfterTestMethodCallbacks.java:86)
	at org.junit.rules.ExpectedException$ExpectedExceptionStatement.evaluate(ExpectedException.java:239)
	at org.junit.rules.RunRules.evaluate(RunRules.java:20)
	at org.springframework.test.context.junit4.statements.SpringRepeat.evaluate(SpringRepeat.java:84)
	at org.junit.runners.ParentRunner.runLeaf(ParentRunner.java:325)
	at org.springframework.test.context.junit4.SpringJUnit4ClassRunner.runChild(SpringJUnit4ClassRunner.java:252)
	at org.springframework.test.context.junit4.SpringJUnit4ClassRunner.runChild(SpringJUnit4ClassRunner.java:94)
	at org.junit.runners.ParentRunner$3.run(ParentRunner.java:290)
	at org.junit.runners.ParentRunner$1.schedule(ParentRunner.java:71)
	at org.junit.runners.ParentRunner.runChildren(ParentRunner.java:288)
	at org.junit.runners.ParentRunner.access$000(ParentRunner.java:58)
	at org.junit.runners.ParentRunner$2.evaluate(ParentRunner.java:268)
	at org.springframework.test.context.junit4.statements.RunBeforeTestClassCallbacks.evaluate(RunBeforeTestClassCallbacks.java:61)
	at org.springframework.test.context.junit4.statements.RunAfterTestClassCallbacks.evaluate(RunAfterTestClassCallbacks.java:70)
	at org.junit.runners.ParentRunner.run(ParentRunner.java:363)
	at org.springframework.test.context.junit4.SpringJUnit4ClassRunner.run(SpringJUnit4ClassRunner.java:191)
	at org.junit.runners.Suite.runChild(Suite.java:128)
	at org.junit.runners.Suite.runChild(Suite.java:27)
	at org.junit.runners.ParentRunner$3.run(ParentRunner.java:290)
	at org.junit.runners.ParentRunner$1.schedule(ParentRunner.java:71)
	at org.junit.runners.ParentRunner.runChildren(ParentRunner.java:288)
	at org.junit.runners.ParentRunner.access$000(ParentRunner.java:58)
	at org.junit.runners.ParentRunner$2.evaluate(ParentRunner.java:268)
	at org.junit.runners.ParentRunner.run(ParentRunner.java:363)
	at org.junit.runners.Suite.runChild(Suite.java:128)
	at org.junit.runners.Suite.runChild(Suite.java:27)
	at org.junit.runners.ParentRunner$3.run(ParentRunner.java:290)
	at org.junit.runners.ParentRunner$1.schedule(ParentRunner.java:71)
	at org.junit.runners.ParentRunner.runChildren(ParentRunner.java:288)
	at org.junit.runners.ParentRunner.access$000(ParentRunner.java:58)
	at org.junit.runners.ParentRunner$2.evaluate(ParentRunner.java:268)
	at org.junit.runners.ParentRunner.run(ParentRunner.java:363)
	at org.apache.maven.surefire.junit4.JUnit4Provider.execute(JUnit4Provider.java:252)
	at org.apache.maven.surefire.junit4.JUnit4Provider.executeTestSet(JUnit4Provider.java:141)
	at org.apache.maven.surefire.junit4.JUnit4Provider.invoke(JUnit4Provider.java:112)
	at sun.reflect.NativeMethodAccessorImpl.invoke0(Native Method)
	at sun.reflect.NativeMethodAccessorImpl.invoke(NativeMethodAccessorImpl.java:62)
	at sun.reflect.DelegatingMethodAccessorImpl.invoke(DelegatingMethodAccessorImpl.java:43)
	at java.lang.reflect.Method.invoke(Method.java:497)
	at org.apache.maven.surefire.util.ReflectionUtils.invokeMethodWithArray(ReflectionUtils.java:189)
	at org.apache.maven.surefire.booter.ProviderFactory$ProviderProxy.invoke(ProviderFactory.java:165)
	at org.apache.maven.surefire.booter.ProviderFactory.invokeProvider(ProviderFactory.java:85)
	at org.apache.maven.surefire.booter.ForkedBooter.runSuitesInProcess(ForkedBooter.java:115)
	at org.apache.maven.surefire.booter.ForkedBooter.main(ForkedBooter.java:75)
</failure>
    <system-out>INFO : jdbc.connection - 172. Connection opened
INFO : jdbc.audit - 172. Connection.new Connection returned 
INFO : jdbc.audit - 172. Connection.getAutoCommit() returned true
INFO : jdbc.audit - 172. PreparedStatement.new PreparedStatement returned 
INFO : jdbc.audit - 172. Connection.prepareStatement(SELECT 	NVL(MAX(SQNO),0) + 1 AS SQNO 
		FROM 	TS001_JOB_SCH 
		WHERE 	DEVER_ID	= ?
		AND		CUST_ID		= ?) returned net.sf.log4jdbc.sql.jdbcapi.PreparedStatementSpy@3efb48
INFO : jdbc.audit - 172. PreparedStatement.setString(1, &quot;testDever&quot;) returned 
INFO : jdbc.audit - 172. PreparedStatement.setString(2, &quot;testCust&quot;) returned 
INFO : jdbc.sqlonly - SELECT NVL(MAX(SQNO),0) + 1 AS SQNO FROM TS001_JOB_SCH WHERE DEVER_ID = &apos;testDever&apos; AND CUST_ID 
= &apos;testCust&apos; 

INFO : jdbc.sqltiming - SELECT NVL(MAX(SQNO),0) + 1 AS SQNO FROM TS001_JOB_SCH WHERE DEVER_ID = &apos;testDever&apos; AND CUST_ID 
= &apos;testCust&apos; 
 {executed in 0 msec}
INFO : jdbc.audit - 172. PreparedStatement.execute() returned true
INFO : jdbc.resultset - 172. ResultSet.new ResultSet returned 
INFO : jdbc.audit - 172. PreparedStatement.getResultSet() returned net.sf.log4jdbc.sql.jdbcapi.ResultSetSpy@1235104
INFO : jdbc.resultset - 172. ResultSet.getMetaData() returned oracle.jdbc.driver.OracleResultSetMetaData@8e8621
INFO : jdbc.resultset - 172. ResultSet.getType() returned 1003
INFO : jdbc.resultset - 172. ResultSet.next() returned true
INFO : jdbc.resultset - 172. ResultSet.getInt(SQNO) returned 3
INFO : jdbc.resultset - 172. ResultSet.wasNull() returned false
INFO : jdbc.resultsettable - 
|-----|
|sqno |
|-----|
|3    |
|-----|

INFO : jdbc.resultset - 172. ResultSet.next() returned false
INFO : jdbc.resultset - 172. ResultSet.close() returned void
INFO : jdbc.audit - 172. PreparedStatement.getConnection() returned net.sf.log4jdbc.sql.jdbcapi.ConnectionSpy@446b14
INFO : jdbc.audit - 172. Connection.getMetaData() returned oracle.jdbc.driver.OracleDatabaseMetaData@1af356f
INFO : jdbc.audit - 172. PreparedStatement.close() returned 
INFO : jdbc.audit - 172. PreparedStatement.new PreparedStatement returned 
INFO : jdbc.audit - 172. Connection.prepareStatement(INSERT INTO	TS001_JOB_SCH(
							  DEVER_ID 	   /*������ID	*/
							, CUST_ID	   /*��ID  */
							, SQNO		   /*�Ϸù�ȣ  */
							, SET_TM	   /*�����ð�  */
							, JOB_CD	   /*�۾��ڵ�  */
							, CHK_YN	   /*Ȯ�ο���  */
							, LST_CHK_TS   /*����Ȯ���Ͻ�*/
							 
							 
							 
							, DEL_YN	   /*��������  */
							, PC_TS		   /*ó���Ͻ�  */
							, FST_PC_TS	   /*����ó���Ͻ�*/
							, LUPD_CNT	   /*���������� */
							)
					VALUES(
							  ?
							, ?
							, ?
							, TO_TIMESTAMP(?,&apos;YYYYMMDD HH24MI&apos;)
							, ?
							, &apos;N&apos;
							, TO_TIMESTAMP(&apos;00010101 000000.000000&apos;,&apos;YYYYMMDD HH24MISS.FF6&apos;)
							 
							 
							 
							, &apos;N&apos;
							, SYSTIMESTAMP
							, SYSTIMESTAMP
							, 1
							)) returned net.sf.log4jdbc.sql.jdbcapi.PreparedStatementSpy@43ef6f
INFO : jdbc.audit - 172. PreparedStatement.setString(1, &quot;testDever&quot;) returned 
INFO : jdbc.audit - 172. PreparedStatement.setString(2, &quot;testCust&quot;) returned 
INFO : jdbc.audit - 172. PreparedStatement.setInt(3, 3) returned 
INFO : jdbc.audit - 172. PreparedStatement.setString(4, &quot;00010101 0000&quot;) returned 
INFO : jdbc.audit - 172. PreparedStatement.setString(5, &quot;testJobCd&quot;) returned 
INFO : jdbc.sqlonly - INSERT INTO TS001_JOB_SCH( DEVER_ID /*������ID */ , CUST_ID /*��ID */ , SQNO /*�Ϸù�ȣ */ , SET_TM 
/*�����ð� */ , JOB_CD /*�۾��ڵ� */ , CHK_YN /*Ȯ�ο��� */ , LST_CHK_TS /*����Ȯ���Ͻ�*/ , DEL_YN /*�������� */ 
, PC_TS /*ó���Ͻ� */ , FST_PC_TS /*����ó���Ͻ�*/ , LUPD_CNT /*���������� */ ) VALUES( &apos;testDever&apos; , &apos;testCust&apos; 
, 3 , TO_TIMESTAMP(&apos;00010101 0000&apos;,&apos;YYYYMMDD HH24MI&apos;) , &apos;testJobCd&apos; , &apos;N&apos; , TO_TIMESTAMP(&apos;00010101 
000000.000000&apos;,&apos;YYYYMMDD HH24MISS.FF6&apos;) , &apos;N&apos; , SYSTIMESTAMP , SYSTIMESTAMP , 1 ) 

INFO : jdbc.sqltiming - INSERT INTO TS001_JOB_SCH( DEVER_ID /*������ID */ , CUST_ID /*��ID */ , SQNO /*�Ϸù�ȣ */ , SET_TM 
/*�����ð� */ , JOB_CD /*�۾��ڵ� */ , CHK_YN /*Ȯ�ο��� */ , LST_CHK_TS /*����Ȯ���Ͻ�*/ , DEL_YN /*�������� */ 
, PC_TS /*ó���Ͻ� */ , FST_PC_TS /*����ó���Ͻ�*/ , LUPD_CNT /*���������� */ ) VALUES( &apos;testDever&apos; , &apos;testCust&apos; 
, 3 , TO_TIMESTAMP(&apos;00010101 0000&apos;,&apos;YYYYMMDD HH24MI&apos;) , &apos;testJobCd&apos; , &apos;N&apos; , TO_TIMESTAMP(&apos;00010101 
000000.000000&apos;,&apos;YYYYMMDD HH24MISS.FF6&apos;) , &apos;N&apos; , SYSTIMESTAMP , SYSTIMESTAMP , 1 ) 
 {executed in 0 msec}
INFO : jdbc.audit - 172. PreparedStatement.execute() returned false
INFO : jdbc.audit - 172. PreparedStatement.getUpdateCount() returned 1
INFO : jdbc.audit - 172. PreparedStatement.close() returned 
INFO : jdbc.connection - 172. Connection closed
INFO : jdbc.audit - 172. Connection.close() returned 
INFO : jdbc.connection - 173. Connection opened
INFO : jdbc.audit - 173. Connection.new Connection returned 
INFO : jdbc.audit - 173. Connection.getAutoCommit() returned true
INFO : jdbc.audit - 173. Connection.setAutoCommit(false) returned 
INFO : org.springframework.test.context.transaction.TransactionContext - Began transaction (1) for test context [DefaultTestContext@ff6077 testClass = TestSrchJobSch, testInstance = com.pro.alarm.service.TestSrchJobSch@1751e5f, testMethod = test1208_srchJobSch_orderByChkYn@TestSrchJobSch, testException = [null], mergedContextConfiguration = [MergedContextConfiguration@41713e testClass = TestSrchJobSch, locations = &apos;{classpath:test-context.xml}&apos;, classes = &apos;{}&apos;, contextInitializerClasses = &apos;[]&apos;, activeProfiles = &apos;{}&apos;, propertySourceLocations = &apos;{}&apos;, propertySourceProperties = &apos;{}&apos;, contextCustomizers = set[[empty]], contextLoader = &apos;org.springframework.test.context.support.DelegatingSmartContextLoader&apos;, parent = [null]]]; transaction manager [org.springframework.jdbc.datasource.DataSourceTransactionManager@bfb884]; rollback [true]
INFO : jdbc.audit - 173. Connection.getAutoCommit() returned false
INFO : jdbc.audit - 173. PreparedStatement.new PreparedStatement returned 
INFO : jdbc.audit - 173. Connection.prepareStatement(SELECT 	  DEVER_ID 	   												/*������ID*/
				, CUST_ID	  							 					/*��ID  */
				, SQNO		   												/*�Ϸù�ȣ  */
				, TO_CHAR(SET_TM,&apos;HH24MISS&apos;) AS SET_TM	   					/*�����ð�  */
				, JOB_CD	   												/*�۾��ڵ�  */
				, CHK_YN	   												/*Ȯ�ο���  */
				, TO_CHAR(LST_CHK_TS,&apos;YYYYMMDD HH24MISS.FF6&apos;) AS LST_CHK_TS /*����Ȯ���Ͻ�*/
				, WK_ITV_RULE                                               /*�ְ���Ģ*/
				, ST_MTH                                                    /*���ۿ�*/
				, ED_MTH                                                    /*�����*/
				, DEL_YN	   												/*��������  */
				, TO_CHAR(FST_PC_TS,&apos;YYYYMMDD HH24MISS.FF6&apos;) AS FST_PC_TS	/*����ó���Ͻ�*/
				, TO_CHAR(PC_TS,&apos;YYYYMMDD HH24MISS.FF6&apos;) AS PC_TS			/*ó���Ͻ�*/
				, LUPD_CNT	   												/*���������� */
		FROM	TS001_JOB_SCH
		WHERE	DEVER_ID 	= ?
		 
		 
		AND		PC_TS BETWEEN TO_TIMESTAMP(?,&apos;YYYYMMDD&apos;) AND TO_TIMESTAMP(?,&apos;YYYYMMDD&apos;)
		 
		 
		 
		ORDER BY
		 CHK_YN 
		  ASC) returned net.sf.log4jdbc.sql.jdbcapi.PreparedStatementSpy@68f7ca
INFO : jdbc.audit - 173. PreparedStatement.setString(1, &quot;testDever&quot;) returned 
INFO : jdbc.audit - 173. PreparedStatement.setString(2, &quot;20180519&quot;) returned 
INFO : jdbc.audit - 173. PreparedStatement.setString(3, &quot;20180521&quot;) returned 
INFO : jdbc.sqlonly - SELECT DEVER_ID /*������ID*/ , CUST_ID /*��ID */ , SQNO /*�Ϸù�ȣ */ , TO_CHAR(SET_TM,&apos;HH24MISS&apos;) 
AS SET_TM /*�����ð� */ , JOB_CD /*�۾��ڵ� */ , CHK_YN /*Ȯ�ο��� */ , TO_CHAR(LST_CHK_TS,&apos;YYYYMMDD HH24MISS.FF6&apos;) 
AS LST_CHK_TS /*����Ȯ���Ͻ�*/ , WK_ITV_RULE /*�ְ���Ģ*/ , ST_MTH /*���ۿ�*/ , ED_MTH /*�����*/ , DEL_YN 
/*�������� */ , TO_CHAR(FST_PC_TS,&apos;YYYYMMDD HH24MISS.FF6&apos;) AS FST_PC_TS /*����ó���Ͻ�*/ , TO_CHAR(PC_TS,&apos;YYYYMMDD 
HH24MISS.FF6&apos;) AS PC_TS /*ó���Ͻ�*/ , LUPD_CNT /*���������� */ FROM TS001_JOB_SCH WHERE DEVER_ID = 
&apos;testDever&apos; AND PC_TS BETWEEN TO_TIMESTAMP(&apos;20180519&apos;,&apos;YYYYMMDD&apos;) AND TO_TIMESTAMP(&apos;20180521&apos;,&apos;YYYYMMDD&apos;) 
ORDER BY CHK_YN ASC 

INFO : jdbc.sqltiming - SELECT DEVER_ID /*������ID*/ , CUST_ID /*��ID */ , SQNO /*�Ϸù�ȣ */ , TO_CHAR(SET_TM,&apos;HH24MISS&apos;) 
AS SET_TM /*�����ð� */ , JOB_CD /*�۾��ڵ� */ , CHK_YN /*Ȯ�ο��� */ , TO_CHAR(LST_CHK_TS,&apos;YYYYMMDD HH24MISS.FF6&apos;) 
AS LST_CHK_TS /*����Ȯ���Ͻ�*/ , WK_ITV_RULE /*�ְ���Ģ*/ , ST_MTH /*���ۿ�*/ , ED_MTH /*�����*/ , DEL_YN 
/*�������� */ , TO_CHAR(FST_PC_TS,&apos;YYYYMMDD HH24MISS.FF6&apos;) AS FST_PC_TS /*����ó���Ͻ�*/ , TO_CHAR(PC_TS,&apos;YYYYMMDD 
HH24MISS.FF6&apos;) AS PC_TS /*ó���Ͻ�*/ , LUPD_CNT /*���������� */ FROM TS001_JOB_SCH WHERE DEVER_ID = 
&apos;testDever&apos; AND PC_TS BETWEEN TO_TIMESTAMP(&apos;20180519&apos;,&apos;YYYYMMDD&apos;) AND TO_TIMESTAMP(&apos;20180521&apos;,&apos;YYYYMMDD&apos;) 
ORDER BY CHK_YN ASC 
 {executed in 0 msec}
INFO : jdbc.audit - 173. PreparedStatement.execute() returned true
INFO : jdbc.resultset - 173. ResultSet.new ResultSet returned 
INFO : jdbc.audit - 173. PreparedStatement.getResultSet() returned net.sf.log4jdbc.sql.jdbcapi.ResultSetSpy@548b19
INFO : jdbc.resultset - 173. ResultSet.getMetaData() returned oracle.jdbc.driver.OracleResultSetMetaData@1aaedaa
INFO : jdbc.resultset - 173. ResultSet.getType() returned 1003
INFO : jdbc.resultset - 173. ResultSet.next() returned true
INFO : jdbc.resultset - 173. ResultSet.getString(DEVER_ID) returned testDever
INFO : jdbc.resultset - 173. ResultSet.wasNull() returned false
INFO : jdbc.resultset - 173. ResultSet.getString(CUST_ID) returned testCust
INFO : jdbc.resultset - 173. ResultSet.wasNull() returned false
INFO : jdbc.resultset - 173. ResultSet.getInt(SQNO) returned 1
INFO : jdbc.resultset - 173. ResultSet.wasNull() returned false
INFO : jdbc.resultset - 173. ResultSet.getString(SET_TM) returned 000000
INFO : jdbc.resultset - 173. ResultSet.wasNull() returned false
INFO : jdbc.resultset - 173. ResultSet.getString(JOB_CD) returned testJobCd
INFO : jdbc.resultset - 173. ResultSet.wasNull() returned false
INFO : jdbc.resultset - 173. ResultSet.getString(CHK_YN) returned N
INFO : jdbc.resultset - 173. ResultSet.wasNull() returned false
INFO : jdbc.resultset - 173. ResultSet.getString(LST_CHK_TS) returned 00010101 000000.000000
INFO : jdbc.resultset - 173. ResultSet.wasNull() returned false
INFO : jdbc.resultset - 173. ResultSet.getString(WK_ITV_RULE) returned 1111100
INFO : jdbc.resultset - 173. ResultSet.wasNull() returned false
INFO : jdbc.resultset - 173. ResultSet.getString(ST_MTH) returned 01
INFO : jdbc.resultset - 173. ResultSet.wasNull() returned false
INFO : jdbc.resultset - 173. ResultSet.getString(ED_MTH) returned 12
INFO : jdbc.resultset - 173. ResultSet.wasNull() returned false
INFO : jdbc.resultset - 173. ResultSet.getString(DEL_YN) returned N
INFO : jdbc.resultset - 173. ResultSet.wasNull() returned false
INFO : jdbc.resultset - 173. ResultSet.getString(FST_PC_TS) returned 20180520 051429.333000
INFO : jdbc.resultset - 173. ResultSet.wasNull() returned false
INFO : jdbc.resultset - 173. ResultSet.getString(PC_TS) returned 20180520 051429.333000
INFO : jdbc.resultset - 173. ResultSet.wasNull() returned false
INFO : jdbc.resultset - 173. ResultSet.getInt(LUPD_CNT) returned 1
INFO : jdbc.resultset - 173. ResultSet.wasNull() returned false
INFO : jdbc.resultset - 173. ResultSet.next() returned true
INFO : jdbc.resultset - 173. ResultSet.getString(DEVER_ID) returned testDever
INFO : jdbc.resultset - 173. ResultSet.wasNull() returned false
INFO : jdbc.resultset - 173. ResultSet.getString(CUST_ID) returned testCust
INFO : jdbc.resultset - 173. ResultSet.wasNull() returned false
INFO : jdbc.resultset - 173. ResultSet.getInt(SQNO) returned 3
INFO : jdbc.resultset - 173. ResultSet.wasNull() returned false
INFO : jdbc.resultset - 173. ResultSet.getString(SET_TM) returned 000000
INFO : jdbc.resultset - 173. ResultSet.wasNull() returned false
INFO : jdbc.resultset - 173. ResultSet.getString(JOB_CD) returned testJobCd
INFO : jdbc.resultset - 173. ResultSet.wasNull() returned false
INFO : jdbc.resultset - 173. ResultSet.getString(CHK_YN) returned N
INFO : jdbc.resultset - 173. ResultSet.wasNull() returned false
INFO : jdbc.resultset - 173. ResultSet.getString(LST_CHK_TS) returned 00010101 000000.000000
INFO : jdbc.resultset - 173. ResultSet.wasNull() returned false
INFO : jdbc.resultset - 173. ResultSet.getString(WK_ITV_RULE) returned 1111100
INFO : jdbc.resultset - 173. ResultSet.wasNull() returned false
INFO : jdbc.resultset - 173. ResultSet.getString(ST_MTH) returned 01
INFO : jdbc.resultset - 173. ResultSet.wasNull() returned false
INFO : jdbc.resultset - 173. ResultSet.getString(ED_MTH) returned 12
INFO : jdbc.resultset - 173. ResultSet.wasNull() returned false
INFO : jdbc.resultset - 173. ResultSet.getString(DEL_YN) returned N
INFO : jdbc.resultset - 173. ResultSet.wasNull() returned false
INFO : jdbc.resultset - 173. ResultSet.getString(FST_PC_TS) returned 20180520 051826.147000
INFO : jdbc.resultset - 173. ResultSet.wasNull() returned false
INFO : jdbc.resultset - 173. ResultSet.getString(PC_TS) returned 20180520 051826.147000
INFO : jdbc.resultset - 173. ResultSet.wasNull() returned false
INFO : jdbc.resultset - 173. ResultSet.getInt(LUPD_CNT) returned 1
INFO : jdbc.resultset - 173. ResultSet.wasNull() returned false
INFO : jdbc.resultset - 173. ResultSet.next() returned true
INFO : jdbc.resultset - 173. ResultSet.getString(DEVER_ID) returned testDever
INFO : jdbc.resultset - 173. ResultSet.wasNull() returned false
INFO : jdbc.resultset - 173. ResultSet.getString(CUST_ID) returned testCust
INFO : jdbc.resultset - 173. ResultSet.wasNull() returned false
INFO : jdbc.resultset - 173. ResultSet.getInt(SQNO) returned 2
INFO : jdbc.resultset - 173. ResultSet.wasNull() returned false
INFO : jdbc.resultset - 173. ResultSet.getString(SET_TM) returned 000000
INFO : jdbc.resultset - 173. ResultSet.wasNull() returned false
INFO : jdbc.resultset - 173. ResultSet.getString(JOB_CD) returned testJobCd
INFO : jdbc.resultset - 173. ResultSet.wasNull() returned false
INFO : jdbc.resultset - 173. ResultSet.getString(CHK_YN) returned N
INFO : jdbc.resultset - 173. ResultSet.wasNull() returned false
INFO : jdbc.resultset - 173. ResultSet.getString(LST_CHK_TS) returned 00010101 000000.000000
INFO : jdbc.resultset - 173. ResultSet.wasNull() returned false
INFO : jdbc.resultset - 173. ResultSet.getString(WK_ITV_RULE) returned 1111100
INFO : jdbc.resultset - 173. ResultSet.wasNull() returned false
INFO : jdbc.resultset - 173. ResultSet.getString(ST_MTH) returned 01
INFO : jdbc.resultset - 173. ResultSet.wasNull() returned false
INFO : jdbc.resultset - 173. ResultSet.getString(ED_MTH) returned 12
INFO : jdbc.resultset - 173. ResultSet.wasNull() returned false
INFO : jdbc.resultset - 173. ResultSet.getString(DEL_YN) returned N
INFO : jdbc.resultset - 173. ResultSet.wasNull() returned false
INFO : jdbc.resultset - 173. ResultSet.getString(FST_PC_TS) returned 20180520 051823.372000
INFO : jdbc.resultset - 173. ResultSet.wasNull() returned false
INFO : jdbc.resultset - 173. ResultSet.getString(PC_TS) returned 20180520 051823.372000
INFO : jdbc.resultset - 173. ResultSet.wasNull() returned false
INFO : jdbc.resultset - 173. ResultSet.getInt(LUPD_CNT) returned 1
INFO : jdbc.resultset - 173. ResultSet.wasNull() returned false
INFO : jdbc.resultsettable - 
|----------|---------|-----|-------|----------|-------|-----------------------|------------|-------|-------|-------|-----------------------|-----------------------|---------|
|dever_id  |cust_id  |sqno |set_tm |job_cd    |chk_yn |lst_chk_ts             |wk_itv_rule |st_mth |ed_mth |del_yn |fst_pc_ts              |pc_ts                  |lupd_cnt |
|----------|---------|-----|-------|----------|-------|-----------------------|------------|-------|-------|-------|-----------------------|-----------------------|---------|
|testDever |testCust |1    |000000 |testJobCd |N      |00010101 000000.000000 |1111100     |01     |12     |N      |20180520 051429.333000 |20180520 051429.333000 |1        |
|testDever |testCust |3    |000000 |testJobCd |N      |00010101 000000.000000 |1111100     |01     |12     |N      |20180520 051826.147000 |20180520 051826.147000 |1        |
|testDever |testCust |2    |000000 |testJobCd |N      |00010101 000000.000000 |1111100     |01     |12     |N      |20180520 051823.372000 |20180520 051823.372000 |1        |
|----------|---------|-----|-------|----------|-------|-----------------------|------------|-------|-------|-------|-----------------------|-----------------------|---------|

INFO : jdbc.resultset - 173. ResultSet.next() returned false
INFO : jdbc.resultset - 173. ResultSet.close() returned void
INFO : jdbc.audit - 173. PreparedStatement.getConnection() returned net.sf.log4jdbc.sql.jdbcapi.ConnectionSpy@3a5119
INFO : jdbc.audit - 173. Connection.getMetaData() returned oracle.jdbc.driver.OracleDatabaseMetaData@15b3673
INFO : jdbc.audit - 173. PreparedStatement.close() returned 
INFO : jdbc.audit - 173. Connection.rollback() returned 
INFO : jdbc.audit - 173. Connection.setAutoCommit(true) returned 
INFO : jdbc.audit - 173. Connection.isReadOnly() returned false
INFO : jdbc.connection - 173. Connection closed
INFO : jdbc.audit - 173. Connection.close() returned 
INFO : org.springframework.test.context.transaction.TransactionContext - Rolled back transaction for test context [DefaultTestContext@ff6077 testClass = TestSrchJobSch, testInstance = com.pro.alarm.service.TestSrchJobSch@1751e5f, testMethod = test1208_srchJobSch_orderByChkYn@TestSrchJobSch, testException = java.lang.AssertionError: ��ȸ�� �����Ͽ����ϴ�. expected:&lt;1&gt; but was:&lt;3&gt;, mergedContextConfiguration = [MergedContextConfiguration@41713e testClass = TestSrchJobSch, locations = &apos;{classpath:test-context.xml}&apos;, classes = &apos;{}&apos;, contextInitializerClasses = &apos;[]&apos;, activeProfiles = &apos;{}&apos;, propertySourceLocations = &apos;{}&apos;, propertySourceProperties = &apos;{}&apos;, contextCustomizers = set[[empty]], contextLoader = &apos;org.springframework.test.context.support.DelegatingSmartContextLoader&apos;, parent = [null]]].
INFO : jdbc.connection - 174. Connection opened
INFO : jdbc.audit - 174. Connection.new Connection returned 
INFO : jdbc.audit - 174. Connection.getAutoCommit() returned true
INFO : jdbc.audit - 174. PreparedStatement.new PreparedStatement returned 
INFO : jdbc.audit - 174. Connection.prepareStatement(DELETE 
		FROM    TS001_JOB_SCH 
		WHERE   DEVER_ID    = ?
		AND     CUST_ID     = ?
		AND     SQNO        = ?
		AND		LUPD_CNT	= ?) returned net.sf.log4jdbc.sql.jdbcapi.PreparedStatementSpy@11a10ac
INFO : jdbc.audit - 174. PreparedStatement.setString(1, &quot;testDever&quot;) returned 
INFO : jdbc.audit - 174. PreparedStatement.setString(2, &quot;testCust&quot;) returned 
INFO : jdbc.audit - 174. PreparedStatement.setInt(3, 3) returned 
INFO : jdbc.audit - 174. PreparedStatement.setInt(4, 1) returned 
INFO : jdbc.sqlonly - DELETE FROM TS001_JOB_SCH WHERE DEVER_ID = &apos;testDever&apos; AND CUST_ID = &apos;testCust&apos; AND SQNO = 
3 AND LUPD_CNT = 1 

INFO : jdbc.sqltiming - DELETE FROM TS001_JOB_SCH WHERE DEVER_ID = &apos;testDever&apos; AND CUST_ID = &apos;testCust&apos; AND SQNO = 
3 AND LUPD_CNT = 1 
 {executed in 0 msec}
INFO : jdbc.audit - 174. PreparedStatement.execute() returned false
INFO : jdbc.audit - 174. PreparedStatement.getUpdateCount() returned 1
INFO : jdbc.audit - 174. PreparedStatement.close() returned 
INFO : jdbc.connection - 174. Connection closed
INFO : jdbc.audit - 174. Connection.close() returned 
</system-out>
  </testcase>
  <testcase classname="com.pro.alarm.service.TestSrchJobSch" name="test1209_srchJobSch_orderByCustId" time="0.251">
    <failure message="조회를 실패하였습니다. expected:&lt;1&gt; but was:&lt;3&gt;" type="java.lang.AssertionError">java.lang.AssertionError: 조회를 실패하였습니다. expected:&lt;1&gt; but was:&lt;3&gt;
	at org.junit.Assert.fail(Assert.java:88)
	at org.junit.Assert.failNotEquals(Assert.java:834)
	at org.junit.Assert.assertEquals(Assert.java:645)
	at com.pro.alarm.service.TestSrchJobSch.test1209_srchJobSch_orderByCustId(TestSrchJobSch.java:173)
	at sun.reflect.NativeMethodAccessorImpl.invoke0(Native Method)
	at sun.reflect.NativeMethodAccessorImpl.invoke(NativeMethodAccessorImpl.java:62)
	at sun.reflect.DelegatingMethodAccessorImpl.invoke(DelegatingMethodAccessorImpl.java:43)
	at java.lang.reflect.Method.invoke(Method.java:497)
	at org.junit.runners.model.FrameworkMethod$1.runReflectiveCall(FrameworkMethod.java:50)
	at org.junit.internal.runners.model.ReflectiveCallable.run(ReflectiveCallable.java:12)
	at org.junit.runners.model.FrameworkMethod.invokeExplosively(FrameworkMethod.java:47)
	at org.junit.internal.runners.statements.InvokeMethod.evaluate(InvokeMethod.java:17)
	at org.springframework.test.context.junit4.statements.RunBeforeTestMethodCallbacks.evaluate(RunBeforeTestMethodCallbacks.java:75)
	at org.springframework.test.context.junit4.statements.RunAfterTestMethodCallbacks.evaluate(RunAfterTestMethodCallbacks.java:86)
	at org.junit.rules.ExpectedException$ExpectedExceptionStatement.evaluate(ExpectedException.java:239)
	at org.junit.rules.RunRules.evaluate(RunRules.java:20)
	at org.springframework.test.context.junit4.statements.SpringRepeat.evaluate(SpringRepeat.java:84)
	at org.junit.runners.ParentRunner.runLeaf(ParentRunner.java:325)
	at org.springframework.test.context.junit4.SpringJUnit4ClassRunner.runChild(SpringJUnit4ClassRunner.java:252)
	at org.springframework.test.context.junit4.SpringJUnit4ClassRunner.runChild(SpringJUnit4ClassRunner.java:94)
	at org.junit.runners.ParentRunner$3.run(ParentRunner.java:290)
	at org.junit.runners.ParentRunner$1.schedule(ParentRunner.java:71)
	at org.junit.runners.ParentRunner.runChildren(ParentRunner.java:288)
	at org.junit.runners.ParentRunner.access$000(ParentRunner.java:58)
	at org.junit.runners.ParentRunner$2.evaluate(ParentRunner.java:268)
	at org.springframework.test.context.junit4.statements.RunBeforeTestClassCallbacks.evaluate(RunBeforeTestClassCallbacks.java:61)
	at org.springframework.test.context.junit4.statements.RunAfterTestClassCallbacks.evaluate(RunAfterTestClassCallbacks.java:70)
	at org.junit.runners.ParentRunner.run(ParentRunner.java:363)
	at org.springframework.test.context.junit4.SpringJUnit4ClassRunner.run(SpringJUnit4ClassRunner.java:191)
	at org.junit.runners.Suite.runChild(Suite.java:128)
	at org.junit.runners.Suite.runChild(Suite.java:27)
	at org.junit.runners.ParentRunner$3.run(ParentRunner.java:290)
	at org.junit.runners.ParentRunner$1.schedule(ParentRunner.java:71)
	at org.junit.runners.ParentRunner.runChildren(ParentRunner.java:288)
	at org.junit.runners.ParentRunner.access$000(ParentRunner.java:58)
	at org.junit.runners.ParentRunner$2.evaluate(ParentRunner.java:268)
	at org.junit.runners.ParentRunner.run(ParentRunner.java:363)
	at org.junit.runners.Suite.runChild(Suite.java:128)
	at org.junit.runners.Suite.runChild(Suite.java:27)
	at org.junit.runners.ParentRunner$3.run(ParentRunner.java:290)
	at org.junit.runners.ParentRunner$1.schedule(ParentRunner.java:71)
	at org.junit.runners.ParentRunner.runChildren(ParentRunner.java:288)
	at org.junit.runners.ParentRunner.access$000(ParentRunner.java:58)
	at org.junit.runners.ParentRunner$2.evaluate(ParentRunner.java:268)
	at org.junit.runners.ParentRunner.run(ParentRunner.java:363)
	at org.apache.maven.surefire.junit4.JUnit4Provider.execute(JUnit4Provider.java:252)
	at org.apache.maven.surefire.junit4.JUnit4Provider.executeTestSet(JUnit4Provider.java:141)
	at org.apache.maven.surefire.junit4.JUnit4Provider.invoke(JUnit4Provider.java:112)
	at sun.reflect.NativeMethodAccessorImpl.invoke0(Native Method)
	at sun.reflect.NativeMethodAccessorImpl.invoke(NativeMethodAccessorImpl.java:62)
	at sun.reflect.DelegatingMethodAccessorImpl.invoke(DelegatingMethodAccessorImpl.java:43)
	at java.lang.reflect.Method.invoke(Method.java:497)
	at org.apache.maven.surefire.util.ReflectionUtils.invokeMethodWithArray(ReflectionUtils.java:189)
	at org.apache.maven.surefire.booter.ProviderFactory$ProviderProxy.invoke(ProviderFactory.java:165)
	at org.apache.maven.surefire.booter.ProviderFactory.invokeProvider(ProviderFactory.java:85)
	at org.apache.maven.surefire.booter.ForkedBooter.runSuitesInProcess(ForkedBooter.java:115)
	at org.apache.maven.surefire.booter.ForkedBooter.main(ForkedBooter.java:75)
</failure>
    <system-out>INFO : jdbc.connection - 175. Connection opened
INFO : jdbc.audit - 175. Connection.new Connection returned 
INFO : jdbc.audit - 175. Connection.getAutoCommit() returned true
INFO : jdbc.audit - 175. PreparedStatement.new PreparedStatement returned 
INFO : jdbc.audit - 175. Connection.prepareStatement(SELECT 	NVL(MAX(SQNO),0) + 1 AS SQNO 
		FROM 	TS001_JOB_SCH 
		WHERE 	DEVER_ID	= ?
		AND		CUST_ID		= ?) returned net.sf.log4jdbc.sql.jdbcapi.PreparedStatementSpy@1391b3f
INFO : jdbc.audit - 175. PreparedStatement.setString(1, &quot;testDever&quot;) returned 
INFO : jdbc.audit - 175. PreparedStatement.setString(2, &quot;testCust&quot;) returned 
INFO : jdbc.sqlonly - SELECT NVL(MAX(SQNO),0) + 1 AS SQNO FROM TS001_JOB_SCH WHERE DEVER_ID = &apos;testDever&apos; AND CUST_ID 
= &apos;testCust&apos; 

INFO : jdbc.sqltiming - SELECT NVL(MAX(SQNO),0) + 1 AS SQNO FROM TS001_JOB_SCH WHERE DEVER_ID = &apos;testDever&apos; AND CUST_ID 
= &apos;testCust&apos; 
 {executed in 0 msec}
INFO : jdbc.audit - 175. PreparedStatement.execute() returned true
INFO : jdbc.resultset - 175. ResultSet.new ResultSet returned 
INFO : jdbc.audit - 175. PreparedStatement.getResultSet() returned net.sf.log4jdbc.sql.jdbcapi.ResultSetSpy@fbeac4
INFO : jdbc.resultset - 175. ResultSet.getMetaData() returned oracle.jdbc.driver.OracleResultSetMetaData@db3386
INFO : jdbc.resultset - 175. ResultSet.getType() returned 1003
INFO : jdbc.resultset - 175. ResultSet.next() returned true
INFO : jdbc.resultset - 175. ResultSet.getInt(SQNO) returned 3
INFO : jdbc.resultset - 175. ResultSet.wasNull() returned false
INFO : jdbc.resultsettable - 
|-----|
|sqno |
|-----|
|3    |
|-----|

INFO : jdbc.resultset - 175. ResultSet.next() returned false
INFO : jdbc.resultset - 175. ResultSet.close() returned void
INFO : jdbc.audit - 175. PreparedStatement.getConnection() returned net.sf.log4jdbc.sql.jdbcapi.ConnectionSpy@78695f
INFO : jdbc.audit - 175. Connection.getMetaData() returned oracle.jdbc.driver.OracleDatabaseMetaData@1a1728c
INFO : jdbc.audit - 175. PreparedStatement.close() returned 
INFO : jdbc.audit - 175. PreparedStatement.new PreparedStatement returned 
INFO : jdbc.audit - 175. Connection.prepareStatement(INSERT INTO	TS001_JOB_SCH(
							  DEVER_ID 	   /*������ID	*/
							, CUST_ID	   /*��ID  */
							, SQNO		   /*�Ϸù�ȣ  */
							, SET_TM	   /*�����ð�  */
							, JOB_CD	   /*�۾��ڵ�  */
							, CHK_YN	   /*Ȯ�ο���  */
							, LST_CHK_TS   /*����Ȯ���Ͻ�*/
							 
							 
							 
							, DEL_YN	   /*��������  */
							, PC_TS		   /*ó���Ͻ�  */
							, FST_PC_TS	   /*����ó���Ͻ�*/
							, LUPD_CNT	   /*���������� */
							)
					VALUES(
							  ?
							, ?
							, ?
							, TO_TIMESTAMP(?,&apos;YYYYMMDD HH24MI&apos;)
							, ?
							, &apos;N&apos;
							, TO_TIMESTAMP(&apos;00010101 000000.000000&apos;,&apos;YYYYMMDD HH24MISS.FF6&apos;)
							 
							 
							 
							, &apos;N&apos;
							, SYSTIMESTAMP
							, SYSTIMESTAMP
							, 1
							)) returned net.sf.log4jdbc.sql.jdbcapi.PreparedStatementSpy@7f0ab6
INFO : jdbc.audit - 175. PreparedStatement.setString(1, &quot;testDever&quot;) returned 
INFO : jdbc.audit - 175. PreparedStatement.setString(2, &quot;testCust&quot;) returned 
INFO : jdbc.audit - 175. PreparedStatement.setInt(3, 3) returned 
INFO : jdbc.audit - 175. PreparedStatement.setString(4, &quot;00010101 0000&quot;) returned 
INFO : jdbc.audit - 175. PreparedStatement.setString(5, &quot;testJobCd&quot;) returned 
INFO : jdbc.sqlonly - INSERT INTO TS001_JOB_SCH( DEVER_ID /*������ID */ , CUST_ID /*��ID */ , SQNO /*�Ϸù�ȣ */ , SET_TM 
/*�����ð� */ , JOB_CD /*�۾��ڵ� */ , CHK_YN /*Ȯ�ο��� */ , LST_CHK_TS /*����Ȯ���Ͻ�*/ , DEL_YN /*�������� */ 
, PC_TS /*ó���Ͻ� */ , FST_PC_TS /*����ó���Ͻ�*/ , LUPD_CNT /*���������� */ ) VALUES( &apos;testDever&apos; , &apos;testCust&apos; 
, 3 , TO_TIMESTAMP(&apos;00010101 0000&apos;,&apos;YYYYMMDD HH24MI&apos;) , &apos;testJobCd&apos; , &apos;N&apos; , TO_TIMESTAMP(&apos;00010101 
000000.000000&apos;,&apos;YYYYMMDD HH24MISS.FF6&apos;) , &apos;N&apos; , SYSTIMESTAMP , SYSTIMESTAMP , 1 ) 

INFO : jdbc.sqltiming - INSERT INTO TS001_JOB_SCH( DEVER_ID /*������ID */ , CUST_ID /*��ID */ , SQNO /*�Ϸù�ȣ */ , SET_TM 
/*�����ð� */ , JOB_CD /*�۾��ڵ� */ , CHK_YN /*Ȯ�ο��� */ , LST_CHK_TS /*����Ȯ���Ͻ�*/ , DEL_YN /*�������� */ 
, PC_TS /*ó���Ͻ� */ , FST_PC_TS /*����ó���Ͻ�*/ , LUPD_CNT /*���������� */ ) VALUES( &apos;testDever&apos; , &apos;testCust&apos; 
, 3 , TO_TIMESTAMP(&apos;00010101 0000&apos;,&apos;YYYYMMDD HH24MI&apos;) , &apos;testJobCd&apos; , &apos;N&apos; , TO_TIMESTAMP(&apos;00010101 
000000.000000&apos;,&apos;YYYYMMDD HH24MISS.FF6&apos;) , &apos;N&apos; , SYSTIMESTAMP , SYSTIMESTAMP , 1 ) 
 {executed in 0 msec}
INFO : jdbc.audit - 175. PreparedStatement.execute() returned false
INFO : jdbc.audit - 175. PreparedStatement.getUpdateCount() returned 1
INFO : jdbc.audit - 175. PreparedStatement.close() returned 
INFO : jdbc.connection - 175. Connection closed
INFO : jdbc.audit - 175. Connection.close() returned 
INFO : jdbc.connection - 176. Connection opened
INFO : jdbc.audit - 176. Connection.new Connection returned 
INFO : jdbc.audit - 176. Connection.getAutoCommit() returned true
INFO : jdbc.audit - 176. Connection.setAutoCommit(false) returned 
INFO : org.springframework.test.context.transaction.TransactionContext - Began transaction (1) for test context [DefaultTestContext@ff6077 testClass = TestSrchJobSch, testInstance = com.pro.alarm.service.TestSrchJobSch@c2f48c, testMethod = test1209_srchJobSch_orderByCustId@TestSrchJobSch, testException = [null], mergedContextConfiguration = [MergedContextConfiguration@41713e testClass = TestSrchJobSch, locations = &apos;{classpath:test-context.xml}&apos;, classes = &apos;{}&apos;, contextInitializerClasses = &apos;[]&apos;, activeProfiles = &apos;{}&apos;, propertySourceLocations = &apos;{}&apos;, propertySourceProperties = &apos;{}&apos;, contextCustomizers = set[[empty]], contextLoader = &apos;org.springframework.test.context.support.DelegatingSmartContextLoader&apos;, parent = [null]]]; transaction manager [org.springframework.jdbc.datasource.DataSourceTransactionManager@bfb884]; rollback [true]
INFO : jdbc.audit - 176. Connection.getAutoCommit() returned false
INFO : jdbc.audit - 176. PreparedStatement.new PreparedStatement returned 
INFO : jdbc.audit - 176. Connection.prepareStatement(SELECT 	  DEVER_ID 	   												/*������ID*/
				, CUST_ID	  							 					/*��ID  */
				, SQNO		   												/*�Ϸù�ȣ  */
				, TO_CHAR(SET_TM,&apos;HH24MISS&apos;) AS SET_TM	   					/*�����ð�  */
				, JOB_CD	   												/*�۾��ڵ�  */
				, CHK_YN	   												/*Ȯ�ο���  */
				, TO_CHAR(LST_CHK_TS,&apos;YYYYMMDD HH24MISS.FF6&apos;) AS LST_CHK_TS /*����Ȯ���Ͻ�*/
				, WK_ITV_RULE                                               /*�ְ���Ģ*/
				, ST_MTH                                                    /*���ۿ�*/
				, ED_MTH                                                    /*�����*/
				, DEL_YN	   												/*��������  */
				, TO_CHAR(FST_PC_TS,&apos;YYYYMMDD HH24MISS.FF6&apos;) AS FST_PC_TS	/*����ó���Ͻ�*/
				, TO_CHAR(PC_TS,&apos;YYYYMMDD HH24MISS.FF6&apos;) AS PC_TS			/*ó���Ͻ�*/
				, LUPD_CNT	   												/*���������� */
		FROM	TS001_JOB_SCH
		WHERE	DEVER_ID 	= ?
		 
		 
		AND		PC_TS BETWEEN TO_TIMESTAMP(?,&apos;YYYYMMDD&apos;) AND TO_TIMESTAMP(?,&apos;YYYYMMDD&apos;)
		 
		 
		 
		ORDER BY
		 CUST_ID 
		  DESC) returned net.sf.log4jdbc.sql.jdbcapi.PreparedStatementSpy@5d5d46
INFO : jdbc.audit - 176. PreparedStatement.setString(1, &quot;testDever&quot;) returned 
INFO : jdbc.audit - 176. PreparedStatement.setString(2, &quot;20180519&quot;) returned 
INFO : jdbc.audit - 176. PreparedStatement.setString(3, &quot;20180521&quot;) returned 
INFO : jdbc.sqlonly - SELECT DEVER_ID /*������ID*/ , CUST_ID /*��ID */ , SQNO /*�Ϸù�ȣ */ , TO_CHAR(SET_TM,&apos;HH24MISS&apos;) 
AS SET_TM /*�����ð� */ , JOB_CD /*�۾��ڵ� */ , CHK_YN /*Ȯ�ο��� */ , TO_CHAR(LST_CHK_TS,&apos;YYYYMMDD HH24MISS.FF6&apos;) 
AS LST_CHK_TS /*����Ȯ���Ͻ�*/ , WK_ITV_RULE /*�ְ���Ģ*/ , ST_MTH /*���ۿ�*/ , ED_MTH /*�����*/ , DEL_YN 
/*�������� */ , TO_CHAR(FST_PC_TS,&apos;YYYYMMDD HH24MISS.FF6&apos;) AS FST_PC_TS /*����ó���Ͻ�*/ , TO_CHAR(PC_TS,&apos;YYYYMMDD 
HH24MISS.FF6&apos;) AS PC_TS /*ó���Ͻ�*/ , LUPD_CNT /*���������� */ FROM TS001_JOB_SCH WHERE DEVER_ID = 
&apos;testDever&apos; AND PC_TS BETWEEN TO_TIMESTAMP(&apos;20180519&apos;,&apos;YYYYMMDD&apos;) AND TO_TIMESTAMP(&apos;20180521&apos;,&apos;YYYYMMDD&apos;) 
ORDER BY CUST_ID DESC 

INFO : jdbc.sqltiming - SELECT DEVER_ID /*������ID*/ , CUST_ID /*��ID */ , SQNO /*�Ϸù�ȣ */ , TO_CHAR(SET_TM,&apos;HH24MISS&apos;) 
AS SET_TM /*�����ð� */ , JOB_CD /*�۾��ڵ� */ , CHK_YN /*Ȯ�ο��� */ , TO_CHAR(LST_CHK_TS,&apos;YYYYMMDD HH24MISS.FF6&apos;) 
AS LST_CHK_TS /*����Ȯ���Ͻ�*/ , WK_ITV_RULE /*�ְ���Ģ*/ , ST_MTH /*���ۿ�*/ , ED_MTH /*�����*/ , DEL_YN 
/*�������� */ , TO_CHAR(FST_PC_TS,&apos;YYYYMMDD HH24MISS.FF6&apos;) AS FST_PC_TS /*����ó���Ͻ�*/ , TO_CHAR(PC_TS,&apos;YYYYMMDD 
HH24MISS.FF6&apos;) AS PC_TS /*ó���Ͻ�*/ , LUPD_CNT /*���������� */ FROM TS001_JOB_SCH WHERE DEVER_ID = 
&apos;testDever&apos; AND PC_TS BETWEEN TO_TIMESTAMP(&apos;20180519&apos;,&apos;YYYYMMDD&apos;) AND TO_TIMESTAMP(&apos;20180521&apos;,&apos;YYYYMMDD&apos;) 
ORDER BY CUST_ID DESC 
 {executed in 0 msec}
INFO : jdbc.audit - 176. PreparedStatement.execute() returned true
INFO : jdbc.resultset - 176. ResultSet.new ResultSet returned 
INFO : jdbc.audit - 176. PreparedStatement.getResultSet() returned net.sf.log4jdbc.sql.jdbcapi.ResultSetSpy@18ef2ce
INFO : jdbc.resultset - 176. ResultSet.getMetaData() returned oracle.jdbc.driver.OracleResultSetMetaData@bd03e7
INFO : jdbc.resultset - 176. ResultSet.getType() returned 1003
INFO : jdbc.resultset - 176. ResultSet.next() returned true
INFO : jdbc.resultset - 176. ResultSet.getString(DEVER_ID) returned testDever
INFO : jdbc.resultset - 176. ResultSet.wasNull() returned false
INFO : jdbc.resultset - 176. ResultSet.getString(CUST_ID) returned testCust
INFO : jdbc.resultset - 176. ResultSet.wasNull() returned false
INFO : jdbc.resultset - 176. ResultSet.getInt(SQNO) returned 3
INFO : jdbc.resultset - 176. ResultSet.wasNull() returned false
INFO : jdbc.resultset - 176. ResultSet.getString(SET_TM) returned 000000
INFO : jdbc.resultset - 176. ResultSet.wasNull() returned false
INFO : jdbc.resultset - 176. ResultSet.getString(JOB_CD) returned testJobCd
INFO : jdbc.resultset - 176. ResultSet.wasNull() returned false
INFO : jdbc.resultset - 176. ResultSet.getString(CHK_YN) returned N
INFO : jdbc.resultset - 176. ResultSet.wasNull() returned false
INFO : jdbc.resultset - 176. ResultSet.getString(LST_CHK_TS) returned 00010101 000000.000000
INFO : jdbc.resultset - 176. ResultSet.wasNull() returned false
INFO : jdbc.resultset - 176. ResultSet.getString(WK_ITV_RULE) returned 1111100
INFO : jdbc.resultset - 176. ResultSet.wasNull() returned false
INFO : jdbc.resultset - 176. ResultSet.getString(ST_MTH) returned 01
INFO : jdbc.resultset - 176. ResultSet.wasNull() returned false
INFO : jdbc.resultset - 176. ResultSet.getString(ED_MTH) returned 12
INFO : jdbc.resultset - 176. ResultSet.wasNull() returned false
INFO : jdbc.resultset - 176. ResultSet.getString(DEL_YN) returned N
INFO : jdbc.resultset - 176. ResultSet.wasNull() returned false
INFO : jdbc.resultset - 176. ResultSet.getString(FST_PC_TS) returned 20180520 051826.209000
INFO : jdbc.resultset - 176. ResultSet.wasNull() returned false
INFO : jdbc.resultset - 176. ResultSet.getString(PC_TS) returned 20180520 051826.209000
INFO : jdbc.resultset - 176. ResultSet.wasNull() returned false
INFO : jdbc.resultset - 176. ResultSet.getInt(LUPD_CNT) returned 1
INFO : jdbc.resultset - 176. ResultSet.wasNull() returned false
INFO : jdbc.resultset - 176. ResultSet.next() returned true
INFO : jdbc.resultset - 176. ResultSet.getString(DEVER_ID) returned testDever
INFO : jdbc.resultset - 176. ResultSet.wasNull() returned false
INFO : jdbc.resultset - 176. ResultSet.getString(CUST_ID) returned testCust
INFO : jdbc.resultset - 176. ResultSet.wasNull() returned false
INFO : jdbc.resultset - 176. ResultSet.getInt(SQNO) returned 2
INFO : jdbc.resultset - 176. ResultSet.wasNull() returned false
INFO : jdbc.resultset - 176. ResultSet.getString(SET_TM) returned 000000
INFO : jdbc.resultset - 176. ResultSet.wasNull() returned false
INFO : jdbc.resultset - 176. ResultSet.getString(JOB_CD) returned testJobCd
INFO : jdbc.resultset - 176. ResultSet.wasNull() returned false
INFO : jdbc.resultset - 176. ResultSet.getString(CHK_YN) returned N
INFO : jdbc.resultset - 176. ResultSet.wasNull() returned false
INFO : jdbc.resultset - 176. ResultSet.getString(LST_CHK_TS) returned 00010101 000000.000000
INFO : jdbc.resultset - 176. ResultSet.wasNull() returned false
INFO : jdbc.resultset - 176. ResultSet.getString(WK_ITV_RULE) returned 1111100
INFO : jdbc.resultset - 176. ResultSet.wasNull() returned false
INFO : jdbc.resultset - 176. ResultSet.getString(ST_MTH) returned 01
INFO : jdbc.resultset - 176. ResultSet.wasNull() returned false
INFO : jdbc.resultset - 176. ResultSet.getString(ED_MTH) returned 12
INFO : jdbc.resultset - 176. ResultSet.wasNull() returned false
INFO : jdbc.resultset - 176. ResultSet.getString(DEL_YN) returned N
INFO : jdbc.resultset - 176. ResultSet.wasNull() returned false
INFO : jdbc.resultset - 176. ResultSet.getString(FST_PC_TS) returned 20180520 051823.372000
INFO : jdbc.resultset - 176. ResultSet.wasNull() returned false
INFO : jdbc.resultset - 176. ResultSet.getString(PC_TS) returned 20180520 051823.372000
INFO : jdbc.resultset - 176. ResultSet.wasNull() returned false
INFO : jdbc.resultset - 176. ResultSet.getInt(LUPD_CNT) returned 1
INFO : jdbc.resultset - 176. ResultSet.wasNull() returned false
INFO : jdbc.resultset - 176. ResultSet.next() returned true
INFO : jdbc.resultset - 176. ResultSet.getString(DEVER_ID) returned testDever
INFO : jdbc.resultset - 176. ResultSet.wasNull() returned false
INFO : jdbc.resultset - 176. ResultSet.getString(CUST_ID) returned testCust
INFO : jdbc.resultset - 176. ResultSet.wasNull() returned false
INFO : jdbc.resultset - 176. ResultSet.getInt(SQNO) returned 1
INFO : jdbc.resultset - 176. ResultSet.wasNull() returned false
INFO : jdbc.resultset - 176. ResultSet.getString(SET_TM) returned 000000
INFO : jdbc.resultset - 176. ResultSet.wasNull() returned false
INFO : jdbc.resultset - 176. ResultSet.getString(JOB_CD) returned testJobCd
INFO : jdbc.resultset - 176. ResultSet.wasNull() returned false
INFO : jdbc.resultset - 176. ResultSet.getString(CHK_YN) returned N
INFO : jdbc.resultset - 176. ResultSet.wasNull() returned false
INFO : jdbc.resultset - 176. ResultSet.getString(LST_CHK_TS) returned 00010101 000000.000000
INFO : jdbc.resultset - 176. ResultSet.wasNull() returned false
INFO : jdbc.resultset - 176. ResultSet.getString(WK_ITV_RULE) returned 1111100
INFO : jdbc.resultset - 176. ResultSet.wasNull() returned false
INFO : jdbc.resultset - 176. ResultSet.getString(ST_MTH) returned 01
INFO : jdbc.resultset - 176. ResultSet.wasNull() returned false
INFO : jdbc.resultset - 176. ResultSet.getString(ED_MTH) returned 12
INFO : jdbc.resultset - 176. ResultSet.wasNull() returned false
INFO : jdbc.resultset - 176. ResultSet.getString(DEL_YN) returned N
INFO : jdbc.resultset - 176. ResultSet.wasNull() returned false
INFO : jdbc.resultset - 176. ResultSet.getString(FST_PC_TS) returned 20180520 051429.333000
INFO : jdbc.resultset - 176. ResultSet.wasNull() returned false
INFO : jdbc.resultset - 176. ResultSet.getString(PC_TS) returned 20180520 051429.333000
INFO : jdbc.resultset - 176. ResultSet.wasNull() returned false
INFO : jdbc.resultset - 176. ResultSet.getInt(LUPD_CNT) returned 1
INFO : jdbc.resultset - 176. ResultSet.wasNull() returned false
INFO : jdbc.resultsettable - 
|----------|---------|-----|-------|----------|-------|-----------------------|------------|-------|-------|-------|-----------------------|-----------------------|---------|
|dever_id  |cust_id  |sqno |set_tm |job_cd    |chk_yn |lst_chk_ts             |wk_itv_rule |st_mth |ed_mth |del_yn |fst_pc_ts              |pc_ts                  |lupd_cnt |
|----------|---------|-----|-------|----------|-------|-----------------------|------------|-------|-------|-------|-----------------------|-----------------------|---------|
|testDever |testCust |3    |000000 |testJobCd |N      |00010101 000000.000000 |1111100     |01     |12     |N      |20180520 051826.209000 |20180520 051826.209000 |1        |
|testDever |testCust |2    |000000 |testJobCd |N      |00010101 000000.000000 |1111100     |01     |12     |N      |20180520 051823.372000 |20180520 051823.372000 |1        |
|testDever |testCust |1    |000000 |testJobCd |N      |00010101 000000.000000 |1111100     |01     |12     |N      |20180520 051429.333000 |20180520 051429.333000 |1        |
|----------|---------|-----|-------|----------|-------|-----------------------|------------|-------|-------|-------|-----------------------|-----------------------|---------|

INFO : jdbc.resultset - 176. ResultSet.next() returned false
INFO : jdbc.resultset - 176. ResultSet.close() returned void
INFO : jdbc.audit - 176. PreparedStatement.getConnection() returned net.sf.log4jdbc.sql.jdbcapi.ConnectionSpy@fc5eb1
INFO : jdbc.audit - 176. Connection.getMetaData() returned oracle.jdbc.driver.OracleDatabaseMetaData@639ec5
INFO : jdbc.audit - 176. PreparedStatement.close() returned 
INFO : jdbc.audit - 176. Connection.rollback() returned 
INFO : jdbc.audit - 176. Connection.setAutoCommit(true) returned 
INFO : jdbc.audit - 176. Connection.isReadOnly() returned false
INFO : jdbc.connection - 176. Connection closed
INFO : jdbc.audit - 176. Connection.close() returned 
INFO : org.springframework.test.context.transaction.TransactionContext - Rolled back transaction for test context [DefaultTestContext@ff6077 testClass = TestSrchJobSch, testInstance = com.pro.alarm.service.TestSrchJobSch@c2f48c, testMethod = test1209_srchJobSch_orderByCustId@TestSrchJobSch, testException = java.lang.AssertionError: ��ȸ�� �����Ͽ����ϴ�. expected:&lt;1&gt; but was:&lt;3&gt;, mergedContextConfiguration = [MergedContextConfiguration@41713e testClass = TestSrchJobSch, locations = &apos;{classpath:test-context.xml}&apos;, classes = &apos;{}&apos;, contextInitializerClasses = &apos;[]&apos;, activeProfiles = &apos;{}&apos;, propertySourceLocations = &apos;{}&apos;, propertySourceProperties = &apos;{}&apos;, contextCustomizers = set[[empty]], contextLoader = &apos;org.springframework.test.context.support.DelegatingSmartContextLoader&apos;, parent = [null]]].
ERROR: org.springframework.test.context.transaction.TransactionalTestExecutionListener - Exception encountered while executing @AfterTransaction method [public void com.pro.alarm.service.TestSrchJobSch.afterTransaction() throws java.lang.Exception] for test context [DefaultTestContext@ff6077 testClass = TestSrchJobSch, testInstance = com.pro.alarm.service.TestSrchJobSch@c2f48c, testMethod = test1209_srchJobSch_orderByCustId@TestSrchJobSch, testException = java.lang.AssertionError: ��ȸ�� �����Ͽ����ϴ�. expected:&lt;1&gt; but was:&lt;3&gt;, mergedContextConfiguration = [MergedContextConfiguration@41713e testClass = TestSrchJobSch, locations = &apos;{classpath:test-context.xml}&apos;, classes = &apos;{}&apos;, contextInitializerClasses = &apos;[]&apos;, activeProfiles = &apos;{}&apos;, propertySourceLocations = &apos;{}&apos;, propertySourceProperties = &apos;{}&apos;, contextCustomizers = set[[empty]], contextLoader = &apos;org.springframework.test.context.support.DelegatingSmartContextLoader&apos;, parent = [null]]]
org.mybatis.spring.MyBatisSystemException: nested exception is org.apache.ibatis.exceptions.PersistenceException: 
### Error updating database.  Cause: org.springframework.jdbc.CannotGetJdbcConnectionException: Could not get JDBC Connection; nested exception is java.sql.SQLRecoverableException: ���Ͽ��� ���� �����Ͱ� �����ϴ�
### Cause: org.springframework.jdbc.CannotGetJdbcConnectionException: Could not get JDBC Connection; nested exception is java.sql.SQLRecoverableException: ���Ͽ��� ���� �����Ͱ� �����ϴ�
	at org.mybatis.spring.MyBatisExceptionTranslator.translateExceptionIfPossible(MyBatisExceptionTranslator.java:79)
	at org.mybatis.spring.SqlSessionTemplate$SqlSessionInterceptor.invoke(SqlSessionTemplate.java:447)
	at com.sun.proxy.$Proxy28.delete(Unknown Source)
	at org.mybatis.spring.SqlSessionTemplate.delete(SqlSessionTemplate.java:311)
	at org.apache.ibatis.binding.MapperMethod.execute(MapperMethod.java:67)
	at org.apache.ibatis.binding.MapperProxy.invoke(MapperProxy.java:59)
	at com.sun.proxy.$Proxy43.delJobSch(Unknown Source)
	at com.pro.alarm.dao.AlarmDaoImpl.delJobSch(AlarmDaoImpl.java:64)
	at com.pro.alarm.service.TestSrchJobSch.afterTransaction(TestSrchJobSch.java:270)
	at sun.reflect.GeneratedMethodAccessor52.invoke(Unknown Source)
	at sun.reflect.DelegatingMethodAccessorImpl.invoke(DelegatingMethodAccessorImpl.java:43)
	at java.lang.reflect.Method.invoke(Method.java:497)
	at org.springframework.test.context.transaction.TransactionalTestExecutionListener.runAfterTransactionMethods(TransactionalTestExecutionListener.java:283)
	at org.springframework.test.context.transaction.TransactionalTestExecutionListener.afterTestMethod(TransactionalTestExecutionListener.java:231)
	at org.springframework.test.context.TestContextManager.afterTestMethod(TestContextManager.java:319)
	at org.springframework.test.context.junit4.statements.RunAfterTestMethodCallbacks.evaluate(RunAfterTestMethodCallbacks.java:94)
	at org.junit.rules.ExpectedException$ExpectedExceptionStatement.evaluate(ExpectedException.java:239)
	at org.junit.rules.RunRules.evaluate(RunRules.java:20)
	at org.springframework.test.context.junit4.statements.SpringRepeat.evaluate(SpringRepeat.java:84)
	at org.junit.runners.ParentRunner.runLeaf(ParentRunner.java:325)
	at org.springframework.test.context.junit4.SpringJUnit4ClassRunner.runChild(SpringJUnit4ClassRunner.java:252)
	at org.springframework.test.context.junit4.SpringJUnit4ClassRunner.runChild(SpringJUnit4ClassRunner.java:94)
	at org.junit.runners.ParentRunner$3.run(ParentRunner.java:290)
	at org.junit.runners.ParentRunner$1.schedule(ParentRunner.java:71)
	at org.junit.runners.ParentRunner.runChildren(ParentRunner.java:288)
	at org.junit.runners.ParentRunner.access$000(ParentRunner.java:58)
	at org.junit.runners.ParentRunner$2.evaluate(ParentRunner.java:268)
	at org.springframework.test.context.junit4.statements.RunBeforeTestClassCallbacks.evaluate(RunBeforeTestClassCallbacks.java:61)
	at org.springframework.test.context.junit4.statements.RunAfterTestClassCallbacks.evaluate(RunAfterTestClassCallbacks.java:70)
	at org.junit.runners.ParentRunner.run(ParentRunner.java:363)
	at org.springframework.test.context.junit4.SpringJUnit4ClassRunner.run(SpringJUnit4ClassRunner.java:191)
	at org.junit.runners.Suite.runChild(Suite.java:128)
	at org.junit.runners.Suite.runChild(Suite.java:27)
	at org.junit.runners.ParentRunner$3.run(ParentRunner.java:290)
	at org.junit.runners.ParentRunner$1.schedule(ParentRunner.java:71)
	at org.junit.runners.ParentRunner.runChildren(ParentRunner.java:288)
	at org.junit.runners.ParentRunner.access$000(ParentRunner.java:58)
	at org.junit.runners.ParentRunner$2.evaluate(ParentRunner.java:268)
	at org.junit.runners.ParentRunner.run(ParentRunner.java:363)
	at org.junit.runners.Suite.runChild(Suite.java:128)
	at org.junit.runners.Suite.runChild(Suite.java:27)
	at org.junit.runners.ParentRunner$3.run(ParentRunner.java:290)
	at org.junit.runners.ParentRunner$1.schedule(ParentRunner.java:71)
	at org.junit.runners.ParentRunner.runChildren(ParentRunner.java:288)
	at org.junit.runners.ParentRunner.access$000(ParentRunner.java:58)
	at org.junit.runners.ParentRunner$2.evaluate(ParentRunner.java:268)
	at org.junit.runners.ParentRunner.run(ParentRunner.java:363)
	at org.apache.maven.surefire.junit4.JUnit4Provider.execute(JUnit4Provider.java:252)
	at org.apache.maven.surefire.junit4.JUnit4Provider.executeTestSet(JUnit4Provider.java:141)
	at org.apache.maven.surefire.junit4.JUnit4Provider.invoke(JUnit4Provider.java:112)
	at sun.reflect.NativeMethodAccessorImpl.invoke0(Native Method)
	at sun.reflect.NativeMethodAccessorImpl.invoke(NativeMethodAccessorImpl.java:62)
	at sun.reflect.DelegatingMethodAccessorImpl.invoke(DelegatingMethodAccessorImpl.java:43)
	at java.lang.reflect.Method.invoke(Method.java:497)
	at org.apache.maven.surefire.util.ReflectionUtils.invokeMethodWithArray(ReflectionUtils.java:189)
	at org.apache.maven.surefire.booter.ProviderFactory$ProviderProxy.invoke(ProviderFactory.java:165)
	at org.apache.maven.surefire.booter.ProviderFactory.invokeProvider(ProviderFactory.java:85)
	at org.apache.maven.surefire.booter.ForkedBooter.runSuitesInProcess(ForkedBooter.java:115)
	at org.apache.maven.surefire.booter.ForkedBooter.main(ForkedBooter.java:75)
Caused by: org.apache.ibatis.exceptions.PersistenceException: 
### Error updating database.  Cause: org.springframework.jdbc.CannotGetJdbcConnectionException: Could not get JDBC Connection; nested exception is java.sql.SQLRecoverableException: ���Ͽ��� ���� �����Ͱ� �����ϴ�
### Cause: org.springframework.jdbc.CannotGetJdbcConnectionException: Could not get JDBC Connection; nested exception is java.sql.SQLRecoverableException: ���Ͽ��� ���� �����Ͱ� �����ϴ�
	at org.apache.ibatis.exceptions.ExceptionFactory.wrapException(ExceptionFactory.java:30)
	at org.apache.ibatis.session.defaults.DefaultSqlSession.update(DefaultSqlSession.java:200)
	at org.apache.ibatis.session.defaults.DefaultSqlSession.delete(DefaultSqlSession.java:213)
	at sun.reflect.GeneratedMethodAccessor53.invoke(Unknown Source)
	at sun.reflect.DelegatingMethodAccessorImpl.invoke(DelegatingMethodAccessorImpl.java:43)
	at java.lang.reflect.Method.invoke(Method.java:497)
	at org.mybatis.spring.SqlSessionTemplate$SqlSessionInterceptor.invoke(SqlSessionTemplate.java:434)
	... 57 more
Caused by: org.springframework.jdbc.CannotGetJdbcConnectionException: Could not get JDBC Connection; nested exception is java.sql.SQLRecoverableException: ���Ͽ��� ���� �����Ͱ� �����ϴ�
	at org.springframework.jdbc.datasource.DataSourceUtils.getConnection(DataSourceUtils.java:80)
	at org.mybatis.spring.transaction.SpringManagedTransaction.openConnection(SpringManagedTransaction.java:84)
	at org.mybatis.spring.transaction.SpringManagedTransaction.getConnection(SpringManagedTransaction.java:70)
	at org.apache.ibatis.executor.BaseExecutor.getConnection(BaseExecutor.java:336)
	at org.apache.ibatis.executor.SimpleExecutor.prepareStatement(SimpleExecutor.java:84)
	at org.apache.ibatis.executor.SimpleExecutor.doUpdate(SimpleExecutor.java:49)
	at org.apache.ibatis.executor.BaseExecutor.update(BaseExecutor.java:117)
	at org.apache.ibatis.executor.CachingExecutor.update(CachingExecutor.java:76)
	at org.apache.ibatis.session.defaults.DefaultSqlSession.update(DefaultSqlSession.java:198)
	... 62 more
Caused by: java.sql.SQLRecoverableException: ���Ͽ��� ���� �����Ͱ� �����ϴ�
	at oracle.jdbc.driver.T4CMAREngine.unmarshalUB1(T4CMAREngine.java:1157)
	at oracle.jdbc.driver.T4C8TTIpro.receive(T4C8TTIpro.java:129)
	at oracle.jdbc.driver.T4CConnection.connect(T4CConnection.java:1162)
	at oracle.jdbc.driver.T4CConnection.logon(T4CConnection.java:340)
	at oracle.jdbc.driver.PhysicalConnection.&lt;init&gt;(PhysicalConnection.java:553)
	at oracle.jdbc.driver.T4CConnection.&lt;init&gt;(T4CConnection.java:254)
	at oracle.jdbc.driver.T4CDriverExtension.getConnection(T4CDriverExtension.java:32)
	at oracle.jdbc.driver.OracleDriver.connect(OracleDriver.java:528)
	at net.sf.log4jdbc.sql.jdbcapi.DriverSpy.connect(DriverSpy.java:399)
	at java.sql.DriverManager.getConnection(DriverManager.java:664)
	at java.sql.DriverManager.getConnection(DriverManager.java:208)
	at org.springframework.jdbc.datasource.DriverManagerDataSource.getConnectionFromDriverManager(DriverManagerDataSource.java:153)
	at org.springframework.jdbc.datasource.DriverManagerDataSource.getConnectionFromDriver(DriverManagerDataSource.java:144)
	at org.springframework.jdbc.datasource.AbstractDriverBasedDataSource.getConnectionFromDriver(AbstractDriverBasedDataSource.java:196)
	at org.springframework.jdbc.datasource.AbstractDriverBasedDataSource.getConnection(AbstractDriverBasedDataSource.java:159)
	at org.springframework.jdbc.datasource.DataSourceUtils.doGetConnection(DataSourceUtils.java:111)
	at org.springframework.jdbc.datasource.DataSourceUtils.getConnection(DataSourceUtils.java:77)
	... 70 more
WARN : org.springframework.test.context.TestContextManager - Caught exception while allowing TestExecutionListener [org.springframework.test.context.transaction.TransactionalTestExecutionListener@100f14a] to process &apos;after&apos; execution for test: method [public void com.pro.alarm.service.TestSrchJobSch.test1209_srchJobSch_orderByCustId() throws java.lang.Exception], instance [com.pro.alarm.service.TestSrchJobSch@c2f48c], exception [java.lang.AssertionError: ��ȸ�� �����Ͽ����ϴ�. expected:&lt;1&gt; but was:&lt;3&gt;]
org.mybatis.spring.MyBatisSystemException: nested exception is org.apache.ibatis.exceptions.PersistenceException: 
### Error updating database.  Cause: org.springframework.jdbc.CannotGetJdbcConnectionException: Could not get JDBC Connection; nested exception is java.sql.SQLRecoverableException: ���Ͽ��� ���� �����Ͱ� �����ϴ�
### Cause: org.springframework.jdbc.CannotGetJdbcConnectionException: Could not get JDBC Connection; nested exception is java.sql.SQLRecoverableException: ���Ͽ��� ���� �����Ͱ� �����ϴ�
	at org.mybatis.spring.MyBatisExceptionTranslator.translateExceptionIfPossible(MyBatisExceptionTranslator.java:79)
	at org.mybatis.spring.SqlSessionTemplate$SqlSessionInterceptor.invoke(SqlSessionTemplate.java:447)
	at com.sun.proxy.$Proxy28.delete(Unknown Source)
	at org.mybatis.spring.SqlSessionTemplate.delete(SqlSessionTemplate.java:311)
	at org.apache.ibatis.binding.MapperMethod.execute(MapperMethod.java:67)
	at org.apache.ibatis.binding.MapperProxy.invoke(MapperProxy.java:59)
	at com.sun.proxy.$Proxy43.delJobSch(Unknown Source)
	at com.pro.alarm.dao.AlarmDaoImpl.delJobSch(AlarmDaoImpl.java:64)
	at com.pro.alarm.service.TestSrchJobSch.afterTransaction(TestSrchJobSch.java:270)
	at sun.reflect.GeneratedMethodAccessor52.invoke(Unknown Source)
	at sun.reflect.DelegatingMethodAccessorImpl.invoke(DelegatingMethodAccessorImpl.java:43)
	at java.lang.reflect.Method.invoke(Method.java:497)
	at org.springframework.test.context.transaction.TransactionalTestExecutionListener.runAfterTransactionMethods(TransactionalTestExecutionListener.java:283)
	at org.springframework.test.context.transaction.TransactionalTestExecutionListener.afterTestMethod(TransactionalTestExecutionListener.java:231)
	at org.springframework.test.context.TestContextManager.afterTestMethod(TestContextManager.java:319)
	at org.springframework.test.context.junit4.statements.RunAfterTestMethodCallbacks.evaluate(RunAfterTestMethodCallbacks.java:94)
	at org.junit.rules.ExpectedException$ExpectedExceptionStatement.evaluate(ExpectedException.java:239)
	at org.junit.rules.RunRules.evaluate(RunRules.java:20)
	at org.springframework.test.context.junit4.statements.SpringRepeat.evaluate(SpringRepeat.java:84)
	at org.junit.runners.ParentRunner.runLeaf(ParentRunner.java:325)
	at org.springframework.test.context.junit4.SpringJUnit4ClassRunner.runChild(SpringJUnit4ClassRunner.java:252)
	at org.springframework.test.context.junit4.SpringJUnit4ClassRunner.runChild(SpringJUnit4ClassRunner.java:94)
	at org.junit.runners.ParentRunner$3.run(ParentRunner.java:290)
	at org.junit.runners.ParentRunner$1.schedule(ParentRunner.java:71)
	at org.junit.runners.ParentRunner.runChildren(ParentRunner.java:288)
	at org.junit.runners.ParentRunner.access$000(ParentRunner.java:58)
	at org.junit.runners.ParentRunner$2.evaluate(ParentRunner.java:268)
	at org.springframework.test.context.junit4.statements.RunBeforeTestClassCallbacks.evaluate(RunBeforeTestClassCallbacks.java:61)
	at org.springframework.test.context.junit4.statements.RunAfterTestClassCallbacks.evaluate(RunAfterTestClassCallbacks.java:70)
	at org.junit.runners.ParentRunner.run(ParentRunner.java:363)
	at org.springframework.test.context.junit4.SpringJUnit4ClassRunner.run(SpringJUnit4ClassRunner.java:191)
	at org.junit.runners.Suite.runChild(Suite.java:128)
	at org.junit.runners.Suite.runChild(Suite.java:27)
	at org.junit.runners.ParentRunner$3.run(ParentRunner.java:290)
	at org.junit.runners.ParentRunner$1.schedule(ParentRunner.java:71)
	at org.junit.runners.ParentRunner.runChildren(ParentRunner.java:288)
	at org.junit.runners.ParentRunner.access$000(ParentRunner.java:58)
	at org.junit.runners.ParentRunner$2.evaluate(ParentRunner.java:268)
	at org.junit.runners.ParentRunner.run(ParentRunner.java:363)
	at org.junit.runners.Suite.runChild(Suite.java:128)
	at org.junit.runners.Suite.runChild(Suite.java:27)
	at org.junit.runners.ParentRunner$3.run(ParentRunner.java:290)
	at org.junit.runners.ParentRunner$1.schedule(ParentRunner.java:71)
	at org.junit.runners.ParentRunner.runChildren(ParentRunner.java:288)
	at org.junit.runners.ParentRunner.access$000(ParentRunner.java:58)
	at org.junit.runners.ParentRunner$2.evaluate(ParentRunner.java:268)
	at org.junit.runners.ParentRunner.run(ParentRunner.java:363)
	at org.apache.maven.surefire.junit4.JUnit4Provider.execute(JUnit4Provider.java:252)
	at org.apache.maven.surefire.junit4.JUnit4Provider.executeTestSet(JUnit4Provider.java:141)
	at org.apache.maven.surefire.junit4.JUnit4Provider.invoke(JUnit4Provider.java:112)
	at sun.reflect.NativeMethodAccessorImpl.invoke0(Native Method)
	at sun.reflect.NativeMethodAccessorImpl.invoke(NativeMethodAccessorImpl.java:62)
	at sun.reflect.DelegatingMethodAccessorImpl.invoke(DelegatingMethodAccessorImpl.java:43)
	at java.lang.reflect.Method.invoke(Method.java:497)
	at org.apache.maven.surefire.util.ReflectionUtils.invokeMethodWithArray(ReflectionUtils.java:189)
	at org.apache.maven.surefire.booter.ProviderFactory$ProviderProxy.invoke(ProviderFactory.java:165)
	at org.apache.maven.surefire.booter.ProviderFactory.invokeProvider(ProviderFactory.java:85)
	at org.apache.maven.surefire.booter.ForkedBooter.runSuitesInProcess(ForkedBooter.java:115)
	at org.apache.maven.surefire.booter.ForkedBooter.main(ForkedBooter.java:75)
Caused by: org.apache.ibatis.exceptions.PersistenceException: 
### Error updating database.  Cause: org.springframework.jdbc.CannotGetJdbcConnectionException: Could not get JDBC Connection; nested exception is java.sql.SQLRecoverableException: ���Ͽ��� ���� �����Ͱ� �����ϴ�
### Cause: org.springframework.jdbc.CannotGetJdbcConnectionException: Could not get JDBC Connection; nested exception is java.sql.SQLRecoverableException: ���Ͽ��� ���� �����Ͱ� �����ϴ�
	at org.apache.ibatis.exceptions.ExceptionFactory.wrapException(ExceptionFactory.java:30)
	at org.apache.ibatis.session.defaults.DefaultSqlSession.update(DefaultSqlSession.java:200)
	at org.apache.ibatis.session.defaults.DefaultSqlSession.delete(DefaultSqlSession.java:213)
	at sun.reflect.GeneratedMethodAccessor53.invoke(Unknown Source)
	at sun.reflect.DelegatingMethodAccessorImpl.invoke(DelegatingMethodAccessorImpl.java:43)
	at java.lang.reflect.Method.invoke(Method.java:497)
	at org.mybatis.spring.SqlSessionTemplate$SqlSessionInterceptor.invoke(SqlSessionTemplate.java:434)
	... 57 more
Caused by: org.springframework.jdbc.CannotGetJdbcConnectionException: Could not get JDBC Connection; nested exception is java.sql.SQLRecoverableException: ���Ͽ��� ���� �����Ͱ� �����ϴ�
	at org.springframework.jdbc.datasource.DataSourceUtils.getConnection(DataSourceUtils.java:80)
	at org.mybatis.spring.transaction.SpringManagedTransaction.openConnection(SpringManagedTransaction.java:84)
	at org.mybatis.spring.transaction.SpringManagedTransaction.getConnection(SpringManagedTransaction.java:70)
	at org.apache.ibatis.executor.BaseExecutor.getConnection(BaseExecutor.java:336)
	at org.apache.ibatis.executor.SimpleExecutor.prepareStatement(SimpleExecutor.java:84)
	at org.apache.ibatis.executor.SimpleExecutor.doUpdate(SimpleExecutor.java:49)
	at org.apache.ibatis.executor.BaseExecutor.update(BaseExecutor.java:117)
	at org.apache.ibatis.executor.CachingExecutor.update(CachingExecutor.java:76)
	at org.apache.ibatis.session.defaults.DefaultSqlSession.update(DefaultSqlSession.java:198)
	... 62 more
Caused by: java.sql.SQLRecoverableException: ���Ͽ��� ���� �����Ͱ� �����ϴ�
	at oracle.jdbc.driver.T4CMAREngine.unmarshalUB1(T4CMAREngine.java:1157)
	at oracle.jdbc.driver.T4C8TTIpro.receive(T4C8TTIpro.java:129)
	at oracle.jdbc.driver.T4CConnection.connect(T4CConnection.java:1162)
	at oracle.jdbc.driver.T4CConnection.logon(T4CConnection.java:340)
	at oracle.jdbc.driver.PhysicalConnection.&lt;init&gt;(PhysicalConnection.java:553)
	at oracle.jdbc.driver.T4CConnection.&lt;init&gt;(T4CConnection.java:254)
	at oracle.jdbc.driver.T4CDriverExtension.getConnection(T4CDriverExtension.java:32)
	at oracle.jdbc.driver.OracleDriver.connect(OracleDriver.java:528)
	at net.sf.log4jdbc.sql.jdbcapi.DriverSpy.connect(DriverSpy.java:399)
	at java.sql.DriverManager.getConnection(DriverManager.java:664)
	at java.sql.DriverManager.getConnection(DriverManager.java:208)
	at org.springframework.jdbc.datasource.DriverManagerDataSource.getConnectionFromDriverManager(DriverManagerDataSource.java:153)
	at org.springframework.jdbc.datasource.DriverManagerDataSource.getConnectionFromDriver(DriverManagerDataSource.java:144)
	at org.springframework.jdbc.datasource.AbstractDriverBasedDataSource.getConnectionFromDriver(AbstractDriverBasedDataSource.java:196)
	at org.springframework.jdbc.datasource.AbstractDriverBasedDataSource.getConnection(AbstractDriverBasedDataSource.java:159)
	at org.springframework.jdbc.datasource.DataSourceUtils.doGetConnection(DataSourceUtils.java:111)
	at org.springframework.jdbc.datasource.DataSourceUtils.getConnection(DataSourceUtils.java:77)
	... 70 more
</system-out>
  </testcase>
  <testcase classname="com.pro.alarm.service.TestSrchJobSch" name="test1209_srchJobSch_orderByCustId" time="0.251">
    <error message="nested exception is org.apache.ibatis.exceptions.PersistenceException: 
### Error updating database.  Cause: org.springframework.jdbc.CannotGetJdbcConnectionException: Could not get JDBC Connection; nested exception is java.sql.SQLRecoverableException: 소켓에서 읽을 데이터가 없습니다
### Cause: org.springframework.jdbc.CannotGetJdbcConnectionException: Could not get JDBC Connection; nested exception is java.sql.SQLRecoverableException: 소켓에서 읽을 데이터가 없습니다" type="org.mybatis.spring.MyBatisSystemException">org.mybatis.spring.MyBatisSystemException: nested exception is org.apache.ibatis.exceptions.PersistenceException: 
### Error updating database.  Cause: org.springframework.jdbc.CannotGetJdbcConnectionException: Could not get JDBC Connection; nested exception is java.sql.SQLRecoverableException: 소켓에서 읽을 데이터가 없습니다
### Cause: org.springframework.jdbc.CannotGetJdbcConnectionException: Could not get JDBC Connection; nested exception is java.sql.SQLRecoverableException: 소켓에서 읽을 데이터가 없습니다
	at org.mybatis.spring.MyBatisExceptionTranslator.translateExceptionIfPossible(MyBatisExceptionTranslator.java:79)
	at org.mybatis.spring.SqlSessionTemplate$SqlSessionInterceptor.invoke(SqlSessionTemplate.java:447)
	at com.sun.proxy.$Proxy28.delete(Unknown Source)
	at org.mybatis.spring.SqlSessionTemplate.delete(SqlSessionTemplate.java:311)
	at org.apache.ibatis.binding.MapperMethod.execute(MapperMethod.java:67)
	at org.apache.ibatis.binding.MapperProxy.invoke(MapperProxy.java:59)
	at com.sun.proxy.$Proxy43.delJobSch(Unknown Source)
	at com.pro.alarm.dao.AlarmDaoImpl.delJobSch(AlarmDaoImpl.java:64)
	at com.pro.alarm.service.TestSrchJobSch.afterTransaction(TestSrchJobSch.java:270)
	at sun.reflect.GeneratedMethodAccessor52.invoke(Unknown Source)
	at sun.reflect.DelegatingMethodAccessorImpl.invoke(DelegatingMethodAccessorImpl.java:43)
	at java.lang.reflect.Method.invoke(Method.java:497)
	at org.springframework.test.context.transaction.TransactionalTestExecutionListener.runAfterTransactionMethods(TransactionalTestExecutionListener.java:283)
	at org.springframework.test.context.transaction.TransactionalTestExecutionListener.afterTestMethod(TransactionalTestExecutionListener.java:231)
	at org.springframework.test.context.TestContextManager.afterTestMethod(TestContextManager.java:319)
	at org.springframework.test.context.junit4.statements.RunAfterTestMethodCallbacks.evaluate(RunAfterTestMethodCallbacks.java:94)
	at org.junit.rules.ExpectedException$ExpectedExceptionStatement.evaluate(ExpectedException.java:239)
	at org.junit.rules.RunRules.evaluate(RunRules.java:20)
	at org.springframework.test.context.junit4.statements.SpringRepeat.evaluate(SpringRepeat.java:84)
	at org.junit.runners.ParentRunner.runLeaf(ParentRunner.java:325)
	at org.springframework.test.context.junit4.SpringJUnit4ClassRunner.runChild(SpringJUnit4ClassRunner.java:252)
	at org.springframework.test.context.junit4.SpringJUnit4ClassRunner.runChild(SpringJUnit4ClassRunner.java:94)
	at org.junit.runners.ParentRunner$3.run(ParentRunner.java:290)
	at org.junit.runners.ParentRunner$1.schedule(ParentRunner.java:71)
	at org.junit.runners.ParentRunner.runChildren(ParentRunner.java:288)
	at org.junit.runners.ParentRunner.access$000(ParentRunner.java:58)
	at org.junit.runners.ParentRunner$2.evaluate(ParentRunner.java:268)
	at org.springframework.test.context.junit4.statements.RunBeforeTestClassCallbacks.evaluate(RunBeforeTestClassCallbacks.java:61)
	at org.springframework.test.context.junit4.statements.RunAfterTestClassCallbacks.evaluate(RunAfterTestClassCallbacks.java:70)
	at org.junit.runners.ParentRunner.run(ParentRunner.java:363)
	at org.springframework.test.context.junit4.SpringJUnit4ClassRunner.run(SpringJUnit4ClassRunner.java:191)
	at org.junit.runners.Suite.runChild(Suite.java:128)
	at org.junit.runners.Suite.runChild(Suite.java:27)
	at org.junit.runners.ParentRunner$3.run(ParentRunner.java:290)
	at org.junit.runners.ParentRunner$1.schedule(ParentRunner.java:71)
	at org.junit.runners.ParentRunner.runChildren(ParentRunner.java:288)
	at org.junit.runners.ParentRunner.access$000(ParentRunner.java:58)
	at org.junit.runners.ParentRunner$2.evaluate(ParentRunner.java:268)
	at org.junit.runners.ParentRunner.run(ParentRunner.java:363)
	at org.junit.runners.Suite.runChild(Suite.java:128)
	at org.junit.runners.Suite.runChild(Suite.java:27)
	at org.junit.runners.ParentRunner$3.run(ParentRunner.java:290)
	at org.junit.runners.ParentRunner$1.schedule(ParentRunner.java:71)
	at org.junit.runners.ParentRunner.runChildren(ParentRunner.java:288)
	at org.junit.runners.ParentRunner.access$000(ParentRunner.java:58)
	at org.junit.runners.ParentRunner$2.evaluate(ParentRunner.java:268)
	at org.junit.runners.ParentRunner.run(ParentRunner.java:363)
	at org.apache.maven.surefire.junit4.JUnit4Provider.execute(JUnit4Provider.java:252)
	at org.apache.maven.surefire.junit4.JUnit4Provider.executeTestSet(JUnit4Provider.java:141)
	at org.apache.maven.surefire.junit4.JUnit4Provider.invoke(JUnit4Provider.java:112)
	at sun.reflect.NativeMethodAccessorImpl.invoke0(Native Method)
	at sun.reflect.NativeMethodAccessorImpl.invoke(NativeMethodAccessorImpl.java:62)
	at sun.reflect.DelegatingMethodAccessorImpl.invoke(DelegatingMethodAccessorImpl.java:43)
	at java.lang.reflect.Method.invoke(Method.java:497)
	at org.apache.maven.surefire.util.ReflectionUtils.invokeMethodWithArray(ReflectionUtils.java:189)
	at org.apache.maven.surefire.booter.ProviderFactory$ProviderProxy.invoke(ProviderFactory.java:165)
	at org.apache.maven.surefire.booter.ProviderFactory.invokeProvider(ProviderFactory.java:85)
	at org.apache.maven.surefire.booter.ForkedBooter.runSuitesInProcess(ForkedBooter.java:115)
	at org.apache.maven.surefire.booter.ForkedBooter.main(ForkedBooter.java:75)
Caused by: org.apache.ibatis.exceptions.PersistenceException: 
### Error updating database.  Cause: org.springframework.jdbc.CannotGetJdbcConnectionException: Could not get JDBC Connection; nested exception is java.sql.SQLRecoverableException: 소켓에서 읽을 데이터가 없습니다
### Cause: org.springframework.jdbc.CannotGetJdbcConnectionException: Could not get JDBC Connection; nested exception is java.sql.SQLRecoverableException: 소켓에서 읽을 데이터가 없습니다
	at org.apache.ibatis.exceptions.ExceptionFactory.wrapException(ExceptionFactory.java:30)
	at org.apache.ibatis.session.defaults.DefaultSqlSession.update(DefaultSqlSession.java:200)
	at org.apache.ibatis.session.defaults.DefaultSqlSession.delete(DefaultSqlSession.java:213)
	at sun.reflect.GeneratedMethodAccessor53.invoke(Unknown Source)
	at sun.reflect.DelegatingMethodAccessorImpl.invoke(DelegatingMethodAccessorImpl.java:43)
	at java.lang.reflect.Method.invoke(Method.java:497)
	at org.mybatis.spring.SqlSessionTemplate$SqlSessionInterceptor.invoke(SqlSessionTemplate.java:434)
	... 57 more
Caused by: org.springframework.jdbc.CannotGetJdbcConnectionException: Could not get JDBC Connection; nested exception is java.sql.SQLRecoverableException: 소켓에서 읽을 데이터가 없습니다
	at org.springframework.jdbc.datasource.DataSourceUtils.getConnection(DataSourceUtils.java:80)
	at org.mybatis.spring.transaction.SpringManagedTransaction.openConnection(SpringManagedTransaction.java:84)
	at org.mybatis.spring.transaction.SpringManagedTransaction.getConnection(SpringManagedTransaction.java:70)
	at org.apache.ibatis.executor.BaseExecutor.getConnection(BaseExecutor.java:336)
	at org.apache.ibatis.executor.SimpleExecutor.prepareStatement(SimpleExecutor.java:84)
	at org.apache.ibatis.executor.SimpleExecutor.doUpdate(SimpleExecutor.java:49)
	at org.apache.ibatis.executor.BaseExecutor.update(BaseExecutor.java:117)
	at org.apache.ibatis.executor.CachingExecutor.update(CachingExecutor.java:76)
	at org.apache.ibatis.session.defaults.DefaultSqlSession.update(DefaultSqlSession.java:198)
	... 62 more
Caused by: java.sql.SQLRecoverableException: 소켓에서 읽을 데이터가 없습니다
	at oracle.jdbc.driver.T4CMAREngine.unmarshalUB1(T4CMAREngine.java:1157)
	at oracle.jdbc.driver.T4C8TTIpro.receive(T4C8TTIpro.java:129)
	at oracle.jdbc.driver.T4CConnection.connect(T4CConnection.java:1162)
	at oracle.jdbc.driver.T4CConnection.logon(T4CConnection.java:340)
	at oracle.jdbc.driver.PhysicalConnection.&lt;init&gt;(PhysicalConnection.java:553)
	at oracle.jdbc.driver.T4CConnection.&lt;init&gt;(T4CConnection.java:254)
	at oracle.jdbc.driver.T4CDriverExtension.getConnection(T4CDriverExtension.java:32)
	at oracle.jdbc.driver.OracleDriver.connect(OracleDriver.java:528)
	at net.sf.log4jdbc.sql.jdbcapi.DriverSpy.connect(DriverSpy.java:399)
	at java.sql.DriverManager.getConnection(DriverManager.java:664)
	at java.sql.DriverManager.getConnection(DriverManager.java:208)
	at org.springframework.jdbc.datasource.DriverManagerDataSource.getConnectionFromDriverManager(DriverManagerDataSource.java:153)
	at org.springframework.jdbc.datasource.DriverManagerDataSource.getConnectionFromDriver(DriverManagerDataSource.java:144)
	at org.springframework.jdbc.datasource.AbstractDriverBasedDataSource.getConnectionFromDriver(AbstractDriverBasedDataSource.java:196)
	at org.springframework.jdbc.datasource.AbstractDriverBasedDataSource.getConnection(AbstractDriverBasedDataSource.java:159)
	at org.springframework.jdbc.datasource.DataSourceUtils.doGetConnection(DataSourceUtils.java:111)
	at org.springframework.jdbc.datasource.DataSourceUtils.getConnection(DataSourceUtils.java:77)
	... 70 more
</error>
  </testcase>
  <testcase classname="com.pro.alarm.service.TestSrchJobSch" name="test1210_srchJobSch_orderBySetTm" time="0.151">
    <error message="nested exception is org.apache.ibatis.executor.ExecutorException: Error selecting key or setting result to parameter object. Cause: org.springframework.jdbc.CannotGetJdbcConnectionException: Could not get JDBC Connection; nested exception is java.sql.SQLRecoverableException: 소켓에서 읽을 데이터가 없습니다" type="org.mybatis.spring.MyBatisSystemException">org.mybatis.spring.MyBatisSystemException: nested exception is org.apache.ibatis.executor.ExecutorException: Error selecting key or setting result to parameter object. Cause: org.springframework.jdbc.CannotGetJdbcConnectionException: Could not get JDBC Connection; nested exception is java.sql.SQLRecoverableException: 소켓에서 읽을 데이터가 없습니다
	at org.mybatis.spring.MyBatisExceptionTranslator.translateExceptionIfPossible(MyBatisExceptionTranslator.java:79)
	at org.mybatis.spring.SqlSessionTemplate$SqlSessionInterceptor.invoke(SqlSessionTemplate.java:447)
	at com.sun.proxy.$Proxy28.insert(Unknown Source)
	at org.mybatis.spring.SqlSessionTemplate.insert(SqlSessionTemplate.java:279)
	at org.apache.ibatis.binding.MapperMethod.execute(MapperMethod.java:57)
	at org.apache.ibatis.binding.MapperProxy.invoke(MapperProxy.java:59)
	at com.sun.proxy.$Proxy43.insJobSch(Unknown Source)
	at com.pro.alarm.dao.AlarmDaoImpl.insJobSch(AlarmDaoImpl.java:52)
	at com.pro.alarm.service.TestSrchJobSch.setUp(TestSrchJobSch.java:59)
	at sun.reflect.GeneratedMethodAccessor51.invoke(Unknown Source)
	at sun.reflect.DelegatingMethodAccessorImpl.invoke(DelegatingMethodAccessorImpl.java:43)
	at java.lang.reflect.Method.invoke(Method.java:497)
	at org.springframework.test.context.transaction.TransactionalTestExecutionListener.runBeforeTransactionMethods(TransactionalTestExecutionListener.java:253)
	at org.springframework.test.context.transaction.TransactionalTestExecutionListener.beforeTestMethod(TransactionalTestExecutionListener.java:202)
	at org.springframework.test.context.TestContextManager.beforeTestMethod(TestContextManager.java:269)
	at org.springframework.test.context.junit4.statements.RunBeforeTestMethodCallbacks.evaluate(RunBeforeTestMethodCallbacks.java:74)
	at org.springframework.test.context.junit4.statements.RunAfterTestMethodCallbacks.evaluate(RunAfterTestMethodCallbacks.java:86)
	at org.junit.rules.ExpectedException$ExpectedExceptionStatement.evaluate(ExpectedException.java:239)
	at org.junit.rules.RunRules.evaluate(RunRules.java:20)
	at org.springframework.test.context.junit4.statements.SpringRepeat.evaluate(SpringRepeat.java:84)
	at org.junit.runners.ParentRunner.runLeaf(ParentRunner.java:325)
	at org.springframework.test.context.junit4.SpringJUnit4ClassRunner.runChild(SpringJUnit4ClassRunner.java:252)
	at org.springframework.test.context.junit4.SpringJUnit4ClassRunner.runChild(SpringJUnit4ClassRunner.java:94)
	at org.junit.runners.ParentRunner$3.run(ParentRunner.java:290)
	at org.junit.runners.ParentRunner$1.schedule(ParentRunner.java:71)
	at org.junit.runners.ParentRunner.runChildren(ParentRunner.java:288)
	at org.junit.runners.ParentRunner.access$000(ParentRunner.java:58)
	at org.junit.runners.ParentRunner$2.evaluate(ParentRunner.java:268)
	at org.springframework.test.context.junit4.statements.RunBeforeTestClassCallbacks.evaluate(RunBeforeTestClassCallbacks.java:61)
	at org.springframework.test.context.junit4.statements.RunAfterTestClassCallbacks.evaluate(RunAfterTestClassCallbacks.java:70)
	at org.junit.runners.ParentRunner.run(ParentRunner.java:363)
	at org.springframework.test.context.junit4.SpringJUnit4ClassRunner.run(SpringJUnit4ClassRunner.java:191)
	at org.junit.runners.Suite.runChild(Suite.java:128)
	at org.junit.runners.Suite.runChild(Suite.java:27)
	at org.junit.runners.ParentRunner$3.run(ParentRunner.java:290)
	at org.junit.runners.ParentRunner$1.schedule(ParentRunner.java:71)
	at org.junit.runners.ParentRunner.runChildren(ParentRunner.java:288)
	at org.junit.runners.ParentRunner.access$000(ParentRunner.java:58)
	at org.junit.runners.ParentRunner$2.evaluate(ParentRunner.java:268)
	at org.junit.runners.ParentRunner.run(ParentRunner.java:363)
	at org.junit.runners.Suite.runChild(Suite.java:128)
	at org.junit.runners.Suite.runChild(Suite.java:27)
	at org.junit.runners.ParentRunner$3.run(ParentRunner.java:290)
	at org.junit.runners.ParentRunner$1.schedule(ParentRunner.java:71)
	at org.junit.runners.ParentRunner.runChildren(ParentRunner.java:288)
	at org.junit.runners.ParentRunner.access$000(ParentRunner.java:58)
	at org.junit.runners.ParentRunner$2.evaluate(ParentRunner.java:268)
	at org.junit.runners.ParentRunner.run(ParentRunner.java:363)
	at org.apache.maven.surefire.junit4.JUnit4Provider.execute(JUnit4Provider.java:252)
	at org.apache.maven.surefire.junit4.JUnit4Provider.executeTestSet(JUnit4Provider.java:141)
	at org.apache.maven.surefire.junit4.JUnit4Provider.invoke(JUnit4Provider.java:112)
	at sun.reflect.NativeMethodAccessorImpl.invoke0(Native Method)
	at sun.reflect.NativeMethodAccessorImpl.invoke(NativeMethodAccessorImpl.java:62)
	at sun.reflect.DelegatingMethodAccessorImpl.invoke(DelegatingMethodAccessorImpl.java:43)
	at java.lang.reflect.Method.invoke(Method.java:497)
	at org.apache.maven.surefire.util.ReflectionUtils.invokeMethodWithArray(ReflectionUtils.java:189)
	at org.apache.maven.surefire.booter.ProviderFactory$ProviderProxy.invoke(ProviderFactory.java:165)
	at org.apache.maven.surefire.booter.ProviderFactory.invokeProvider(ProviderFactory.java:85)
	at org.apache.maven.surefire.booter.ForkedBooter.runSuitesInProcess(ForkedBooter.java:115)
	at org.apache.maven.surefire.booter.ForkedBooter.main(ForkedBooter.java:75)
Caused by: org.apache.ibatis.executor.ExecutorException: Error selecting key or setting result to parameter object. Cause: org.springframework.jdbc.CannotGetJdbcConnectionException: Could not get JDBC Connection; nested exception is java.sql.SQLRecoverableException: 소켓에서 읽을 데이터가 없습니다
	at org.apache.ibatis.executor.keygen.SelectKeyGenerator.processGeneratedKeys(SelectKeyGenerator.java:92)
	at org.apache.ibatis.executor.keygen.SelectKeyGenerator.processBefore(SelectKeyGenerator.java:47)
	at org.apache.ibatis.executor.statement.BaseStatementHandler.generateKeys(BaseStatementHandler.java:141)
	at org.apache.ibatis.executor.statement.BaseStatementHandler.&lt;init&gt;(BaseStatementHandler.java:63)
	at org.apache.ibatis.executor.statement.PreparedStatementHandler.&lt;init&gt;(PreparedStatementHandler.java:40)
	at org.apache.ibatis.executor.statement.RoutingStatementHandler.&lt;init&gt;(RoutingStatementHandler.java:46)
	at org.apache.ibatis.session.Configuration.newStatementHandler(Configuration.java:545)
	at org.apache.ibatis.executor.SimpleExecutor.doUpdate(SimpleExecutor.java:48)
	at org.apache.ibatis.executor.BaseExecutor.update(BaseExecutor.java:117)
	at org.apache.ibatis.executor.CachingExecutor.update(CachingExecutor.java:76)
	at org.apache.ibatis.session.defaults.DefaultSqlSession.update(DefaultSqlSession.java:198)
	at org.apache.ibatis.session.defaults.DefaultSqlSession.insert(DefaultSqlSession.java:185)
	at sun.reflect.GeneratedMethodAccessor48.invoke(Unknown Source)
	at sun.reflect.DelegatingMethodAccessorImpl.invoke(DelegatingMethodAccessorImpl.java:43)
	at java.lang.reflect.Method.invoke(Method.java:497)
	at org.mybatis.spring.SqlSessionTemplate$SqlSessionInterceptor.invoke(SqlSessionTemplate.java:434)
	... 58 more
Caused by: org.springframework.jdbc.CannotGetJdbcConnectionException: Could not get JDBC Connection; nested exception is java.sql.SQLRecoverableException: 소켓에서 읽을 데이터가 없습니다
	at org.springframework.jdbc.datasource.DataSourceUtils.getConnection(DataSourceUtils.java:80)
	at org.mybatis.spring.transaction.SpringManagedTransaction.openConnection(SpringManagedTransaction.java:84)
	at org.mybatis.spring.transaction.SpringManagedTransaction.getConnection(SpringManagedTransaction.java:70)
	at org.apache.ibatis.executor.BaseExecutor.getConnection(BaseExecutor.java:336)
	at org.apache.ibatis.executor.SimpleExecutor.prepareStatement(SimpleExecutor.java:84)
	at org.apache.ibatis.executor.SimpleExecutor.doQuery(SimpleExecutor.java:62)
	at org.apache.ibatis.executor.BaseExecutor.queryFromDatabase(BaseExecutor.java:324)
	at org.apache.ibatis.executor.BaseExecutor.query(BaseExecutor.java:156)
	at org.apache.ibatis.executor.CachingExecutor.query(CachingExecutor.java:109)
	at org.apache.ibatis.executor.CachingExecutor.query(CachingExecutor.java:83)
	at org.apache.ibatis.executor.keygen.SelectKeyGenerator.processGeneratedKeys(SelectKeyGenerator.java:68)
	... 73 more
Caused by: java.sql.SQLRecoverableException: 소켓에서 읽을 데이터가 없습니다
	at oracle.jdbc.driver.T4CMAREngine.unmarshalUB1(T4CMAREngine.java:1157)
	at oracle.jdbc.driver.T4C8TTIpro.receive(T4C8TTIpro.java:129)
	at oracle.jdbc.driver.T4CConnection.connect(T4CConnection.java:1162)
	at oracle.jdbc.driver.T4CConnection.logon(T4CConnection.java:340)
	at oracle.jdbc.driver.PhysicalConnection.&lt;init&gt;(PhysicalConnection.java:553)
	at oracle.jdbc.driver.T4CConnection.&lt;init&gt;(T4CConnection.java:254)
	at oracle.jdbc.driver.T4CDriverExtension.getConnection(T4CDriverExtension.java:32)
	at oracle.jdbc.driver.OracleDriver.connect(OracleDriver.java:528)
	at net.sf.log4jdbc.sql.jdbcapi.DriverSpy.connect(DriverSpy.java:399)
	at java.sql.DriverManager.getConnection(DriverManager.java:664)
	at java.sql.DriverManager.getConnection(DriverManager.java:208)
	at org.springframework.jdbc.datasource.DriverManagerDataSource.getConnectionFromDriverManager(DriverManagerDataSource.java:153)
	at org.springframework.jdbc.datasource.DriverManagerDataSource.getConnectionFromDriver(DriverManagerDataSource.java:144)
	at org.springframework.jdbc.datasource.AbstractDriverBasedDataSource.getConnectionFromDriver(AbstractDriverBasedDataSource.java:196)
	at org.springframework.jdbc.datasource.AbstractDriverBasedDataSource.getConnection(AbstractDriverBasedDataSource.java:159)
	at org.springframework.jdbc.datasource.DataSourceUtils.doGetConnection(DataSourceUtils.java:111)
	at org.springframework.jdbc.datasource.DataSourceUtils.getConnection(DataSourceUtils.java:77)
	... 83 more
</error>
    <system-out>ERROR: org.springframework.test.context.transaction.TransactionalTestExecutionListener - Exception encountered while executing @BeforeTransaction methods for test context [DefaultTestContext@ff6077 testClass = TestSrchJobSch, testInstance = com.pro.alarm.service.TestSrchJobSch@182bb90, testMethod = test1210_srchJobSch_orderBySetTm@TestSrchJobSch, testException = [null], mergedContextConfiguration = [MergedContextConfiguration@41713e testClass = TestSrchJobSch, locations = &apos;{classpath:test-context.xml}&apos;, classes = &apos;{}&apos;, contextInitializerClasses = &apos;[]&apos;, activeProfiles = &apos;{}&apos;, propertySourceLocations = &apos;{}&apos;, propertySourceProperties = &apos;{}&apos;, contextCustomizers = set[[empty]], contextLoader = &apos;org.springframework.test.context.support.DelegatingSmartContextLoader&apos;, parent = [null]]].
org.mybatis.spring.MyBatisSystemException: nested exception is org.apache.ibatis.executor.ExecutorException: Error selecting key or setting result to parameter object. Cause: org.springframework.jdbc.CannotGetJdbcConnectionException: Could not get JDBC Connection; nested exception is java.sql.SQLRecoverableException: ���Ͽ��� ���� �����Ͱ� �����ϴ�
	at org.mybatis.spring.MyBatisExceptionTranslator.translateExceptionIfPossible(MyBatisExceptionTranslator.java:79)
	at org.mybatis.spring.SqlSessionTemplate$SqlSessionInterceptor.invoke(SqlSessionTemplate.java:447)
	at com.sun.proxy.$Proxy28.insert(Unknown Source)
	at org.mybatis.spring.SqlSessionTemplate.insert(SqlSessionTemplate.java:279)
	at org.apache.ibatis.binding.MapperMethod.execute(MapperMethod.java:57)
	at org.apache.ibatis.binding.MapperProxy.invoke(MapperProxy.java:59)
	at com.sun.proxy.$Proxy43.insJobSch(Unknown Source)
	at com.pro.alarm.dao.AlarmDaoImpl.insJobSch(AlarmDaoImpl.java:52)
	at com.pro.alarm.service.TestSrchJobSch.setUp(TestSrchJobSch.java:59)
	at sun.reflect.GeneratedMethodAccessor51.invoke(Unknown Source)
	at sun.reflect.DelegatingMethodAccessorImpl.invoke(DelegatingMethodAccessorImpl.java:43)
	at java.lang.reflect.Method.invoke(Method.java:497)
	at org.springframework.test.context.transaction.TransactionalTestExecutionListener.runBeforeTransactionMethods(TransactionalTestExecutionListener.java:253)
	at org.springframework.test.context.transaction.TransactionalTestExecutionListener.beforeTestMethod(TransactionalTestExecutionListener.java:202)
	at org.springframework.test.context.TestContextManager.beforeTestMethod(TestContextManager.java:269)
	at org.springframework.test.context.junit4.statements.RunBeforeTestMethodCallbacks.evaluate(RunBeforeTestMethodCallbacks.java:74)
	at org.springframework.test.context.junit4.statements.RunAfterTestMethodCallbacks.evaluate(RunAfterTestMethodCallbacks.java:86)
	at org.junit.rules.ExpectedException$ExpectedExceptionStatement.evaluate(ExpectedException.java:239)
	at org.junit.rules.RunRules.evaluate(RunRules.java:20)
	at org.springframework.test.context.junit4.statements.SpringRepeat.evaluate(SpringRepeat.java:84)
	at org.junit.runners.ParentRunner.runLeaf(ParentRunner.java:325)
	at org.springframework.test.context.junit4.SpringJUnit4ClassRunner.runChild(SpringJUnit4ClassRunner.java:252)
	at org.springframework.test.context.junit4.SpringJUnit4ClassRunner.runChild(SpringJUnit4ClassRunner.java:94)
	at org.junit.runners.ParentRunner$3.run(ParentRunner.java:290)
	at org.junit.runners.ParentRunner$1.schedule(ParentRunner.java:71)
	at org.junit.runners.ParentRunner.runChildren(ParentRunner.java:288)
	at org.junit.runners.ParentRunner.access$000(ParentRunner.java:58)
	at org.junit.runners.ParentRunner$2.evaluate(ParentRunner.java:268)
	at org.springframework.test.context.junit4.statements.RunBeforeTestClassCallbacks.evaluate(RunBeforeTestClassCallbacks.java:61)
	at org.springframework.test.context.junit4.statements.RunAfterTestClassCallbacks.evaluate(RunAfterTestClassCallbacks.java:70)
	at org.junit.runners.ParentRunner.run(ParentRunner.java:363)
	at org.springframework.test.context.junit4.SpringJUnit4ClassRunner.run(SpringJUnit4ClassRunner.java:191)
	at org.junit.runners.Suite.runChild(Suite.java:128)
	at org.junit.runners.Suite.runChild(Suite.java:27)
	at org.junit.runners.ParentRunner$3.run(ParentRunner.java:290)
	at org.junit.runners.ParentRunner$1.schedule(ParentRunner.java:71)
	at org.junit.runners.ParentRunner.runChildren(ParentRunner.java:288)
	at org.junit.runners.ParentRunner.access$000(ParentRunner.java:58)
	at org.junit.runners.ParentRunner$2.evaluate(ParentRunner.java:268)
	at org.junit.runners.ParentRunner.run(ParentRunner.java:363)
	at org.junit.runners.Suite.runChild(Suite.java:128)
	at org.junit.runners.Suite.runChild(Suite.java:27)
	at org.junit.runners.ParentRunner$3.run(ParentRunner.java:290)
	at org.junit.runners.ParentRunner$1.schedule(ParentRunner.java:71)
	at org.junit.runners.ParentRunner.runChildren(ParentRunner.java:288)
	at org.junit.runners.ParentRunner.access$000(ParentRunner.java:58)
	at org.junit.runners.ParentRunner$2.evaluate(ParentRunner.java:268)
	at org.junit.runners.ParentRunner.run(ParentRunner.java:363)
	at org.apache.maven.surefire.junit4.JUnit4Provider.execute(JUnit4Provider.java:252)
	at org.apache.maven.surefire.junit4.JUnit4Provider.executeTestSet(JUnit4Provider.java:141)
	at org.apache.maven.surefire.junit4.JUnit4Provider.invoke(JUnit4Provider.java:112)
	at sun.reflect.NativeMethodAccessorImpl.invoke0(Native Method)
	at sun.reflect.NativeMethodAccessorImpl.invoke(NativeMethodAccessorImpl.java:62)
	at sun.reflect.DelegatingMethodAccessorImpl.invoke(DelegatingMethodAccessorImpl.java:43)
	at java.lang.reflect.Method.invoke(Method.java:497)
	at org.apache.maven.surefire.util.ReflectionUtils.invokeMethodWithArray(ReflectionUtils.java:189)
	at org.apache.maven.surefire.booter.ProviderFactory$ProviderProxy.invoke(ProviderFactory.java:165)
	at org.apache.maven.surefire.booter.ProviderFactory.invokeProvider(ProviderFactory.java:85)
	at org.apache.maven.surefire.booter.ForkedBooter.runSuitesInProcess(ForkedBooter.java:115)
	at org.apache.maven.surefire.booter.ForkedBooter.main(ForkedBooter.java:75)
Caused by: org.apache.ibatis.executor.ExecutorException: Error selecting key or setting result to parameter object. Cause: org.springframework.jdbc.CannotGetJdbcConnectionException: Could not get JDBC Connection; nested exception is java.sql.SQLRecoverableException: ���Ͽ��� ���� �����Ͱ� �����ϴ�
	at org.apache.ibatis.executor.keygen.SelectKeyGenerator.processGeneratedKeys(SelectKeyGenerator.java:92)
	at org.apache.ibatis.executor.keygen.SelectKeyGenerator.processBefore(SelectKeyGenerator.java:47)
	at org.apache.ibatis.executor.statement.BaseStatementHandler.generateKeys(BaseStatementHandler.java:141)
	at org.apache.ibatis.executor.statement.BaseStatementHandler.&lt;init&gt;(BaseStatementHandler.java:63)
	at org.apache.ibatis.executor.statement.PreparedStatementHandler.&lt;init&gt;(PreparedStatementHandler.java:40)
	at org.apache.ibatis.executor.statement.RoutingStatementHandler.&lt;init&gt;(RoutingStatementHandler.java:46)
	at org.apache.ibatis.session.Configuration.newStatementHandler(Configuration.java:545)
	at org.apache.ibatis.executor.SimpleExecutor.doUpdate(SimpleExecutor.java:48)
	at org.apache.ibatis.executor.BaseExecutor.update(BaseExecutor.java:117)
	at org.apache.ibatis.executor.CachingExecutor.update(CachingExecutor.java:76)
	at org.apache.ibatis.session.defaults.DefaultSqlSession.update(DefaultSqlSession.java:198)
	at org.apache.ibatis.session.defaults.DefaultSqlSession.insert(DefaultSqlSession.java:185)
	at sun.reflect.GeneratedMethodAccessor48.invoke(Unknown Source)
	at sun.reflect.DelegatingMethodAccessorImpl.invoke(DelegatingMethodAccessorImpl.java:43)
	at java.lang.reflect.Method.invoke(Method.java:497)
	at org.mybatis.spring.SqlSessionTemplate$SqlSessionInterceptor.invoke(SqlSessionTemplate.java:434)
	... 58 more
Caused by: org.springframework.jdbc.CannotGetJdbcConnectionException: Could not get JDBC Connection; nested exception is java.sql.SQLRecoverableException: ���Ͽ��� ���� �����Ͱ� �����ϴ�
	at org.springframework.jdbc.datasource.DataSourceUtils.getConnection(DataSourceUtils.java:80)
	at org.mybatis.spring.transaction.SpringManagedTransaction.openConnection(SpringManagedTransaction.java:84)
	at org.mybatis.spring.transaction.SpringManagedTransaction.getConnection(SpringManagedTransaction.java:70)
	at org.apache.ibatis.executor.BaseExecutor.getConnection(BaseExecutor.java:336)
	at org.apache.ibatis.executor.SimpleExecutor.prepareStatement(SimpleExecutor.java:84)
	at org.apache.ibatis.executor.SimpleExecutor.doQuery(SimpleExecutor.java:62)
	at org.apache.ibatis.executor.BaseExecutor.queryFromDatabase(BaseExecutor.java:324)
	at org.apache.ibatis.executor.BaseExecutor.query(BaseExecutor.java:156)
	at org.apache.ibatis.executor.CachingExecutor.query(CachingExecutor.java:109)
	at org.apache.ibatis.executor.CachingExecutor.query(CachingExecutor.java:83)
	at org.apache.ibatis.executor.keygen.SelectKeyGenerator.processGeneratedKeys(SelectKeyGenerator.java:68)
	... 73 more
Caused by: java.sql.SQLRecoverableException: ���Ͽ��� ���� �����Ͱ� �����ϴ�
	at oracle.jdbc.driver.T4CMAREngine.unmarshalUB1(T4CMAREngine.java:1157)
	at oracle.jdbc.driver.T4C8TTIpro.receive(T4C8TTIpro.java:129)
	at oracle.jdbc.driver.T4CConnection.connect(T4CConnection.java:1162)
	at oracle.jdbc.driver.T4CConnection.logon(T4CConnection.java:340)
	at oracle.jdbc.driver.PhysicalConnection.&lt;init&gt;(PhysicalConnection.java:553)
	at oracle.jdbc.driver.T4CConnection.&lt;init&gt;(T4CConnection.java:254)
	at oracle.jdbc.driver.T4CDriverExtension.getConnection(T4CDriverExtension.java:32)
	at oracle.jdbc.driver.OracleDriver.connect(OracleDriver.java:528)
	at net.sf.log4jdbc.sql.jdbcapi.DriverSpy.connect(DriverSpy.java:399)
	at java.sql.DriverManager.getConnection(DriverManager.java:664)
	at java.sql.DriverManager.getConnection(DriverManager.java:208)
	at org.springframework.jdbc.datasource.DriverManagerDataSource.getConnectionFromDriverManager(DriverManagerDataSource.java:153)
	at org.springframework.jdbc.datasource.DriverManagerDataSource.getConnectionFromDriver(DriverManagerDataSource.java:144)
	at org.springframework.jdbc.datasource.AbstractDriverBasedDataSource.getConnectionFromDriver(AbstractDriverBasedDataSource.java:196)
	at org.springframework.jdbc.datasource.AbstractDriverBasedDataSource.getConnection(AbstractDriverBasedDataSource.java:159)
	at org.springframework.jdbc.datasource.DataSourceUtils.doGetConnection(DataSourceUtils.java:111)
	at org.springframework.jdbc.datasource.DataSourceUtils.getConnection(DataSourceUtils.java:77)
	... 83 more
WARN : org.springframework.test.context.TestContextManager - Caught exception while allowing TestExecutionListener [org.springframework.test.context.transaction.TransactionalTestExecutionListener@100f14a] to process &apos;before&apos; execution of test method [public void com.pro.alarm.service.TestSrchJobSch.test1210_srchJobSch_orderBySetTm() throws java.lang.Exception] for test instance [com.pro.alarm.service.TestSrchJobSch@182bb90]
org.mybatis.spring.MyBatisSystemException: nested exception is org.apache.ibatis.executor.ExecutorException: Error selecting key or setting result to parameter object. Cause: org.springframework.jdbc.CannotGetJdbcConnectionException: Could not get JDBC Connection; nested exception is java.sql.SQLRecoverableException: ���Ͽ��� ���� �����Ͱ� �����ϴ�
	at org.mybatis.spring.MyBatisExceptionTranslator.translateExceptionIfPossible(MyBatisExceptionTranslator.java:79)
	at org.mybatis.spring.SqlSessionTemplate$SqlSessionInterceptor.invoke(SqlSessionTemplate.java:447)
	at com.sun.proxy.$Proxy28.insert(Unknown Source)
	at org.mybatis.spring.SqlSessionTemplate.insert(SqlSessionTemplate.java:279)
	at org.apache.ibatis.binding.MapperMethod.execute(MapperMethod.java:57)
	at org.apache.ibatis.binding.MapperProxy.invoke(MapperProxy.java:59)
	at com.sun.proxy.$Proxy43.insJobSch(Unknown Source)
	at com.pro.alarm.dao.AlarmDaoImpl.insJobSch(AlarmDaoImpl.java:52)
	at com.pro.alarm.service.TestSrchJobSch.setUp(TestSrchJobSch.java:59)
	at sun.reflect.GeneratedMethodAccessor51.invoke(Unknown Source)
	at sun.reflect.DelegatingMethodAccessorImpl.invoke(DelegatingMethodAccessorImpl.java:43)
	at java.lang.reflect.Method.invoke(Method.java:497)
	at org.springframework.test.context.transaction.TransactionalTestExecutionListener.runBeforeTransactionMethods(TransactionalTestExecutionListener.java:253)
	at org.springframework.test.context.transaction.TransactionalTestExecutionListener.beforeTestMethod(TransactionalTestExecutionListener.java:202)
	at org.springframework.test.context.TestContextManager.beforeTestMethod(TestContextManager.java:269)
	at org.springframework.test.context.junit4.statements.RunBeforeTestMethodCallbacks.evaluate(RunBeforeTestMethodCallbacks.java:74)
	at org.springframework.test.context.junit4.statements.RunAfterTestMethodCallbacks.evaluate(RunAfterTestMethodCallbacks.java:86)
	at org.junit.rules.ExpectedException$ExpectedExceptionStatement.evaluate(ExpectedException.java:239)
	at org.junit.rules.RunRules.evaluate(RunRules.java:20)
	at org.springframework.test.context.junit4.statements.SpringRepeat.evaluate(SpringRepeat.java:84)
	at org.junit.runners.ParentRunner.runLeaf(ParentRunner.java:325)
	at org.springframework.test.context.junit4.SpringJUnit4ClassRunner.runChild(SpringJUnit4ClassRunner.java:252)
	at org.springframework.test.context.junit4.SpringJUnit4ClassRunner.runChild(SpringJUnit4ClassRunner.java:94)
	at org.junit.runners.ParentRunner$3.run(ParentRunner.java:290)
	at org.junit.runners.ParentRunner$1.schedule(ParentRunner.java:71)
	at org.junit.runners.ParentRunner.runChildren(ParentRunner.java:288)
	at org.junit.runners.ParentRunner.access$000(ParentRunner.java:58)
	at org.junit.runners.ParentRunner$2.evaluate(ParentRunner.java:268)
	at org.springframework.test.context.junit4.statements.RunBeforeTestClassCallbacks.evaluate(RunBeforeTestClassCallbacks.java:61)
	at org.springframework.test.context.junit4.statements.RunAfterTestClassCallbacks.evaluate(RunAfterTestClassCallbacks.java:70)
	at org.junit.runners.ParentRunner.run(ParentRunner.java:363)
	at org.springframework.test.context.junit4.SpringJUnit4ClassRunner.run(SpringJUnit4ClassRunner.java:191)
	at org.junit.runners.Suite.runChild(Suite.java:128)
	at org.junit.runners.Suite.runChild(Suite.java:27)
	at org.junit.runners.ParentRunner$3.run(ParentRunner.java:290)
	at org.junit.runners.ParentRunner$1.schedule(ParentRunner.java:71)
	at org.junit.runners.ParentRunner.runChildren(ParentRunner.java:288)
	at org.junit.runners.ParentRunner.access$000(ParentRunner.java:58)
	at org.junit.runners.ParentRunner$2.evaluate(ParentRunner.java:268)
	at org.junit.runners.ParentRunner.run(ParentRunner.java:363)
	at org.junit.runners.Suite.runChild(Suite.java:128)
	at org.junit.runners.Suite.runChild(Suite.java:27)
	at org.junit.runners.ParentRunner$3.run(ParentRunner.java:290)
	at org.junit.runners.ParentRunner$1.schedule(ParentRunner.java:71)
	at org.junit.runners.ParentRunner.runChildren(ParentRunner.java:288)
	at org.junit.runners.ParentRunner.access$000(ParentRunner.java:58)
	at org.junit.runners.ParentRunner$2.evaluate(ParentRunner.java:268)
	at org.junit.runners.ParentRunner.run(ParentRunner.java:363)
	at org.apache.maven.surefire.junit4.JUnit4Provider.execute(JUnit4Provider.java:252)
	at org.apache.maven.surefire.junit4.JUnit4Provider.executeTestSet(JUnit4Provider.java:141)
	at org.apache.maven.surefire.junit4.JUnit4Provider.invoke(JUnit4Provider.java:112)
	at sun.reflect.NativeMethodAccessorImpl.invoke0(Native Method)
	at sun.reflect.NativeMethodAccessorImpl.invoke(NativeMethodAccessorImpl.java:62)
	at sun.reflect.DelegatingMethodAccessorImpl.invoke(DelegatingMethodAccessorImpl.java:43)
	at java.lang.reflect.Method.invoke(Method.java:497)
	at org.apache.maven.surefire.util.ReflectionUtils.invokeMethodWithArray(ReflectionUtils.java:189)
	at org.apache.maven.surefire.booter.ProviderFactory$ProviderProxy.invoke(ProviderFactory.java:165)
	at org.apache.maven.surefire.booter.ProviderFactory.invokeProvider(ProviderFactory.java:85)
	at org.apache.maven.surefire.booter.ForkedBooter.runSuitesInProcess(ForkedBooter.java:115)
	at org.apache.maven.surefire.booter.ForkedBooter.main(ForkedBooter.java:75)
Caused by: org.apache.ibatis.executor.ExecutorException: Error selecting key or setting result to parameter object. Cause: org.springframework.jdbc.CannotGetJdbcConnectionException: Could not get JDBC Connection; nested exception is java.sql.SQLRecoverableException: ���Ͽ��� ���� �����Ͱ� �����ϴ�
	at org.apache.ibatis.executor.keygen.SelectKeyGenerator.processGeneratedKeys(SelectKeyGenerator.java:92)
	at org.apache.ibatis.executor.keygen.SelectKeyGenerator.processBefore(SelectKeyGenerator.java:47)
	at org.apache.ibatis.executor.statement.BaseStatementHandler.generateKeys(BaseStatementHandler.java:141)
	at org.apache.ibatis.executor.statement.BaseStatementHandler.&lt;init&gt;(BaseStatementHandler.java:63)
	at org.apache.ibatis.executor.statement.PreparedStatementHandler.&lt;init&gt;(PreparedStatementHandler.java:40)
	at org.apache.ibatis.executor.statement.RoutingStatementHandler.&lt;init&gt;(RoutingStatementHandler.java:46)
	at org.apache.ibatis.session.Configuration.newStatementHandler(Configuration.java:545)
	at org.apache.ibatis.executor.SimpleExecutor.doUpdate(SimpleExecutor.java:48)
	at org.apache.ibatis.executor.BaseExecutor.update(BaseExecutor.java:117)
	at org.apache.ibatis.executor.CachingExecutor.update(CachingExecutor.java:76)
	at org.apache.ibatis.session.defaults.DefaultSqlSession.update(DefaultSqlSession.java:198)
	at org.apache.ibatis.session.defaults.DefaultSqlSession.insert(DefaultSqlSession.java:185)
	at sun.reflect.GeneratedMethodAccessor48.invoke(Unknown Source)
	at sun.reflect.DelegatingMethodAccessorImpl.invoke(DelegatingMethodAccessorImpl.java:43)
	at java.lang.reflect.Method.invoke(Method.java:497)
	at org.mybatis.spring.SqlSessionTemplate$SqlSessionInterceptor.invoke(SqlSessionTemplate.java:434)
	... 58 more
Caused by: org.springframework.jdbc.CannotGetJdbcConnectionException: Could not get JDBC Connection; nested exception is java.sql.SQLRecoverableException: ���Ͽ��� ���� �����Ͱ� �����ϴ�
	at org.springframework.jdbc.datasource.DataSourceUtils.getConnection(DataSourceUtils.java:80)
	at org.mybatis.spring.transaction.SpringManagedTransaction.openConnection(SpringManagedTransaction.java:84)
	at org.mybatis.spring.transaction.SpringManagedTransaction.getConnection(SpringManagedTransaction.java:70)
	at org.apache.ibatis.executor.BaseExecutor.getConnection(BaseExecutor.java:336)
	at org.apache.ibatis.executor.SimpleExecutor.prepareStatement(SimpleExecutor.java:84)
	at org.apache.ibatis.executor.SimpleExecutor.doQuery(SimpleExecutor.java:62)
	at org.apache.ibatis.executor.BaseExecutor.queryFromDatabase(BaseExecutor.java:324)
	at org.apache.ibatis.executor.BaseExecutor.query(BaseExecutor.java:156)
	at org.apache.ibatis.executor.CachingExecutor.query(CachingExecutor.java:109)
	at org.apache.ibatis.executor.CachingExecutor.query(CachingExecutor.java:83)
	at org.apache.ibatis.executor.keygen.SelectKeyGenerator.processGeneratedKeys(SelectKeyGenerator.java:68)
	... 73 more
Caused by: java.sql.SQLRecoverableException: ���Ͽ��� ���� �����Ͱ� �����ϴ�
	at oracle.jdbc.driver.T4CMAREngine.unmarshalUB1(T4CMAREngine.java:1157)
	at oracle.jdbc.driver.T4C8TTIpro.receive(T4C8TTIpro.java:129)
	at oracle.jdbc.driver.T4CConnection.connect(T4CConnection.java:1162)
	at oracle.jdbc.driver.T4CConnection.logon(T4CConnection.java:340)
	at oracle.jdbc.driver.PhysicalConnection.&lt;init&gt;(PhysicalConnection.java:553)
	at oracle.jdbc.driver.T4CConnection.&lt;init&gt;(T4CConnection.java:254)
	at oracle.jdbc.driver.T4CDriverExtension.getConnection(T4CDriverExtension.java:32)
	at oracle.jdbc.driver.OracleDriver.connect(OracleDriver.java:528)
	at net.sf.log4jdbc.sql.jdbcapi.DriverSpy.connect(DriverSpy.java:399)
	at java.sql.DriverManager.getConnection(DriverManager.java:664)
	at java.sql.DriverManager.getConnection(DriverManager.java:208)
	at org.springframework.jdbc.datasource.DriverManagerDataSource.getConnectionFromDriverManager(DriverManagerDataSource.java:153)
	at org.springframework.jdbc.datasource.DriverManagerDataSource.getConnectionFromDriver(DriverManagerDataSource.java:144)
	at org.springframework.jdbc.datasource.AbstractDriverBasedDataSource.getConnectionFromDriver(AbstractDriverBasedDataSource.java:196)
	at org.springframework.jdbc.datasource.AbstractDriverBasedDataSource.getConnection(AbstractDriverBasedDataSource.java:159)
	at org.springframework.jdbc.datasource.DataSourceUtils.doGetConnection(DataSourceUtils.java:111)
	at org.springframework.jdbc.datasource.DataSourceUtils.getConnection(DataSourceUtils.java:77)
	... 83 more
</system-out>
  </testcase>
  <testcase classname="com.pro.alarm.service.TestSrchJobSch" name="test1211_srchJobSch_orderByJobCd" time="0.172">
    <error message="nested exception is org.apache.ibatis.executor.ExecutorException: Error selecting key or setting result to parameter object. Cause: org.springframework.jdbc.CannotGetJdbcConnectionException: Could not get JDBC Connection; nested exception is java.sql.SQLRecoverableException: 소켓에서 읽을 데이터가 없습니다" type="org.mybatis.spring.MyBatisSystemException">org.mybatis.spring.MyBatisSystemException: nested exception is org.apache.ibatis.executor.ExecutorException: Error selecting key or setting result to parameter object. Cause: org.springframework.jdbc.CannotGetJdbcConnectionException: Could not get JDBC Connection; nested exception is java.sql.SQLRecoverableException: 소켓에서 읽을 데이터가 없습니다
	at org.mybatis.spring.MyBatisExceptionTranslator.translateExceptionIfPossible(MyBatisExceptionTranslator.java:79)
	at org.mybatis.spring.SqlSessionTemplate$SqlSessionInterceptor.invoke(SqlSessionTemplate.java:447)
	at com.sun.proxy.$Proxy28.insert(Unknown Source)
	at org.mybatis.spring.SqlSessionTemplate.insert(SqlSessionTemplate.java:279)
	at org.apache.ibatis.binding.MapperMethod.execute(MapperMethod.java:57)
	at org.apache.ibatis.binding.MapperProxy.invoke(MapperProxy.java:59)
	at com.sun.proxy.$Proxy43.insJobSch(Unknown Source)
	at com.pro.alarm.dao.AlarmDaoImpl.insJobSch(AlarmDaoImpl.java:52)
	at com.pro.alarm.service.TestSrchJobSch.setUp(TestSrchJobSch.java:59)
	at sun.reflect.GeneratedMethodAccessor51.invoke(Unknown Source)
	at sun.reflect.DelegatingMethodAccessorImpl.invoke(DelegatingMethodAccessorImpl.java:43)
	at java.lang.reflect.Method.invoke(Method.java:497)
	at org.springframework.test.context.transaction.TransactionalTestExecutionListener.runBeforeTransactionMethods(TransactionalTestExecutionListener.java:253)
	at org.springframework.test.context.transaction.TransactionalTestExecutionListener.beforeTestMethod(TransactionalTestExecutionListener.java:202)
	at org.springframework.test.context.TestContextManager.beforeTestMethod(TestContextManager.java:269)
	at org.springframework.test.context.junit4.statements.RunBeforeTestMethodCallbacks.evaluate(RunBeforeTestMethodCallbacks.java:74)
	at org.springframework.test.context.junit4.statements.RunAfterTestMethodCallbacks.evaluate(RunAfterTestMethodCallbacks.java:86)
	at org.junit.rules.ExpectedException$ExpectedExceptionStatement.evaluate(ExpectedException.java:239)
	at org.junit.rules.RunRules.evaluate(RunRules.java:20)
	at org.springframework.test.context.junit4.statements.SpringRepeat.evaluate(SpringRepeat.java:84)
	at org.junit.runners.ParentRunner.runLeaf(ParentRunner.java:325)
	at org.springframework.test.context.junit4.SpringJUnit4ClassRunner.runChild(SpringJUnit4ClassRunner.java:252)
	at org.springframework.test.context.junit4.SpringJUnit4ClassRunner.runChild(SpringJUnit4ClassRunner.java:94)
	at org.junit.runners.ParentRunner$3.run(ParentRunner.java:290)
	at org.junit.runners.ParentRunner$1.schedule(ParentRunner.java:71)
	at org.junit.runners.ParentRunner.runChildren(ParentRunner.java:288)
	at org.junit.runners.ParentRunner.access$000(ParentRunner.java:58)
	at org.junit.runners.ParentRunner$2.evaluate(ParentRunner.java:268)
	at org.springframework.test.context.junit4.statements.RunBeforeTestClassCallbacks.evaluate(RunBeforeTestClassCallbacks.java:61)
	at org.springframework.test.context.junit4.statements.RunAfterTestClassCallbacks.evaluate(RunAfterTestClassCallbacks.java:70)
	at org.junit.runners.ParentRunner.run(ParentRunner.java:363)
	at org.springframework.test.context.junit4.SpringJUnit4ClassRunner.run(SpringJUnit4ClassRunner.java:191)
	at org.junit.runners.Suite.runChild(Suite.java:128)
	at org.junit.runners.Suite.runChild(Suite.java:27)
	at org.junit.runners.ParentRunner$3.run(ParentRunner.java:290)
	at org.junit.runners.ParentRunner$1.schedule(ParentRunner.java:71)
	at org.junit.runners.ParentRunner.runChildren(ParentRunner.java:288)
	at org.junit.runners.ParentRunner.access$000(ParentRunner.java:58)
	at org.junit.runners.ParentRunner$2.evaluate(ParentRunner.java:268)
	at org.junit.runners.ParentRunner.run(ParentRunner.java:363)
	at org.junit.runners.Suite.runChild(Suite.java:128)
	at org.junit.runners.Suite.runChild(Suite.java:27)
	at org.junit.runners.ParentRunner$3.run(ParentRunner.java:290)
	at org.junit.runners.ParentRunner$1.schedule(ParentRunner.java:71)
	at org.junit.runners.ParentRunner.runChildren(ParentRunner.java:288)
	at org.junit.runners.ParentRunner.access$000(ParentRunner.java:58)
	at org.junit.runners.ParentRunner$2.evaluate(ParentRunner.java:268)
	at org.junit.runners.ParentRunner.run(ParentRunner.java:363)
	at org.apache.maven.surefire.junit4.JUnit4Provider.execute(JUnit4Provider.java:252)
	at org.apache.maven.surefire.junit4.JUnit4Provider.executeTestSet(JUnit4Provider.java:141)
	at org.apache.maven.surefire.junit4.JUnit4Provider.invoke(JUnit4Provider.java:112)
	at sun.reflect.NativeMethodAccessorImpl.invoke0(Native Method)
	at sun.reflect.NativeMethodAccessorImpl.invoke(NativeMethodAccessorImpl.java:62)
	at sun.reflect.DelegatingMethodAccessorImpl.invoke(DelegatingMethodAccessorImpl.java:43)
	at java.lang.reflect.Method.invoke(Method.java:497)
	at org.apache.maven.surefire.util.ReflectionUtils.invokeMethodWithArray(ReflectionUtils.java:189)
	at org.apache.maven.surefire.booter.ProviderFactory$ProviderProxy.invoke(ProviderFactory.java:165)
	at org.apache.maven.surefire.booter.ProviderFactory.invokeProvider(ProviderFactory.java:85)
	at org.apache.maven.surefire.booter.ForkedBooter.runSuitesInProcess(ForkedBooter.java:115)
	at org.apache.maven.surefire.booter.ForkedBooter.main(ForkedBooter.java:75)
Caused by: org.apache.ibatis.executor.ExecutorException: Error selecting key or setting result to parameter object. Cause: org.springframework.jdbc.CannotGetJdbcConnectionException: Could not get JDBC Connection; nested exception is java.sql.SQLRecoverableException: 소켓에서 읽을 데이터가 없습니다
	at org.apache.ibatis.executor.keygen.SelectKeyGenerator.processGeneratedKeys(SelectKeyGenerator.java:92)
	at org.apache.ibatis.executor.keygen.SelectKeyGenerator.processBefore(SelectKeyGenerator.java:47)
	at org.apache.ibatis.executor.statement.BaseStatementHandler.generateKeys(BaseStatementHandler.java:141)
	at org.apache.ibatis.executor.statement.BaseStatementHandler.&lt;init&gt;(BaseStatementHandler.java:63)
	at org.apache.ibatis.executor.statement.PreparedStatementHandler.&lt;init&gt;(PreparedStatementHandler.java:40)
	at org.apache.ibatis.executor.statement.RoutingStatementHandler.&lt;init&gt;(RoutingStatementHandler.java:46)
	at org.apache.ibatis.session.Configuration.newStatementHandler(Configuration.java:545)
	at org.apache.ibatis.executor.SimpleExecutor.doUpdate(SimpleExecutor.java:48)
	at org.apache.ibatis.executor.BaseExecutor.update(BaseExecutor.java:117)
	at org.apache.ibatis.executor.CachingExecutor.update(CachingExecutor.java:76)
	at org.apache.ibatis.session.defaults.DefaultSqlSession.update(DefaultSqlSession.java:198)
	at org.apache.ibatis.session.defaults.DefaultSqlSession.insert(DefaultSqlSession.java:185)
	at sun.reflect.GeneratedMethodAccessor48.invoke(Unknown Source)
	at sun.reflect.DelegatingMethodAccessorImpl.invoke(DelegatingMethodAccessorImpl.java:43)
	at java.lang.reflect.Method.invoke(Method.java:497)
	at org.mybatis.spring.SqlSessionTemplate$SqlSessionInterceptor.invoke(SqlSessionTemplate.java:434)
	... 58 more
Caused by: org.springframework.jdbc.CannotGetJdbcConnectionException: Could not get JDBC Connection; nested exception is java.sql.SQLRecoverableException: 소켓에서 읽을 데이터가 없습니다
	at org.springframework.jdbc.datasource.DataSourceUtils.getConnection(DataSourceUtils.java:80)
	at org.mybatis.spring.transaction.SpringManagedTransaction.openConnection(SpringManagedTransaction.java:84)
	at org.mybatis.spring.transaction.SpringManagedTransaction.getConnection(SpringManagedTransaction.java:70)
	at org.apache.ibatis.executor.BaseExecutor.getConnection(BaseExecutor.java:336)
	at org.apache.ibatis.executor.SimpleExecutor.prepareStatement(SimpleExecutor.java:84)
	at org.apache.ibatis.executor.SimpleExecutor.doQuery(SimpleExecutor.java:62)
	at org.apache.ibatis.executor.BaseExecutor.queryFromDatabase(BaseExecutor.java:324)
	at org.apache.ibatis.executor.BaseExecutor.query(BaseExecutor.java:156)
	at org.apache.ibatis.executor.CachingExecutor.query(CachingExecutor.java:109)
	at org.apache.ibatis.executor.CachingExecutor.query(CachingExecutor.java:83)
	at org.apache.ibatis.executor.keygen.SelectKeyGenerator.processGeneratedKeys(SelectKeyGenerator.java:68)
	... 73 more
Caused by: java.sql.SQLRecoverableException: 소켓에서 읽을 데이터가 없습니다
	at oracle.jdbc.driver.T4CMAREngine.unmarshalUB1(T4CMAREngine.java:1157)
	at oracle.jdbc.driver.T4C8TTIpro.receive(T4C8TTIpro.java:129)
	at oracle.jdbc.driver.T4CConnection.connect(T4CConnection.java:1162)
	at oracle.jdbc.driver.T4CConnection.logon(T4CConnection.java:340)
	at oracle.jdbc.driver.PhysicalConnection.&lt;init&gt;(PhysicalConnection.java:553)
	at oracle.jdbc.driver.T4CConnection.&lt;init&gt;(T4CConnection.java:254)
	at oracle.jdbc.driver.T4CDriverExtension.getConnection(T4CDriverExtension.java:32)
	at oracle.jdbc.driver.OracleDriver.connect(OracleDriver.java:528)
	at net.sf.log4jdbc.sql.jdbcapi.DriverSpy.connect(DriverSpy.java:399)
	at java.sql.DriverManager.getConnection(DriverManager.java:664)
	at java.sql.DriverManager.getConnection(DriverManager.java:208)
	at org.springframework.jdbc.datasource.DriverManagerDataSource.getConnectionFromDriverManager(DriverManagerDataSource.java:153)
	at org.springframework.jdbc.datasource.DriverManagerDataSource.getConnectionFromDriver(DriverManagerDataSource.java:144)
	at org.springframework.jdbc.datasource.AbstractDriverBasedDataSource.getConnectionFromDriver(AbstractDriverBasedDataSource.java:196)
	at org.springframework.jdbc.datasource.AbstractDriverBasedDataSource.getConnection(AbstractDriverBasedDataSource.java:159)
	at org.springframework.jdbc.datasource.DataSourceUtils.doGetConnection(DataSourceUtils.java:111)
	at org.springframework.jdbc.datasource.DataSourceUtils.getConnection(DataSourceUtils.java:77)
	... 83 more
</error>
    <system-out>ERROR: org.springframework.test.context.transaction.TransactionalTestExecutionListener - Exception encountered while executing @BeforeTransaction methods for test context [DefaultTestContext@ff6077 testClass = TestSrchJobSch, testInstance = com.pro.alarm.service.TestSrchJobSch@1ee18dc, testMethod = test1211_srchJobSch_orderByJobCd@TestSrchJobSch, testException = [null], mergedContextConfiguration = [MergedContextConfiguration@41713e testClass = TestSrchJobSch, locations = &apos;{classpath:test-context.xml}&apos;, classes = &apos;{}&apos;, contextInitializerClasses = &apos;[]&apos;, activeProfiles = &apos;{}&apos;, propertySourceLocations = &apos;{}&apos;, propertySourceProperties = &apos;{}&apos;, contextCustomizers = set[[empty]], contextLoader = &apos;org.springframework.test.context.support.DelegatingSmartContextLoader&apos;, parent = [null]]].
org.mybatis.spring.MyBatisSystemException: nested exception is org.apache.ibatis.executor.ExecutorException: Error selecting key or setting result to parameter object. Cause: org.springframework.jdbc.CannotGetJdbcConnectionException: Could not get JDBC Connection; nested exception is java.sql.SQLRecoverableException: ���Ͽ��� ���� �����Ͱ� �����ϴ�
	at org.mybatis.spring.MyBatisExceptionTranslator.translateExceptionIfPossible(MyBatisExceptionTranslator.java:79)
	at org.mybatis.spring.SqlSessionTemplate$SqlSessionInterceptor.invoke(SqlSessionTemplate.java:447)
	at com.sun.proxy.$Proxy28.insert(Unknown Source)
	at org.mybatis.spring.SqlSessionTemplate.insert(SqlSessionTemplate.java:279)
	at org.apache.ibatis.binding.MapperMethod.execute(MapperMethod.java:57)
	at org.apache.ibatis.binding.MapperProxy.invoke(MapperProxy.java:59)
	at com.sun.proxy.$Proxy43.insJobSch(Unknown Source)
	at com.pro.alarm.dao.AlarmDaoImpl.insJobSch(AlarmDaoImpl.java:52)
	at com.pro.alarm.service.TestSrchJobSch.setUp(TestSrchJobSch.java:59)
	at sun.reflect.GeneratedMethodAccessor51.invoke(Unknown Source)
	at sun.reflect.DelegatingMethodAccessorImpl.invoke(DelegatingMethodAccessorImpl.java:43)
	at java.lang.reflect.Method.invoke(Method.java:497)
	at org.springframework.test.context.transaction.TransactionalTestExecutionListener.runBeforeTransactionMethods(TransactionalTestExecutionListener.java:253)
	at org.springframework.test.context.transaction.TransactionalTestExecutionListener.beforeTestMethod(TransactionalTestExecutionListener.java:202)
	at org.springframework.test.context.TestContextManager.beforeTestMethod(TestContextManager.java:269)
	at org.springframework.test.context.junit4.statements.RunBeforeTestMethodCallbacks.evaluate(RunBeforeTestMethodCallbacks.java:74)
	at org.springframework.test.context.junit4.statements.RunAfterTestMethodCallbacks.evaluate(RunAfterTestMethodCallbacks.java:86)
	at org.junit.rules.ExpectedException$ExpectedExceptionStatement.evaluate(ExpectedException.java:239)
	at org.junit.rules.RunRules.evaluate(RunRules.java:20)
	at org.springframework.test.context.junit4.statements.SpringRepeat.evaluate(SpringRepeat.java:84)
	at org.junit.runners.ParentRunner.runLeaf(ParentRunner.java:325)
	at org.springframework.test.context.junit4.SpringJUnit4ClassRunner.runChild(SpringJUnit4ClassRunner.java:252)
	at org.springframework.test.context.junit4.SpringJUnit4ClassRunner.runChild(SpringJUnit4ClassRunner.java:94)
	at org.junit.runners.ParentRunner$3.run(ParentRunner.java:290)
	at org.junit.runners.ParentRunner$1.schedule(ParentRunner.java:71)
	at org.junit.runners.ParentRunner.runChildren(ParentRunner.java:288)
	at org.junit.runners.ParentRunner.access$000(ParentRunner.java:58)
	at org.junit.runners.ParentRunner$2.evaluate(ParentRunner.java:268)
	at org.springframework.test.context.junit4.statements.RunBeforeTestClassCallbacks.evaluate(RunBeforeTestClassCallbacks.java:61)
	at org.springframework.test.context.junit4.statements.RunAfterTestClassCallbacks.evaluate(RunAfterTestClassCallbacks.java:70)
	at org.junit.runners.ParentRunner.run(ParentRunner.java:363)
	at org.springframework.test.context.junit4.SpringJUnit4ClassRunner.run(SpringJUnit4ClassRunner.java:191)
	at org.junit.runners.Suite.runChild(Suite.java:128)
	at org.junit.runners.Suite.runChild(Suite.java:27)
	at org.junit.runners.ParentRunner$3.run(ParentRunner.java:290)
	at org.junit.runners.ParentRunner$1.schedule(ParentRunner.java:71)
	at org.junit.runners.ParentRunner.runChildren(ParentRunner.java:288)
	at org.junit.runners.ParentRunner.access$000(ParentRunner.java:58)
	at org.junit.runners.ParentRunner$2.evaluate(ParentRunner.java:268)
	at org.junit.runners.ParentRunner.run(ParentRunner.java:363)
	at org.junit.runners.Suite.runChild(Suite.java:128)
	at org.junit.runners.Suite.runChild(Suite.java:27)
	at org.junit.runners.ParentRunner$3.run(ParentRunner.java:290)
	at org.junit.runners.ParentRunner$1.schedule(ParentRunner.java:71)
	at org.junit.runners.ParentRunner.runChildren(ParentRunner.java:288)
	at org.junit.runners.ParentRunner.access$000(ParentRunner.java:58)
	at org.junit.runners.ParentRunner$2.evaluate(ParentRunner.java:268)
	at org.junit.runners.ParentRunner.run(ParentRunner.java:363)
	at org.apache.maven.surefire.junit4.JUnit4Provider.execute(JUnit4Provider.java:252)
	at org.apache.maven.surefire.junit4.JUnit4Provider.executeTestSet(JUnit4Provider.java:141)
	at org.apache.maven.surefire.junit4.JUnit4Provider.invoke(JUnit4Provider.java:112)
	at sun.reflect.NativeMethodAccessorImpl.invoke0(Native Method)
	at sun.reflect.NativeMethodAccessorImpl.invoke(NativeMethodAccessorImpl.java:62)
	at sun.reflect.DelegatingMethodAccessorImpl.invoke(DelegatingMethodAccessorImpl.java:43)
	at java.lang.reflect.Method.invoke(Method.java:497)
	at org.apache.maven.surefire.util.ReflectionUtils.invokeMethodWithArray(ReflectionUtils.java:189)
	at org.apache.maven.surefire.booter.ProviderFactory$ProviderProxy.invoke(ProviderFactory.java:165)
	at org.apache.maven.surefire.booter.ProviderFactory.invokeProvider(ProviderFactory.java:85)
	at org.apache.maven.surefire.booter.ForkedBooter.runSuitesInProcess(ForkedBooter.java:115)
	at org.apache.maven.surefire.booter.ForkedBooter.main(ForkedBooter.java:75)
Caused by: org.apache.ibatis.executor.ExecutorException: Error selecting key or setting result to parameter object. Cause: org.springframework.jdbc.CannotGetJdbcConnectionException: Could not get JDBC Connection; nested exception is java.sql.SQLRecoverableException: ���Ͽ��� ���� �����Ͱ� �����ϴ�
	at org.apache.ibatis.executor.keygen.SelectKeyGenerator.processGeneratedKeys(SelectKeyGenerator.java:92)
	at org.apache.ibatis.executor.keygen.SelectKeyGenerator.processBefore(SelectKeyGenerator.java:47)
	at org.apache.ibatis.executor.statement.BaseStatementHandler.generateKeys(BaseStatementHandler.java:141)
	at org.apache.ibatis.executor.statement.BaseStatementHandler.&lt;init&gt;(BaseStatementHandler.java:63)
	at org.apache.ibatis.executor.statement.PreparedStatementHandler.&lt;init&gt;(PreparedStatementHandler.java:40)
	at org.apache.ibatis.executor.statement.RoutingStatementHandler.&lt;init&gt;(RoutingStatementHandler.java:46)
	at org.apache.ibatis.session.Configuration.newStatementHandler(Configuration.java:545)
	at org.apache.ibatis.executor.SimpleExecutor.doUpdate(SimpleExecutor.java:48)
	at org.apache.ibatis.executor.BaseExecutor.update(BaseExecutor.java:117)
	at org.apache.ibatis.executor.CachingExecutor.update(CachingExecutor.java:76)
	at org.apache.ibatis.session.defaults.DefaultSqlSession.update(DefaultSqlSession.java:198)
	at org.apache.ibatis.session.defaults.DefaultSqlSession.insert(DefaultSqlSession.java:185)
	at sun.reflect.GeneratedMethodAccessor48.invoke(Unknown Source)
	at sun.reflect.DelegatingMethodAccessorImpl.invoke(DelegatingMethodAccessorImpl.java:43)
	at java.lang.reflect.Method.invoke(Method.java:497)
	at org.mybatis.spring.SqlSessionTemplate$SqlSessionInterceptor.invoke(SqlSessionTemplate.java:434)
	... 58 more
Caused by: org.springframework.jdbc.CannotGetJdbcConnectionException: Could not get JDBC Connection; nested exception is java.sql.SQLRecoverableException: ���Ͽ��� ���� �����Ͱ� �����ϴ�
	at org.springframework.jdbc.datasource.DataSourceUtils.getConnection(DataSourceUtils.java:80)
	at org.mybatis.spring.transaction.SpringManagedTransaction.openConnection(SpringManagedTransaction.java:84)
	at org.mybatis.spring.transaction.SpringManagedTransaction.getConnection(SpringManagedTransaction.java:70)
	at org.apache.ibatis.executor.BaseExecutor.getConnection(BaseExecutor.java:336)
	at org.apache.ibatis.executor.SimpleExecutor.prepareStatement(SimpleExecutor.java:84)
	at org.apache.ibatis.executor.SimpleExecutor.doQuery(SimpleExecutor.java:62)
	at org.apache.ibatis.executor.BaseExecutor.queryFromDatabase(BaseExecutor.java:324)
	at org.apache.ibatis.executor.BaseExecutor.query(BaseExecutor.java:156)
	at org.apache.ibatis.executor.CachingExecutor.query(CachingExecutor.java:109)
	at org.apache.ibatis.executor.CachingExecutor.query(CachingExecutor.java:83)
	at org.apache.ibatis.executor.keygen.SelectKeyGenerator.processGeneratedKeys(SelectKeyGenerator.java:68)
	... 73 more
Caused by: java.sql.SQLRecoverableException: ���Ͽ��� ���� �����Ͱ� �����ϴ�
	at oracle.jdbc.driver.T4CMAREngine.unmarshalUB1(T4CMAREngine.java:1157)
	at oracle.jdbc.driver.T4C8TTIpro.receive(T4C8TTIpro.java:129)
	at oracle.jdbc.driver.T4CConnection.connect(T4CConnection.java:1162)
	at oracle.jdbc.driver.T4CConnection.logon(T4CConnection.java:340)
	at oracle.jdbc.driver.PhysicalConnection.&lt;init&gt;(PhysicalConnection.java:553)
	at oracle.jdbc.driver.T4CConnection.&lt;init&gt;(T4CConnection.java:254)
	at oracle.jdbc.driver.T4CDriverExtension.getConnection(T4CDriverExtension.java:32)
	at oracle.jdbc.driver.OracleDriver.connect(OracleDriver.java:528)
	at net.sf.log4jdbc.sql.jdbcapi.DriverSpy.connect(DriverSpy.java:399)
	at java.sql.DriverManager.getConnection(DriverManager.java:664)
	at java.sql.DriverManager.getConnection(DriverManager.java:208)
	at org.springframework.jdbc.datasource.DriverManagerDataSource.getConnectionFromDriverManager(DriverManagerDataSource.java:153)
	at org.springframework.jdbc.datasource.DriverManagerDataSource.getConnectionFromDriver(DriverManagerDataSource.java:144)
	at org.springframework.jdbc.datasource.AbstractDriverBasedDataSource.getConnectionFromDriver(AbstractDriverBasedDataSource.java:196)
	at org.springframework.jdbc.datasource.AbstractDriverBasedDataSource.getConnection(AbstractDriverBasedDataSource.java:159)
	at org.springframework.jdbc.datasource.DataSourceUtils.doGetConnection(DataSourceUtils.java:111)
	at org.springframework.jdbc.datasource.DataSourceUtils.getConnection(DataSourceUtils.java:77)
	... 83 more
WARN : org.springframework.test.context.TestContextManager - Caught exception while allowing TestExecutionListener [org.springframework.test.context.transaction.TransactionalTestExecutionListener@100f14a] to process &apos;before&apos; execution of test method [public void com.pro.alarm.service.TestSrchJobSch.test1211_srchJobSch_orderByJobCd() throws java.lang.Exception] for test instance [com.pro.alarm.service.TestSrchJobSch@1ee18dc]
org.mybatis.spring.MyBatisSystemException: nested exception is org.apache.ibatis.executor.ExecutorException: Error selecting key or setting result to parameter object. Cause: org.springframework.jdbc.CannotGetJdbcConnectionException: Could not get JDBC Connection; nested exception is java.sql.SQLRecoverableException: ���Ͽ��� ���� �����Ͱ� �����ϴ�
	at org.mybatis.spring.MyBatisExceptionTranslator.translateExceptionIfPossible(MyBatisExceptionTranslator.java:79)
	at org.mybatis.spring.SqlSessionTemplate$SqlSessionInterceptor.invoke(SqlSessionTemplate.java:447)
	at com.sun.proxy.$Proxy28.insert(Unknown Source)
	at org.mybatis.spring.SqlSessionTemplate.insert(SqlSessionTemplate.java:279)
	at org.apache.ibatis.binding.MapperMethod.execute(MapperMethod.java:57)
	at org.apache.ibatis.binding.MapperProxy.invoke(MapperProxy.java:59)
	at com.sun.proxy.$Proxy43.insJobSch(Unknown Source)
	at com.pro.alarm.dao.AlarmDaoImpl.insJobSch(AlarmDaoImpl.java:52)
	at com.pro.alarm.service.TestSrchJobSch.setUp(TestSrchJobSch.java:59)
	at sun.reflect.GeneratedMethodAccessor51.invoke(Unknown Source)
	at sun.reflect.DelegatingMethodAccessorImpl.invoke(DelegatingMethodAccessorImpl.java:43)
	at java.lang.reflect.Method.invoke(Method.java:497)
	at org.springframework.test.context.transaction.TransactionalTestExecutionListener.runBeforeTransactionMethods(TransactionalTestExecutionListener.java:253)
	at org.springframework.test.context.transaction.TransactionalTestExecutionListener.beforeTestMethod(TransactionalTestExecutionListener.java:202)
	at org.springframework.test.context.TestContextManager.beforeTestMethod(TestContextManager.java:269)
	at org.springframework.test.context.junit4.statements.RunBeforeTestMethodCallbacks.evaluate(RunBeforeTestMethodCallbacks.java:74)
	at org.springframework.test.context.junit4.statements.RunAfterTestMethodCallbacks.evaluate(RunAfterTestMethodCallbacks.java:86)
	at org.junit.rules.ExpectedException$ExpectedExceptionStatement.evaluate(ExpectedException.java:239)
	at org.junit.rules.RunRules.evaluate(RunRules.java:20)
	at org.springframework.test.context.junit4.statements.SpringRepeat.evaluate(SpringRepeat.java:84)
	at org.junit.runners.ParentRunner.runLeaf(ParentRunner.java:325)
	at org.springframework.test.context.junit4.SpringJUnit4ClassRunner.runChild(SpringJUnit4ClassRunner.java:252)
	at org.springframework.test.context.junit4.SpringJUnit4ClassRunner.runChild(SpringJUnit4ClassRunner.java:94)
	at org.junit.runners.ParentRunner$3.run(ParentRunner.java:290)
	at org.junit.runners.ParentRunner$1.schedule(ParentRunner.java:71)
	at org.junit.runners.ParentRunner.runChildren(ParentRunner.java:288)
	at org.junit.runners.ParentRunner.access$000(ParentRunner.java:58)
	at org.junit.runners.ParentRunner$2.evaluate(ParentRunner.java:268)
	at org.springframework.test.context.junit4.statements.RunBeforeTestClassCallbacks.evaluate(RunBeforeTestClassCallbacks.java:61)
	at org.springframework.test.context.junit4.statements.RunAfterTestClassCallbacks.evaluate(RunAfterTestClassCallbacks.java:70)
	at org.junit.runners.ParentRunner.run(ParentRunner.java:363)
	at org.springframework.test.context.junit4.SpringJUnit4ClassRunner.run(SpringJUnit4ClassRunner.java:191)
	at org.junit.runners.Suite.runChild(Suite.java:128)
	at org.junit.runners.Suite.runChild(Suite.java:27)
	at org.junit.runners.ParentRunner$3.run(ParentRunner.java:290)
	at org.junit.runners.ParentRunner$1.schedule(ParentRunner.java:71)
	at org.junit.runners.ParentRunner.runChildren(ParentRunner.java:288)
	at org.junit.runners.ParentRunner.access$000(ParentRunner.java:58)
	at org.junit.runners.ParentRunner$2.evaluate(ParentRunner.java:268)
	at org.junit.runners.ParentRunner.run(ParentRunner.java:363)
	at org.junit.runners.Suite.runChild(Suite.java:128)
	at org.junit.runners.Suite.runChild(Suite.java:27)
	at org.junit.runners.ParentRunner$3.run(ParentRunner.java:290)
	at org.junit.runners.ParentRunner$1.schedule(ParentRunner.java:71)
	at org.junit.runners.ParentRunner.runChildren(ParentRunner.java:288)
	at org.junit.runners.ParentRunner.access$000(ParentRunner.java:58)
	at org.junit.runners.ParentRunner$2.evaluate(ParentRunner.java:268)
	at org.junit.runners.ParentRunner.run(ParentRunner.java:363)
	at org.apache.maven.surefire.junit4.JUnit4Provider.execute(JUnit4Provider.java:252)
	at org.apache.maven.surefire.junit4.JUnit4Provider.executeTestSet(JUnit4Provider.java:141)
	at org.apache.maven.surefire.junit4.JUnit4Provider.invoke(JUnit4Provider.java:112)
	at sun.reflect.NativeMethodAccessorImpl.invoke0(Native Method)
	at sun.reflect.NativeMethodAccessorImpl.invoke(NativeMethodAccessorImpl.java:62)
	at sun.reflect.DelegatingMethodAccessorImpl.invoke(DelegatingMethodAccessorImpl.java:43)
	at java.lang.reflect.Method.invoke(Method.java:497)
	at org.apache.maven.surefire.util.ReflectionUtils.invokeMethodWithArray(ReflectionUtils.java:189)
	at org.apache.maven.surefire.booter.ProviderFactory$ProviderProxy.invoke(ProviderFactory.java:165)
	at org.apache.maven.surefire.booter.ProviderFactory.invokeProvider(ProviderFactory.java:85)
	at org.apache.maven.surefire.booter.ForkedBooter.runSuitesInProcess(ForkedBooter.java:115)
	at org.apache.maven.surefire.booter.ForkedBooter.main(ForkedBooter.java:75)
Caused by: org.apache.ibatis.executor.ExecutorException: Error selecting key or setting result to parameter object. Cause: org.springframework.jdbc.CannotGetJdbcConnectionException: Could not get JDBC Connection; nested exception is java.sql.SQLRecoverableException: ���Ͽ��� ���� �����Ͱ� �����ϴ�
	at org.apache.ibatis.executor.keygen.SelectKeyGenerator.processGeneratedKeys(SelectKeyGenerator.java:92)
	at org.apache.ibatis.executor.keygen.SelectKeyGenerator.processBefore(SelectKeyGenerator.java:47)
	at org.apache.ibatis.executor.statement.BaseStatementHandler.generateKeys(BaseStatementHandler.java:141)
	at org.apache.ibatis.executor.statement.BaseStatementHandler.&lt;init&gt;(BaseStatementHandler.java:63)
	at org.apache.ibatis.executor.statement.PreparedStatementHandler.&lt;init&gt;(PreparedStatementHandler.java:40)
	at org.apache.ibatis.executor.statement.RoutingStatementHandler.&lt;init&gt;(RoutingStatementHandler.java:46)
	at org.apache.ibatis.session.Configuration.newStatementHandler(Configuration.java:545)
	at org.apache.ibatis.executor.SimpleExecutor.doUpdate(SimpleExecutor.java:48)
	at org.apache.ibatis.executor.BaseExecutor.update(BaseExecutor.java:117)
	at org.apache.ibatis.executor.CachingExecutor.update(CachingExecutor.java:76)
	at org.apache.ibatis.session.defaults.DefaultSqlSession.update(DefaultSqlSession.java:198)
	at org.apache.ibatis.session.defaults.DefaultSqlSession.insert(DefaultSqlSession.java:185)
	at sun.reflect.GeneratedMethodAccessor48.invoke(Unknown Source)
	at sun.reflect.DelegatingMethodAccessorImpl.invoke(DelegatingMethodAccessorImpl.java:43)
	at java.lang.reflect.Method.invoke(Method.java:497)
	at org.mybatis.spring.SqlSessionTemplate$SqlSessionInterceptor.invoke(SqlSessionTemplate.java:434)
	... 58 more
Caused by: org.springframework.jdbc.CannotGetJdbcConnectionException: Could not get JDBC Connection; nested exception is java.sql.SQLRecoverableException: ���Ͽ��� ���� �����Ͱ� �����ϴ�
	at org.springframework.jdbc.datasource.DataSourceUtils.getConnection(DataSourceUtils.java:80)
	at org.mybatis.spring.transaction.SpringManagedTransaction.openConnection(SpringManagedTransaction.java:84)
	at org.mybatis.spring.transaction.SpringManagedTransaction.getConnection(SpringManagedTransaction.java:70)
	at org.apache.ibatis.executor.BaseExecutor.getConnection(BaseExecutor.java:336)
	at org.apache.ibatis.executor.SimpleExecutor.prepareStatement(SimpleExecutor.java:84)
	at org.apache.ibatis.executor.SimpleExecutor.doQuery(SimpleExecutor.java:62)
	at org.apache.ibatis.executor.BaseExecutor.queryFromDatabase(BaseExecutor.java:324)
	at org.apache.ibatis.executor.BaseExecutor.query(BaseExecutor.java:156)
	at org.apache.ibatis.executor.CachingExecutor.query(CachingExecutor.java:109)
	at org.apache.ibatis.executor.CachingExecutor.query(CachingExecutor.java:83)
	at org.apache.ibatis.executor.keygen.SelectKeyGenerator.processGeneratedKeys(SelectKeyGenerator.java:68)
	... 73 more
Caused by: java.sql.SQLRecoverableException: ���Ͽ��� ���� �����Ͱ� �����ϴ�
	at oracle.jdbc.driver.T4CMAREngine.unmarshalUB1(T4CMAREngine.java:1157)
	at oracle.jdbc.driver.T4C8TTIpro.receive(T4C8TTIpro.java:129)
	at oracle.jdbc.driver.T4CConnection.connect(T4CConnection.java:1162)
	at oracle.jdbc.driver.T4CConnection.logon(T4CConnection.java:340)
	at oracle.jdbc.driver.PhysicalConnection.&lt;init&gt;(PhysicalConnection.java:553)
	at oracle.jdbc.driver.T4CConnection.&lt;init&gt;(T4CConnection.java:254)
	at oracle.jdbc.driver.T4CDriverExtension.getConnection(T4CDriverExtension.java:32)
	at oracle.jdbc.driver.OracleDriver.connect(OracleDriver.java:528)
	at net.sf.log4jdbc.sql.jdbcapi.DriverSpy.connect(DriverSpy.java:399)
	at java.sql.DriverManager.getConnection(DriverManager.java:664)
	at java.sql.DriverManager.getConnection(DriverManager.java:208)
	at org.springframework.jdbc.datasource.DriverManagerDataSource.getConnectionFromDriverManager(DriverManagerDataSource.java:153)
	at org.springframework.jdbc.datasource.DriverManagerDataSource.getConnectionFromDriver(DriverManagerDataSource.java:144)
	at org.springframework.jdbc.datasource.AbstractDriverBasedDataSource.getConnectionFromDriver(AbstractDriverBasedDataSource.java:196)
	at org.springframework.jdbc.datasource.AbstractDriverBasedDataSource.getConnection(AbstractDriverBasedDataSource.java:159)
	at org.springframework.jdbc.datasource.DataSourceUtils.doGetConnection(DataSourceUtils.java:111)
	at org.springframework.jdbc.datasource.DataSourceUtils.getConnection(DataSourceUtils.java:77)
	... 83 more
</system-out>
  </testcase>
  <testcase classname="com.pro.alarm.service.TestSrchJobSch" name="test1212_srchJobSch_orderByChkYn" time="0.156">
    <error message="nested exception is org.apache.ibatis.executor.ExecutorException: Error selecting key or setting result to parameter object. Cause: org.springframework.jdbc.CannotGetJdbcConnectionException: Could not get JDBC Connection; nested exception is java.sql.SQLRecoverableException: 소켓에서 읽을 데이터가 없습니다" type="org.mybatis.spring.MyBatisSystemException">org.mybatis.spring.MyBatisSystemException: nested exception is org.apache.ibatis.executor.ExecutorException: Error selecting key or setting result to parameter object. Cause: org.springframework.jdbc.CannotGetJdbcConnectionException: Could not get JDBC Connection; nested exception is java.sql.SQLRecoverableException: 소켓에서 읽을 데이터가 없습니다
	at org.mybatis.spring.MyBatisExceptionTranslator.translateExceptionIfPossible(MyBatisExceptionTranslator.java:79)
	at org.mybatis.spring.SqlSessionTemplate$SqlSessionInterceptor.invoke(SqlSessionTemplate.java:447)
	at com.sun.proxy.$Proxy28.insert(Unknown Source)
	at org.mybatis.spring.SqlSessionTemplate.insert(SqlSessionTemplate.java:279)
	at org.apache.ibatis.binding.MapperMethod.execute(MapperMethod.java:57)
	at org.apache.ibatis.binding.MapperProxy.invoke(MapperProxy.java:59)
	at com.sun.proxy.$Proxy43.insJobSch(Unknown Source)
	at com.pro.alarm.dao.AlarmDaoImpl.insJobSch(AlarmDaoImpl.java:52)
	at com.pro.alarm.service.TestSrchJobSch.setUp(TestSrchJobSch.java:59)
	at sun.reflect.GeneratedMethodAccessor51.invoke(Unknown Source)
	at sun.reflect.DelegatingMethodAccessorImpl.invoke(DelegatingMethodAccessorImpl.java:43)
	at java.lang.reflect.Method.invoke(Method.java:497)
	at org.springframework.test.context.transaction.TransactionalTestExecutionListener.runBeforeTransactionMethods(TransactionalTestExecutionListener.java:253)
	at org.springframework.test.context.transaction.TransactionalTestExecutionListener.beforeTestMethod(TransactionalTestExecutionListener.java:202)
	at org.springframework.test.context.TestContextManager.beforeTestMethod(TestContextManager.java:269)
	at org.springframework.test.context.junit4.statements.RunBeforeTestMethodCallbacks.evaluate(RunBeforeTestMethodCallbacks.java:74)
	at org.springframework.test.context.junit4.statements.RunAfterTestMethodCallbacks.evaluate(RunAfterTestMethodCallbacks.java:86)
	at org.junit.rules.ExpectedException$ExpectedExceptionStatement.evaluate(ExpectedException.java:239)
	at org.junit.rules.RunRules.evaluate(RunRules.java:20)
	at org.springframework.test.context.junit4.statements.SpringRepeat.evaluate(SpringRepeat.java:84)
	at org.junit.runners.ParentRunner.runLeaf(ParentRunner.java:325)
	at org.springframework.test.context.junit4.SpringJUnit4ClassRunner.runChild(SpringJUnit4ClassRunner.java:252)
	at org.springframework.test.context.junit4.SpringJUnit4ClassRunner.runChild(SpringJUnit4ClassRunner.java:94)
	at org.junit.runners.ParentRunner$3.run(ParentRunner.java:290)
	at org.junit.runners.ParentRunner$1.schedule(ParentRunner.java:71)
	at org.junit.runners.ParentRunner.runChildren(ParentRunner.java:288)
	at org.junit.runners.ParentRunner.access$000(ParentRunner.java:58)
	at org.junit.runners.ParentRunner$2.evaluate(ParentRunner.java:268)
	at org.springframework.test.context.junit4.statements.RunBeforeTestClassCallbacks.evaluate(RunBeforeTestClassCallbacks.java:61)
	at org.springframework.test.context.junit4.statements.RunAfterTestClassCallbacks.evaluate(RunAfterTestClassCallbacks.java:70)
	at org.junit.runners.ParentRunner.run(ParentRunner.java:363)
	at org.springframework.test.context.junit4.SpringJUnit4ClassRunner.run(SpringJUnit4ClassRunner.java:191)
	at org.junit.runners.Suite.runChild(Suite.java:128)
	at org.junit.runners.Suite.runChild(Suite.java:27)
	at org.junit.runners.ParentRunner$3.run(ParentRunner.java:290)
	at org.junit.runners.ParentRunner$1.schedule(ParentRunner.java:71)
	at org.junit.runners.ParentRunner.runChildren(ParentRunner.java:288)
	at org.junit.runners.ParentRunner.access$000(ParentRunner.java:58)
	at org.junit.runners.ParentRunner$2.evaluate(ParentRunner.java:268)
	at org.junit.runners.ParentRunner.run(ParentRunner.java:363)
	at org.junit.runners.Suite.runChild(Suite.java:128)
	at org.junit.runners.Suite.runChild(Suite.java:27)
	at org.junit.runners.ParentRunner$3.run(ParentRunner.java:290)
	at org.junit.runners.ParentRunner$1.schedule(ParentRunner.java:71)
	at org.junit.runners.ParentRunner.runChildren(ParentRunner.java:288)
	at org.junit.runners.ParentRunner.access$000(ParentRunner.java:58)
	at org.junit.runners.ParentRunner$2.evaluate(ParentRunner.java:268)
	at org.junit.runners.ParentRunner.run(ParentRunner.java:363)
	at org.apache.maven.surefire.junit4.JUnit4Provider.execute(JUnit4Provider.java:252)
	at org.apache.maven.surefire.junit4.JUnit4Provider.executeTestSet(JUnit4Provider.java:141)
	at org.apache.maven.surefire.junit4.JUnit4Provider.invoke(JUnit4Provider.java:112)
	at sun.reflect.NativeMethodAccessorImpl.invoke0(Native Method)
	at sun.reflect.NativeMethodAccessorImpl.invoke(NativeMethodAccessorImpl.java:62)
	at sun.reflect.DelegatingMethodAccessorImpl.invoke(DelegatingMethodAccessorImpl.java:43)
	at java.lang.reflect.Method.invoke(Method.java:497)
	at org.apache.maven.surefire.util.ReflectionUtils.invokeMethodWithArray(ReflectionUtils.java:189)
	at org.apache.maven.surefire.booter.ProviderFactory$ProviderProxy.invoke(ProviderFactory.java:165)
	at org.apache.maven.surefire.booter.ProviderFactory.invokeProvider(ProviderFactory.java:85)
	at org.apache.maven.surefire.booter.ForkedBooter.runSuitesInProcess(ForkedBooter.java:115)
	at org.apache.maven.surefire.booter.ForkedBooter.main(ForkedBooter.java:75)
Caused by: org.apache.ibatis.executor.ExecutorException: Error selecting key or setting result to parameter object. Cause: org.springframework.jdbc.CannotGetJdbcConnectionException: Could not get JDBC Connection; nested exception is java.sql.SQLRecoverableException: 소켓에서 읽을 데이터가 없습니다
	at org.apache.ibatis.executor.keygen.SelectKeyGenerator.processGeneratedKeys(SelectKeyGenerator.java:92)
	at org.apache.ibatis.executor.keygen.SelectKeyGenerator.processBefore(SelectKeyGenerator.java:47)
	at org.apache.ibatis.executor.statement.BaseStatementHandler.generateKeys(BaseStatementHandler.java:141)
	at org.apache.ibatis.executor.statement.BaseStatementHandler.&lt;init&gt;(BaseStatementHandler.java:63)
	at org.apache.ibatis.executor.statement.PreparedStatementHandler.&lt;init&gt;(PreparedStatementHandler.java:40)
	at org.apache.ibatis.executor.statement.RoutingStatementHandler.&lt;init&gt;(RoutingStatementHandler.java:46)
	at org.apache.ibatis.session.Configuration.newStatementHandler(Configuration.java:545)
	at org.apache.ibatis.executor.SimpleExecutor.doUpdate(SimpleExecutor.java:48)
	at org.apache.ibatis.executor.BaseExecutor.update(BaseExecutor.java:117)
	at org.apache.ibatis.executor.CachingExecutor.update(CachingExecutor.java:76)
	at org.apache.ibatis.session.defaults.DefaultSqlSession.update(DefaultSqlSession.java:198)
	at org.apache.ibatis.session.defaults.DefaultSqlSession.insert(DefaultSqlSession.java:185)
	at sun.reflect.GeneratedMethodAccessor48.invoke(Unknown Source)
	at sun.reflect.DelegatingMethodAccessorImpl.invoke(DelegatingMethodAccessorImpl.java:43)
	at java.lang.reflect.Method.invoke(Method.java:497)
	at org.mybatis.spring.SqlSessionTemplate$SqlSessionInterceptor.invoke(SqlSessionTemplate.java:434)
	... 58 more
Caused by: org.springframework.jdbc.CannotGetJdbcConnectionException: Could not get JDBC Connection; nested exception is java.sql.SQLRecoverableException: 소켓에서 읽을 데이터가 없습니다
	at org.springframework.jdbc.datasource.DataSourceUtils.getConnection(DataSourceUtils.java:80)
	at org.mybatis.spring.transaction.SpringManagedTransaction.openConnection(SpringManagedTransaction.java:84)
	at org.mybatis.spring.transaction.SpringManagedTransaction.getConnection(SpringManagedTransaction.java:70)
	at org.apache.ibatis.executor.BaseExecutor.getConnection(BaseExecutor.java:336)
	at org.apache.ibatis.executor.SimpleExecutor.prepareStatement(SimpleExecutor.java:84)
	at org.apache.ibatis.executor.SimpleExecutor.doQuery(SimpleExecutor.java:62)
	at org.apache.ibatis.executor.BaseExecutor.queryFromDatabase(BaseExecutor.java:324)
	at org.apache.ibatis.executor.BaseExecutor.query(BaseExecutor.java:156)
	at org.apache.ibatis.executor.CachingExecutor.query(CachingExecutor.java:109)
	at org.apache.ibatis.executor.CachingExecutor.query(CachingExecutor.java:83)
	at org.apache.ibatis.executor.keygen.SelectKeyGenerator.processGeneratedKeys(SelectKeyGenerator.java:68)
	... 73 more
Caused by: java.sql.SQLRecoverableException: 소켓에서 읽을 데이터가 없습니다
	at oracle.jdbc.driver.T4CMAREngine.unmarshalUB1(T4CMAREngine.java:1157)
	at oracle.jdbc.driver.T4C8TTIpro.receive(T4C8TTIpro.java:129)
	at oracle.jdbc.driver.T4CConnection.connect(T4CConnection.java:1162)
	at oracle.jdbc.driver.T4CConnection.logon(T4CConnection.java:340)
	at oracle.jdbc.driver.PhysicalConnection.&lt;init&gt;(PhysicalConnection.java:553)
	at oracle.jdbc.driver.T4CConnection.&lt;init&gt;(T4CConnection.java:254)
	at oracle.jdbc.driver.T4CDriverExtension.getConnection(T4CDriverExtension.java:32)
	at oracle.jdbc.driver.OracleDriver.connect(OracleDriver.java:528)
	at net.sf.log4jdbc.sql.jdbcapi.DriverSpy.connect(DriverSpy.java:399)
	at java.sql.DriverManager.getConnection(DriverManager.java:664)
	at java.sql.DriverManager.getConnection(DriverManager.java:208)
	at org.springframework.jdbc.datasource.DriverManagerDataSource.getConnectionFromDriverManager(DriverManagerDataSource.java:153)
	at org.springframework.jdbc.datasource.DriverManagerDataSource.getConnectionFromDriver(DriverManagerDataSource.java:144)
	at org.springframework.jdbc.datasource.AbstractDriverBasedDataSource.getConnectionFromDriver(AbstractDriverBasedDataSource.java:196)
	at org.springframework.jdbc.datasource.AbstractDriverBasedDataSource.getConnection(AbstractDriverBasedDataSource.java:159)
	at org.springframework.jdbc.datasource.DataSourceUtils.doGetConnection(DataSourceUtils.java:111)
	at org.springframework.jdbc.datasource.DataSourceUtils.getConnection(DataSourceUtils.java:77)
	... 83 more
</error>
    <system-out>ERROR: org.springframework.test.context.transaction.TransactionalTestExecutionListener - Exception encountered while executing @BeforeTransaction methods for test context [DefaultTestContext@ff6077 testClass = TestSrchJobSch, testInstance = com.pro.alarm.service.TestSrchJobSch@9543a6, testMethod = test1212_srchJobSch_orderByChkYn@TestSrchJobSch, testException = [null], mergedContextConfiguration = [MergedContextConfiguration@41713e testClass = TestSrchJobSch, locations = &apos;{classpath:test-context.xml}&apos;, classes = &apos;{}&apos;, contextInitializerClasses = &apos;[]&apos;, activeProfiles = &apos;{}&apos;, propertySourceLocations = &apos;{}&apos;, propertySourceProperties = &apos;{}&apos;, contextCustomizers = set[[empty]], contextLoader = &apos;org.springframework.test.context.support.DelegatingSmartContextLoader&apos;, parent = [null]]].
org.mybatis.spring.MyBatisSystemException: nested exception is org.apache.ibatis.executor.ExecutorException: Error selecting key or setting result to parameter object. Cause: org.springframework.jdbc.CannotGetJdbcConnectionException: Could not get JDBC Connection; nested exception is java.sql.SQLRecoverableException: ���Ͽ��� ���� �����Ͱ� �����ϴ�
	at org.mybatis.spring.MyBatisExceptionTranslator.translateExceptionIfPossible(MyBatisExceptionTranslator.java:79)
	at org.mybatis.spring.SqlSessionTemplate$SqlSessionInterceptor.invoke(SqlSessionTemplate.java:447)
	at com.sun.proxy.$Proxy28.insert(Unknown Source)
	at org.mybatis.spring.SqlSessionTemplate.insert(SqlSessionTemplate.java:279)
	at org.apache.ibatis.binding.MapperMethod.execute(MapperMethod.java:57)
	at org.apache.ibatis.binding.MapperProxy.invoke(MapperProxy.java:59)
	at com.sun.proxy.$Proxy43.insJobSch(Unknown Source)
	at com.pro.alarm.dao.AlarmDaoImpl.insJobSch(AlarmDaoImpl.java:52)
	at com.pro.alarm.service.TestSrchJobSch.setUp(TestSrchJobSch.java:59)
	at sun.reflect.GeneratedMethodAccessor51.invoke(Unknown Source)
	at sun.reflect.DelegatingMethodAccessorImpl.invoke(DelegatingMethodAccessorImpl.java:43)
	at java.lang.reflect.Method.invoke(Method.java:497)
	at org.springframework.test.context.transaction.TransactionalTestExecutionListener.runBeforeTransactionMethods(TransactionalTestExecutionListener.java:253)
	at org.springframework.test.context.transaction.TransactionalTestExecutionListener.beforeTestMethod(TransactionalTestExecutionListener.java:202)
	at org.springframework.test.context.TestContextManager.beforeTestMethod(TestContextManager.java:269)
	at org.springframework.test.context.junit4.statements.RunBeforeTestMethodCallbacks.evaluate(RunBeforeTestMethodCallbacks.java:74)
	at org.springframework.test.context.junit4.statements.RunAfterTestMethodCallbacks.evaluate(RunAfterTestMethodCallbacks.java:86)
	at org.junit.rules.ExpectedException$ExpectedExceptionStatement.evaluate(ExpectedException.java:239)
	at org.junit.rules.RunRules.evaluate(RunRules.java:20)
	at org.springframework.test.context.junit4.statements.SpringRepeat.evaluate(SpringRepeat.java:84)
	at org.junit.runners.ParentRunner.runLeaf(ParentRunner.java:325)
	at org.springframework.test.context.junit4.SpringJUnit4ClassRunner.runChild(SpringJUnit4ClassRunner.java:252)
	at org.springframework.test.context.junit4.SpringJUnit4ClassRunner.runChild(SpringJUnit4ClassRunner.java:94)
	at org.junit.runners.ParentRunner$3.run(ParentRunner.java:290)
	at org.junit.runners.ParentRunner$1.schedule(ParentRunner.java:71)
	at org.junit.runners.ParentRunner.runChildren(ParentRunner.java:288)
	at org.junit.runners.ParentRunner.access$000(ParentRunner.java:58)
	at org.junit.runners.ParentRunner$2.evaluate(ParentRunner.java:268)
	at org.springframework.test.context.junit4.statements.RunBeforeTestClassCallbacks.evaluate(RunBeforeTestClassCallbacks.java:61)
	at org.springframework.test.context.junit4.statements.RunAfterTestClassCallbacks.evaluate(RunAfterTestClassCallbacks.java:70)
	at org.junit.runners.ParentRunner.run(ParentRunner.java:363)
	at org.springframework.test.context.junit4.SpringJUnit4ClassRunner.run(SpringJUnit4ClassRunner.java:191)
	at org.junit.runners.Suite.runChild(Suite.java:128)
	at org.junit.runners.Suite.runChild(Suite.java:27)
	at org.junit.runners.ParentRunner$3.run(ParentRunner.java:290)
	at org.junit.runners.ParentRunner$1.schedule(ParentRunner.java:71)
	at org.junit.runners.ParentRunner.runChildren(ParentRunner.java:288)
	at org.junit.runners.ParentRunner.access$000(ParentRunner.java:58)
	at org.junit.runners.ParentRunner$2.evaluate(ParentRunner.java:268)
	at org.junit.runners.ParentRunner.run(ParentRunner.java:363)
	at org.junit.runners.Suite.runChild(Suite.java:128)
	at org.junit.runners.Suite.runChild(Suite.java:27)
	at org.junit.runners.ParentRunner$3.run(ParentRunner.java:290)
	at org.junit.runners.ParentRunner$1.schedule(ParentRunner.java:71)
	at org.junit.runners.ParentRunner.runChildren(ParentRunner.java:288)
	at org.junit.runners.ParentRunner.access$000(ParentRunner.java:58)
	at org.junit.runners.ParentRunner$2.evaluate(ParentRunner.java:268)
	at org.junit.runners.ParentRunner.run(ParentRunner.java:363)
	at org.apache.maven.surefire.junit4.JUnit4Provider.execute(JUnit4Provider.java:252)
	at org.apache.maven.surefire.junit4.JUnit4Provider.executeTestSet(JUnit4Provider.java:141)
	at org.apache.maven.surefire.junit4.JUnit4Provider.invoke(JUnit4Provider.java:112)
	at sun.reflect.NativeMethodAccessorImpl.invoke0(Native Method)
	at sun.reflect.NativeMethodAccessorImpl.invoke(NativeMethodAccessorImpl.java:62)
	at sun.reflect.DelegatingMethodAccessorImpl.invoke(DelegatingMethodAccessorImpl.java:43)
	at java.lang.reflect.Method.invoke(Method.java:497)
	at org.apache.maven.surefire.util.ReflectionUtils.invokeMethodWithArray(ReflectionUtils.java:189)
	at org.apache.maven.surefire.booter.ProviderFactory$ProviderProxy.invoke(ProviderFactory.java:165)
	at org.apache.maven.surefire.booter.ProviderFactory.invokeProvider(ProviderFactory.java:85)
	at org.apache.maven.surefire.booter.ForkedBooter.runSuitesInProcess(ForkedBooter.java:115)
	at org.apache.maven.surefire.booter.ForkedBooter.main(ForkedBooter.java:75)
Caused by: org.apache.ibatis.executor.ExecutorException: Error selecting key or setting result to parameter object. Cause: org.springframework.jdbc.CannotGetJdbcConnectionException: Could not get JDBC Connection; nested exception is java.sql.SQLRecoverableException: ���Ͽ��� ���� �����Ͱ� �����ϴ�
	at org.apache.ibatis.executor.keygen.SelectKeyGenerator.processGeneratedKeys(SelectKeyGenerator.java:92)
	at org.apache.ibatis.executor.keygen.SelectKeyGenerator.processBefore(SelectKeyGenerator.java:47)
	at org.apache.ibatis.executor.statement.BaseStatementHandler.generateKeys(BaseStatementHandler.java:141)
	at org.apache.ibatis.executor.statement.BaseStatementHandler.&lt;init&gt;(BaseStatementHandler.java:63)
	at org.apache.ibatis.executor.statement.PreparedStatementHandler.&lt;init&gt;(PreparedStatementHandler.java:40)
	at org.apache.ibatis.executor.statement.RoutingStatementHandler.&lt;init&gt;(RoutingStatementHandler.java:46)
	at org.apache.ibatis.session.Configuration.newStatementHandler(Configuration.java:545)
	at org.apache.ibatis.executor.SimpleExecutor.doUpdate(SimpleExecutor.java:48)
	at org.apache.ibatis.executor.BaseExecutor.update(BaseExecutor.java:117)
	at org.apache.ibatis.executor.CachingExecutor.update(CachingExecutor.java:76)
	at org.apache.ibatis.session.defaults.DefaultSqlSession.update(DefaultSqlSession.java:198)
	at org.apache.ibatis.session.defaults.DefaultSqlSession.insert(DefaultSqlSession.java:185)
	at sun.reflect.GeneratedMethodAccessor48.invoke(Unknown Source)
	at sun.reflect.DelegatingMethodAccessorImpl.invoke(DelegatingMethodAccessorImpl.java:43)
	at java.lang.reflect.Method.invoke(Method.java:497)
	at org.mybatis.spring.SqlSessionTemplate$SqlSessionInterceptor.invoke(SqlSessionTemplate.java:434)
	... 58 more
Caused by: org.springframework.jdbc.CannotGetJdbcConnectionException: Could not get JDBC Connection; nested exception is java.sql.SQLRecoverableException: ���Ͽ��� ���� �����Ͱ� �����ϴ�
	at org.springframework.jdbc.datasource.DataSourceUtils.getConnection(DataSourceUtils.java:80)
	at org.mybatis.spring.transaction.SpringManagedTransaction.openConnection(SpringManagedTransaction.java:84)
	at org.mybatis.spring.transaction.SpringManagedTransaction.getConnection(SpringManagedTransaction.java:70)
	at org.apache.ibatis.executor.BaseExecutor.getConnection(BaseExecutor.java:336)
	at org.apache.ibatis.executor.SimpleExecutor.prepareStatement(SimpleExecutor.java:84)
	at org.apache.ibatis.executor.SimpleExecutor.doQuery(SimpleExecutor.java:62)
	at org.apache.ibatis.executor.BaseExecutor.queryFromDatabase(BaseExecutor.java:324)
	at org.apache.ibatis.executor.BaseExecutor.query(BaseExecutor.java:156)
	at org.apache.ibatis.executor.CachingExecutor.query(CachingExecutor.java:109)
	at org.apache.ibatis.executor.CachingExecutor.query(CachingExecutor.java:83)
	at org.apache.ibatis.executor.keygen.SelectKeyGenerator.processGeneratedKeys(SelectKeyGenerator.java:68)
	... 73 more
Caused by: java.sql.SQLRecoverableException: ���Ͽ��� ���� �����Ͱ� �����ϴ�
	at oracle.jdbc.driver.T4CMAREngine.unmarshalUB1(T4CMAREngine.java:1157)
	at oracle.jdbc.driver.T4C8TTIpro.receive(T4C8TTIpro.java:129)
	at oracle.jdbc.driver.T4CConnection.connect(T4CConnection.java:1162)
	at oracle.jdbc.driver.T4CConnection.logon(T4CConnection.java:340)
	at oracle.jdbc.driver.PhysicalConnection.&lt;init&gt;(PhysicalConnection.java:553)
	at oracle.jdbc.driver.T4CConnection.&lt;init&gt;(T4CConnection.java:254)
	at oracle.jdbc.driver.T4CDriverExtension.getConnection(T4CDriverExtension.java:32)
	at oracle.jdbc.driver.OracleDriver.connect(OracleDriver.java:528)
	at net.sf.log4jdbc.sql.jdbcapi.DriverSpy.connect(DriverSpy.java:399)
	at java.sql.DriverManager.getConnection(DriverManager.java:664)
	at java.sql.DriverManager.getConnection(DriverManager.java:208)
	at org.springframework.jdbc.datasource.DriverManagerDataSource.getConnectionFromDriverManager(DriverManagerDataSource.java:153)
	at org.springframework.jdbc.datasource.DriverManagerDataSource.getConnectionFromDriver(DriverManagerDataSource.java:144)
	at org.springframework.jdbc.datasource.AbstractDriverBasedDataSource.getConnectionFromDriver(AbstractDriverBasedDataSource.java:196)
	at org.springframework.jdbc.datasource.AbstractDriverBasedDataSource.getConnection(AbstractDriverBasedDataSource.java:159)
	at org.springframework.jdbc.datasource.DataSourceUtils.doGetConnection(DataSourceUtils.java:111)
	at org.springframework.jdbc.datasource.DataSourceUtils.getConnection(DataSourceUtils.java:77)
	... 83 more
WARN : org.springframework.test.context.TestContextManager - Caught exception while allowing TestExecutionListener [org.springframework.test.context.transaction.TransactionalTestExecutionListener@100f14a] to process &apos;before&apos; execution of test method [public void com.pro.alarm.service.TestSrchJobSch.test1212_srchJobSch_orderByChkYn() throws java.lang.Exception] for test instance [com.pro.alarm.service.TestSrchJobSch@9543a6]
org.mybatis.spring.MyBatisSystemException: nested exception is org.apache.ibatis.executor.ExecutorException: Error selecting key or setting result to parameter object. Cause: org.springframework.jdbc.CannotGetJdbcConnectionException: Could not get JDBC Connection; nested exception is java.sql.SQLRecoverableException: ���Ͽ��� ���� �����Ͱ� �����ϴ�
	at org.mybatis.spring.MyBatisExceptionTranslator.translateExceptionIfPossible(MyBatisExceptionTranslator.java:79)
	at org.mybatis.spring.SqlSessionTemplate$SqlSessionInterceptor.invoke(SqlSessionTemplate.java:447)
	at com.sun.proxy.$Proxy28.insert(Unknown Source)
	at org.mybatis.spring.SqlSessionTemplate.insert(SqlSessionTemplate.java:279)
	at org.apache.ibatis.binding.MapperMethod.execute(MapperMethod.java:57)
	at org.apache.ibatis.binding.MapperProxy.invoke(MapperProxy.java:59)
	at com.sun.proxy.$Proxy43.insJobSch(Unknown Source)
	at com.pro.alarm.dao.AlarmDaoImpl.insJobSch(AlarmDaoImpl.java:52)
	at com.pro.alarm.service.TestSrchJobSch.setUp(TestSrchJobSch.java:59)
	at sun.reflect.GeneratedMethodAccessor51.invoke(Unknown Source)
	at sun.reflect.DelegatingMethodAccessorImpl.invoke(DelegatingMethodAccessorImpl.java:43)
	at java.lang.reflect.Method.invoke(Method.java:497)
	at org.springframework.test.context.transaction.TransactionalTestExecutionListener.runBeforeTransactionMethods(TransactionalTestExecutionListener.java:253)
	at org.springframework.test.context.transaction.TransactionalTestExecutionListener.beforeTestMethod(TransactionalTestExecutionListener.java:202)
	at org.springframework.test.context.TestContextManager.beforeTestMethod(TestContextManager.java:269)
	at org.springframework.test.context.junit4.statements.RunBeforeTestMethodCallbacks.evaluate(RunBeforeTestMethodCallbacks.java:74)
	at org.springframework.test.context.junit4.statements.RunAfterTestMethodCallbacks.evaluate(RunAfterTestMethodCallbacks.java:86)
	at org.junit.rules.ExpectedException$ExpectedExceptionStatement.evaluate(ExpectedException.java:239)
	at org.junit.rules.RunRules.evaluate(RunRules.java:20)
	at org.springframework.test.context.junit4.statements.SpringRepeat.evaluate(SpringRepeat.java:84)
	at org.junit.runners.ParentRunner.runLeaf(ParentRunner.java:325)
	at org.springframework.test.context.junit4.SpringJUnit4ClassRunner.runChild(SpringJUnit4ClassRunner.java:252)
	at org.springframework.test.context.junit4.SpringJUnit4ClassRunner.runChild(SpringJUnit4ClassRunner.java:94)
	at org.junit.runners.ParentRunner$3.run(ParentRunner.java:290)
	at org.junit.runners.ParentRunner$1.schedule(ParentRunner.java:71)
	at org.junit.runners.ParentRunner.runChildren(ParentRunner.java:288)
	at org.junit.runners.ParentRunner.access$000(ParentRunner.java:58)
	at org.junit.runners.ParentRunner$2.evaluate(ParentRunner.java:268)
	at org.springframework.test.context.junit4.statements.RunBeforeTestClassCallbacks.evaluate(RunBeforeTestClassCallbacks.java:61)
	at org.springframework.test.context.junit4.statements.RunAfterTestClassCallbacks.evaluate(RunAfterTestClassCallbacks.java:70)
	at org.junit.runners.ParentRunner.run(ParentRunner.java:363)
	at org.springframework.test.context.junit4.SpringJUnit4ClassRunner.run(SpringJUnit4ClassRunner.java:191)
	at org.junit.runners.Suite.runChild(Suite.java:128)
	at org.junit.runners.Suite.runChild(Suite.java:27)
	at org.junit.runners.ParentRunner$3.run(ParentRunner.java:290)
	at org.junit.runners.ParentRunner$1.schedule(ParentRunner.java:71)
	at org.junit.runners.ParentRunner.runChildren(ParentRunner.java:288)
	at org.junit.runners.ParentRunner.access$000(ParentRunner.java:58)
	at org.junit.runners.ParentRunner$2.evaluate(ParentRunner.java:268)
	at org.junit.runners.ParentRunner.run(ParentRunner.java:363)
	at org.junit.runners.Suite.runChild(Suite.java:128)
	at org.junit.runners.Suite.runChild(Suite.java:27)
	at org.junit.runners.ParentRunner$3.run(ParentRunner.java:290)
	at org.junit.runners.ParentRunner$1.schedule(ParentRunner.java:71)
	at org.junit.runners.ParentRunner.runChildren(ParentRunner.java:288)
	at org.junit.runners.ParentRunner.access$000(ParentRunner.java:58)
	at org.junit.runners.ParentRunner$2.evaluate(ParentRunner.java:268)
	at org.junit.runners.ParentRunner.run(ParentRunner.java:363)
	at org.apache.maven.surefire.junit4.JUnit4Provider.execute(JUnit4Provider.java:252)
	at org.apache.maven.surefire.junit4.JUnit4Provider.executeTestSet(JUnit4Provider.java:141)
	at org.apache.maven.surefire.junit4.JUnit4Provider.invoke(JUnit4Provider.java:112)
	at sun.reflect.NativeMethodAccessorImpl.invoke0(Native Method)
	at sun.reflect.NativeMethodAccessorImpl.invoke(NativeMethodAccessorImpl.java:62)
	at sun.reflect.DelegatingMethodAccessorImpl.invoke(DelegatingMethodAccessorImpl.java:43)
	at java.lang.reflect.Method.invoke(Method.java:497)
	at org.apache.maven.surefire.util.ReflectionUtils.invokeMethodWithArray(ReflectionUtils.java:189)
	at org.apache.maven.surefire.booter.ProviderFactory$ProviderProxy.invoke(ProviderFactory.java:165)
	at org.apache.maven.surefire.booter.ProviderFactory.invokeProvider(ProviderFactory.java:85)
	at org.apache.maven.surefire.booter.ForkedBooter.runSuitesInProcess(ForkedBooter.java:115)
	at org.apache.maven.surefire.booter.ForkedBooter.main(ForkedBooter.java:75)
Caused by: org.apache.ibatis.executor.ExecutorException: Error selecting key or setting result to parameter object. Cause: org.springframework.jdbc.CannotGetJdbcConnectionException: Could not get JDBC Connection; nested exception is java.sql.SQLRecoverableException: ���Ͽ��� ���� �����Ͱ� �����ϴ�
	at org.apache.ibatis.executor.keygen.SelectKeyGenerator.processGeneratedKeys(SelectKeyGenerator.java:92)
	at org.apache.ibatis.executor.keygen.SelectKeyGenerator.processBefore(SelectKeyGenerator.java:47)
	at org.apache.ibatis.executor.statement.BaseStatementHandler.generateKeys(BaseStatementHandler.java:141)
	at org.apache.ibatis.executor.statement.BaseStatementHandler.&lt;init&gt;(BaseStatementHandler.java:63)
	at org.apache.ibatis.executor.statement.PreparedStatementHandler.&lt;init&gt;(PreparedStatementHandler.java:40)
	at org.apache.ibatis.executor.statement.RoutingStatementHandler.&lt;init&gt;(RoutingStatementHandler.java:46)
	at org.apache.ibatis.session.Configuration.newStatementHandler(Configuration.java:545)
	at org.apache.ibatis.executor.SimpleExecutor.doUpdate(SimpleExecutor.java:48)
	at org.apache.ibatis.executor.BaseExecutor.update(BaseExecutor.java:117)
	at org.apache.ibatis.executor.CachingExecutor.update(CachingExecutor.java:76)
	at org.apache.ibatis.session.defaults.DefaultSqlSession.update(DefaultSqlSession.java:198)
	at org.apache.ibatis.session.defaults.DefaultSqlSession.insert(DefaultSqlSession.java:185)
	at sun.reflect.GeneratedMethodAccessor48.invoke(Unknown Source)
	at sun.reflect.DelegatingMethodAccessorImpl.invoke(DelegatingMethodAccessorImpl.java:43)
	at java.lang.reflect.Method.invoke(Method.java:497)
	at org.mybatis.spring.SqlSessionTemplate$SqlSessionInterceptor.invoke(SqlSessionTemplate.java:434)
	... 58 more
Caused by: org.springframework.jdbc.CannotGetJdbcConnectionException: Could not get JDBC Connection; nested exception is java.sql.SQLRecoverableException: ���Ͽ��� ���� �����Ͱ� �����ϴ�
	at org.springframework.jdbc.datasource.DataSourceUtils.getConnection(DataSourceUtils.java:80)
	at org.mybatis.spring.transaction.SpringManagedTransaction.openConnection(SpringManagedTransaction.java:84)
	at org.mybatis.spring.transaction.SpringManagedTransaction.getConnection(SpringManagedTransaction.java:70)
	at org.apache.ibatis.executor.BaseExecutor.getConnection(BaseExecutor.java:336)
	at org.apache.ibatis.executor.SimpleExecutor.prepareStatement(SimpleExecutor.java:84)
	at org.apache.ibatis.executor.SimpleExecutor.doQuery(SimpleExecutor.java:62)
	at org.apache.ibatis.executor.BaseExecutor.queryFromDatabase(BaseExecutor.java:324)
	at org.apache.ibatis.executor.BaseExecutor.query(BaseExecutor.java:156)
	at org.apache.ibatis.executor.CachingExecutor.query(CachingExecutor.java:109)
	at org.apache.ibatis.executor.CachingExecutor.query(CachingExecutor.java:83)
	at org.apache.ibatis.executor.keygen.SelectKeyGenerator.processGeneratedKeys(SelectKeyGenerator.java:68)
	... 73 more
Caused by: java.sql.SQLRecoverableException: ���Ͽ��� ���� �����Ͱ� �����ϴ�
	at oracle.jdbc.driver.T4CMAREngine.unmarshalUB1(T4CMAREngine.java:1157)
	at oracle.jdbc.driver.T4C8TTIpro.receive(T4C8TTIpro.java:129)
	at oracle.jdbc.driver.T4CConnection.connect(T4CConnection.java:1162)
	at oracle.jdbc.driver.T4CConnection.logon(T4CConnection.java:340)
	at oracle.jdbc.driver.PhysicalConnection.&lt;init&gt;(PhysicalConnection.java:553)
	at oracle.jdbc.driver.T4CConnection.&lt;init&gt;(T4CConnection.java:254)
	at oracle.jdbc.driver.T4CDriverExtension.getConnection(T4CDriverExtension.java:32)
	at oracle.jdbc.driver.OracleDriver.connect(OracleDriver.java:528)
	at net.sf.log4jdbc.sql.jdbcapi.DriverSpy.connect(DriverSpy.java:399)
	at java.sql.DriverManager.getConnection(DriverManager.java:664)
	at java.sql.DriverManager.getConnection(DriverManager.java:208)
	at org.springframework.jdbc.datasource.DriverManagerDataSource.getConnectionFromDriverManager(DriverManagerDataSource.java:153)
	at org.springframework.jdbc.datasource.DriverManagerDataSource.getConnectionFromDriver(DriverManagerDataSource.java:144)
	at org.springframework.jdbc.datasource.AbstractDriverBasedDataSource.getConnectionFromDriver(AbstractDriverBasedDataSource.java:196)
	at org.springframework.jdbc.datasource.AbstractDriverBasedDataSource.getConnection(AbstractDriverBasedDataSource.java:159)
	at org.springframework.jdbc.datasource.DataSourceUtils.doGetConnection(DataSourceUtils.java:111)
	at org.springframework.jdbc.datasource.DataSourceUtils.getConnection(DataSourceUtils.java:77)
	... 83 more
</system-out>
  </testcase>
  <testcase classname="com.pro.alarm.service.TestSrchJobSch" name="test1213_srchJobSch_orderByTypeOnly" time="0.188">
    <error message="nested exception is org.apache.ibatis.executor.ExecutorException: Error selecting key or setting result to parameter object. Cause: org.springframework.jdbc.CannotGetJdbcConnectionException: Could not get JDBC Connection; nested exception is java.sql.SQLRecoverableException: 소켓에서 읽을 데이터가 없습니다" type="org.mybatis.spring.MyBatisSystemException">org.mybatis.spring.MyBatisSystemException: nested exception is org.apache.ibatis.executor.ExecutorException: Error selecting key or setting result to parameter object. Cause: org.springframework.jdbc.CannotGetJdbcConnectionException: Could not get JDBC Connection; nested exception is java.sql.SQLRecoverableException: 소켓에서 읽을 데이터가 없습니다
	at org.mybatis.spring.MyBatisExceptionTranslator.translateExceptionIfPossible(MyBatisExceptionTranslator.java:79)
	at org.mybatis.spring.SqlSessionTemplate$SqlSessionInterceptor.invoke(SqlSessionTemplate.java:447)
	at com.sun.proxy.$Proxy28.insert(Unknown Source)
	at org.mybatis.spring.SqlSessionTemplate.insert(SqlSessionTemplate.java:279)
	at org.apache.ibatis.binding.MapperMethod.execute(MapperMethod.java:57)
	at org.apache.ibatis.binding.MapperProxy.invoke(MapperProxy.java:59)
	at com.sun.proxy.$Proxy43.insJobSch(Unknown Source)
	at com.pro.alarm.dao.AlarmDaoImpl.insJobSch(AlarmDaoImpl.java:52)
	at com.pro.alarm.service.TestSrchJobSch.setUp(TestSrchJobSch.java:59)
	at sun.reflect.GeneratedMethodAccessor51.invoke(Unknown Source)
	at sun.reflect.DelegatingMethodAccessorImpl.invoke(DelegatingMethodAccessorImpl.java:43)
	at java.lang.reflect.Method.invoke(Method.java:497)
	at org.springframework.test.context.transaction.TransactionalTestExecutionListener.runBeforeTransactionMethods(TransactionalTestExecutionListener.java:253)
	at org.springframework.test.context.transaction.TransactionalTestExecutionListener.beforeTestMethod(TransactionalTestExecutionListener.java:202)
	at org.springframework.test.context.TestContextManager.beforeTestMethod(TestContextManager.java:269)
	at org.springframework.test.context.junit4.statements.RunBeforeTestMethodCallbacks.evaluate(RunBeforeTestMethodCallbacks.java:74)
	at org.springframework.test.context.junit4.statements.RunAfterTestMethodCallbacks.evaluate(RunAfterTestMethodCallbacks.java:86)
	at org.junit.rules.ExpectedException$ExpectedExceptionStatement.evaluate(ExpectedException.java:239)
	at org.junit.rules.RunRules.evaluate(RunRules.java:20)
	at org.springframework.test.context.junit4.statements.SpringRepeat.evaluate(SpringRepeat.java:84)
	at org.junit.runners.ParentRunner.runLeaf(ParentRunner.java:325)
	at org.springframework.test.context.junit4.SpringJUnit4ClassRunner.runChild(SpringJUnit4ClassRunner.java:252)
	at org.springframework.test.context.junit4.SpringJUnit4ClassRunner.runChild(SpringJUnit4ClassRunner.java:94)
	at org.junit.runners.ParentRunner$3.run(ParentRunner.java:290)
	at org.junit.runners.ParentRunner$1.schedule(ParentRunner.java:71)
	at org.junit.runners.ParentRunner.runChildren(ParentRunner.java:288)
	at org.junit.runners.ParentRunner.access$000(ParentRunner.java:58)
	at org.junit.runners.ParentRunner$2.evaluate(ParentRunner.java:268)
	at org.springframework.test.context.junit4.statements.RunBeforeTestClassCallbacks.evaluate(RunBeforeTestClassCallbacks.java:61)
	at org.springframework.test.context.junit4.statements.RunAfterTestClassCallbacks.evaluate(RunAfterTestClassCallbacks.java:70)
	at org.junit.runners.ParentRunner.run(ParentRunner.java:363)
	at org.springframework.test.context.junit4.SpringJUnit4ClassRunner.run(SpringJUnit4ClassRunner.java:191)
	at org.junit.runners.Suite.runChild(Suite.java:128)
	at org.junit.runners.Suite.runChild(Suite.java:27)
	at org.junit.runners.ParentRunner$3.run(ParentRunner.java:290)
	at org.junit.runners.ParentRunner$1.schedule(ParentRunner.java:71)
	at org.junit.runners.ParentRunner.runChildren(ParentRunner.java:288)
	at org.junit.runners.ParentRunner.access$000(ParentRunner.java:58)
	at org.junit.runners.ParentRunner$2.evaluate(ParentRunner.java:268)
	at org.junit.runners.ParentRunner.run(ParentRunner.java:363)
	at org.junit.runners.Suite.runChild(Suite.java:128)
	at org.junit.runners.Suite.runChild(Suite.java:27)
	at org.junit.runners.ParentRunner$3.run(ParentRunner.java:290)
	at org.junit.runners.ParentRunner$1.schedule(ParentRunner.java:71)
	at org.junit.runners.ParentRunner.runChildren(ParentRunner.java:288)
	at org.junit.runners.ParentRunner.access$000(ParentRunner.java:58)
	at org.junit.runners.ParentRunner$2.evaluate(ParentRunner.java:268)
	at org.junit.runners.ParentRunner.run(ParentRunner.java:363)
	at org.apache.maven.surefire.junit4.JUnit4Provider.execute(JUnit4Provider.java:252)
	at org.apache.maven.surefire.junit4.JUnit4Provider.executeTestSet(JUnit4Provider.java:141)
	at org.apache.maven.surefire.junit4.JUnit4Provider.invoke(JUnit4Provider.java:112)
	at sun.reflect.NativeMethodAccessorImpl.invoke0(Native Method)
	at sun.reflect.NativeMethodAccessorImpl.invoke(NativeMethodAccessorImpl.java:62)
	at sun.reflect.DelegatingMethodAccessorImpl.invoke(DelegatingMethodAccessorImpl.java:43)
	at java.lang.reflect.Method.invoke(Method.java:497)
	at org.apache.maven.surefire.util.ReflectionUtils.invokeMethodWithArray(ReflectionUtils.java:189)
	at org.apache.maven.surefire.booter.ProviderFactory$ProviderProxy.invoke(ProviderFactory.java:165)
	at org.apache.maven.surefire.booter.ProviderFactory.invokeProvider(ProviderFactory.java:85)
	at org.apache.maven.surefire.booter.ForkedBooter.runSuitesInProcess(ForkedBooter.java:115)
	at org.apache.maven.surefire.booter.ForkedBooter.main(ForkedBooter.java:75)
Caused by: org.apache.ibatis.executor.ExecutorException: Error selecting key or setting result to parameter object. Cause: org.springframework.jdbc.CannotGetJdbcConnectionException: Could not get JDBC Connection; nested exception is java.sql.SQLRecoverableException: 소켓에서 읽을 데이터가 없습니다
	at org.apache.ibatis.executor.keygen.SelectKeyGenerator.processGeneratedKeys(SelectKeyGenerator.java:92)
	at org.apache.ibatis.executor.keygen.SelectKeyGenerator.processBefore(SelectKeyGenerator.java:47)
	at org.apache.ibatis.executor.statement.BaseStatementHandler.generateKeys(BaseStatementHandler.java:141)
	at org.apache.ibatis.executor.statement.BaseStatementHandler.&lt;init&gt;(BaseStatementHandler.java:63)
	at org.apache.ibatis.executor.statement.PreparedStatementHandler.&lt;init&gt;(PreparedStatementHandler.java:40)
	at org.apache.ibatis.executor.statement.RoutingStatementHandler.&lt;init&gt;(RoutingStatementHandler.java:46)
	at org.apache.ibatis.session.Configuration.newStatementHandler(Configuration.java:545)
	at org.apache.ibatis.executor.SimpleExecutor.doUpdate(SimpleExecutor.java:48)
	at org.apache.ibatis.executor.BaseExecutor.update(BaseExecutor.java:117)
	at org.apache.ibatis.executor.CachingExecutor.update(CachingExecutor.java:76)
	at org.apache.ibatis.session.defaults.DefaultSqlSession.update(DefaultSqlSession.java:198)
	at org.apache.ibatis.session.defaults.DefaultSqlSession.insert(DefaultSqlSession.java:185)
	at sun.reflect.GeneratedMethodAccessor48.invoke(Unknown Source)
	at sun.reflect.DelegatingMethodAccessorImpl.invoke(DelegatingMethodAccessorImpl.java:43)
	at java.lang.reflect.Method.invoke(Method.java:497)
	at org.mybatis.spring.SqlSessionTemplate$SqlSessionInterceptor.invoke(SqlSessionTemplate.java:434)
	... 58 more
Caused by: org.springframework.jdbc.CannotGetJdbcConnectionException: Could not get JDBC Connection; nested exception is java.sql.SQLRecoverableException: 소켓에서 읽을 데이터가 없습니다
	at org.springframework.jdbc.datasource.DataSourceUtils.getConnection(DataSourceUtils.java:80)
	at org.mybatis.spring.transaction.SpringManagedTransaction.openConnection(SpringManagedTransaction.java:84)
	at org.mybatis.spring.transaction.SpringManagedTransaction.getConnection(SpringManagedTransaction.java:70)
	at org.apache.ibatis.executor.BaseExecutor.getConnection(BaseExecutor.java:336)
	at org.apache.ibatis.executor.SimpleExecutor.prepareStatement(SimpleExecutor.java:84)
	at org.apache.ibatis.executor.SimpleExecutor.doQuery(SimpleExecutor.java:62)
	at org.apache.ibatis.executor.BaseExecutor.queryFromDatabase(BaseExecutor.java:324)
	at org.apache.ibatis.executor.BaseExecutor.query(BaseExecutor.java:156)
	at org.apache.ibatis.executor.CachingExecutor.query(CachingExecutor.java:109)
	at org.apache.ibatis.executor.CachingExecutor.query(CachingExecutor.java:83)
	at org.apache.ibatis.executor.keygen.SelectKeyGenerator.processGeneratedKeys(SelectKeyGenerator.java:68)
	... 73 more
Caused by: java.sql.SQLRecoverableException: 소켓에서 읽을 데이터가 없습니다
	at oracle.jdbc.driver.T4CMAREngine.unmarshalUB1(T4CMAREngine.java:1157)
	at oracle.jdbc.driver.T4C8TTIpro.receive(T4C8TTIpro.java:129)
	at oracle.jdbc.driver.T4CConnection.connect(T4CConnection.java:1162)
	at oracle.jdbc.driver.T4CConnection.logon(T4CConnection.java:340)
	at oracle.jdbc.driver.PhysicalConnection.&lt;init&gt;(PhysicalConnection.java:553)
	at oracle.jdbc.driver.T4CConnection.&lt;init&gt;(T4CConnection.java:254)
	at oracle.jdbc.driver.T4CDriverExtension.getConnection(T4CDriverExtension.java:32)
	at oracle.jdbc.driver.OracleDriver.connect(OracleDriver.java:528)
	at net.sf.log4jdbc.sql.jdbcapi.DriverSpy.connect(DriverSpy.java:399)
	at java.sql.DriverManager.getConnection(DriverManager.java:664)
	at java.sql.DriverManager.getConnection(DriverManager.java:208)
	at org.springframework.jdbc.datasource.DriverManagerDataSource.getConnectionFromDriverManager(DriverManagerDataSource.java:153)
	at org.springframework.jdbc.datasource.DriverManagerDataSource.getConnectionFromDriver(DriverManagerDataSource.java:144)
	at org.springframework.jdbc.datasource.AbstractDriverBasedDataSource.getConnectionFromDriver(AbstractDriverBasedDataSource.java:196)
	at org.springframework.jdbc.datasource.AbstractDriverBasedDataSource.getConnection(AbstractDriverBasedDataSource.java:159)
	at org.springframework.jdbc.datasource.DataSourceUtils.doGetConnection(DataSourceUtils.java:111)
	at org.springframework.jdbc.datasource.DataSourceUtils.getConnection(DataSourceUtils.java:77)
	... 83 more
</error>
    <system-out>ERROR: org.springframework.test.context.transaction.TransactionalTestExecutionListener - Exception encountered while executing @BeforeTransaction methods for test context [DefaultTestContext@ff6077 testClass = TestSrchJobSch, testInstance = com.pro.alarm.service.TestSrchJobSch@1f978b9, testMethod = test1213_srchJobSch_orderByTypeOnly@TestSrchJobSch, testException = [null], mergedContextConfiguration = [MergedContextConfiguration@41713e testClass = TestSrchJobSch, locations = &apos;{classpath:test-context.xml}&apos;, classes = &apos;{}&apos;, contextInitializerClasses = &apos;[]&apos;, activeProfiles = &apos;{}&apos;, propertySourceLocations = &apos;{}&apos;, propertySourceProperties = &apos;{}&apos;, contextCustomizers = set[[empty]], contextLoader = &apos;org.springframework.test.context.support.DelegatingSmartContextLoader&apos;, parent = [null]]].
org.mybatis.spring.MyBatisSystemException: nested exception is org.apache.ibatis.executor.ExecutorException: Error selecting key or setting result to parameter object. Cause: org.springframework.jdbc.CannotGetJdbcConnectionException: Could not get JDBC Connection; nested exception is java.sql.SQLRecoverableException: ���Ͽ��� ���� �����Ͱ� �����ϴ�
	at org.mybatis.spring.MyBatisExceptionTranslator.translateExceptionIfPossible(MyBatisExceptionTranslator.java:79)
	at org.mybatis.spring.SqlSessionTemplate$SqlSessionInterceptor.invoke(SqlSessionTemplate.java:447)
	at com.sun.proxy.$Proxy28.insert(Unknown Source)
	at org.mybatis.spring.SqlSessionTemplate.insert(SqlSessionTemplate.java:279)
	at org.apache.ibatis.binding.MapperMethod.execute(MapperMethod.java:57)
	at org.apache.ibatis.binding.MapperProxy.invoke(MapperProxy.java:59)
	at com.sun.proxy.$Proxy43.insJobSch(Unknown Source)
	at com.pro.alarm.dao.AlarmDaoImpl.insJobSch(AlarmDaoImpl.java:52)
	at com.pro.alarm.service.TestSrchJobSch.setUp(TestSrchJobSch.java:59)
	at sun.reflect.GeneratedMethodAccessor51.invoke(Unknown Source)
	at sun.reflect.DelegatingMethodAccessorImpl.invoke(DelegatingMethodAccessorImpl.java:43)
	at java.lang.reflect.Method.invoke(Method.java:497)
	at org.springframework.test.context.transaction.TransactionalTestExecutionListener.runBeforeTransactionMethods(TransactionalTestExecutionListener.java:253)
	at org.springframework.test.context.transaction.TransactionalTestExecutionListener.beforeTestMethod(TransactionalTestExecutionListener.java:202)
	at org.springframework.test.context.TestContextManager.beforeTestMethod(TestContextManager.java:269)
	at org.springframework.test.context.junit4.statements.RunBeforeTestMethodCallbacks.evaluate(RunBeforeTestMethodCallbacks.java:74)
	at org.springframework.test.context.junit4.statements.RunAfterTestMethodCallbacks.evaluate(RunAfterTestMethodCallbacks.java:86)
	at org.junit.rules.ExpectedException$ExpectedExceptionStatement.evaluate(ExpectedException.java:239)
	at org.junit.rules.RunRules.evaluate(RunRules.java:20)
	at org.springframework.test.context.junit4.statements.SpringRepeat.evaluate(SpringRepeat.java:84)
	at org.junit.runners.ParentRunner.runLeaf(ParentRunner.java:325)
	at org.springframework.test.context.junit4.SpringJUnit4ClassRunner.runChild(SpringJUnit4ClassRunner.java:252)
	at org.springframework.test.context.junit4.SpringJUnit4ClassRunner.runChild(SpringJUnit4ClassRunner.java:94)
	at org.junit.runners.ParentRunner$3.run(ParentRunner.java:290)
	at org.junit.runners.ParentRunner$1.schedule(ParentRunner.java:71)
	at org.junit.runners.ParentRunner.runChildren(ParentRunner.java:288)
	at org.junit.runners.ParentRunner.access$000(ParentRunner.java:58)
	at org.junit.runners.ParentRunner$2.evaluate(ParentRunner.java:268)
	at org.springframework.test.context.junit4.statements.RunBeforeTestClassCallbacks.evaluate(RunBeforeTestClassCallbacks.java:61)
	at org.springframework.test.context.junit4.statements.RunAfterTestClassCallbacks.evaluate(RunAfterTestClassCallbacks.java:70)
	at org.junit.runners.ParentRunner.run(ParentRunner.java:363)
	at org.springframework.test.context.junit4.SpringJUnit4ClassRunner.run(SpringJUnit4ClassRunner.java:191)
	at org.junit.runners.Suite.runChild(Suite.java:128)
	at org.junit.runners.Suite.runChild(Suite.java:27)
	at org.junit.runners.ParentRunner$3.run(ParentRunner.java:290)
	at org.junit.runners.ParentRunner$1.schedule(ParentRunner.java:71)
	at org.junit.runners.ParentRunner.runChildren(ParentRunner.java:288)
	at org.junit.runners.ParentRunner.access$000(ParentRunner.java:58)
	at org.junit.runners.ParentRunner$2.evaluate(ParentRunner.java:268)
	at org.junit.runners.ParentRunner.run(ParentRunner.java:363)
	at org.junit.runners.Suite.runChild(Suite.java:128)
	at org.junit.runners.Suite.runChild(Suite.java:27)
	at org.junit.runners.ParentRunner$3.run(ParentRunner.java:290)
	at org.junit.runners.ParentRunner$1.schedule(ParentRunner.java:71)
	at org.junit.runners.ParentRunner.runChildren(ParentRunner.java:288)
	at org.junit.runners.ParentRunner.access$000(ParentRunner.java:58)
	at org.junit.runners.ParentRunner$2.evaluate(ParentRunner.java:268)
	at org.junit.runners.ParentRunner.run(ParentRunner.java:363)
	at org.apache.maven.surefire.junit4.JUnit4Provider.execute(JUnit4Provider.java:252)
	at org.apache.maven.surefire.junit4.JUnit4Provider.executeTestSet(JUnit4Provider.java:141)
	at org.apache.maven.surefire.junit4.JUnit4Provider.invoke(JUnit4Provider.java:112)
	at sun.reflect.NativeMethodAccessorImpl.invoke0(Native Method)
	at sun.reflect.NativeMethodAccessorImpl.invoke(NativeMethodAccessorImpl.java:62)
	at sun.reflect.DelegatingMethodAccessorImpl.invoke(DelegatingMethodAccessorImpl.java:43)
	at java.lang.reflect.Method.invoke(Method.java:497)
	at org.apache.maven.surefire.util.ReflectionUtils.invokeMethodWithArray(ReflectionUtils.java:189)
	at org.apache.maven.surefire.booter.ProviderFactory$ProviderProxy.invoke(ProviderFactory.java:165)
	at org.apache.maven.surefire.booter.ProviderFactory.invokeProvider(ProviderFactory.java:85)
	at org.apache.maven.surefire.booter.ForkedBooter.runSuitesInProcess(ForkedBooter.java:115)
	at org.apache.maven.surefire.booter.ForkedBooter.main(ForkedBooter.java:75)
Caused by: org.apache.ibatis.executor.ExecutorException: Error selecting key or setting result to parameter object. Cause: org.springframework.jdbc.CannotGetJdbcConnectionException: Could not get JDBC Connection; nested exception is java.sql.SQLRecoverableException: ���Ͽ��� ���� �����Ͱ� �����ϴ�
	at org.apache.ibatis.executor.keygen.SelectKeyGenerator.processGeneratedKeys(SelectKeyGenerator.java:92)
	at org.apache.ibatis.executor.keygen.SelectKeyGenerator.processBefore(SelectKeyGenerator.java:47)
	at org.apache.ibatis.executor.statement.BaseStatementHandler.generateKeys(BaseStatementHandler.java:141)
	at org.apache.ibatis.executor.statement.BaseStatementHandler.&lt;init&gt;(BaseStatementHandler.java:63)
	at org.apache.ibatis.executor.statement.PreparedStatementHandler.&lt;init&gt;(PreparedStatementHandler.java:40)
	at org.apache.ibatis.executor.statement.RoutingStatementHandler.&lt;init&gt;(RoutingStatementHandler.java:46)
	at org.apache.ibatis.session.Configuration.newStatementHandler(Configuration.java:545)
	at org.apache.ibatis.executor.SimpleExecutor.doUpdate(SimpleExecutor.java:48)
	at org.apache.ibatis.executor.BaseExecutor.update(BaseExecutor.java:117)
	at org.apache.ibatis.executor.CachingExecutor.update(CachingExecutor.java:76)
	at org.apache.ibatis.session.defaults.DefaultSqlSession.update(DefaultSqlSession.java:198)
	at org.apache.ibatis.session.defaults.DefaultSqlSession.insert(DefaultSqlSession.java:185)
	at sun.reflect.GeneratedMethodAccessor48.invoke(Unknown Source)
	at sun.reflect.DelegatingMethodAccessorImpl.invoke(DelegatingMethodAccessorImpl.java:43)
	at java.lang.reflect.Method.invoke(Method.java:497)
	at org.mybatis.spring.SqlSessionTemplate$SqlSessionInterceptor.invoke(SqlSessionTemplate.java:434)
	... 58 more
Caused by: org.springframework.jdbc.CannotGetJdbcConnectionException: Could not get JDBC Connection; nested exception is java.sql.SQLRecoverableException: ���Ͽ��� ���� �����Ͱ� �����ϴ�
	at org.springframework.jdbc.datasource.DataSourceUtils.getConnection(DataSourceUtils.java:80)
	at org.mybatis.spring.transaction.SpringManagedTransaction.openConnection(SpringManagedTransaction.java:84)
	at org.mybatis.spring.transaction.SpringManagedTransaction.getConnection(SpringManagedTransaction.java:70)
	at org.apache.ibatis.executor.BaseExecutor.getConnection(BaseExecutor.java:336)
	at org.apache.ibatis.executor.SimpleExecutor.prepareStatement(SimpleExecutor.java:84)
	at org.apache.ibatis.executor.SimpleExecutor.doQuery(SimpleExecutor.java:62)
	at org.apache.ibatis.executor.BaseExecutor.queryFromDatabase(BaseExecutor.java:324)
	at org.apache.ibatis.executor.BaseExecutor.query(BaseExecutor.java:156)
	at org.apache.ibatis.executor.CachingExecutor.query(CachingExecutor.java:109)
	at org.apache.ibatis.executor.CachingExecutor.query(CachingExecutor.java:83)
	at org.apache.ibatis.executor.keygen.SelectKeyGenerator.processGeneratedKeys(SelectKeyGenerator.java:68)
	... 73 more
Caused by: java.sql.SQLRecoverableException: ���Ͽ��� ���� �����Ͱ� �����ϴ�
	at oracle.jdbc.driver.T4CMAREngine.unmarshalUB1(T4CMAREngine.java:1157)
	at oracle.jdbc.driver.T4C8TTIpro.receive(T4C8TTIpro.java:129)
	at oracle.jdbc.driver.T4CConnection.connect(T4CConnection.java:1162)
	at oracle.jdbc.driver.T4CConnection.logon(T4CConnection.java:340)
	at oracle.jdbc.driver.PhysicalConnection.&lt;init&gt;(PhysicalConnection.java:553)
	at oracle.jdbc.driver.T4CConnection.&lt;init&gt;(T4CConnection.java:254)
	at oracle.jdbc.driver.T4CDriverExtension.getConnection(T4CDriverExtension.java:32)
	at oracle.jdbc.driver.OracleDriver.connect(OracleDriver.java:528)
	at net.sf.log4jdbc.sql.jdbcapi.DriverSpy.connect(DriverSpy.java:399)
	at java.sql.DriverManager.getConnection(DriverManager.java:664)
	at java.sql.DriverManager.getConnection(DriverManager.java:208)
	at org.springframework.jdbc.datasource.DriverManagerDataSource.getConnectionFromDriverManager(DriverManagerDataSource.java:153)
	at org.springframework.jdbc.datasource.DriverManagerDataSource.getConnectionFromDriver(DriverManagerDataSource.java:144)
	at org.springframework.jdbc.datasource.AbstractDriverBasedDataSource.getConnectionFromDriver(AbstractDriverBasedDataSource.java:196)
	at org.springframework.jdbc.datasource.AbstractDriverBasedDataSource.getConnection(AbstractDriverBasedDataSource.java:159)
	at org.springframework.jdbc.datasource.DataSourceUtils.doGetConnection(DataSourceUtils.java:111)
	at org.springframework.jdbc.datasource.DataSourceUtils.getConnection(DataSourceUtils.java:77)
	... 83 more
WARN : org.springframework.test.context.TestContextManager - Caught exception while allowing TestExecutionListener [org.springframework.test.context.transaction.TransactionalTestExecutionListener@100f14a] to process &apos;before&apos; execution of test method [public void com.pro.alarm.service.TestSrchJobSch.test1213_srchJobSch_orderByTypeOnly() throws java.lang.Exception] for test instance [com.pro.alarm.service.TestSrchJobSch@1f978b9]
org.mybatis.spring.MyBatisSystemException: nested exception is org.apache.ibatis.executor.ExecutorException: Error selecting key or setting result to parameter object. Cause: org.springframework.jdbc.CannotGetJdbcConnectionException: Could not get JDBC Connection; nested exception is java.sql.SQLRecoverableException: ���Ͽ��� ���� �����Ͱ� �����ϴ�
	at org.mybatis.spring.MyBatisExceptionTranslator.translateExceptionIfPossible(MyBatisExceptionTranslator.java:79)
	at org.mybatis.spring.SqlSessionTemplate$SqlSessionInterceptor.invoke(SqlSessionTemplate.java:447)
	at com.sun.proxy.$Proxy28.insert(Unknown Source)
	at org.mybatis.spring.SqlSessionTemplate.insert(SqlSessionTemplate.java:279)
	at org.apache.ibatis.binding.MapperMethod.execute(MapperMethod.java:57)
	at org.apache.ibatis.binding.MapperProxy.invoke(MapperProxy.java:59)
	at com.sun.proxy.$Proxy43.insJobSch(Unknown Source)
	at com.pro.alarm.dao.AlarmDaoImpl.insJobSch(AlarmDaoImpl.java:52)
	at com.pro.alarm.service.TestSrchJobSch.setUp(TestSrchJobSch.java:59)
	at sun.reflect.GeneratedMethodAccessor51.invoke(Unknown Source)
	at sun.reflect.DelegatingMethodAccessorImpl.invoke(DelegatingMethodAccessorImpl.java:43)
	at java.lang.reflect.Method.invoke(Method.java:497)
	at org.springframework.test.context.transaction.TransactionalTestExecutionListener.runBeforeTransactionMethods(TransactionalTestExecutionListener.java:253)
	at org.springframework.test.context.transaction.TransactionalTestExecutionListener.beforeTestMethod(TransactionalTestExecutionListener.java:202)
	at org.springframework.test.context.TestContextManager.beforeTestMethod(TestContextManager.java:269)
	at org.springframework.test.context.junit4.statements.RunBeforeTestMethodCallbacks.evaluate(RunBeforeTestMethodCallbacks.java:74)
	at org.springframework.test.context.junit4.statements.RunAfterTestMethodCallbacks.evaluate(RunAfterTestMethodCallbacks.java:86)
	at org.junit.rules.ExpectedException$ExpectedExceptionStatement.evaluate(ExpectedException.java:239)
	at org.junit.rules.RunRules.evaluate(RunRules.java:20)
	at org.springframework.test.context.junit4.statements.SpringRepeat.evaluate(SpringRepeat.java:84)
	at org.junit.runners.ParentRunner.runLeaf(ParentRunner.java:325)
	at org.springframework.test.context.junit4.SpringJUnit4ClassRunner.runChild(SpringJUnit4ClassRunner.java:252)
	at org.springframework.test.context.junit4.SpringJUnit4ClassRunner.runChild(SpringJUnit4ClassRunner.java:94)
	at org.junit.runners.ParentRunner$3.run(ParentRunner.java:290)
	at org.junit.runners.ParentRunner$1.schedule(ParentRunner.java:71)
	at org.junit.runners.ParentRunner.runChildren(ParentRunner.java:288)
	at org.junit.runners.ParentRunner.access$000(ParentRunner.java:58)
	at org.junit.runners.ParentRunner$2.evaluate(ParentRunner.java:268)
	at org.springframework.test.context.junit4.statements.RunBeforeTestClassCallbacks.evaluate(RunBeforeTestClassCallbacks.java:61)
	at org.springframework.test.context.junit4.statements.RunAfterTestClassCallbacks.evaluate(RunAfterTestClassCallbacks.java:70)
	at org.junit.runners.ParentRunner.run(ParentRunner.java:363)
	at org.springframework.test.context.junit4.SpringJUnit4ClassRunner.run(SpringJUnit4ClassRunner.java:191)
	at org.junit.runners.Suite.runChild(Suite.java:128)
	at org.junit.runners.Suite.runChild(Suite.java:27)
	at org.junit.runners.ParentRunner$3.run(ParentRunner.java:290)
	at org.junit.runners.ParentRunner$1.schedule(ParentRunner.java:71)
	at org.junit.runners.ParentRunner.runChildren(ParentRunner.java:288)
	at org.junit.runners.ParentRunner.access$000(ParentRunner.java:58)
	at org.junit.runners.ParentRunner$2.evaluate(ParentRunner.java:268)
	at org.junit.runners.ParentRunner.run(ParentRunner.java:363)
	at org.junit.runners.Suite.runChild(Suite.java:128)
	at org.junit.runners.Suite.runChild(Suite.java:27)
	at org.junit.runners.ParentRunner$3.run(ParentRunner.java:290)
	at org.junit.runners.ParentRunner$1.schedule(ParentRunner.java:71)
	at org.junit.runners.ParentRunner.runChildren(ParentRunner.java:288)
	at org.junit.runners.ParentRunner.access$000(ParentRunner.java:58)
	at org.junit.runners.ParentRunner$2.evaluate(ParentRunner.java:268)
	at org.junit.runners.ParentRunner.run(ParentRunner.java:363)
	at org.apache.maven.surefire.junit4.JUnit4Provider.execute(JUnit4Provider.java:252)
	at org.apache.maven.surefire.junit4.JUnit4Provider.executeTestSet(JUnit4Provider.java:141)
	at org.apache.maven.surefire.junit4.JUnit4Provider.invoke(JUnit4Provider.java:112)
	at sun.reflect.NativeMethodAccessorImpl.invoke0(Native Method)
	at sun.reflect.NativeMethodAccessorImpl.invoke(NativeMethodAccessorImpl.java:62)
	at sun.reflect.DelegatingMethodAccessorImpl.invoke(DelegatingMethodAccessorImpl.java:43)
	at java.lang.reflect.Method.invoke(Method.java:497)
	at org.apache.maven.surefire.util.ReflectionUtils.invokeMethodWithArray(ReflectionUtils.java:189)
	at org.apache.maven.surefire.booter.ProviderFactory$ProviderProxy.invoke(ProviderFactory.java:165)
	at org.apache.maven.surefire.booter.ProviderFactory.invokeProvider(ProviderFactory.java:85)
	at org.apache.maven.surefire.booter.ForkedBooter.runSuitesInProcess(ForkedBooter.java:115)
	at org.apache.maven.surefire.booter.ForkedBooter.main(ForkedBooter.java:75)
Caused by: org.apache.ibatis.executor.ExecutorException: Error selecting key or setting result to parameter object. Cause: org.springframework.jdbc.CannotGetJdbcConnectionException: Could not get JDBC Connection; nested exception is java.sql.SQLRecoverableException: ���Ͽ��� ���� �����Ͱ� �����ϴ�
	at org.apache.ibatis.executor.keygen.SelectKeyGenerator.processGeneratedKeys(SelectKeyGenerator.java:92)
	at org.apache.ibatis.executor.keygen.SelectKeyGenerator.processBefore(SelectKeyGenerator.java:47)
	at org.apache.ibatis.executor.statement.BaseStatementHandler.generateKeys(BaseStatementHandler.java:141)
	at org.apache.ibatis.executor.statement.BaseStatementHandler.&lt;init&gt;(BaseStatementHandler.java:63)
	at org.apache.ibatis.executor.statement.PreparedStatementHandler.&lt;init&gt;(PreparedStatementHandler.java:40)
	at org.apache.ibatis.executor.statement.RoutingStatementHandler.&lt;init&gt;(RoutingStatementHandler.java:46)
	at org.apache.ibatis.session.Configuration.newStatementHandler(Configuration.java:545)
	at org.apache.ibatis.executor.SimpleExecutor.doUpdate(SimpleExecutor.java:48)
	at org.apache.ibatis.executor.BaseExecutor.update(BaseExecutor.java:117)
	at org.apache.ibatis.executor.CachingExecutor.update(CachingExecutor.java:76)
	at org.apache.ibatis.session.defaults.DefaultSqlSession.update(DefaultSqlSession.java:198)
	at org.apache.ibatis.session.defaults.DefaultSqlSession.insert(DefaultSqlSession.java:185)
	at sun.reflect.GeneratedMethodAccessor48.invoke(Unknown Source)
	at sun.reflect.DelegatingMethodAccessorImpl.invoke(DelegatingMethodAccessorImpl.java:43)
	at java.lang.reflect.Method.invoke(Method.java:497)
	at org.mybatis.spring.SqlSessionTemplate$SqlSessionInterceptor.invoke(SqlSessionTemplate.java:434)
	... 58 more
Caused by: org.springframework.jdbc.CannotGetJdbcConnectionException: Could not get JDBC Connection; nested exception is java.sql.SQLRecoverableException: ���Ͽ��� ���� �����Ͱ� �����ϴ�
	at org.springframework.jdbc.datasource.DataSourceUtils.getConnection(DataSourceUtils.java:80)
	at org.mybatis.spring.transaction.SpringManagedTransaction.openConnection(SpringManagedTransaction.java:84)
	at org.mybatis.spring.transaction.SpringManagedTransaction.getConnection(SpringManagedTransaction.java:70)
	at org.apache.ibatis.executor.BaseExecutor.getConnection(BaseExecutor.java:336)
	at org.apache.ibatis.executor.SimpleExecutor.prepareStatement(SimpleExecutor.java:84)
	at org.apache.ibatis.executor.SimpleExecutor.doQuery(SimpleExecutor.java:62)
	at org.apache.ibatis.executor.BaseExecutor.queryFromDatabase(BaseExecutor.java:324)
	at org.apache.ibatis.executor.BaseExecutor.query(BaseExecutor.java:156)
	at org.apache.ibatis.executor.CachingExecutor.query(CachingExecutor.java:109)
	at org.apache.ibatis.executor.CachingExecutor.query(CachingExecutor.java:83)
	at org.apache.ibatis.executor.keygen.SelectKeyGenerator.processGeneratedKeys(SelectKeyGenerator.java:68)
	... 73 more
Caused by: java.sql.SQLRecoverableException: ���Ͽ��� ���� �����Ͱ� �����ϴ�
	at oracle.jdbc.driver.T4CMAREngine.unmarshalUB1(T4CMAREngine.java:1157)
	at oracle.jdbc.driver.T4C8TTIpro.receive(T4C8TTIpro.java:129)
	at oracle.jdbc.driver.T4CConnection.connect(T4CConnection.java:1162)
	at oracle.jdbc.driver.T4CConnection.logon(T4CConnection.java:340)
	at oracle.jdbc.driver.PhysicalConnection.&lt;init&gt;(PhysicalConnection.java:553)
	at oracle.jdbc.driver.T4CConnection.&lt;init&gt;(T4CConnection.java:254)
	at oracle.jdbc.driver.T4CDriverExtension.getConnection(T4CDriverExtension.java:32)
	at oracle.jdbc.driver.OracleDriver.connect(OracleDriver.java:528)
	at net.sf.log4jdbc.sql.jdbcapi.DriverSpy.connect(DriverSpy.java:399)
	at java.sql.DriverManager.getConnection(DriverManager.java:664)
	at java.sql.DriverManager.getConnection(DriverManager.java:208)
	at org.springframework.jdbc.datasource.DriverManagerDataSource.getConnectionFromDriverManager(DriverManagerDataSource.java:153)
	at org.springframework.jdbc.datasource.DriverManagerDataSource.getConnectionFromDriver(DriverManagerDataSource.java:144)
	at org.springframework.jdbc.datasource.AbstractDriverBasedDataSource.getConnectionFromDriver(AbstractDriverBasedDataSource.java:196)
	at org.springframework.jdbc.datasource.AbstractDriverBasedDataSource.getConnection(AbstractDriverBasedDataSource.java:159)
	at org.springframework.jdbc.datasource.DataSourceUtils.doGetConnection(DataSourceUtils.java:111)
	at org.springframework.jdbc.datasource.DataSourceUtils.getConnection(DataSourceUtils.java:77)
	... 83 more
</system-out>
  </testcase>
  <testcase classname="com.pro.alarm.service.TestSrchJobSch" name="test1214_srchJobSch_orderByColOnly" time="0.203">
    <error message="nested exception is org.apache.ibatis.executor.ExecutorException: Error selecting key or setting result to parameter object. Cause: org.springframework.jdbc.CannotGetJdbcConnectionException: Could not get JDBC Connection; nested exception is java.sql.SQLRecoverableException: 소켓에서 읽을 데이터가 없습니다" type="org.mybatis.spring.MyBatisSystemException">org.mybatis.spring.MyBatisSystemException: nested exception is org.apache.ibatis.executor.ExecutorException: Error selecting key or setting result to parameter object. Cause: org.springframework.jdbc.CannotGetJdbcConnectionException: Could not get JDBC Connection; nested exception is java.sql.SQLRecoverableException: 소켓에서 읽을 데이터가 없습니다
	at org.mybatis.spring.MyBatisExceptionTranslator.translateExceptionIfPossible(MyBatisExceptionTranslator.java:79)
	at org.mybatis.spring.SqlSessionTemplate$SqlSessionInterceptor.invoke(SqlSessionTemplate.java:447)
	at com.sun.proxy.$Proxy28.insert(Unknown Source)
	at org.mybatis.spring.SqlSessionTemplate.insert(SqlSessionTemplate.java:279)
	at org.apache.ibatis.binding.MapperMethod.execute(MapperMethod.java:57)
	at org.apache.ibatis.binding.MapperProxy.invoke(MapperProxy.java:59)
	at com.sun.proxy.$Proxy43.insJobSch(Unknown Source)
	at com.pro.alarm.dao.AlarmDaoImpl.insJobSch(AlarmDaoImpl.java:52)
	at com.pro.alarm.service.TestSrchJobSch.setUp(TestSrchJobSch.java:59)
	at sun.reflect.GeneratedMethodAccessor51.invoke(Unknown Source)
	at sun.reflect.DelegatingMethodAccessorImpl.invoke(DelegatingMethodAccessorImpl.java:43)
	at java.lang.reflect.Method.invoke(Method.java:497)
	at org.springframework.test.context.transaction.TransactionalTestExecutionListener.runBeforeTransactionMethods(TransactionalTestExecutionListener.java:253)
	at org.springframework.test.context.transaction.TransactionalTestExecutionListener.beforeTestMethod(TransactionalTestExecutionListener.java:202)
	at org.springframework.test.context.TestContextManager.beforeTestMethod(TestContextManager.java:269)
	at org.springframework.test.context.junit4.statements.RunBeforeTestMethodCallbacks.evaluate(RunBeforeTestMethodCallbacks.java:74)
	at org.springframework.test.context.junit4.statements.RunAfterTestMethodCallbacks.evaluate(RunAfterTestMethodCallbacks.java:86)
	at org.junit.rules.ExpectedException$ExpectedExceptionStatement.evaluate(ExpectedException.java:239)
	at org.junit.rules.RunRules.evaluate(RunRules.java:20)
	at org.springframework.test.context.junit4.statements.SpringRepeat.evaluate(SpringRepeat.java:84)
	at org.junit.runners.ParentRunner.runLeaf(ParentRunner.java:325)
	at org.springframework.test.context.junit4.SpringJUnit4ClassRunner.runChild(SpringJUnit4ClassRunner.java:252)
	at org.springframework.test.context.junit4.SpringJUnit4ClassRunner.runChild(SpringJUnit4ClassRunner.java:94)
	at org.junit.runners.ParentRunner$3.run(ParentRunner.java:290)
	at org.junit.runners.ParentRunner$1.schedule(ParentRunner.java:71)
	at org.junit.runners.ParentRunner.runChildren(ParentRunner.java:288)
	at org.junit.runners.ParentRunner.access$000(ParentRunner.java:58)
	at org.junit.runners.ParentRunner$2.evaluate(ParentRunner.java:268)
	at org.springframework.test.context.junit4.statements.RunBeforeTestClassCallbacks.evaluate(RunBeforeTestClassCallbacks.java:61)
	at org.springframework.test.context.junit4.statements.RunAfterTestClassCallbacks.evaluate(RunAfterTestClassCallbacks.java:70)
	at org.junit.runners.ParentRunner.run(ParentRunner.java:363)
	at org.springframework.test.context.junit4.SpringJUnit4ClassRunner.run(SpringJUnit4ClassRunner.java:191)
	at org.junit.runners.Suite.runChild(Suite.java:128)
	at org.junit.runners.Suite.runChild(Suite.java:27)
	at org.junit.runners.ParentRunner$3.run(ParentRunner.java:290)
	at org.junit.runners.ParentRunner$1.schedule(ParentRunner.java:71)
	at org.junit.runners.ParentRunner.runChildren(ParentRunner.java:288)
	at org.junit.runners.ParentRunner.access$000(ParentRunner.java:58)
	at org.junit.runners.ParentRunner$2.evaluate(ParentRunner.java:268)
	at org.junit.runners.ParentRunner.run(ParentRunner.java:363)
	at org.junit.runners.Suite.runChild(Suite.java:128)
	at org.junit.runners.Suite.runChild(Suite.java:27)
	at org.junit.runners.ParentRunner$3.run(ParentRunner.java:290)
	at org.junit.runners.ParentRunner$1.schedule(ParentRunner.java:71)
	at org.junit.runners.ParentRunner.runChildren(ParentRunner.java:288)
	at org.junit.runners.ParentRunner.access$000(ParentRunner.java:58)
	at org.junit.runners.ParentRunner$2.evaluate(ParentRunner.java:268)
	at org.junit.runners.ParentRunner.run(ParentRunner.java:363)
	at org.apache.maven.surefire.junit4.JUnit4Provider.execute(JUnit4Provider.java:252)
	at org.apache.maven.surefire.junit4.JUnit4Provider.executeTestSet(JUnit4Provider.java:141)
	at org.apache.maven.surefire.junit4.JUnit4Provider.invoke(JUnit4Provider.java:112)
	at sun.reflect.NativeMethodAccessorImpl.invoke0(Native Method)
	at sun.reflect.NativeMethodAccessorImpl.invoke(NativeMethodAccessorImpl.java:62)
	at sun.reflect.DelegatingMethodAccessorImpl.invoke(DelegatingMethodAccessorImpl.java:43)
	at java.lang.reflect.Method.invoke(Method.java:497)
	at org.apache.maven.surefire.util.ReflectionUtils.invokeMethodWithArray(ReflectionUtils.java:189)
	at org.apache.maven.surefire.booter.ProviderFactory$ProviderProxy.invoke(ProviderFactory.java:165)
	at org.apache.maven.surefire.booter.ProviderFactory.invokeProvider(ProviderFactory.java:85)
	at org.apache.maven.surefire.booter.ForkedBooter.runSuitesInProcess(ForkedBooter.java:115)
	at org.apache.maven.surefire.booter.ForkedBooter.main(ForkedBooter.java:75)
Caused by: org.apache.ibatis.executor.ExecutorException: Error selecting key or setting result to parameter object. Cause: org.springframework.jdbc.CannotGetJdbcConnectionException: Could not get JDBC Connection; nested exception is java.sql.SQLRecoverableException: 소켓에서 읽을 데이터가 없습니다
	at org.apache.ibatis.executor.keygen.SelectKeyGenerator.processGeneratedKeys(SelectKeyGenerator.java:92)
	at org.apache.ibatis.executor.keygen.SelectKeyGenerator.processBefore(SelectKeyGenerator.java:47)
	at org.apache.ibatis.executor.statement.BaseStatementHandler.generateKeys(BaseStatementHandler.java:141)
	at org.apache.ibatis.executor.statement.BaseStatementHandler.&lt;init&gt;(BaseStatementHandler.java:63)
	at org.apache.ibatis.executor.statement.PreparedStatementHandler.&lt;init&gt;(PreparedStatementHandler.java:40)
	at org.apache.ibatis.executor.statement.RoutingStatementHandler.&lt;init&gt;(RoutingStatementHandler.java:46)
	at org.apache.ibatis.session.Configuration.newStatementHandler(Configuration.java:545)
	at org.apache.ibatis.executor.SimpleExecutor.doUpdate(SimpleExecutor.java:48)
	at org.apache.ibatis.executor.BaseExecutor.update(BaseExecutor.java:117)
	at org.apache.ibatis.executor.CachingExecutor.update(CachingExecutor.java:76)
	at org.apache.ibatis.session.defaults.DefaultSqlSession.update(DefaultSqlSession.java:198)
	at org.apache.ibatis.session.defaults.DefaultSqlSession.insert(DefaultSqlSession.java:185)
	at sun.reflect.GeneratedMethodAccessor48.invoke(Unknown Source)
	at sun.reflect.DelegatingMethodAccessorImpl.invoke(DelegatingMethodAccessorImpl.java:43)
	at java.lang.reflect.Method.invoke(Method.java:497)
	at org.mybatis.spring.SqlSessionTemplate$SqlSessionInterceptor.invoke(SqlSessionTemplate.java:434)
	... 58 more
Caused by: org.springframework.jdbc.CannotGetJdbcConnectionException: Could not get JDBC Connection; nested exception is java.sql.SQLRecoverableException: 소켓에서 읽을 데이터가 없습니다
	at org.springframework.jdbc.datasource.DataSourceUtils.getConnection(DataSourceUtils.java:80)
	at org.mybatis.spring.transaction.SpringManagedTransaction.openConnection(SpringManagedTransaction.java:84)
	at org.mybatis.spring.transaction.SpringManagedTransaction.getConnection(SpringManagedTransaction.java:70)
	at org.apache.ibatis.executor.BaseExecutor.getConnection(BaseExecutor.java:336)
	at org.apache.ibatis.executor.SimpleExecutor.prepareStatement(SimpleExecutor.java:84)
	at org.apache.ibatis.executor.SimpleExecutor.doQuery(SimpleExecutor.java:62)
	at org.apache.ibatis.executor.BaseExecutor.queryFromDatabase(BaseExecutor.java:324)
	at org.apache.ibatis.executor.BaseExecutor.query(BaseExecutor.java:156)
	at org.apache.ibatis.executor.CachingExecutor.query(CachingExecutor.java:109)
	at org.apache.ibatis.executor.CachingExecutor.query(CachingExecutor.java:83)
	at org.apache.ibatis.executor.keygen.SelectKeyGenerator.processGeneratedKeys(SelectKeyGenerator.java:68)
	... 73 more
Caused by: java.sql.SQLRecoverableException: 소켓에서 읽을 데이터가 없습니다
	at oracle.jdbc.driver.T4CMAREngine.unmarshalUB1(T4CMAREngine.java:1157)
	at oracle.jdbc.driver.T4C8TTIpro.receive(T4C8TTIpro.java:129)
	at oracle.jdbc.driver.T4CConnection.connect(T4CConnection.java:1162)
	at oracle.jdbc.driver.T4CConnection.logon(T4CConnection.java:340)
	at oracle.jdbc.driver.PhysicalConnection.&lt;init&gt;(PhysicalConnection.java:553)
	at oracle.jdbc.driver.T4CConnection.&lt;init&gt;(T4CConnection.java:254)
	at oracle.jdbc.driver.T4CDriverExtension.getConnection(T4CDriverExtension.java:32)
	at oracle.jdbc.driver.OracleDriver.connect(OracleDriver.java:528)
	at net.sf.log4jdbc.sql.jdbcapi.DriverSpy.connect(DriverSpy.java:399)
	at java.sql.DriverManager.getConnection(DriverManager.java:664)
	at java.sql.DriverManager.getConnection(DriverManager.java:208)
	at org.springframework.jdbc.datasource.DriverManagerDataSource.getConnectionFromDriverManager(DriverManagerDataSource.java:153)
	at org.springframework.jdbc.datasource.DriverManagerDataSource.getConnectionFromDriver(DriverManagerDataSource.java:144)
	at org.springframework.jdbc.datasource.AbstractDriverBasedDataSource.getConnectionFromDriver(AbstractDriverBasedDataSource.java:196)
	at org.springframework.jdbc.datasource.AbstractDriverBasedDataSource.getConnection(AbstractDriverBasedDataSource.java:159)
	at org.springframework.jdbc.datasource.DataSourceUtils.doGetConnection(DataSourceUtils.java:111)
	at org.springframework.jdbc.datasource.DataSourceUtils.getConnection(DataSourceUtils.java:77)
	... 83 more
</error>
    <system-out>ERROR: org.springframework.test.context.transaction.TransactionalTestExecutionListener - Exception encountered while executing @BeforeTransaction methods for test context [DefaultTestContext@ff6077 testClass = TestSrchJobSch, testInstance = com.pro.alarm.service.TestSrchJobSch@19925f4, testMethod = test1214_srchJobSch_orderByColOnly@TestSrchJobSch, testException = [null], mergedContextConfiguration = [MergedContextConfiguration@41713e testClass = TestSrchJobSch, locations = &apos;{classpath:test-context.xml}&apos;, classes = &apos;{}&apos;, contextInitializerClasses = &apos;[]&apos;, activeProfiles = &apos;{}&apos;, propertySourceLocations = &apos;{}&apos;, propertySourceProperties = &apos;{}&apos;, contextCustomizers = set[[empty]], contextLoader = &apos;org.springframework.test.context.support.DelegatingSmartContextLoader&apos;, parent = [null]]].
org.mybatis.spring.MyBatisSystemException: nested exception is org.apache.ibatis.executor.ExecutorException: Error selecting key or setting result to parameter object. Cause: org.springframework.jdbc.CannotGetJdbcConnectionException: Could not get JDBC Connection; nested exception is java.sql.SQLRecoverableException: ���Ͽ��� ���� �����Ͱ� �����ϴ�
	at org.mybatis.spring.MyBatisExceptionTranslator.translateExceptionIfPossible(MyBatisExceptionTranslator.java:79)
	at org.mybatis.spring.SqlSessionTemplate$SqlSessionInterceptor.invoke(SqlSessionTemplate.java:447)
	at com.sun.proxy.$Proxy28.insert(Unknown Source)
	at org.mybatis.spring.SqlSessionTemplate.insert(SqlSessionTemplate.java:279)
	at org.apache.ibatis.binding.MapperMethod.execute(MapperMethod.java:57)
	at org.apache.ibatis.binding.MapperProxy.invoke(MapperProxy.java:59)
	at com.sun.proxy.$Proxy43.insJobSch(Unknown Source)
	at com.pro.alarm.dao.AlarmDaoImpl.insJobSch(AlarmDaoImpl.java:52)
	at com.pro.alarm.service.TestSrchJobSch.setUp(TestSrchJobSch.java:59)
	at sun.reflect.GeneratedMethodAccessor51.invoke(Unknown Source)
	at sun.reflect.DelegatingMethodAccessorImpl.invoke(DelegatingMethodAccessorImpl.java:43)
	at java.lang.reflect.Method.invoke(Method.java:497)
	at org.springframework.test.context.transaction.TransactionalTestExecutionListener.runBeforeTransactionMethods(TransactionalTestExecutionListener.java:253)
	at org.springframework.test.context.transaction.TransactionalTestExecutionListener.beforeTestMethod(TransactionalTestExecutionListener.java:202)
	at org.springframework.test.context.TestContextManager.beforeTestMethod(TestContextManager.java:269)
	at org.springframework.test.context.junit4.statements.RunBeforeTestMethodCallbacks.evaluate(RunBeforeTestMethodCallbacks.java:74)
	at org.springframework.test.context.junit4.statements.RunAfterTestMethodCallbacks.evaluate(RunAfterTestMethodCallbacks.java:86)
	at org.junit.rules.ExpectedException$ExpectedExceptionStatement.evaluate(ExpectedException.java:239)
	at org.junit.rules.RunRules.evaluate(RunRules.java:20)
	at org.springframework.test.context.junit4.statements.SpringRepeat.evaluate(SpringRepeat.java:84)
	at org.junit.runners.ParentRunner.runLeaf(ParentRunner.java:325)
	at org.springframework.test.context.junit4.SpringJUnit4ClassRunner.runChild(SpringJUnit4ClassRunner.java:252)
	at org.springframework.test.context.junit4.SpringJUnit4ClassRunner.runChild(SpringJUnit4ClassRunner.java:94)
	at org.junit.runners.ParentRunner$3.run(ParentRunner.java:290)
	at org.junit.runners.ParentRunner$1.schedule(ParentRunner.java:71)
	at org.junit.runners.ParentRunner.runChildren(ParentRunner.java:288)
	at org.junit.runners.ParentRunner.access$000(ParentRunner.java:58)
	at org.junit.runners.ParentRunner$2.evaluate(ParentRunner.java:268)
	at org.springframework.test.context.junit4.statements.RunBeforeTestClassCallbacks.evaluate(RunBeforeTestClassCallbacks.java:61)
	at org.springframework.test.context.junit4.statements.RunAfterTestClassCallbacks.evaluate(RunAfterTestClassCallbacks.java:70)
	at org.junit.runners.ParentRunner.run(ParentRunner.java:363)
	at org.springframework.test.context.junit4.SpringJUnit4ClassRunner.run(SpringJUnit4ClassRunner.java:191)
	at org.junit.runners.Suite.runChild(Suite.java:128)
	at org.junit.runners.Suite.runChild(Suite.java:27)
	at org.junit.runners.ParentRunner$3.run(ParentRunner.java:290)
	at org.junit.runners.ParentRunner$1.schedule(ParentRunner.java:71)
	at org.junit.runners.ParentRunner.runChildren(ParentRunner.java:288)
	at org.junit.runners.ParentRunner.access$000(ParentRunner.java:58)
	at org.junit.runners.ParentRunner$2.evaluate(ParentRunner.java:268)
	at org.junit.runners.ParentRunner.run(ParentRunner.java:363)
	at org.junit.runners.Suite.runChild(Suite.java:128)
	at org.junit.runners.Suite.runChild(Suite.java:27)
	at org.junit.runners.ParentRunner$3.run(ParentRunner.java:290)
	at org.junit.runners.ParentRunner$1.schedule(ParentRunner.java:71)
	at org.junit.runners.ParentRunner.runChildren(ParentRunner.java:288)
	at org.junit.runners.ParentRunner.access$000(ParentRunner.java:58)
	at org.junit.runners.ParentRunner$2.evaluate(ParentRunner.java:268)
	at org.junit.runners.ParentRunner.run(ParentRunner.java:363)
	at org.apache.maven.surefire.junit4.JUnit4Provider.execute(JUnit4Provider.java:252)
	at org.apache.maven.surefire.junit4.JUnit4Provider.executeTestSet(JUnit4Provider.java:141)
	at org.apache.maven.surefire.junit4.JUnit4Provider.invoke(JUnit4Provider.java:112)
	at sun.reflect.NativeMethodAccessorImpl.invoke0(Native Method)
	at sun.reflect.NativeMethodAccessorImpl.invoke(NativeMethodAccessorImpl.java:62)
	at sun.reflect.DelegatingMethodAccessorImpl.invoke(DelegatingMethodAccessorImpl.java:43)
	at java.lang.reflect.Method.invoke(Method.java:497)
	at org.apache.maven.surefire.util.ReflectionUtils.invokeMethodWithArray(ReflectionUtils.java:189)
	at org.apache.maven.surefire.booter.ProviderFactory$ProviderProxy.invoke(ProviderFactory.java:165)
	at org.apache.maven.surefire.booter.ProviderFactory.invokeProvider(ProviderFactory.java:85)
	at org.apache.maven.surefire.booter.ForkedBooter.runSuitesInProcess(ForkedBooter.java:115)
	at org.apache.maven.surefire.booter.ForkedBooter.main(ForkedBooter.java:75)
Caused by: org.apache.ibatis.executor.ExecutorException: Error selecting key or setting result to parameter object. Cause: org.springframework.jdbc.CannotGetJdbcConnectionException: Could not get JDBC Connection; nested exception is java.sql.SQLRecoverableException: ���Ͽ��� ���� �����Ͱ� �����ϴ�
	at org.apache.ibatis.executor.keygen.SelectKeyGenerator.processGeneratedKeys(SelectKeyGenerator.java:92)
	at org.apache.ibatis.executor.keygen.SelectKeyGenerator.processBefore(SelectKeyGenerator.java:47)
	at org.apache.ibatis.executor.statement.BaseStatementHandler.generateKeys(BaseStatementHandler.java:141)
	at org.apache.ibatis.executor.statement.BaseStatementHandler.&lt;init&gt;(BaseStatementHandler.java:63)
	at org.apache.ibatis.executor.statement.PreparedStatementHandler.&lt;init&gt;(PreparedStatementHandler.java:40)
	at org.apache.ibatis.executor.statement.RoutingStatementHandler.&lt;init&gt;(RoutingStatementHandler.java:46)
	at org.apache.ibatis.session.Configuration.newStatementHandler(Configuration.java:545)
	at org.apache.ibatis.executor.SimpleExecutor.doUpdate(SimpleExecutor.java:48)
	at org.apache.ibatis.executor.BaseExecutor.update(BaseExecutor.java:117)
	at org.apache.ibatis.executor.CachingExecutor.update(CachingExecutor.java:76)
	at org.apache.ibatis.session.defaults.DefaultSqlSession.update(DefaultSqlSession.java:198)
	at org.apache.ibatis.session.defaults.DefaultSqlSession.insert(DefaultSqlSession.java:185)
	at sun.reflect.GeneratedMethodAccessor48.invoke(Unknown Source)
	at sun.reflect.DelegatingMethodAccessorImpl.invoke(DelegatingMethodAccessorImpl.java:43)
	at java.lang.reflect.Method.invoke(Method.java:497)
	at org.mybatis.spring.SqlSessionTemplate$SqlSessionInterceptor.invoke(SqlSessionTemplate.java:434)
	... 58 more
Caused by: org.springframework.jdbc.CannotGetJdbcConnectionException: Could not get JDBC Connection; nested exception is java.sql.SQLRecoverableException: ���Ͽ��� ���� �����Ͱ� �����ϴ�
	at org.springframework.jdbc.datasource.DataSourceUtils.getConnection(DataSourceUtils.java:80)
	at org.mybatis.spring.transaction.SpringManagedTransaction.openConnection(SpringManagedTransaction.java:84)
	at org.mybatis.spring.transaction.SpringManagedTransaction.getConnection(SpringManagedTransaction.java:70)
	at org.apache.ibatis.executor.BaseExecutor.getConnection(BaseExecutor.java:336)
	at org.apache.ibatis.executor.SimpleExecutor.prepareStatement(SimpleExecutor.java:84)
	at org.apache.ibatis.executor.SimpleExecutor.doQuery(SimpleExecutor.java:62)
	at org.apache.ibatis.executor.BaseExecutor.queryFromDatabase(BaseExecutor.java:324)
	at org.apache.ibatis.executor.BaseExecutor.query(BaseExecutor.java:156)
	at org.apache.ibatis.executor.CachingExecutor.query(CachingExecutor.java:109)
	at org.apache.ibatis.executor.CachingExecutor.query(CachingExecutor.java:83)
	at org.apache.ibatis.executor.keygen.SelectKeyGenerator.processGeneratedKeys(SelectKeyGenerator.java:68)
	... 73 more
Caused by: java.sql.SQLRecoverableException: ���Ͽ��� ���� �����Ͱ� �����ϴ�
	at oracle.jdbc.driver.T4CMAREngine.unmarshalUB1(T4CMAREngine.java:1157)
	at oracle.jdbc.driver.T4C8TTIpro.receive(T4C8TTIpro.java:129)
	at oracle.jdbc.driver.T4CConnection.connect(T4CConnection.java:1162)
	at oracle.jdbc.driver.T4CConnection.logon(T4CConnection.java:340)
	at oracle.jdbc.driver.PhysicalConnection.&lt;init&gt;(PhysicalConnection.java:553)
	at oracle.jdbc.driver.T4CConnection.&lt;init&gt;(T4CConnection.java:254)
	at oracle.jdbc.driver.T4CDriverExtension.getConnection(T4CDriverExtension.java:32)
	at oracle.jdbc.driver.OracleDriver.connect(OracleDriver.java:528)
	at net.sf.log4jdbc.sql.jdbcapi.DriverSpy.connect(DriverSpy.java:399)
	at java.sql.DriverManager.getConnection(DriverManager.java:664)
	at java.sql.DriverManager.getConnection(DriverManager.java:208)
	at org.springframework.jdbc.datasource.DriverManagerDataSource.getConnectionFromDriverManager(DriverManagerDataSource.java:153)
	at org.springframework.jdbc.datasource.DriverManagerDataSource.getConnectionFromDriver(DriverManagerDataSource.java:144)
	at org.springframework.jdbc.datasource.AbstractDriverBasedDataSource.getConnectionFromDriver(AbstractDriverBasedDataSource.java:196)
	at org.springframework.jdbc.datasource.AbstractDriverBasedDataSource.getConnection(AbstractDriverBasedDataSource.java:159)
	at org.springframework.jdbc.datasource.DataSourceUtils.doGetConnection(DataSourceUtils.java:111)
	at org.springframework.jdbc.datasource.DataSourceUtils.getConnection(DataSourceUtils.java:77)
	... 83 more
WARN : org.springframework.test.context.TestContextManager - Caught exception while allowing TestExecutionListener [org.springframework.test.context.transaction.TransactionalTestExecutionListener@100f14a] to process &apos;before&apos; execution of test method [public void com.pro.alarm.service.TestSrchJobSch.test1214_srchJobSch_orderByColOnly() throws java.lang.Exception] for test instance [com.pro.alarm.service.TestSrchJobSch@19925f4]
org.mybatis.spring.MyBatisSystemException: nested exception is org.apache.ibatis.executor.ExecutorException: Error selecting key or setting result to parameter object. Cause: org.springframework.jdbc.CannotGetJdbcConnectionException: Could not get JDBC Connection; nested exception is java.sql.SQLRecoverableException: ���Ͽ��� ���� �����Ͱ� �����ϴ�
	at org.mybatis.spring.MyBatisExceptionTranslator.translateExceptionIfPossible(MyBatisExceptionTranslator.java:79)
	at org.mybatis.spring.SqlSessionTemplate$SqlSessionInterceptor.invoke(SqlSessionTemplate.java:447)
	at com.sun.proxy.$Proxy28.insert(Unknown Source)
	at org.mybatis.spring.SqlSessionTemplate.insert(SqlSessionTemplate.java:279)
	at org.apache.ibatis.binding.MapperMethod.execute(MapperMethod.java:57)
	at org.apache.ibatis.binding.MapperProxy.invoke(MapperProxy.java:59)
	at com.sun.proxy.$Proxy43.insJobSch(Unknown Source)
	at com.pro.alarm.dao.AlarmDaoImpl.insJobSch(AlarmDaoImpl.java:52)
	at com.pro.alarm.service.TestSrchJobSch.setUp(TestSrchJobSch.java:59)
	at sun.reflect.GeneratedMethodAccessor51.invoke(Unknown Source)
	at sun.reflect.DelegatingMethodAccessorImpl.invoke(DelegatingMethodAccessorImpl.java:43)
	at java.lang.reflect.Method.invoke(Method.java:497)
	at org.springframework.test.context.transaction.TransactionalTestExecutionListener.runBeforeTransactionMethods(TransactionalTestExecutionListener.java:253)
	at org.springframework.test.context.transaction.TransactionalTestExecutionListener.beforeTestMethod(TransactionalTestExecutionListener.java:202)
	at org.springframework.test.context.TestContextManager.beforeTestMethod(TestContextManager.java:269)
	at org.springframework.test.context.junit4.statements.RunBeforeTestMethodCallbacks.evaluate(RunBeforeTestMethodCallbacks.java:74)
	at org.springframework.test.context.junit4.statements.RunAfterTestMethodCallbacks.evaluate(RunAfterTestMethodCallbacks.java:86)
	at org.junit.rules.ExpectedException$ExpectedExceptionStatement.evaluate(ExpectedException.java:239)
	at org.junit.rules.RunRules.evaluate(RunRules.java:20)
	at org.springframework.test.context.junit4.statements.SpringRepeat.evaluate(SpringRepeat.java:84)
	at org.junit.runners.ParentRunner.runLeaf(ParentRunner.java:325)
	at org.springframework.test.context.junit4.SpringJUnit4ClassRunner.runChild(SpringJUnit4ClassRunner.java:252)
	at org.springframework.test.context.junit4.SpringJUnit4ClassRunner.runChild(SpringJUnit4ClassRunner.java:94)
	at org.junit.runners.ParentRunner$3.run(ParentRunner.java:290)
	at org.junit.runners.ParentRunner$1.schedule(ParentRunner.java:71)
	at org.junit.runners.ParentRunner.runChildren(ParentRunner.java:288)
	at org.junit.runners.ParentRunner.access$000(ParentRunner.java:58)
	at org.junit.runners.ParentRunner$2.evaluate(ParentRunner.java:268)
	at org.springframework.test.context.junit4.statements.RunBeforeTestClassCallbacks.evaluate(RunBeforeTestClassCallbacks.java:61)
	at org.springframework.test.context.junit4.statements.RunAfterTestClassCallbacks.evaluate(RunAfterTestClassCallbacks.java:70)
	at org.junit.runners.ParentRunner.run(ParentRunner.java:363)
	at org.springframework.test.context.junit4.SpringJUnit4ClassRunner.run(SpringJUnit4ClassRunner.java:191)
	at org.junit.runners.Suite.runChild(Suite.java:128)
	at org.junit.runners.Suite.runChild(Suite.java:27)
	at org.junit.runners.ParentRunner$3.run(ParentRunner.java:290)
	at org.junit.runners.ParentRunner$1.schedule(ParentRunner.java:71)
	at org.junit.runners.ParentRunner.runChildren(ParentRunner.java:288)
	at org.junit.runners.ParentRunner.access$000(ParentRunner.java:58)
	at org.junit.runners.ParentRunner$2.evaluate(ParentRunner.java:268)
	at org.junit.runners.ParentRunner.run(ParentRunner.java:363)
	at org.junit.runners.Suite.runChild(Suite.java:128)
	at org.junit.runners.Suite.runChild(Suite.java:27)
	at org.junit.runners.ParentRunner$3.run(ParentRunner.java:290)
	at org.junit.runners.ParentRunner$1.schedule(ParentRunner.java:71)
	at org.junit.runners.ParentRunner.runChildren(ParentRunner.java:288)
	at org.junit.runners.ParentRunner.access$000(ParentRunner.java:58)
	at org.junit.runners.ParentRunner$2.evaluate(ParentRunner.java:268)
	at org.junit.runners.ParentRunner.run(ParentRunner.java:363)
	at org.apache.maven.surefire.junit4.JUnit4Provider.execute(JUnit4Provider.java:252)
	at org.apache.maven.surefire.junit4.JUnit4Provider.executeTestSet(JUnit4Provider.java:141)
	at org.apache.maven.surefire.junit4.JUnit4Provider.invoke(JUnit4Provider.java:112)
	at sun.reflect.NativeMethodAccessorImpl.invoke0(Native Method)
	at sun.reflect.NativeMethodAccessorImpl.invoke(NativeMethodAccessorImpl.java:62)
	at sun.reflect.DelegatingMethodAccessorImpl.invoke(DelegatingMethodAccessorImpl.java:43)
	at java.lang.reflect.Method.invoke(Method.java:497)
	at org.apache.maven.surefire.util.ReflectionUtils.invokeMethodWithArray(ReflectionUtils.java:189)
	at org.apache.maven.surefire.booter.ProviderFactory$ProviderProxy.invoke(ProviderFactory.java:165)
	at org.apache.maven.surefire.booter.ProviderFactory.invokeProvider(ProviderFactory.java:85)
	at org.apache.maven.surefire.booter.ForkedBooter.runSuitesInProcess(ForkedBooter.java:115)
	at org.apache.maven.surefire.booter.ForkedBooter.main(ForkedBooter.java:75)
Caused by: org.apache.ibatis.executor.ExecutorException: Error selecting key or setting result to parameter object. Cause: org.springframework.jdbc.CannotGetJdbcConnectionException: Could not get JDBC Connection; nested exception is java.sql.SQLRecoverableException: ���Ͽ��� ���� �����Ͱ� �����ϴ�
	at org.apache.ibatis.executor.keygen.SelectKeyGenerator.processGeneratedKeys(SelectKeyGenerator.java:92)
	at org.apache.ibatis.executor.keygen.SelectKeyGenerator.processBefore(SelectKeyGenerator.java:47)
	at org.apache.ibatis.executor.statement.BaseStatementHandler.generateKeys(BaseStatementHandler.java:141)
	at org.apache.ibatis.executor.statement.BaseStatementHandler.&lt;init&gt;(BaseStatementHandler.java:63)
	at org.apache.ibatis.executor.statement.PreparedStatementHandler.&lt;init&gt;(PreparedStatementHandler.java:40)
	at org.apache.ibatis.executor.statement.RoutingStatementHandler.&lt;init&gt;(RoutingStatementHandler.java:46)
	at org.apache.ibatis.session.Configuration.newStatementHandler(Configuration.java:545)
	at org.apache.ibatis.executor.SimpleExecutor.doUpdate(SimpleExecutor.java:48)
	at org.apache.ibatis.executor.BaseExecutor.update(BaseExecutor.java:117)
	at org.apache.ibatis.executor.CachingExecutor.update(CachingExecutor.java:76)
	at org.apache.ibatis.session.defaults.DefaultSqlSession.update(DefaultSqlSession.java:198)
	at org.apache.ibatis.session.defaults.DefaultSqlSession.insert(DefaultSqlSession.java:185)
	at sun.reflect.GeneratedMethodAccessor48.invoke(Unknown Source)
	at sun.reflect.DelegatingMethodAccessorImpl.invoke(DelegatingMethodAccessorImpl.java:43)
	at java.lang.reflect.Method.invoke(Method.java:497)
	at org.mybatis.spring.SqlSessionTemplate$SqlSessionInterceptor.invoke(SqlSessionTemplate.java:434)
	... 58 more
Caused by: org.springframework.jdbc.CannotGetJdbcConnectionException: Could not get JDBC Connection; nested exception is java.sql.SQLRecoverableException: ���Ͽ��� ���� �����Ͱ� �����ϴ�
	at org.springframework.jdbc.datasource.DataSourceUtils.getConnection(DataSourceUtils.java:80)
	at org.mybatis.spring.transaction.SpringManagedTransaction.openConnection(SpringManagedTransaction.java:84)
	at org.mybatis.spring.transaction.SpringManagedTransaction.getConnection(SpringManagedTransaction.java:70)
	at org.apache.ibatis.executor.BaseExecutor.getConnection(BaseExecutor.java:336)
	at org.apache.ibatis.executor.SimpleExecutor.prepareStatement(SimpleExecutor.java:84)
	at org.apache.ibatis.executor.SimpleExecutor.doQuery(SimpleExecutor.java:62)
	at org.apache.ibatis.executor.BaseExecutor.queryFromDatabase(BaseExecutor.java:324)
	at org.apache.ibatis.executor.BaseExecutor.query(BaseExecutor.java:156)
	at org.apache.ibatis.executor.CachingExecutor.query(CachingExecutor.java:109)
	at org.apache.ibatis.executor.CachingExecutor.query(CachingExecutor.java:83)
	at org.apache.ibatis.executor.keygen.SelectKeyGenerator.processGeneratedKeys(SelectKeyGenerator.java:68)
	... 73 more
Caused by: java.sql.SQLRecoverableException: ���Ͽ��� ���� �����Ͱ� �����ϴ�
	at oracle.jdbc.driver.T4CMAREngine.unmarshalUB1(T4CMAREngine.java:1157)
	at oracle.jdbc.driver.T4C8TTIpro.receive(T4C8TTIpro.java:129)
	at oracle.jdbc.driver.T4CConnection.connect(T4CConnection.java:1162)
	at oracle.jdbc.driver.T4CConnection.logon(T4CConnection.java:340)
	at oracle.jdbc.driver.PhysicalConnection.&lt;init&gt;(PhysicalConnection.java:553)
	at oracle.jdbc.driver.T4CConnection.&lt;init&gt;(T4CConnection.java:254)
	at oracle.jdbc.driver.T4CDriverExtension.getConnection(T4CDriverExtension.java:32)
	at oracle.jdbc.driver.OracleDriver.connect(OracleDriver.java:528)
	at net.sf.log4jdbc.sql.jdbcapi.DriverSpy.connect(DriverSpy.java:399)
	at java.sql.DriverManager.getConnection(DriverManager.java:664)
	at java.sql.DriverManager.getConnection(DriverManager.java:208)
	at org.springframework.jdbc.datasource.DriverManagerDataSource.getConnectionFromDriverManager(DriverManagerDataSource.java:153)
	at org.springframework.jdbc.datasource.DriverManagerDataSource.getConnectionFromDriver(DriverManagerDataSource.java:144)
	at org.springframework.jdbc.datasource.AbstractDriverBasedDataSource.getConnectionFromDriver(AbstractDriverBasedDataSource.java:196)
	at org.springframework.jdbc.datasource.AbstractDriverBasedDataSource.getConnection(AbstractDriverBasedDataSource.java:159)
	at org.springframework.jdbc.datasource.DataSourceUtils.doGetConnection(DataSourceUtils.java:111)
	at org.springframework.jdbc.datasource.DataSourceUtils.getConnection(DataSourceUtils.java:77)
	... 83 more
</system-out>
  </testcase>
  <testcase classname="com.pro.alarm.service.TestSrchJobSch" name="test1215_srchJobSch_srchFiler" time="0.172">
    <error message="nested exception is org.apache.ibatis.executor.ExecutorException: Error selecting key or setting result to parameter object. Cause: org.springframework.jdbc.CannotGetJdbcConnectionException: Could not get JDBC Connection; nested exception is java.sql.SQLRecoverableException: 소켓에서 읽을 데이터가 없습니다" type="org.mybatis.spring.MyBatisSystemException">org.mybatis.spring.MyBatisSystemException: nested exception is org.apache.ibatis.executor.ExecutorException: Error selecting key or setting result to parameter object. Cause: org.springframework.jdbc.CannotGetJdbcConnectionException: Could not get JDBC Connection; nested exception is java.sql.SQLRecoverableException: 소켓에서 읽을 데이터가 없습니다
	at org.mybatis.spring.MyBatisExceptionTranslator.translateExceptionIfPossible(MyBatisExceptionTranslator.java:79)
	at org.mybatis.spring.SqlSessionTemplate$SqlSessionInterceptor.invoke(SqlSessionTemplate.java:447)
	at com.sun.proxy.$Proxy28.insert(Unknown Source)
	at org.mybatis.spring.SqlSessionTemplate.insert(SqlSessionTemplate.java:279)
	at org.apache.ibatis.binding.MapperMethod.execute(MapperMethod.java:57)
	at org.apache.ibatis.binding.MapperProxy.invoke(MapperProxy.java:59)
	at com.sun.proxy.$Proxy43.insJobSch(Unknown Source)
	at com.pro.alarm.dao.AlarmDaoImpl.insJobSch(AlarmDaoImpl.java:52)
	at com.pro.alarm.service.TestSrchJobSch.setUp(TestSrchJobSch.java:59)
	at sun.reflect.GeneratedMethodAccessor51.invoke(Unknown Source)
	at sun.reflect.DelegatingMethodAccessorImpl.invoke(DelegatingMethodAccessorImpl.java:43)
	at java.lang.reflect.Method.invoke(Method.java:497)
	at org.springframework.test.context.transaction.TransactionalTestExecutionListener.runBeforeTransactionMethods(TransactionalTestExecutionListener.java:253)
	at org.springframework.test.context.transaction.TransactionalTestExecutionListener.beforeTestMethod(TransactionalTestExecutionListener.java:202)
	at org.springframework.test.context.TestContextManager.beforeTestMethod(TestContextManager.java:269)
	at org.springframework.test.context.junit4.statements.RunBeforeTestMethodCallbacks.evaluate(RunBeforeTestMethodCallbacks.java:74)
	at org.springframework.test.context.junit4.statements.RunAfterTestMethodCallbacks.evaluate(RunAfterTestMethodCallbacks.java:86)
	at org.junit.rules.ExpectedException$ExpectedExceptionStatement.evaluate(ExpectedException.java:239)
	at org.junit.rules.RunRules.evaluate(RunRules.java:20)
	at org.springframework.test.context.junit4.statements.SpringRepeat.evaluate(SpringRepeat.java:84)
	at org.junit.runners.ParentRunner.runLeaf(ParentRunner.java:325)
	at org.springframework.test.context.junit4.SpringJUnit4ClassRunner.runChild(SpringJUnit4ClassRunner.java:252)
	at org.springframework.test.context.junit4.SpringJUnit4ClassRunner.runChild(SpringJUnit4ClassRunner.java:94)
	at org.junit.runners.ParentRunner$3.run(ParentRunner.java:290)
	at org.junit.runners.ParentRunner$1.schedule(ParentRunner.java:71)
	at org.junit.runners.ParentRunner.runChildren(ParentRunner.java:288)
	at org.junit.runners.ParentRunner.access$000(ParentRunner.java:58)
	at org.junit.runners.ParentRunner$2.evaluate(ParentRunner.java:268)
	at org.springframework.test.context.junit4.statements.RunBeforeTestClassCallbacks.evaluate(RunBeforeTestClassCallbacks.java:61)
	at org.springframework.test.context.junit4.statements.RunAfterTestClassCallbacks.evaluate(RunAfterTestClassCallbacks.java:70)
	at org.junit.runners.ParentRunner.run(ParentRunner.java:363)
	at org.springframework.test.context.junit4.SpringJUnit4ClassRunner.run(SpringJUnit4ClassRunner.java:191)
	at org.junit.runners.Suite.runChild(Suite.java:128)
	at org.junit.runners.Suite.runChild(Suite.java:27)
	at org.junit.runners.ParentRunner$3.run(ParentRunner.java:290)
	at org.junit.runners.ParentRunner$1.schedule(ParentRunner.java:71)
	at org.junit.runners.ParentRunner.runChildren(ParentRunner.java:288)
	at org.junit.runners.ParentRunner.access$000(ParentRunner.java:58)
	at org.junit.runners.ParentRunner$2.evaluate(ParentRunner.java:268)
	at org.junit.runners.ParentRunner.run(ParentRunner.java:363)
	at org.junit.runners.Suite.runChild(Suite.java:128)
	at org.junit.runners.Suite.runChild(Suite.java:27)
	at org.junit.runners.ParentRunner$3.run(ParentRunner.java:290)
	at org.junit.runners.ParentRunner$1.schedule(ParentRunner.java:71)
	at org.junit.runners.ParentRunner.runChildren(ParentRunner.java:288)
	at org.junit.runners.ParentRunner.access$000(ParentRunner.java:58)
	at org.junit.runners.ParentRunner$2.evaluate(ParentRunner.java:268)
	at org.junit.runners.ParentRunner.run(ParentRunner.java:363)
	at org.apache.maven.surefire.junit4.JUnit4Provider.execute(JUnit4Provider.java:252)
	at org.apache.maven.surefire.junit4.JUnit4Provider.executeTestSet(JUnit4Provider.java:141)
	at org.apache.maven.surefire.junit4.JUnit4Provider.invoke(JUnit4Provider.java:112)
	at sun.reflect.NativeMethodAccessorImpl.invoke0(Native Method)
	at sun.reflect.NativeMethodAccessorImpl.invoke(NativeMethodAccessorImpl.java:62)
	at sun.reflect.DelegatingMethodAccessorImpl.invoke(DelegatingMethodAccessorImpl.java:43)
	at java.lang.reflect.Method.invoke(Method.java:497)
	at org.apache.maven.surefire.util.ReflectionUtils.invokeMethodWithArray(ReflectionUtils.java:189)
	at org.apache.maven.surefire.booter.ProviderFactory$ProviderProxy.invoke(ProviderFactory.java:165)
	at org.apache.maven.surefire.booter.ProviderFactory.invokeProvider(ProviderFactory.java:85)
	at org.apache.maven.surefire.booter.ForkedBooter.runSuitesInProcess(ForkedBooter.java:115)
	at org.apache.maven.surefire.booter.ForkedBooter.main(ForkedBooter.java:75)
Caused by: org.apache.ibatis.executor.ExecutorException: Error selecting key or setting result to parameter object. Cause: org.springframework.jdbc.CannotGetJdbcConnectionException: Could not get JDBC Connection; nested exception is java.sql.SQLRecoverableException: 소켓에서 읽을 데이터가 없습니다
	at org.apache.ibatis.executor.keygen.SelectKeyGenerator.processGeneratedKeys(SelectKeyGenerator.java:92)
	at org.apache.ibatis.executor.keygen.SelectKeyGenerator.processBefore(SelectKeyGenerator.java:47)
	at org.apache.ibatis.executor.statement.BaseStatementHandler.generateKeys(BaseStatementHandler.java:141)
	at org.apache.ibatis.executor.statement.BaseStatementHandler.&lt;init&gt;(BaseStatementHandler.java:63)
	at org.apache.ibatis.executor.statement.PreparedStatementHandler.&lt;init&gt;(PreparedStatementHandler.java:40)
	at org.apache.ibatis.executor.statement.RoutingStatementHandler.&lt;init&gt;(RoutingStatementHandler.java:46)
	at org.apache.ibatis.session.Configuration.newStatementHandler(Configuration.java:545)
	at org.apache.ibatis.executor.SimpleExecutor.doUpdate(SimpleExecutor.java:48)
	at org.apache.ibatis.executor.BaseExecutor.update(BaseExecutor.java:117)
	at org.apache.ibatis.executor.CachingExecutor.update(CachingExecutor.java:76)
	at org.apache.ibatis.session.defaults.DefaultSqlSession.update(DefaultSqlSession.java:198)
	at org.apache.ibatis.session.defaults.DefaultSqlSession.insert(DefaultSqlSession.java:185)
	at sun.reflect.GeneratedMethodAccessor48.invoke(Unknown Source)
	at sun.reflect.DelegatingMethodAccessorImpl.invoke(DelegatingMethodAccessorImpl.java:43)
	at java.lang.reflect.Method.invoke(Method.java:497)
	at org.mybatis.spring.SqlSessionTemplate$SqlSessionInterceptor.invoke(SqlSessionTemplate.java:434)
	... 58 more
Caused by: org.springframework.jdbc.CannotGetJdbcConnectionException: Could not get JDBC Connection; nested exception is java.sql.SQLRecoverableException: 소켓에서 읽을 데이터가 없습니다
	at org.springframework.jdbc.datasource.DataSourceUtils.getConnection(DataSourceUtils.java:80)
	at org.mybatis.spring.transaction.SpringManagedTransaction.openConnection(SpringManagedTransaction.java:84)
	at org.mybatis.spring.transaction.SpringManagedTransaction.getConnection(SpringManagedTransaction.java:70)
	at org.apache.ibatis.executor.BaseExecutor.getConnection(BaseExecutor.java:336)
	at org.apache.ibatis.executor.SimpleExecutor.prepareStatement(SimpleExecutor.java:84)
	at org.apache.ibatis.executor.SimpleExecutor.doQuery(SimpleExecutor.java:62)
	at org.apache.ibatis.executor.BaseExecutor.queryFromDatabase(BaseExecutor.java:324)
	at org.apache.ibatis.executor.BaseExecutor.query(BaseExecutor.java:156)
	at org.apache.ibatis.executor.CachingExecutor.query(CachingExecutor.java:109)
	at org.apache.ibatis.executor.CachingExecutor.query(CachingExecutor.java:83)
	at org.apache.ibatis.executor.keygen.SelectKeyGenerator.processGeneratedKeys(SelectKeyGenerator.java:68)
	... 73 more
Caused by: java.sql.SQLRecoverableException: 소켓에서 읽을 데이터가 없습니다
	at oracle.jdbc.driver.T4CMAREngine.unmarshalUB1(T4CMAREngine.java:1157)
	at oracle.jdbc.driver.T4C8TTIpro.receive(T4C8TTIpro.java:129)
	at oracle.jdbc.driver.T4CConnection.connect(T4CConnection.java:1162)
	at oracle.jdbc.driver.T4CConnection.logon(T4CConnection.java:340)
	at oracle.jdbc.driver.PhysicalConnection.&lt;init&gt;(PhysicalConnection.java:553)
	at oracle.jdbc.driver.T4CConnection.&lt;init&gt;(T4CConnection.java:254)
	at oracle.jdbc.driver.T4CDriverExtension.getConnection(T4CDriverExtension.java:32)
	at oracle.jdbc.driver.OracleDriver.connect(OracleDriver.java:528)
	at net.sf.log4jdbc.sql.jdbcapi.DriverSpy.connect(DriverSpy.java:399)
	at java.sql.DriverManager.getConnection(DriverManager.java:664)
	at java.sql.DriverManager.getConnection(DriverManager.java:208)
	at org.springframework.jdbc.datasource.DriverManagerDataSource.getConnectionFromDriverManager(DriverManagerDataSource.java:153)
	at org.springframework.jdbc.datasource.DriverManagerDataSource.getConnectionFromDriver(DriverManagerDataSource.java:144)
	at org.springframework.jdbc.datasource.AbstractDriverBasedDataSource.getConnectionFromDriver(AbstractDriverBasedDataSource.java:196)
	at org.springframework.jdbc.datasource.AbstractDriverBasedDataSource.getConnection(AbstractDriverBasedDataSource.java:159)
	at org.springframework.jdbc.datasource.DataSourceUtils.doGetConnection(DataSourceUtils.java:111)
	at org.springframework.jdbc.datasource.DataSourceUtils.getConnection(DataSourceUtils.java:77)
	... 83 more
</error>
    <system-out>ERROR: org.springframework.test.context.transaction.TransactionalTestExecutionListener - Exception encountered while executing @BeforeTransaction methods for test context [DefaultTestContext@ff6077 testClass = TestSrchJobSch, testInstance = com.pro.alarm.service.TestSrchJobSch@7517e4, testMethod = test1215_srchJobSch_srchFiler@TestSrchJobSch, testException = [null], mergedContextConfiguration = [MergedContextConfiguration@41713e testClass = TestSrchJobSch, locations = &apos;{classpath:test-context.xml}&apos;, classes = &apos;{}&apos;, contextInitializerClasses = &apos;[]&apos;, activeProfiles = &apos;{}&apos;, propertySourceLocations = &apos;{}&apos;, propertySourceProperties = &apos;{}&apos;, contextCustomizers = set[[empty]], contextLoader = &apos;org.springframework.test.context.support.DelegatingSmartContextLoader&apos;, parent = [null]]].
org.mybatis.spring.MyBatisSystemException: nested exception is org.apache.ibatis.executor.ExecutorException: Error selecting key or setting result to parameter object. Cause: org.springframework.jdbc.CannotGetJdbcConnectionException: Could not get JDBC Connection; nested exception is java.sql.SQLRecoverableException: ���Ͽ��� ���� �����Ͱ� �����ϴ�
	at org.mybatis.spring.MyBatisExceptionTranslator.translateExceptionIfPossible(MyBatisExceptionTranslator.java:79)
	at org.mybatis.spring.SqlSessionTemplate$SqlSessionInterceptor.invoke(SqlSessionTemplate.java:447)
	at com.sun.proxy.$Proxy28.insert(Unknown Source)
	at org.mybatis.spring.SqlSessionTemplate.insert(SqlSessionTemplate.java:279)
	at org.apache.ibatis.binding.MapperMethod.execute(MapperMethod.java:57)
	at org.apache.ibatis.binding.MapperProxy.invoke(MapperProxy.java:59)
	at com.sun.proxy.$Proxy43.insJobSch(Unknown Source)
	at com.pro.alarm.dao.AlarmDaoImpl.insJobSch(AlarmDaoImpl.java:52)
	at com.pro.alarm.service.TestSrchJobSch.setUp(TestSrchJobSch.java:59)
	at sun.reflect.GeneratedMethodAccessor51.invoke(Unknown Source)
	at sun.reflect.DelegatingMethodAccessorImpl.invoke(DelegatingMethodAccessorImpl.java:43)
	at java.lang.reflect.Method.invoke(Method.java:497)
	at org.springframework.test.context.transaction.TransactionalTestExecutionListener.runBeforeTransactionMethods(TransactionalTestExecutionListener.java:253)
	at org.springframework.test.context.transaction.TransactionalTestExecutionListener.beforeTestMethod(TransactionalTestExecutionListener.java:202)
	at org.springframework.test.context.TestContextManager.beforeTestMethod(TestContextManager.java:269)
	at org.springframework.test.context.junit4.statements.RunBeforeTestMethodCallbacks.evaluate(RunBeforeTestMethodCallbacks.java:74)
	at org.springframework.test.context.junit4.statements.RunAfterTestMethodCallbacks.evaluate(RunAfterTestMethodCallbacks.java:86)
	at org.junit.rules.ExpectedException$ExpectedExceptionStatement.evaluate(ExpectedException.java:239)
	at org.junit.rules.RunRules.evaluate(RunRules.java:20)
	at org.springframework.test.context.junit4.statements.SpringRepeat.evaluate(SpringRepeat.java:84)
	at org.junit.runners.ParentRunner.runLeaf(ParentRunner.java:325)
	at org.springframework.test.context.junit4.SpringJUnit4ClassRunner.runChild(SpringJUnit4ClassRunner.java:252)
	at org.springframework.test.context.junit4.SpringJUnit4ClassRunner.runChild(SpringJUnit4ClassRunner.java:94)
	at org.junit.runners.ParentRunner$3.run(ParentRunner.java:290)
	at org.junit.runners.ParentRunner$1.schedule(ParentRunner.java:71)
	at org.junit.runners.ParentRunner.runChildren(ParentRunner.java:288)
	at org.junit.runners.ParentRunner.access$000(ParentRunner.java:58)
	at org.junit.runners.ParentRunner$2.evaluate(ParentRunner.java:268)
	at org.springframework.test.context.junit4.statements.RunBeforeTestClassCallbacks.evaluate(RunBeforeTestClassCallbacks.java:61)
	at org.springframework.test.context.junit4.statements.RunAfterTestClassCallbacks.evaluate(RunAfterTestClassCallbacks.java:70)
	at org.junit.runners.ParentRunner.run(ParentRunner.java:363)
	at org.springframework.test.context.junit4.SpringJUnit4ClassRunner.run(SpringJUnit4ClassRunner.java:191)
	at org.junit.runners.Suite.runChild(Suite.java:128)
	at org.junit.runners.Suite.runChild(Suite.java:27)
	at org.junit.runners.ParentRunner$3.run(ParentRunner.java:290)
	at org.junit.runners.ParentRunner$1.schedule(ParentRunner.java:71)
	at org.junit.runners.ParentRunner.runChildren(ParentRunner.java:288)
	at org.junit.runners.ParentRunner.access$000(ParentRunner.java:58)
	at org.junit.runners.ParentRunner$2.evaluate(ParentRunner.java:268)
	at org.junit.runners.ParentRunner.run(ParentRunner.java:363)
	at org.junit.runners.Suite.runChild(Suite.java:128)
	at org.junit.runners.Suite.runChild(Suite.java:27)
	at org.junit.runners.ParentRunner$3.run(ParentRunner.java:290)
	at org.junit.runners.ParentRunner$1.schedule(ParentRunner.java:71)
	at org.junit.runners.ParentRunner.runChildren(ParentRunner.java:288)
	at org.junit.runners.ParentRunner.access$000(ParentRunner.java:58)
	at org.junit.runners.ParentRunner$2.evaluate(ParentRunner.java:268)
	at org.junit.runners.ParentRunner.run(ParentRunner.java:363)
	at org.apache.maven.surefire.junit4.JUnit4Provider.execute(JUnit4Provider.java:252)
	at org.apache.maven.surefire.junit4.JUnit4Provider.executeTestSet(JUnit4Provider.java:141)
	at org.apache.maven.surefire.junit4.JUnit4Provider.invoke(JUnit4Provider.java:112)
	at sun.reflect.NativeMethodAccessorImpl.invoke0(Native Method)
	at sun.reflect.NativeMethodAccessorImpl.invoke(NativeMethodAccessorImpl.java:62)
	at sun.reflect.DelegatingMethodAccessorImpl.invoke(DelegatingMethodAccessorImpl.java:43)
	at java.lang.reflect.Method.invoke(Method.java:497)
	at org.apache.maven.surefire.util.ReflectionUtils.invokeMethodWithArray(ReflectionUtils.java:189)
	at org.apache.maven.surefire.booter.ProviderFactory$ProviderProxy.invoke(ProviderFactory.java:165)
	at org.apache.maven.surefire.booter.ProviderFactory.invokeProvider(ProviderFactory.java:85)
	at org.apache.maven.surefire.booter.ForkedBooter.runSuitesInProcess(ForkedBooter.java:115)
	at org.apache.maven.surefire.booter.ForkedBooter.main(ForkedBooter.java:75)
Caused by: org.apache.ibatis.executor.ExecutorException: Error selecting key or setting result to parameter object. Cause: org.springframework.jdbc.CannotGetJdbcConnectionException: Could not get JDBC Connection; nested exception is java.sql.SQLRecoverableException: ���Ͽ��� ���� �����Ͱ� �����ϴ�
	at org.apache.ibatis.executor.keygen.SelectKeyGenerator.processGeneratedKeys(SelectKeyGenerator.java:92)
	at org.apache.ibatis.executor.keygen.SelectKeyGenerator.processBefore(SelectKeyGenerator.java:47)
	at org.apache.ibatis.executor.statement.BaseStatementHandler.generateKeys(BaseStatementHandler.java:141)
	at org.apache.ibatis.executor.statement.BaseStatementHandler.&lt;init&gt;(BaseStatementHandler.java:63)
	at org.apache.ibatis.executor.statement.PreparedStatementHandler.&lt;init&gt;(PreparedStatementHandler.java:40)
	at org.apache.ibatis.executor.statement.RoutingStatementHandler.&lt;init&gt;(RoutingStatementHandler.java:46)
	at org.apache.ibatis.session.Configuration.newStatementHandler(Configuration.java:545)
	at org.apache.ibatis.executor.SimpleExecutor.doUpdate(SimpleExecutor.java:48)
	at org.apache.ibatis.executor.BaseExecutor.update(BaseExecutor.java:117)
	at org.apache.ibatis.executor.CachingExecutor.update(CachingExecutor.java:76)
	at org.apache.ibatis.session.defaults.DefaultSqlSession.update(DefaultSqlSession.java:198)
	at org.apache.ibatis.session.defaults.DefaultSqlSession.insert(DefaultSqlSession.java:185)
	at sun.reflect.GeneratedMethodAccessor48.invoke(Unknown Source)
	at sun.reflect.DelegatingMethodAccessorImpl.invoke(DelegatingMethodAccessorImpl.java:43)
	at java.lang.reflect.Method.invoke(Method.java:497)
	at org.mybatis.spring.SqlSessionTemplate$SqlSessionInterceptor.invoke(SqlSessionTemplate.java:434)
	... 58 more
Caused by: org.springframework.jdbc.CannotGetJdbcConnectionException: Could not get JDBC Connection; nested exception is java.sql.SQLRecoverableException: ���Ͽ��� ���� �����Ͱ� �����ϴ�
	at org.springframework.jdbc.datasource.DataSourceUtils.getConnection(DataSourceUtils.java:80)
	at org.mybatis.spring.transaction.SpringManagedTransaction.openConnection(SpringManagedTransaction.java:84)
	at org.mybatis.spring.transaction.SpringManagedTransaction.getConnection(SpringManagedTransaction.java:70)
	at org.apache.ibatis.executor.BaseExecutor.getConnection(BaseExecutor.java:336)
	at org.apache.ibatis.executor.SimpleExecutor.prepareStatement(SimpleExecutor.java:84)
	at org.apache.ibatis.executor.SimpleExecutor.doQuery(SimpleExecutor.java:62)
	at org.apache.ibatis.executor.BaseExecutor.queryFromDatabase(BaseExecutor.java:324)
	at org.apache.ibatis.executor.BaseExecutor.query(BaseExecutor.java:156)
	at org.apache.ibatis.executor.CachingExecutor.query(CachingExecutor.java:109)
	at org.apache.ibatis.executor.CachingExecutor.query(CachingExecutor.java:83)
	at org.apache.ibatis.executor.keygen.SelectKeyGenerator.processGeneratedKeys(SelectKeyGenerator.java:68)
	... 73 more
Caused by: java.sql.SQLRecoverableException: ���Ͽ��� ���� �����Ͱ� �����ϴ�
	at oracle.jdbc.driver.T4CMAREngine.unmarshalUB1(T4CMAREngine.java:1157)
	at oracle.jdbc.driver.T4C8TTIpro.receive(T4C8TTIpro.java:129)
	at oracle.jdbc.driver.T4CConnection.connect(T4CConnection.java:1162)
	at oracle.jdbc.driver.T4CConnection.logon(T4CConnection.java:340)
	at oracle.jdbc.driver.PhysicalConnection.&lt;init&gt;(PhysicalConnection.java:553)
	at oracle.jdbc.driver.T4CConnection.&lt;init&gt;(T4CConnection.java:254)
	at oracle.jdbc.driver.T4CDriverExtension.getConnection(T4CDriverExtension.java:32)
	at oracle.jdbc.driver.OracleDriver.connect(OracleDriver.java:528)
	at net.sf.log4jdbc.sql.jdbcapi.DriverSpy.connect(DriverSpy.java:399)
	at java.sql.DriverManager.getConnection(DriverManager.java:664)
	at java.sql.DriverManager.getConnection(DriverManager.java:208)
	at org.springframework.jdbc.datasource.DriverManagerDataSource.getConnectionFromDriverManager(DriverManagerDataSource.java:153)
	at org.springframework.jdbc.datasource.DriverManagerDataSource.getConnectionFromDriver(DriverManagerDataSource.java:144)
	at org.springframework.jdbc.datasource.AbstractDriverBasedDataSource.getConnectionFromDriver(AbstractDriverBasedDataSource.java:196)
	at org.springframework.jdbc.datasource.AbstractDriverBasedDataSource.getConnection(AbstractDriverBasedDataSource.java:159)
	at org.springframework.jdbc.datasource.DataSourceUtils.doGetConnection(DataSourceUtils.java:111)
	at org.springframework.jdbc.datasource.DataSourceUtils.getConnection(DataSourceUtils.java:77)
	... 83 more
WARN : org.springframework.test.context.TestContextManager - Caught exception while allowing TestExecutionListener [org.springframework.test.context.transaction.TransactionalTestExecutionListener@100f14a] to process &apos;before&apos; execution of test method [public void com.pro.alarm.service.TestSrchJobSch.test1215_srchJobSch_srchFiler() throws java.lang.Exception] for test instance [com.pro.alarm.service.TestSrchJobSch@7517e4]
org.mybatis.spring.MyBatisSystemException: nested exception is org.apache.ibatis.executor.ExecutorException: Error selecting key or setting result to parameter object. Cause: org.springframework.jdbc.CannotGetJdbcConnectionException: Could not get JDBC Connection; nested exception is java.sql.SQLRecoverableException: ���Ͽ��� ���� �����Ͱ� �����ϴ�
	at org.mybatis.spring.MyBatisExceptionTranslator.translateExceptionIfPossible(MyBatisExceptionTranslator.java:79)
	at org.mybatis.spring.SqlSessionTemplate$SqlSessionInterceptor.invoke(SqlSessionTemplate.java:447)
	at com.sun.proxy.$Proxy28.insert(Unknown Source)
	at org.mybatis.spring.SqlSessionTemplate.insert(SqlSessionTemplate.java:279)
	at org.apache.ibatis.binding.MapperMethod.execute(MapperMethod.java:57)
	at org.apache.ibatis.binding.MapperProxy.invoke(MapperProxy.java:59)
	at com.sun.proxy.$Proxy43.insJobSch(Unknown Source)
	at com.pro.alarm.dao.AlarmDaoImpl.insJobSch(AlarmDaoImpl.java:52)
	at com.pro.alarm.service.TestSrchJobSch.setUp(TestSrchJobSch.java:59)
	at sun.reflect.GeneratedMethodAccessor51.invoke(Unknown Source)
	at sun.reflect.DelegatingMethodAccessorImpl.invoke(DelegatingMethodAccessorImpl.java:43)
	at java.lang.reflect.Method.invoke(Method.java:497)
	at org.springframework.test.context.transaction.TransactionalTestExecutionListener.runBeforeTransactionMethods(TransactionalTestExecutionListener.java:253)
	at org.springframework.test.context.transaction.TransactionalTestExecutionListener.beforeTestMethod(TransactionalTestExecutionListener.java:202)
	at org.springframework.test.context.TestContextManager.beforeTestMethod(TestContextManager.java:269)
	at org.springframework.test.context.junit4.statements.RunBeforeTestMethodCallbacks.evaluate(RunBeforeTestMethodCallbacks.java:74)
	at org.springframework.test.context.junit4.statements.RunAfterTestMethodCallbacks.evaluate(RunAfterTestMethodCallbacks.java:86)
	at org.junit.rules.ExpectedException$ExpectedExceptionStatement.evaluate(ExpectedException.java:239)
	at org.junit.rules.RunRules.evaluate(RunRules.java:20)
	at org.springframework.test.context.junit4.statements.SpringRepeat.evaluate(SpringRepeat.java:84)
	at org.junit.runners.ParentRunner.runLeaf(ParentRunner.java:325)
	at org.springframework.test.context.junit4.SpringJUnit4ClassRunner.runChild(SpringJUnit4ClassRunner.java:252)
	at org.springframework.test.context.junit4.SpringJUnit4ClassRunner.runChild(SpringJUnit4ClassRunner.java:94)
	at org.junit.runners.ParentRunner$3.run(ParentRunner.java:290)
	at org.junit.runners.ParentRunner$1.schedule(ParentRunner.java:71)
	at org.junit.runners.ParentRunner.runChildren(ParentRunner.java:288)
	at org.junit.runners.ParentRunner.access$000(ParentRunner.java:58)
	at org.junit.runners.ParentRunner$2.evaluate(ParentRunner.java:268)
	at org.springframework.test.context.junit4.statements.RunBeforeTestClassCallbacks.evaluate(RunBeforeTestClassCallbacks.java:61)
	at org.springframework.test.context.junit4.statements.RunAfterTestClassCallbacks.evaluate(RunAfterTestClassCallbacks.java:70)
	at org.junit.runners.ParentRunner.run(ParentRunner.java:363)
	at org.springframework.test.context.junit4.SpringJUnit4ClassRunner.run(SpringJUnit4ClassRunner.java:191)
	at org.junit.runners.Suite.runChild(Suite.java:128)
	at org.junit.runners.Suite.runChild(Suite.java:27)
	at org.junit.runners.ParentRunner$3.run(ParentRunner.java:290)
	at org.junit.runners.ParentRunner$1.schedule(ParentRunner.java:71)
	at org.junit.runners.ParentRunner.runChildren(ParentRunner.java:288)
	at org.junit.runners.ParentRunner.access$000(ParentRunner.java:58)
	at org.junit.runners.ParentRunner$2.evaluate(ParentRunner.java:268)
	at org.junit.runners.ParentRunner.run(ParentRunner.java:363)
	at org.junit.runners.Suite.runChild(Suite.java:128)
	at org.junit.runners.Suite.runChild(Suite.java:27)
	at org.junit.runners.ParentRunner$3.run(ParentRunner.java:290)
	at org.junit.runners.ParentRunner$1.schedule(ParentRunner.java:71)
	at org.junit.runners.ParentRunner.runChildren(ParentRunner.java:288)
	at org.junit.runners.ParentRunner.access$000(ParentRunner.java:58)
	at org.junit.runners.ParentRunner$2.evaluate(ParentRunner.java:268)
	at org.junit.runners.ParentRunner.run(ParentRunner.java:363)
	at org.apache.maven.surefire.junit4.JUnit4Provider.execute(JUnit4Provider.java:252)
	at org.apache.maven.surefire.junit4.JUnit4Provider.executeTestSet(JUnit4Provider.java:141)
	at org.apache.maven.surefire.junit4.JUnit4Provider.invoke(JUnit4Provider.java:112)
	at sun.reflect.NativeMethodAccessorImpl.invoke0(Native Method)
	at sun.reflect.NativeMethodAccessorImpl.invoke(NativeMethodAccessorImpl.java:62)
	at sun.reflect.DelegatingMethodAccessorImpl.invoke(DelegatingMethodAccessorImpl.java:43)
	at java.lang.reflect.Method.invoke(Method.java:497)
	at org.apache.maven.surefire.util.ReflectionUtils.invokeMethodWithArray(ReflectionUtils.java:189)
	at org.apache.maven.surefire.booter.ProviderFactory$ProviderProxy.invoke(ProviderFactory.java:165)
	at org.apache.maven.surefire.booter.ProviderFactory.invokeProvider(ProviderFactory.java:85)
	at org.apache.maven.surefire.booter.ForkedBooter.runSuitesInProcess(ForkedBooter.java:115)
	at org.apache.maven.surefire.booter.ForkedBooter.main(ForkedBooter.java:75)
Caused by: org.apache.ibatis.executor.ExecutorException: Error selecting key or setting result to parameter object. Cause: org.springframework.jdbc.CannotGetJdbcConnectionException: Could not get JDBC Connection; nested exception is java.sql.SQLRecoverableException: ���Ͽ��� ���� �����Ͱ� �����ϴ�
	at org.apache.ibatis.executor.keygen.SelectKeyGenerator.processGeneratedKeys(SelectKeyGenerator.java:92)
	at org.apache.ibatis.executor.keygen.SelectKeyGenerator.processBefore(SelectKeyGenerator.java:47)
	at org.apache.ibatis.executor.statement.BaseStatementHandler.generateKeys(BaseStatementHandler.java:141)
	at org.apache.ibatis.executor.statement.BaseStatementHandler.&lt;init&gt;(BaseStatementHandler.java:63)
	at org.apache.ibatis.executor.statement.PreparedStatementHandler.&lt;init&gt;(PreparedStatementHandler.java:40)
	at org.apache.ibatis.executor.statement.RoutingStatementHandler.&lt;init&gt;(RoutingStatementHandler.java:46)
	at org.apache.ibatis.session.Configuration.newStatementHandler(Configuration.java:545)
	at org.apache.ibatis.executor.SimpleExecutor.doUpdate(SimpleExecutor.java:48)
	at org.apache.ibatis.executor.BaseExecutor.update(BaseExecutor.java:117)
	at org.apache.ibatis.executor.CachingExecutor.update(CachingExecutor.java:76)
	at org.apache.ibatis.session.defaults.DefaultSqlSession.update(DefaultSqlSession.java:198)
	at org.apache.ibatis.session.defaults.DefaultSqlSession.insert(DefaultSqlSession.java:185)
	at sun.reflect.GeneratedMethodAccessor48.invoke(Unknown Source)
	at sun.reflect.DelegatingMethodAccessorImpl.invoke(DelegatingMethodAccessorImpl.java:43)
	at java.lang.reflect.Method.invoke(Method.java:497)
	at org.mybatis.spring.SqlSessionTemplate$SqlSessionInterceptor.invoke(SqlSessionTemplate.java:434)
	... 58 more
Caused by: org.springframework.jdbc.CannotGetJdbcConnectionException: Could not get JDBC Connection; nested exception is java.sql.SQLRecoverableException: ���Ͽ��� ���� �����Ͱ� �����ϴ�
	at org.springframework.jdbc.datasource.DataSourceUtils.getConnection(DataSourceUtils.java:80)
	at org.mybatis.spring.transaction.SpringManagedTransaction.openConnection(SpringManagedTransaction.java:84)
	at org.mybatis.spring.transaction.SpringManagedTransaction.getConnection(SpringManagedTransaction.java:70)
	at org.apache.ibatis.executor.BaseExecutor.getConnection(BaseExecutor.java:336)
	at org.apache.ibatis.executor.SimpleExecutor.prepareStatement(SimpleExecutor.java:84)
	at org.apache.ibatis.executor.SimpleExecutor.doQuery(SimpleExecutor.java:62)
	at org.apache.ibatis.executor.BaseExecutor.queryFromDatabase(BaseExecutor.java:324)
	at org.apache.ibatis.executor.BaseExecutor.query(BaseExecutor.java:156)
	at org.apache.ibatis.executor.CachingExecutor.query(CachingExecutor.java:109)
	at org.apache.ibatis.executor.CachingExecutor.query(CachingExecutor.java:83)
	at org.apache.ibatis.executor.keygen.SelectKeyGenerator.processGeneratedKeys(SelectKeyGenerator.java:68)
	... 73 more
Caused by: java.sql.SQLRecoverableException: ���Ͽ��� ���� �����Ͱ� �����ϴ�
	at oracle.jdbc.driver.T4CMAREngine.unmarshalUB1(T4CMAREngine.java:1157)
	at oracle.jdbc.driver.T4C8TTIpro.receive(T4C8TTIpro.java:129)
	at oracle.jdbc.driver.T4CConnection.connect(T4CConnection.java:1162)
	at oracle.jdbc.driver.T4CConnection.logon(T4CConnection.java:340)
	at oracle.jdbc.driver.PhysicalConnection.&lt;init&gt;(PhysicalConnection.java:553)
	at oracle.jdbc.driver.T4CConnection.&lt;init&gt;(T4CConnection.java:254)
	at oracle.jdbc.driver.T4CDriverExtension.getConnection(T4CDriverExtension.java:32)
	at oracle.jdbc.driver.OracleDriver.connect(OracleDriver.java:528)
	at net.sf.log4jdbc.sql.jdbcapi.DriverSpy.connect(DriverSpy.java:399)
	at java.sql.DriverManager.getConnection(DriverManager.java:664)
	at java.sql.DriverManager.getConnection(DriverManager.java:208)
	at org.springframework.jdbc.datasource.DriverManagerDataSource.getConnectionFromDriverManager(DriverManagerDataSource.java:153)
	at org.springframework.jdbc.datasource.DriverManagerDataSource.getConnectionFromDriver(DriverManagerDataSource.java:144)
	at org.springframework.jdbc.datasource.AbstractDriverBasedDataSource.getConnectionFromDriver(AbstractDriverBasedDataSource.java:196)
	at org.springframework.jdbc.datasource.AbstractDriverBasedDataSource.getConnection(AbstractDriverBasedDataSource.java:159)
	at org.springframework.jdbc.datasource.DataSourceUtils.doGetConnection(DataSourceUtils.java:111)
	at org.springframework.jdbc.datasource.DataSourceUtils.getConnection(DataSourceUtils.java:77)
	... 83 more
</system-out>
  </testcase>
  <testcase classname="com.pro.alarm.service.TestSrchJobSch" name="test1216_srchJobSchStdtChk" time="0.062"/>
  <testcase classname="com.pro.alarm.service.TestSrchJobSch" name="test1217_srchJobSchEddtChk" time="0.056"/>
  <testcase classname="com.pro.alarm.service.TestInsJobSch" name="test1220_01deverIdChk" time="0.016"/>
  <testcase classname="com.pro.alarm.service.TestInsJobSch" name="test1220_02custIdChk" time="0"/>
  <testcase classname="com.pro.alarm.service.TestInsJobSch" name="test1220_03setTmChk" time="0.016"/>
  <testcase classname="com.pro.alarm.service.TestInsJobSch" name="test1220_04insJobSch" time="0.078"/>
</testsuite>